#C t x y z vx vy vz wx wy wz o11 o12 o13 o21 o22 o23 o31 o32 o33
# Recorded every 1th time step
# [Hexapod_0, HexaPod 0.9][83497924]
#  coxaDamp=               0.000000  
#  coxaJointLimitH=        0.800000  
#  coxaJointLimitV=        0.500000  
#  coxaPower=              3.000000  
#  coxaSpeed=             25.000000  
#  tebiaDamp=              0.010000  
#  tebiaJointLimit=        0.200000  
#  tebiaOffset=            0.000000  
#  tebiaPower=             1.800000  
# ######
# [Diamond, 1.0][1806089140]
# ######
30.020000 -1.23711 0.0247012 0.616354 1.0432 0.332032 0.0245766 1.28483 -0.718706 -0.756247 0.989126 0.146831 0.00841513 -0.145454 0.985104 -0.0917268 -0.0217581 0.0895054 0.995749
30.040000 -1.21084 0.0303223 0.616821 1.27486 0.271126 0.0306116 1.01086 -0.83436 -0.701959 0.987241 0.158831 -0.0112809 -0.159083 0.98079 -0.11289 -0.00686633 0.113245 0.993543
30.060000 -1.18189 0.0342491 0.617726 1.41202 0.191984 0.0478391 0.761241 -0.80671 -0.610973 0.985228 0.168501 -0.0305327 -0.171049 0.976867 -0.12835 0.00819929 0.131676 0.991259
30.080000 -1.15108 0.0366038 0.618796 1.51219 0.110763 0.0579623 0.546778 -0.726559 -0.619426 0.982874 0.177926 -0.0479742 -0.182956 0.973314 -0.138516 0.0220486 0.14492 0.989198
30.100000 -1.11784 0.0368221 0.618652 1.65466 -0.00410529 -0.0379777 0.848374 -0.553968 -0.681739 0.98008 0.188592 -0.0622516 -0.196053 0.968795 -0.151654 0.0317083 0.160838 0.986471
30.120000 -1.08286 0.0347053 0.6182 1.73444 -0.103287 -0.0217302 0.379243 -0.629432 -1.00672 0.975805 0.20431 -0.077858 -0.214422 0.963865 -0.158075 0.0427484 0.170945 0.984353
30.140000 -1.04986 0.0321953 0.616544 1.60137 -0.130812 -0.150792 0.46678 -0.236339 -0.709712 0.971956 0.218363 -0.0872924 -0.230112 0.959654 -0.161597 0.0484838 0.177152 0.982989
30.160000 -1.02019 0.0301674 0.612877 1.43655 -0.0680491 -0.176364 -1.03476 0.318178 -0.341641 0.970252 0.227085 -0.0839294 -0.237376 0.96047 -0.145433 0.0475858 0.16103 0.985802
30.180000 -0.994436 0.0273692 0.607491 1.21334 -0.167424 -0.294751 -1.53176 0.695418 0.234761 0.971428 0.226419 -0.0711466 -0.233444 0.965615 -0.114418 0.0427938 0.127757 0.990882
30.200000 -0.973599 0.0235089 0.600042 0.992687 -0.191484 -0.380597 -1.85944 0.975909 0.398464 0.973826 0.22126 -0.0520198 -0.224813 0.971351 -0.0770489 0.0334816 0.086727 0.995669
30.220000 -0.955136 0.0201188 0.592116 0.887389 -0.177043 -0.394763 -2.30972 1.34353 0.563768 0.976865 0.212443 -0.0245488 -0.213126 0.976572 -0.0297456 0.0176544 0.0342894 0.999256
30.240000 -0.939053 0.0157916 0.586219 0.766091 -0.261628 -0.274978 -2.38043 1.21413 0.489378 0.979263 0.202589 0.00111856 -0.202571 0.979066 0.0198667 0.00292963 -0.0196813 0.999802
30.260000 -0.926472 0.00824475 0.583448 0.572754 -0.43638 -0.115929 -2.43544 0.951746 0.47137 0.981 0.192868 0.0210181 -0.193883 0.978507 0.0702388 -0.00701953 -0.0729793 0.997309
30.280000 -0.915643 -0.00115161 0.582529 0.519056 -0.477651 -0.0352708 -1.93464 0.754771 0.45246 0.982683 0.181698 0.0363263 -0.184686 0.976315 0.112698 -0.014989 -0.117455 0.992965
30.300000 -0.907315 -0.0112095 0.582069 0.391184 -0.50507 -0.0294139 -1.51061 0.670264 0.316912 0.983814 0.172279 0.0492867 -0.177725 0.973236 0.145689 -0.0228684 -0.152091 0.988102
30.320000 -0.902042 -0.0217266 0.579972 0.232882 -0.534046 -0.159795 -1.52547 0.665613 0.240174 0.984376 0.164912 0.0617063 -0.173333 0.969217 0.174854 -0.0309713 -0.182818 0.982659
30.340000 -0.901021 -0.0337941 0.576239 0.00286729 -0.598152 -0.160718 -1.37319 0.650227 0.244107 0.985019 0.155669 0.074195 -0.167814 0.964355 0.204591 -0.0397017 -0.213977 0.976031
30.360000 -0.905288 -0.0456395 0.574938 -0.242915 -0.583394 -0.0251351 -0.921197 0.487794 -0.098697 0.984621 0.152759 0.0847676 -0.16825 0.9598 0.224669 -0.0470398 -0.235477 0.970741
30.380000 -0.914628 -0.0570722 0.576591 -0.481661 -0.565985 0.117907 -0.41143 0.387104 -0.555982 0.982736 0.158679 0.0951376 -0.17704 0.955864 0.234478 -0.0537319 -0.247273 0.967455
30.400000 -0.929958 -0.066781 0.579113 -0.78702 -0.437379 0.109244 -0.0287435 0.690501 -0.885518 0.978934 0.170823 0.111842 -0.193057 0.952713 0.234664 -0.0664672 -0.251312 0.965621
30.420000 -0.951735 -0.0712866 0.578374 -1.09815 -0.167698 -0.10872 -0.237523 1.70881 -1.01556 0.972202 0.181577 0.14783 -0.21274 0.948731 0.233776 -0.0978029 -0.258727 0.960987
30.440000 -0.98156 -0.0725089 0.57832 -1.51613 -0.0740725 -0.0265677 0.999795 1.56628 -1.28906 0.96214 0.195261 0.190156 -0.235365 0.947046 0.218419 -0.137437 -0.254906 0.957149
30.460000 -1.0146 -0.0688738 0.579475 -1.59514 0.250679 0.0225533 1.40091 0.655212 -0.409265 0.956019 0.202076 0.212588 -0.242855 0.951789 0.187404 -0.164469 -0.230789 0.959003
30.480000 -1.04556 -0.0598642 0.58279 -1.46987 0.487675 0.20606 0.648358 -0.0535297 0.203213 0.955888 0.200106 0.215026 -0.238793 0.955686 0.172169 -0.171045 -0.215921 0.961312
30.500000 -1.07823 -0.0502706 0.586706 -1.66516 0.452227 0.213321 0.482393 -0.0365589 0.151463 0.956428 0.19752 0.215015 -0.234577 0.958317 0.163102 -0.173836 -0.206433 0.962895
30.520000 -1.11053 -0.0420521 0.588667 -1.56464 0.429203 0.036091 0.437835 0.130613 0.504514 0.95771 0.190641 0.215517 -0.226125 0.961843 0.15403 -0.17793 -0.19625 0.964275
30.540000 -1.1417 -0.0337239 0.588873 -1.53711 0.422656 0.0210484 0.655082 -0.0165158 0.572509 0.96028 0.179317 0.213794 -0.212668 0.96635 0.144707 -0.180651 -0.184427 0.966101
30.560000 -1.17078 -0.025827 0.588737 -1.43232 0.422137 -0.0421096 0.971934 -0.059202 0.450786 0.962465 0.169903 0.211645 -0.199465 0.97163 0.127075 -0.18405 -0.164521 0.96905
30.580000 -1.1985 -0.0171041 0.587787 -1.35712 0.451872 -0.0765595 1.1918 0.00958741 0.610294 0.964773 0.159021 0.209582 -0.18389 0.977327 0.104954 -0.18814 -0.139797 0.972142
30.600000 -1.22346 -0.00938244 0.586791 -1.22847 0.355739 -0.0271169 1.42688 -0.296794 0.237576 0.966757 0.153329 0.204626 -0.172253 0.981959 0.0780136 -0.188972 -0.110668 0.975727
30.620000 -1.24681 -0.00413469 0.586706 -1.17307 0.237042 -0.0139663 1.3503 -0.439804 0.033482 0.968659 0.153688 0.195139 -0.166053 0.98492 0.0485743 -0.184731 -0.0794555 0.979572
30.640000 -1.26588 -0.0023465 0.586723 -0.948779 0.0758749 0.000443651 1.13328 -0.837548 -0.400855 0.970181 0.1624 0.179929 -0.169166 0.985323 0.0228159 -0.173583 -0.0525735 0.983415
30.660000 -1.28318 -0.0024171 0.588212 -0.842132 -0.0449309 0.0487683 1.09125 -0.877196 -0.377401 0.971856 0.171017 0.162015 -0.172836 0.984946 -0.0029056 -0.160073 -0.0251782 0.986784
30.680000 -1.2959 -0.00192909 0.59007 -0.596867 0.0221099 0.116983 1.27822 -1.05572 -0.168808 0.974383 0.174751 0.141563 -0.172087 0.984596 -0.0309448 -0.14479 0.00579083 0.989445
30.700000 -1.30472 -0.000546721 0.591916 -0.346765 0.128749 0.0738525 1.21336 -0.889337 0.0485275 0.976678 0.175702 0.123407 -0.169712 0.983811 -0.0575629 -0.131524 0.0352767 0.990685
30.720000 -1.30506 0.00524473 0.591469 0.0548102 0.34443 -0.0554834 1.04422 -0.761997 0.184796 0.979189 0.172493 0.106936 -0.164346 0.983081 -0.0808816 -0.119078 0.0616239 0.990971
30.740000 -1.29997 0.0120565 0.592054 0.289358 0.342234 0.0548881 1.1885 -0.961321 0.0266939 0.981431 0.170328 0.0882176 -0.160892 0.981382 -0.104894 -0.104442 0.0887527 0.990563
30.760000 -1.29004 0.0191508 0.593277 0.509814 0.358513 0.0508627 1.09149 -1.06183 -0.0774717 0.983304 0.1692 0.0669677 -0.159724 0.978845 -0.127872 -0.087187 0.115041 0.989527
30.780000 -1.27665 0.0261827 0.593428 0.654396 0.342563 -0.00893193 1.07783 -1.05646 -0.291679 0.984195 0.171301 0.0449019 -0.162849 0.975097 -0.150553 -0.0695736 0.140861 0.987582
30.800000 -1.25952 0.0330857 0.59244 0.836118 0.33706 -0.0656005 1.01604 -1.15869 -0.466949 0.984194 0.175918 0.0203813 -0.169889 0.970368 -0.171824 -0.0500044 0.165646 0.984917
30.820000 -1.23766 0.0397406 0.590612 1.07807 0.322882 -0.112194 0.810263 -1.26074 -0.542849 0.98345 0.181043 -0.00699829 -0.17911 0.965674 -0.18813 -0.0273015 0.18627 0.982119
30.840000 -1.20966 0.0447962 0.590698 1.39504 0.235593 0.0476449 0.583149 -0.88713 -0.492645 0.981993 0.186554 -0.0297833 -0.188732 0.9618 -0.198294 -0.00834695 0.200344 0.97969
30.860000 -1.17586 0.0478771 0.594506 1.66694 0.129333 0.231226 0.0274104 -0.641868 -0.36294 0.98057 0.190496 -0.0468369 -0.196043 0.96019 -0.199005 0.00706264 0.20432 0.978879
30.880000 -1.14002 0.0494394 0.600275 1.74913 0.0811606 0.3008 -0.199969 -0.697544 -0.452896 0.978675 0.195468 -0.0631536 -0.204151 0.959619 -0.193528 0.0227747 0.202294 0.97906
30.900000 -1.10395 0.0504127 0.60776 1.76346 0.0496742 0.379732 -0.39255 -0.944801 -0.623451 0.975689 0.202536 -0.083732 -0.214884 0.95919 -0.183791 0.0430905 0.197316 0.979392
30.920000 -1.06944 0.0501753 0.615275 1.62717 -0.028 0.339201 -0.839126 -1.04577 -0.455455 0.971891 0.208993 -0.108399 -0.225124 0.959721 -0.168091 0.0689032 0.18777 0.979793
30.940000 -1.03812 0.0490206 0.621647 1.5163 -0.0954684 0.283528 -0.932945 -0.549052 -0.251943 0.969356 0.21287 -0.122617 -0.229628 0.962512 -0.144367 0.0872894 0.168099 0.981898
30.960000 -1.01015 0.0434571 0.619993 1.27349 -0.402278 -0.235058 -1.61305 0.0824163 -0.0974909 0.968571 0.215343 -0.124492 -0.230015 0.965916 -0.118738 0.0946793 0.143642 0.98509
30.980000 -0.988633 0.032229 0.611124 1.02429 -0.564205 -0.464597 -3.178 0.927458 -0.063212 0.969683 0.218616 -0.109188 -0.225748 0.972472 -0.0577563 0.0935558 0.0806543 0.992342
31.000000 -0.972012 0.0190302 0.601651 0.792338 -0.668861 -0.487332 -3.39921 1.41006 -0.0917575 0.971926 0.221033 -0.0806478 -0.220806 0.975246 0.0118258 0.0812653 0.00631376 0.996673
31.020000 -0.959451 0.00471553 0.596819 0.583411 -0.714759 -0.186975 -2.71859 1.33349 -0.179645 0.972911 0.224378 -0.0556649 -0.22058 0.973065 0.0670009 0.0691991 -0.0529073 0.996199
31.040000 -0.955794 -0.00993674 0.599999 0.0722944 -0.746143 0.249126 -1.15265 0.422113 -0.179657 0.973076 0.226168 -0.0444078 -0.22125 0.970576 0.0950249 0.0645927 -0.0826412 0.994484
31.060000 -0.957326 -0.024804 0.605289 -0.104685 -0.748644 0.260523 -1.40163 0.667703 -0.268187 0.972779 0.22967 -0.030858 -0.224308 0.966662 0.123493 0.0581918 -0.113209 0.991866
31.080000 -0.961384 -0.0408668 0.609205 -0.217194 -0.810643 0.177412 -1.3116 0.762113 -0.340145 0.97231 0.233219 -0.014879 -0.228385 0.96179 0.150996 0.0495256 -0.143416 0.988422
31.100000 -0.966719 -0.0577743 0.611182 -0.289093 -0.83029 0.0852561 -1.23608 0.646362 -0.506936 0.970892 0.239518 3.20088e-05 -0.235766 0.955661 0.176427 0.0422268 -0.171299 0.984314
31.120000 -0.975551 -0.0734656 0.611832 -0.450341 -0.764522 0.0274442 -1.2707 0.982387 -0.585976 0.969103 0.24578 0.0207725 -0.244832 0.948297 0.201966 0.0299408 -0.200812 0.979172
31.140000 -0.989028 -0.0880058 0.612057 -0.669618 -0.719113 -0.00350636 -0.984102 1.04689 -0.678512 0.966331 0.25339 0.0446861 -0.256923 0.940851 0.220884 0.0139269 -0.224928 0.974276
31.160000 -1.009 -0.0999047 0.611553 -0.982668 -0.560415 -0.0596787 -0.356147 1.0889 -0.858509 0.961825 0.264415 0.0705532 -0.273604 0.934586 0.227352 -0.00582276 -0.237976 0.971254
31.180000 -1.03701 -0.108551 0.609812 -1.37307 -0.407413 -0.109232 0.440048 1.09612 -1.054 0.955427 0.278471 0.0980487 -0.293664 0.930564 0.218662 -0.0303497 -0.237709 0.970862
31.200000 -1.071 -0.114361 0.606183 -1.69527 -0.275585 -0.201181 1.24901 1.35476 -1.1109 0.947189 0.293656 0.128841 -0.314427 0.929409 0.193221 -0.0630054 -0.223528 0.972659
31.220000 -1.10786 -0.118727 0.603263 -1.83339 -0.213082 -0.15839 1.06479 1.07354 -0.61307 0.9403 0.304091 0.152852 -0.327596 0.930438 0.164212 -0.0922839 -0.204482 0.97451
31.240000 -1.14461 -0.11967 0.602318 -1.70238 0.0157457 -0.0643944 1.15226 -0.434827 0.751689 0.941858 0.297529 0.156141 -0.31901 0.937733 0.137438 -0.105527 -0.179258 0.978126
31.260000 -1.18146 -0.114141 0.597722 -1.84399 0.346229 -0.265222 1.16163 0.173684 1.58442 0.950666 0.269824 0.153065 -0.288477 0.950393 0.116337 -0.114081 -0.154753 0.981344
31.280000 -1.21253 -0.1054 0.595692 -1.4452 0.424433 -0.00330685 1.0064 0.375551 1.22844 0.956868 0.245126 0.15594 -0.262137 0.95987 0.0996641 -0.125252 -0.136243 0.982726
31.300000 -1.23568 -0.0940736 0.595231 -1.05584 0.624425 -0.0467443 0.66341 0.524811 1.017 0.961132 0.223193 0.16251 -0.239167 0.967143 0.0862209 -0.137927 -0.121737 0.982933
31.320000 -1.25222 -0.0808809 0.594327 -0.770209 0.659259 -0.0430893 0.666038 0.452021 0.560812 0.962898 0.209162 0.170526 -0.224154 0.971756 0.0737856 -0.150277 -0.109272 0.982587
31.340000 -1.26591 -0.0676802 0.594002 -0.636251 0.665762 -0.00805032 1.42854 0.192967 0.0151479 0.962405 0.207541 0.175224 -0.218905 0.974564 0.048017 -0.160802 -0.0845693 0.983357
31.360000 -1.27662 -0.0537643 0.593212 -0.511354 0.696515 -0.0414472 1.8648 -0.109375 -0.369333 0.961341 0.213798 0.173531 -0.21891 0.975687 0.0106431 -0.167037 -0.0482193 0.984771
31.380000 -1.28512 -0.0405724 0.592702 -0.401849 0.65213 -0.0158556 1.9313 -0.151427 -0.532032 0.959775 0.223911 0.169401 -0.22199 0.974574 -0.0304423 -0.171911 -0.00838771 0.985077
31.400000 -1.29056 -0.0283037 0.593657 -0.221636 0.610696 0.0669186 2.01218 -0.190081 -0.732755 0.957337 0.237845 0.164118 -0.228554 0.970743 -0.0736247 -0.176828 0.0329739 0.983689
31.420000 -1.28919 -0.015424 0.597031 0.234963 0.66814 0.201682 1.9832 -0.579777 -0.513547 0.955854 0.250253 0.154001 -0.234164 0.965339 -0.115273 -0.177511 0.0741227 0.981323
31.440000 -1.28186 -0.00185488 0.601771 0.395077 0.674773 0.242733 1.42453 -0.794292 -0.636779 0.955637 0.260584 0.137309 -0.240322 0.959338 -0.148039 -0.170302 0.108473 0.979403
31.460000 -1.27135 0.0116261 0.606221 0.539886 0.681051 0.219232 1.11322 -1.01442 -0.796679 0.95493 0.273562 0.115203 -0.251857 0.952128 -0.173264 -0.157087 0.136441 0.978114
31.480000 -1.2567 0.0254449 0.609584 0.743408 0.707823 0.156305 0.852072 -1.15942 -0.843752 0.953791 0.286931 0.0891776 -0.266083 0.94445 -0.19291 -0.139576 0.160268 0.977156
31.500000 -1.23733 0.0398335 0.611591 0.965382 0.741489 0.0785659 0.626891 -1.21254 -0.856286 0.952057 0.299805 0.0608699 -0.281715 0.936765 -0.207627 -0.119268 0.180525 0.976312
31.520000 -1.20937 0.0538707 0.611833 1.38993 0.7095 -0.0108467 0.213173 -1.44142 -0.863864 0.950183 0.310427 0.0280651 -0.297618 0.930342 -0.214213 -0.0926077 0.195189 0.976384
31.540000 -1.17231 0.0663238 0.609624 1.83555 0.615499 -0.133926 -0.330341 -1.73492 -0.851483 0.947569 0.319386 -0.0102557 -0.314417 0.926137 -0.208356 -0.0570478 0.200657 0.977999
31.560000 -1.13075 0.0764942 0.603626 1.9948 0.490329 -0.331156 -0.617217 -1.76638 -0.63636 0.944684 0.324385 -0.0484305 -0.327479 0.924731 -0.193986 -0.0181411 0.199115 0.979808
31.580000 -1.08944 0.0830733 0.597412 1.96024 0.323154 -0.247573 -1.04148 -1.30622 -0.513042 0.940776 0.32887 -0.082366 -0.338347 0.926145 -0.166665 0.0214717 0.184663 0.982567
31.600000 -1.05349 0.0853673 0.590115 1.752 0.0270171 -0.50018 -0.463316 -1.41995 -0.265809 0.937687 0.329143 -0.11139 -0.343046 0.927919 -0.145895 0.0553403 0.175016 0.983009
31.620000 -1.02886 0.0805883 0.583357 0.945008 -0.31354 -0.195528 0.448348 -0.439719 0.172828 0.937549 0.325656 -0.122272 -0.341276 0.929157 -0.142119 0.0673284 0.174972 0.982269
31.640000 -1.01506 0.0691481 0.584502 0.661847 -0.660132 0.153561 0.0172739 -0.370349 0.216994 0.938334 0.320352 -0.130014 -0.33761 0.930059 -0.144946 0.074487 0.179902 0.98086
31.660000 -0.998348 0.0515692 0.587215 0.845132 -0.925949 0.12025 -1.50274 0.0317363 0.218485 0.939853 0.316525 -0.128406 -0.331538 0.935792 -0.119899 0.0822099 0.155259 0.984447
31.680000 -0.984398 0.0328213 0.590532 0.645409 -0.935483 0.172512 -1.80785 0.257784 -0.0154163 0.940517 0.316191 -0.124303 -0.327659 0.940891 -0.0858157 0.0898215 0.12144 0.988526
31.700000 -0.974829 0.0140559 0.595192 0.428589 -0.935547 0.242627 -2.07657 0.287241 -0.448615 0.938591 0.323332 -0.120431 -0.330569 0.94269 -0.0453895 0.0988532 0.0824129 0.991683
31.720000 -0.967875 -0.00399951 0.600349 0.319699 -0.892362 0.253738 -1.86158 0.388318 -0.548944 0.935692 0.334155 -0.113228 -0.33687 0.941537 -0.00518538 0.104876 0.042995 0.993555
31.740000 -0.964565 -0.0209051 0.604558 0.110042 -0.830763 0.19942 -2.04869 1.08495 -0.591266 0.933598 0.346069 -0.0929068 -0.343984 0.938202 0.0381061 0.100353 -0.00361737 0.994945
31.760000 -0.966897 -0.0378792 0.607241 -0.174513 -0.842734 0.111204 -1.91692 1.46173 -0.457647 0.933132 0.353825 -0.0638232 -0.348628 0.933846 0.0799355 0.0878842 -0.0523398 0.994755
31.780000 -0.973891 -0.0542646 0.609865 -0.393421 -0.823608 0.134163 -1.58082 1.51294 -0.532448 0.93166 0.361934 -0.031831 -0.35632 0.927297 0.114704 0.0710319 -0.0955229 0.99289
31.800000 -0.983918 -0.0698792 0.611502 -0.505141 -0.780684 0.0712321 -1.23456 1.4724 -0.696135 0.928486 0.371366 0.00081852 -0.367725 0.919071 0.141727 0.0518802 -0.131892 0.989905
31.820000 -0.996781 -0.0829464 0.611323 -0.625809 -0.616932 -0.0194716 -0.851531 1.3565 -0.596013 0.924588 0.379645 0.0317194 -0.379625 0.911143 0.160324 0.0319654 -0.160275 0.986555
31.840000 -1.01268 -0.0936827 0.608183 -0.774182 -0.569103 -0.171732 -0.0827725 1.55622 -0.437173 0.921403 0.383251 0.0642987 -0.388573 0.906406 0.165649 0.00520466 -0.177615 0.984086
31.860000 -1.03399 -0.101983 0.60338 -1.05737 -0.39132 -0.270775 -0.0319978 1.6699 -0.343831 0.917984 0.384044 0.0990727 -0.395739 0.903525 0.164415 -0.0263719 -0.190138 0.981403
31.880000 -1.06143 -0.106962 0.597431 -1.35087 -0.19968 -0.314607 0.144198 1.39544 -0.122362 0.914684 0.382429 0.13077 -0.399805 0.903555 0.154089 -0.0592301 -0.193226 0.979365
31.900000 -1.09177 -0.107852 0.595381 -1.46695 -0.00925608 -0.0641886 0.216338 0.95535 0.450962 0.915825 0.372098 0.151019 -0.393191 0.907329 0.148848 -0.081638 -0.195698 0.97726
31.920000 -1.12032 -0.105241 0.597524 -1.43481 0.208525 0.175224 0.21855 0.684749 0.699776 0.920441 0.355574 0.162341 -0.3793 0.912841 0.151171 -0.0944396 -0.20072 0.975086
31.940000 -1.15077 -0.0947163 0.602189 -1.46496 0.59838 0.269817 0.286902 0.344555 0.712834 0.924088 0.341969 0.170641 -0.366704 0.91915 0.143847 -0.107654 -0.195502 0.974777
31.960000 -1.18187 -0.0810033 0.606626 -1.52294 0.697667 0.180775 0.500258 0.405399 0.67061 0.927256 0.330046 0.176818 -0.354874 0.925276 0.133897 -0.119414 -0.186905 0.975093
31.980000 -1.21045 -0.0668103 0.606318 -1.36345 0.687262 -0.0361109 0.597594 0.201962 0.922265 0.933083 0.311808 0.179252 -0.336101 0.933365 0.125961 -0.128032 -0.177779 0.975706
32.000000 -1.23502 -0.0538351 0.603458 -1.19697 0.634623 -0.181124 0.796894 -0.0226376 0.695164 0.938045 0.297543 0.177593 -0.319672 0.940867 0.112158 -0.13372 -0.161981 0.977692
32.020000 -1.2554 -0.0424327 0.598886 -0.961032 0.540523 -0.237931 0.598037 -0.0581573 0.609931 0.942274 0.285767 0.174522 -0.305712 0.946835 0.100216 -0.136605 -0.147784 0.97954
32.040000 -1.27114 -0.0328152 0.595336 -0.729543 0.461362 -0.15298 0.597729 -0.114495 0.447125 0.945294 0.277033 0.172254 -0.295136 0.951226 0.0898008 -0.138974 -0.135726 0.980951
32.060000 -1.28218 -0.0256069 0.595118 -0.472558 0.355783 0.0437058 1.37939 -0.269895 0.163395 0.947585 0.273264 0.165556 -0.286972 0.95573 0.0650164 -0.14046 -0.109118 0.984055
32.080000 -1.28841 -0.0176789 0.595189 -0.280133 0.405029 -0.00264852 1.38657 -0.185866 -0.146645 0.947729 0.275161 0.161545 -0.284213 0.958107 0.0354261 -0.14503 -0.0794875 0.986229
32.100000 -1.29121 -0.00949158 0.595455 -0.104489 0.409908 0.0108989 1.39507 -0.223132 -0.135685 0.947577 0.278589 0.15648 -0.282853 0.959149 0.0052221 -0.148633 -0.0492093 0.987667
32.120000 -1.29215 -0.00150111 0.595249 -0.024949 0.395261 -0.00865783 1.5055 -0.37343 -0.294622 0.947225 0.284042 0.148608 -0.283336 0.958659 -0.0263489 -0.149948 -0.0171476 0.988545
32.140000 -1.29191 0.00599756 0.595815 0.0231477 0.369332 0.0412235 1.68765 -0.474522 -0.43608 0.946326 0.292199 0.138153 -0.286156 0.956162 -0.0621973 -0.150271 0.0193255 0.988456
32.160000 -1.28898 0.0134467 0.59702 0.1764 0.379026 0.0654119 1.69597 -0.596467 -0.441194 0.945587 0.300395 0.125014 -0.289422 0.952104 -0.0986574 -0.148663 0.0571073 0.987238
32.180000 -1.28254 0.0208776 0.599721 0.340348 0.379149 0.147923 1.5156 -0.758788 -0.421023 0.94516 0.308027 0.108585 -0.293366 0.946804 -0.13228 -0.143555 0.0931703 0.985247
32.200000 -1.27286 0.0282815 0.60352 0.494913 0.378242 0.196828 1.17432 -0.918883 -0.427979 0.945032 0.314611 0.0890743 -0.298389 0.941187 -0.158527 -0.13371 0.123235 0.983328
32.220000 -1.25962 0.0356126 0.607726 0.669432 0.365961 0.21103 0.926192 -1.03348 -0.543329 0.944658 0.321251 0.0664722 -0.305432 0.93521 -0.179148 -0.119717 0.148931 0.981574
32.240000 -1.24073 0.041955 0.611327 0.944828 0.326625 0.171452 0.649167 -1.08768 -0.745777 0.942567 0.331454 0.0413063 -0.317896 0.928142 -0.193633 -0.102519 0.169381 0.980204
32.260000 -1.21399 0.0471166 0.61348 1.34816 0.255178 0.0858855 0.300355 -1.16423 -0.830698 0.939765 0.341548 0.0136898 -0.332091 0.921766 -0.200157 -0.0809819 0.183554 0.979668
32.280000 -1.18034 0.0508196 0.613551 1.64589 0.215893 -0.00564614 0.0301191 -1.10773 -0.743534 0.935936 0.3519 -0.0138096 -0.347453 0.916289 -0.199225 -0.0574537 0.19126 0.979856
32.300000 -1.14512 0.0549324 0.611295 1.688 0.242656 -0.135549 -0.243336 -1.0206 -0.653523 0.931978 0.360486 -0.038297 -0.360855 0.912424 -0.193046 -0.0346473 0.193734 0.980442
32.320000 -1.11098 0.0600609 0.60721 1.61829 0.271413 -0.232734 -0.750841 -0.982038 -0.294137 0.929756 0.36327 -0.0599147 -0.368038 0.912534 -0.17841 -0.0101369 0.187929 0.98213
32.340000 -1.08057 0.066038 0.605233 1.43206 0.32129 -0.0724898 -1.2544 -0.677158 0.336189 0.931337 0.356838 -0.0726448 -0.363956 0.918757 -0.153042 0.0121315 0.168974 0.985546
32.360000 -1.05413 0.0707204 0.604465 1.25812 0.206383 -0.0451244 -1.42882 -0.473548 0.579934 0.935355 0.343686 -0.0836126 -0.351993 0.927701 -0.124388 0.0348172 0.145778 0.988705
32.380000 -1.02918 0.0719332 0.601022 1.22463 0.0220483 -0.22826 -0.481341 0.187987 0.389549 0.938511 0.335091 -0.0831305 -0.342929 0.932643 -0.11215 0.0399506 0.133762 0.990208
32.400000 -1.00621 0.0719719 0.600915 1.10009 -0.00183377 0.0809991 -1.52552 0.537722 0.212342 0.940564 0.331949 -0.0717577 -0.337298 0.937701 -0.0833528 0.0396184 0.102602 0.993933
32.420000 -0.987567 0.0693068 0.598487 0.891192 -0.200958 -0.133609 -1.11106 0.350166 0.463053 0.943516 0.325181 -0.0635213 -0.328876 0.942441 -0.0603803 0.0402305 0.0778604 0.996152
32.440000 -0.973459 0.0650048 0.598411 0.621796 -0.27066 -0.0650732 -1.40077 0.382515 0.39792 0.946527 0.317698 -0.0561667 -0.319577 0.94714 -0.0282127 0.0442347 0.0446537 0.998023
32.460000 -0.965637 0.0570799 0.598698 0.288564 -0.467813 -0.0440579 -1.56219 0.561224 0.249129 0.948981 0.312163 -0.0446012 -0.312156 0.950003 0.00730151 0.0446505 0.00699351 0.998978
32.480000 -0.967386 0.0472322 0.604377 -0.134117 -0.502187 0.277593 -1.84808 0.592372 0.174894 0.950736 0.308096 -0.0343216 -0.306554 0.950848 0.0437455 0.0461125 -0.031069 0.998453
32.500000 -0.973178 0.0369073 0.610506 -0.327684 -0.521547 0.315706 -2.30922 1.0818 0.0953312 0.952284 0.304874 -0.0143822 -0.302489 0.949019 0.0886753 0.0406837 -0.0800936 0.995957
32.520000 -0.982267 0.0255426 0.615892 -0.477329 -0.575187 0.249666 -2.13596 1.03294 0.140376 0.953917 0.299996 0.00667709 -0.298188 0.945208 0.132915 0.0335628 -0.128781 0.991105
32.540000 -0.992933 0.0134145 0.620124 -0.525774 -0.612571 0.1962 -1.76521 0.836507 0.0885745 0.955177 0.295046 0.0241843 -0.294764 0.940332 0.169971 0.0274081 -0.169481 0.985152
32.560000 -1.00572 0.00109991 0.623376 -0.636725 -0.620444 0.146899 -1.42838 0.771908 -0.0971157 0.955185 0.293273 0.0401502 -0.295258 0.93431 0.199716 0.0210585 -0.20262 0.979031
32.580000 -1.02281 -0.0104795 0.62634 -0.86514 -0.564464 0.136757 -0.828076 0.798315 -0.377156 0.953609 0.295523 0.0574077 -0.300839 0.928377 0.218204 0.0111883 -0.225352 0.974213
32.600000 -1.04767 -0.0185175 0.628899 -1.28051 -0.354038 0.111497 -0.305972 0.965823 -0.543623 0.951137 0.298814 0.0777661 -0.308738 0.923869 0.226157 -0.0042668 -0.239115 0.970982
32.620000 -1.08153 -0.0215848 0.63076 -1.68468 -0.149536 0.0636022 -0.0702999 1.21617 -0.522375 0.947417 0.302201 0.105244 -0.318708 0.92064 0.225493 -0.0287483 -0.247178 0.968544
32.640000 -1.12239 -0.0216861 0.632799 -2.00917 -0.000946893 0.053315 0.740502 1.18534 -0.466387 0.942852 0.305097 0.133966 -0.327915 0.920978 0.210407 -0.0591847 -0.242312 0.968391
32.660000 -1.16543 -0.0208333 0.631695 -2.08915 0.0149389 -0.078323 1.42045 0.927128 -0.254753 0.9392 0.306168 0.155449 -0.331813 0.925723 0.181488 -0.0883367 -0.222033 0.971029
32.680000 -1.20533 -0.0201184 0.626821 -1.95089 0.0145999 -0.307773 1.12826 1.00696 -0.140567 0.935563 0.304425 0.179018 -0.332701 0.929765 0.157632 -0.118457 -0.207034 0.971136
32.700000 -1.24215 -0.0210241 0.619953 -1.79157 -0.0516774 -0.389062 1.50711 0.336399 0.0379594 0.934151 0.303082 0.188422 -0.329137 0.935758 0.12659 -0.13795 -0.180271 0.973895
32.720000 -1.27438 -0.0198933 0.614376 -1.52147 0.0771038 -0.249552 1.27166 0.0174743 0.170419 0.934995 0.300042 0.189103 -0.322245 0.941401 0.0996136 -0.148133 -0.154076 0.976892
32.740000 -1.30035 -0.0163919 0.613582 -1.23437 0.207144 -0.0186059 1.10917 0.0785343 0.190667 0.935983 0.296664 0.189545 -0.315074 0.946092 0.0750896 -0.157051 -0.130003 0.978997
32.760000 -1.32172 -0.00975611 0.614453 -1.01564 0.382054 0.065257 1.10664 -0.169203 0.0357983 0.937043 0.295742 0.185709 -0.309921 0.949342 0.0519566 -0.160935 -0.10624 0.98123
32.780000 -1.34042 -0.00201264 0.618123 -0.87497 0.398044 0.186546 1.29869 -0.425011 -0.0220009 0.93828 0.297781 0.175947 -0.306487 0.951574 0.0239221 -0.160303 -0.0763712 0.984109
32.800000 -1.35442 0.00723348 0.620421 -0.598009 0.547061 0.005622 1.02614 -0.737314 -0.188256 0.939839 0.301221 0.161149 -0.304852 0.952397 -0.00229258 -0.154169 -0.0469721 0.986927
32.820000 -1.36247 0.0201956 0.618892 -0.374948 0.658794 -0.0895792 1.04964 -1.07079 -0.0802424 0.942217 0.304333 0.140029 -0.303981 0.952365 -0.0244215 -0.140791 -0.0195559 0.989846
32.840000 -1.36529 0.0323459 0.617864 -0.0706224 0.583169 -0.0509661 1.24936 -1.61455 0.0883017 0.945983 0.305262 0.109229 -0.301338 0.952142 -0.0511958 -0.11963 0.0155155 0.992697
32.860000 -1.36309 0.0430096 0.616702 0.126384 0.522625 -0.0798584 1.28177 -1.79508 -0.19277 0.949011 0.30674 0.0727275 -0.301179 0.950354 -0.0782255 -0.0931117 0.0523328 0.994279
32.880000 -1.35653 0.0527688 0.614203 0.336585 0.484561 -0.147614 1.11683 -1.83024 -0.289259 0.950427 0.309002 0.0347471 -0.304227 0.947166 -0.101597 -0.064305 0.0859897 0.994219
32.900000 -1.34471 0.0622091 0.610401 0.562787 0.487694 -0.215263 0.903921 -1.87447 -0.225958 0.950752 0.309923 -0.00429226 -0.308172 0.943718 -0.12011 -0.0331741 0.115518 0.992751
32.920000 -1.32607 0.0708931 0.605491 0.913482 0.459441 -0.235919 0.726521 -1.5988 -0.318167 0.949086 0.312734 -0.0378533 -0.314936 0.93925 -0.136474 -0.00712644 0.141447 0.98992
32.940000 -1.30213 0.0783138 0.603496 1.14559 0.371448 -0.00346034 0.00944865 -1.25736 -0.287802 0.946413 0.315489 -0.0690568 -0.32225 0.936653 -0.137243 0.0213836 0.152142 0.988127
32.960000 -1.27638 0.0834685 0.608072 1.26452 0.249894 0.268493 -0.550142 -0.877577 0.224738 0.946462 0.309987 -0.0901021 -0.319622 0.939022 -0.126806 0.0452997 0.148815 0.987827
32.980000 -1.24916 0.0863512 0.615196 1.32629 0.128878 0.347043 -0.679706 -0.637436 0.53251 0.948825 0.298671 -0.102595 -0.309441 0.944158 -0.113192 0.0630585 0.139147 0.988262
33.000000 -1.22192 0.0872743 0.624043 1.36893 0.0289674 0.448094 -0.649533 -0.426272 0.718886 0.953006 0.282542 -0.109318 -0.293311 0.950822 -0.0995317 0.0758198 0.126918 0.989011
33.020000 -1.19563 0.086591 0.63073 1.23751 -0.0806351 0.241102 -1.19809 -0.431957 0.763713 0.956646 0.267421 -0.115387 -0.277172 0.957597 -0.0786382 0.0894645 0.107211 0.990203
33.040000 -1.17236 0.084887 0.634088 1.1258 -0.079927 0.134984 -1.6484 -0.015421 0.516743 0.959469 0.256599 -0.116516 -0.263499 0.963464 -0.0480194 0.0999376 0.076775 0.992027
33.060000 -1.15159 0.0831868 0.636036 1.00125 -0.0756525 0.0822945 -1.66665 0.125436 0.379157 0.961747 0.249019 -0.114161 -0.252145 0.967594 -0.0135827 0.107079 0.0418483 0.993369
33.080000 -1.13368 0.0810762 0.637468 0.841762 -0.111927 0.052953 -1.45521 0.164414 0.306414 0.963706 0.243052 -0.11044 -0.242581 0.969966 0.0178915 0.111472 0.0095485 0.993722
33.100000 -1.12157 0.076896 0.636125 0.532126 -0.265959 -0.10341 -1.28127 0.182256 0.414099 0.965934 0.236005 -0.10618 -0.232448 0.971572 0.0448883 0.113755 -0.0186778 0.993333
33.120000 -1.1146 0.0698176 0.632914 0.300595 -0.373497 -0.158454 -1.22491 0.485411 0.415304 0.968794 0.227591 -0.0981889 -0.221447 0.972683 0.0696362 0.111355 -0.0457195 0.992728
33.140000 -1.11196 0.0620514 0.631149 0.0768132 -0.387721 -0.0583254 -1.40227 0.698952 0.278102 0.971624 0.220569 -0.0854175 -0.212272 0.972437 0.0964716 0.104342 -0.0756024 0.991664
33.160000 -1.11413 0.0544202 0.632892 -0.162432 -0.375746 0.129012 -1.69126 0.792385 -0.0413635 0.973419 0.21815 -0.0697581 -0.207997 0.96952 0.129489 0.09588 -0.111538 0.989124
33.180000 -1.12089 0.046357 0.634705 -0.383266 -0.411314 0.0844371 -1.43718 0.911109 -0.178995 0.974402 0.218991 -0.0508212 -0.208477 0.964808 0.160258 0.0841279 -0.145561 0.985766
33.200000 -1.13089 0.038341 0.634745 -0.506707 -0.401399 -0.0134468 -0.780686 1.1778 -0.270409 0.974884 0.221127 -0.0265275 -0.212939 0.960362 0.179892 0.065255 -0.169725 0.983329
33.220000 -1.14513 0.0318136 0.632455 -0.726636 -0.317479 -0.122742 -0.124306 1.27748 -0.528291 0.973973 0.226657 0.00177128 -0.223134 0.957405 0.183266 0.0398426 -0.178891 0.983062
33.240000 -1.16572 0.0282074 0.629108 -1.04417 -0.15291 -0.170849 0.323206 1.28315 -0.742383 0.970865 0.237612 0.0310266 -0.239302 0.954621 0.177293 0.0125083 -0.179552 0.983669
33.260000 -1.19263 0.0282826 0.624757 -1.3356 0.0115634 -0.231881 0.909061 1.43189 -0.793299 0.966818 0.247584 0.0629751 -0.254643 0.953753 0.159728 -0.0205166 -0.170464 0.98515
33.280000 -1.22207 0.029209 0.619652 -1.42933 0.033357 -0.24646 1.18748 1.14835 -0.685832 0.961993 0.257156 0.0918742 -0.267752 0.954359 0.132314 -0.0536557 -0.151884 0.986941
33.300000 -1.25162 0.0324056 0.61462 -1.43044 0.191998 -0.209977 1.00292 0.715268 -0.223842 0.958828 0.261852 0.109924 -0.273528 0.95561 0.10951 -0.0763689 -0.135068 0.987889
33.320000 -1.27781 0.038626 0.61516 -1.36894 0.384574 0.0537379 1.08947 0.070052 0.0878182 0.959364 0.260701 0.107958 -0.270266 0.958935 0.0860282 -0.0810966 -0.11171 0.990426
33.340000 -1.30368 0.048685 0.616708 -1.22867 0.524459 0.0498679 1.01432 0.183433 0.121817 0.959631 0.258327 0.111242 -0.266417 0.961659 0.0650733 -0.0901664 -0.0920831 0.991661
33.360000 -1.32588 0.0600197 0.617101 -1.0604 0.565767 0.00612569 0.884917 0.17583 0.121533 0.959916 0.255655 0.1149 -0.262167 0.963953 0.0454244 -0.0991454 -0.0737266 0.992338
33.380000 -1.34485 0.0711537 0.616549 -0.913002 0.555418 -0.0416481 0.831221 0.121973 0.126515 0.960315 0.253062 0.117276 -0.257883 0.96578 0.0276798 -0.106258 -0.0568247 0.992714
33.400000 -1.36188 0.0820212 0.614793 -0.837637 0.543761 -0.0992143 0.794296 0.0249861 0.0433219 0.960597 0.251921 0.117424 -0.254858 0.966922 0.0104535 -0.110906 -0.039968 0.993027
33.420000 -1.37627 0.0923876 0.611838 -0.677147 0.51552 -0.158883 0.733788 -0.173492 0.0946788 0.961282 0.250985 0.113766 -0.251997 0.967712 -0.00562734 -0.111505 -0.0232593 0.993492
33.440000 -1.38644 0.102247 0.608183 -0.470022 0.492224 -0.188327 0.693138 -0.349505 0.181753 0.962879 0.248094 0.106363 -0.247339 0.968713 -0.0204415 -0.108107 -0.00662504 0.994117
33.460000 -1.39408 0.111627 0.604285 -0.33106 0.474443 -0.193746 0.788429 -0.581595 0.144268 0.964336 0.247075 0.0949185 -0.244711 0.968929 -0.0359702 -0.100857 0.0114598 0.994835
33.480000 -1.39684 0.118801 0.602414 -0.0706022 0.328361 -0.0746733 1.27051 -0.821369 0.0389567 0.966483 0.244488 0.0783344 -0.240271 0.96888 -0.059504 -0.0904447 0.0386881 0.99515
33.500000 -1.39371 0.12418 0.602253 0.184946 0.256534 -0.00273125 1.53745 -1.01955 -0.125553 0.967837 0.244874 0.0576975 -0.239272 0.966809 -0.0896085 -0.0777252 0.072921 0.994304
33.520000 -1.38447 0.128187 0.602663 0.493248 0.187569 0.0158204 1.12745 -1.38913 -0.322324 0.968537 0.24707 0.0298785 -0.242236 0.963436 -0.114516 -0.0570794 0.103675 0.992972
33.540000 -1.36724 0.130379 0.602519 0.871308 0.0947358 -0.0148694 0.725666 -1.7103 -0.380406 0.968418 0.249263 -0.00578552 -0.247888 0.960066 -0.129713 -0.0267782 0.12705 0.991535
33.560000 -1.34176 0.130602 0.602017 1.27068 0.0217155 -0.0203702 0.387833 -1.91728 -0.391887 0.966919 0.250998 -0.0454645 -0.25492 0.957187 -0.137144 0.00909527 0.144197 0.989507
33.580000 -1.30985 0.127663 0.604442 1.5789 -0.168038 0.169453 0.00159384 -1.71572 -0.241111 0.964578 0.250366 -0.0831072 -0.259927 0.955802 -0.137404 0.0450328 0.154138 0.987022
33.600000 -1.27747 0.123582 0.612962 1.52814 -0.18372 0.500039 -0.497898 -0.622776 0.0962561 0.963632 0.246798 -0.102485 -0.258772 0.957509 -0.127331 0.0667054 0.149221 0.986551
33.620000 -1.24461 0.118675 0.624392 1.6022 -0.25069 0.511946 -0.938036 -0.411537 0.13212 0.963468 0.243754 -0.110964 -0.255697 0.960437 -0.110357 0.0796741 0.134699 0.987678
33.640000 -1.21494 0.110037 0.632179 1.36053 -0.490222 0.282269 -1.67515 -0.551632 0.207514 0.963565 0.239382 -0.119324 -0.24928 0.96543 -0.0761848 0.0969614 0.103154 0.989928
33.660000 -1.19294 0.0984956 0.635816 1.03274 -0.578327 0.176742 -1.62371 -0.402489 0.107531 0.963288 0.235622 -0.128678 -0.24272 0.969171 -0.0423629 0.114729 0.0720404 0.990781
33.680000 -1.17516 0.0876654 0.637751 0.841872 -0.53902 0.115446 -1.38581 -0.0933749 0.0094098 0.963475 0.234368 -0.129565 -0.237698 0.971281 -0.0106423 0.123349 0.0410508 0.991514
33.700000 -1.16286 0.0764301 0.638456 0.554449 -0.568145 0.022295 -1.20271 0.198683 -0.116265 0.963542 0.236179 -0.125721 -0.236063 0.971605 0.0160343 0.125938 0.0142284 0.991936
33.720000 -1.15575 0.0652002 0.63727 0.300478 -0.56744 -0.0773512 -1.36123 0.617645 -0.141837 0.96421 0.239245 -0.114287 -0.235682 0.970837 0.0439339 0.121465 -0.015426 0.992476
33.740000 -1.15393 0.053851 0.636596 0.0257471 -0.564423 -0.00146843 -1.87906 0.864885 -0.0817934 0.965724 0.240497 -0.0976606 -0.233293 0.969139 0.0796494 0.113802 -0.0541358 0.992027
33.760000 -1.15711 0.042413 0.63646 -0.208147 -0.5792 0.00555627 -2.05326 1.09794 -0.119277 0.967673 0.240971 -0.074444 -0.230851 0.96514 0.123342 0.101571 -0.102169 0.989568
33.780000 -1.16332 0.0305635 0.636034 -0.328286 -0.578961 -0.0163615 -1.37409 1.00071 -0.439531 0.967901 0.245866 -0.0521285 -0.235347 0.959421 0.155316 0.0882001 -0.138062 0.986488
33.800000 -1.17394 0.0208232 0.633902 -0.556965 -0.460218 -0.113881 -0.655138 1.06863 -0.650835 0.966686 0.254389 -0.028352 -0.245889 0.953692 0.173232 0.0711074 -0.16049 0.984473
33.820000 -1.19018 0.0136005 0.629838 -0.814703 -0.355242 -0.196631 -0.0469369 1.16525 -0.783975 0.964062 0.265673 -0.00143921 -0.261299 0.949142 0.175649 0.0480314 -0.168961 0.984452
33.840000 -1.21214 0.00927521 0.625026 -1.08398 -0.21734 -0.257965 0.398239 1.22612 -0.941092 0.959779 0.279412 0.0274391 -0.279951 0.945055 0.168812 0.0212367 -0.169704 0.985266
33.860000 -1.23733 0.00611568 0.618268 -1.24193 -0.155974 -0.342892 0.837406 1.29349 -0.915995 0.954522 0.292786 0.0562436 -0.298019 0.942361 0.152121 -0.00846266 -0.161965 0.98676
33.880000 -1.26388 0.00423085 0.610429 -1.27536 -0.10764 -0.35951 0.698693 1.06444 -0.476877 0.950361 0.300094 0.0822018 -0.308858 0.941846 0.132413 -0.0376851 -0.151229 0.98778
33.900000 -1.28795 0.00183703 0.603993 -1.14454 -0.116785 -0.279099 0.578204 0.804441 0.100488 0.949223 0.298464 0.0994765 -0.30912 0.943608 0.118531 -0.0584895 -0.143263 0.987955
33.920000 -1.31137 0.00204148 0.600395 -1.11184 0.063421 -0.141353 0.724559 0.806735 0.53734 0.950556 0.28851 0.114914 -0.300293 0.948239 0.103283 -0.0791673 -0.132684 0.987992
33.940000 -1.33391 0.00625031 0.601446 -1.12667 0.270357 0.107411 0.802528 1.03466 1.0467 0.95394 0.268841 0.133127 -0.281688 0.95535 0.0892074 -0.1032 -0.122599 0.987076
33.960000 -1.35651 0.012802 0.603854 -1.11922 0.33688 0.120333 0.840341 0.850453 0.908148 0.956944 0.248717 0.14966 -0.26164 0.962352 0.073643 -0.12571 -0.109629 0.985991
33.980000 -1.378 0.019873 0.604924 -1.05516 0.368234 0.0305391 0.82406 0.364541 0.527775 0.958773 0.236383 0.157727 -0.247873 0.967092 0.057379 -0.138973 -0.0941097 0.985814
34.000000 -1.39905 0.0274911 0.604177 -1.04712 0.394406 -0.0651986 0.995912 -0.218577 0.166671 0.960253 0.232126 0.155019 -0.240521 0.969918 0.0375315 -0.141644 -0.0733251 0.987198
34.020000 -1.41943 0.0351914 0.602561 -0.990592 0.371778 -0.0573595 1.07595 -0.592423 -0.0499546 0.961691 0.233919 0.142945 -0.238208 0.971121 0.0134267 -0.135677 -0.0469631 0.989639
34.040000 -1.43804 0.0406605 0.602074 -0.897182 0.262154 -0.00908875 1.50407 -0.979232 -0.0813164 0.963936 0.235697 0.12359 -0.235348 0.971751 -0.0176298 -0.124254 -0.0120926 0.992177
34.060000 -1.45396 0.0458174 0.600508 -0.791602 0.25496 -0.0993338 1.41638 -1.041 -0.185897 0.965787 0.238421 0.102035 -0.234624 0.970905 -0.0479022 -0.110487 0.0223235 0.993627
34.080000 -1.46658 0.0516567 0.597063 -0.586703 0.304544 -0.185812 1.32603 -1.08734 -0.155124 0.967277 0.240682 0.0802932 -0.234896 0.969108 -0.0751849 -0.0959084 0.0538641 0.993932
34.100000 -1.47472 0.0583117 0.593693 -0.350512 0.349576 -0.17152 1.39391 -1.24927 -0.143583 0.968655 0.242193 0.0552252 -0.235667 0.966259 -0.103948 -0.0785373 0.087675 0.993048
34.120000 -1.47796 0.0661148 0.590831 -0.102063 0.406533 -0.13892 1.13989 -1.39286 -0.133294 0.969711 0.242729 0.027251 -0.237384 0.962827 -0.128891 -0.0575237 0.118518 0.991284
34.140000 -1.47597 0.074271 0.59142 0.150708 0.401174 0.068854 0.481563 -1.3825 -0.188545 0.969844 0.243722 -0.00172935 -0.241486 0.95994 -0.142125 -0.032979 0.138257 0.989847
34.160000 -1.46826 0.0816207 0.595465 0.421769 0.351936 0.226709 0.0443035 -1.49862 -0.403213 0.968538 0.2467 -0.0327647 -0.248832 0.957795 -0.143916 -0.00412218 0.147541 0.989047
34.180000 -1.45213 0.0873272 0.601803 0.867903 0.270094 0.347752 0.192825 -1.60374 -0.486113 0.965825 0.250166 -0.0678209 -0.25762 0.95532 -0.144896 0.0285427 0.157416 0.98712
34.200000 -1.42514 0.0911092 0.610822 1.33555 0.207261 0.476435 -0.0330517 -1.76438 -0.359803 0.9624 0.250199 -0.10577 -0.26371 0.953957 -0.142906 0.0651451 0.165425 0.984068
34.220000 -1.3909 0.0930021 0.619919 1.71277 0.0903976 0.432607 -0.337113 -1.70996 -0.18493 0.95826 0.247792 -0.142606 -0.266677 0.954506 -0.133423 0.103058 0.165884 0.980745
34.240000 -1.35185 0.0928494 0.632966 1.9376 0.00611599 0.681602 -1.07953 -1.29973 -0.283587 0.953657 0.247812 -0.170665 -0.268863 0.95646 -0.113562 0.135093 0.154184 0.978763
34.260000 -1.3124 0.0924878 0.650149 1.88993 -0.0018332 0.900809 -1.3127 -0.581894 -0.140008 0.949841 0.250088 -0.187769 -0.269104 0.959499 -0.0833303 0.159325 0.12968 0.978672
34.280000 -1.27555 0.0892578 0.666144 1.80078 -0.165808 0.762353 -1.9439 -0.427187 0.240343 0.949027 0.245464 -0.197728 -0.259019 0.964801 -0.0454798 0.179604 0.0943769 0.979201
34.300000 -1.24225 0.0854514 0.67816 1.61168 -0.202874 0.556729 -2.04241 -0.175041 0.191162 0.949177 0.241411 -0.201951 -0.247352 0.968916 -0.00432826 0.194628 0.0540613 0.979386
34.320000 -1.21379 0.0822093 0.681608 1.29084 -0.231281 0.0452106 -1.43413 -0.054547 0.155978 0.950051 0.23877 -0.200977 -0.237959 0.970855 0.0285536 0.201937 0.0206968 0.97918
34.340000 -1.19459 0.0730792 0.673695 0.885795 -0.510283 -0.391943 -1.03224 -0.021544 0.156675 0.950475 0.235339 -0.203008 -0.229918 0.971913 0.0502288 0.209127 -0.00106606 0.977888
34.360000 -1.18082 0.0617384 0.664982 0.629447 -0.579902 -0.419077 -1.57293 0.749093 -0.0864144 0.95278 0.235904 -0.191204 -0.224604 0.971236 0.0790823 0.20436 -0.0324029 0.978359
34.380000 -1.17263 0.0492102 0.65938 0.334836 -0.638849 -0.217213 -2.41192 0.952332 -0.159724 0.955902 0.237667 -0.172526 -0.218584 0.968095 0.122529 0.196142 -0.0794139 0.977354
34.400000 -1.16951 0.0357584 0.653859 0.108301 -0.67407 -0.307354 -2.58511 1.36812 -0.289397 0.95969 0.239725 -0.146723 -0.213248 0.961106 0.175499 0.183088 -0.137137 0.973485
34.420000 -1.17013 0.0232622 0.643943 -0.0696653 -0.598531 -0.541495 -1.68612 1.95964 -0.551368 0.963928 0.243014 -0.108566 -0.215796 0.95232 0.215682 0.155803 -0.184474 0.97041
34.440000 -1.17335 0.0139964 0.632303 -0.159445 -0.436201 -0.618233 -0.665202 2.01557 -0.622535 0.966986 0.245789 -0.0672779 -0.223677 0.945148 0.238041 0.122095 -0.215133 0.968922
34.460000 -1.18104 0.00619063 0.61916 -0.39241 -0.394101 -0.654768 -0.131461 2.12256 -0.735257 0.968035 0.249837 -0.0221214 -0.237218 0.940637 0.242755 0.0814573 -0.229747 0.969835
34.480000 -1.19671 0.000243906 0.606446 -0.883573 -0.286658 -0.606578 0.659378 2.07013 -0.507123 0.967055 0.253576 0.022461 -0.251759 0.939581 0.231958 0.0377151 -0.229971 0.972466
34.500000 -1.22217 -0.00392835 0.593871 -1.29011 -0.225371 -0.671639 1.239 2.01253 -0.427436 0.964823 0.254653 0.0653351 -0.262741 0.942633 0.205935 -0.00914503 -0.215857 0.976382
34.520000 -1.25259 -0.00702422 0.585166 -1.46556 -0.119204 -0.33261 1.20171 1.38386 0.0429314 0.96293 0.251549 0.0974135 -0.265499 0.947666 0.177314 -0.0477124 -0.196604 0.979321
34.540000 -1.28234 -0.00759063 0.583702 -1.45837 -0.00212746 -0.0374486 0.658023 0.976848 0.357098 0.962877 0.243804 0.115876 -0.260249 0.952415 0.158668 -0.0716783 -0.182934 0.980509
34.560000 -1.31351 -0.00219201 0.582967 -1.49871 0.356055 -0.0180392 1.77251 0.42048 0.245409 0.963951 0.233869 0.126897 -0.249806 0.959672 0.128944 -0.0916237 -0.155995 0.983499
34.580000 -1.34306 0.00788966 0.582071 -1.44768 0.525006 -0.0808234 1.46244 0.188831 0.24892 0.964679 0.22824 0.131534 -0.241639 0.965526 0.0967964 -0.104906 -0.125161 0.986575
34.600000 -1.37066 0.0200539 0.579048 -1.37175 0.661059 -0.220426 1.34802 -0.439016 -0.13908 0.965024 0.229822 0.126134 -0.239547 0.968495 0.0680824 -0.106514 -0.0959163 0.989674
34.620000 -1.39553 0.0335731 0.575949 -1.19989 0.673477 -0.143621 1.30347 -0.510859 -0.214597 0.965092 0.234787 0.116069 -0.240737 0.969765 0.0400223 -0.103163 -0.0665673 0.992434
34.640000 -1.41675 0.0465899 0.573527 -1.02627 0.649078 -0.127106 1.72886 -0.73653 -0.350308 0.964933 0.241874 0.101991 -0.243703 0.969833 0.00567951 -0.0975401 -0.0303357 0.994769
34.660000 -1.43431 0.058249 0.569675 -0.839696 0.562341 -0.214552 1.82329 -0.949994 -0.397234 0.964796 0.249492 0.0831947 -0.247637 0.968321 -0.032092 -0.0885659 0.0103602 0.996016
34.680000 -1.44765 0.0688665 0.565634 -0.619363 0.51198 -0.178927 1.60544 -0.842469 -0.304528 0.964831 0.254773 0.0647443 -0.250585 0.965821 -0.0663079 -0.0794249 0.047752 0.995696
34.700000 -1.45794 0.0794268 0.56578 -0.489796 0.53577 0.0597341 1.0286 -0.73662 -0.442233 0.964021 0.261459 0.047989 -0.256433 0.962243 -0.0912754 -0.0700418 0.0756854 0.994669
34.720000 -1.46414 0.0887198 0.569014 -0.234179 0.448232 0.180431 0.934008 -0.733126 -0.555028 0.962045 0.271032 0.031782 -0.266091 0.957529 -0.111053 -0.0605312 0.0983813 0.993306
34.740000 -1.46103 0.0961574 0.574386 0.243727 0.342476 0.280003 0.925971 -0.968608 -0.621621 0.960039 0.279627 0.0115476 -0.275787 0.952262 -0.130913 -0.0476031 0.122497 0.991327
34.760000 -1.44649 0.101229 0.58042 0.8301 0.242805 0.298501 0.750825 -1.37484 -0.556629 0.957684 0.287356 -0.016372 -0.286575 0.946699 -0.147089 -0.0267674 0.145556 0.988988
34.780000 -1.42081 0.102324 0.584364 1.27349 0.0170011 0.15799 0.410717 -1.68127 -0.382789 0.955881 0.289095 -0.0521081 -0.293719 0.943327 -0.154478 0.004496 0.162968 0.986621
34.800000 -1.38857 0.0988089 0.588411 1.57563 -0.203445 0.199244 0.0984073 -1.53089 -0.418768 0.953052 0.290434 -0.085679 -0.300735 0.940901 -0.155768 0.0353752 0.174221 0.984071
34.820000 -1.3526 0.090962 0.594366 1.74097 -0.43594 0.303379 -0.221239 -1.44594 -0.492301 0.949121 0.292829 -0.115847 -0.308126 0.939505 -0.149631 0.0650229 0.177713 0.981932
34.840000 -1.3141 0.0787195 0.602009 1.89049 -0.651117 0.384447 -0.638249 -1.161 -0.688068 0.94335 0.299864 -0.142029 -0.318529 0.938304 -0.13463 0.0928958 0.172244 0.980664
34.860000 -1.27696 0.0622472 0.609717 1.79752 -0.862602 0.367286 -1.00666 -0.669761 -0.446791 0.938668 0.306104 -0.158756 -0.325255 0.938869 -0.112845 0.114508 0.15756 0.980848
34.880000 -1.24284 0.041339 0.616598 1.62894 -1.07877 0.3028 -1.26342 -0.275147 -0.424228 0.935239 0.312356 -0.166616 -0.329419 0.940219 -0.0864365 0.129657 0.135725 0.982226
34.900000 -1.21347 0.018021 0.621293 1.40646 -1.18452 0.20657 -1.47266 0.116093 -0.606491 0.931557 0.323053 -0.166845 -0.335964 0.940253 -0.0552463 0.139029 0.107519 0.984434
34.920000 -1.18876 -0.00554329 0.623744 1.19316 -1.16955 0.0911811 -1.38117 0.500994 -0.821916 0.927562 0.338524 -0.158209 -0.346301 0.937826 -0.0236299 0.140373 0.0767061 0.987123
34.940000 -1.16766 -0.0269298 0.622925 1.01424 -1.02002 -0.0778089 -1.33909 0.801363 -0.841498 0.923644 0.355807 -0.14242 -0.358503 0.933501 0.00713693 0.135488 0.0444659 0.989781
34.960000 -1.14972 -0.0420106 0.616458 0.88856 -0.662724 -0.413802 -1.67082 1.43528 -0.780967 0.921373 0.371068 -0.115677 -0.368808 0.928594 0.0411629 0.122691 0.00473609 0.992434
34.980000 -1.14019 -0.0545762 0.606316 0.360729 -0.624077 -0.510175 -1.19078 1.32672 -0.370541 0.921462 0.378435 -0.0877141 -0.373551 0.925166 0.0672884 0.106614 -0.029238 0.99387
35.000000 -1.14203 -0.0636846 0.601029 -0.191838 -0.420627 -0.187301 -0.855337 1.107 -0.402479 0.920857 0.384648 -0.0637761 -0.379029 0.921482 0.0848972 0.091424 -0.0540052 0.994347
35.020000 -1.14828 -0.0715159 0.59955 -0.353966 -0.377017 -0.0358702 -0.975546 1.19072 -0.0764246 0.921736 0.385731 -0.040169 -0.38007 0.919064 0.10425 0.0771302 -0.0808238 0.99374
35.040000 -1.15815 -0.0776883 0.598143 -0.522005 -0.297122 -0.0702025 -0.69429 1.28234 -0.0589213 0.922954 0.384681 -0.0133024 -0.380502 0.917052 0.119308 0.0580946 -0.105054 0.992768
35.060000 -1.17226 -0.0807394 0.596725 -0.724016 -0.116321 -0.0485722 -0.495881 1.08616 -0.124358 0.923516 0.383409 0.010787 -0.381482 0.915224 0.129756 0.0398769 -0.123946 0.991487
35.080000 -1.1898 -0.0803624 0.596278 -0.892197 0.0651274 -0.00373185 -0.199446 0.953858 -0.0157878 0.924149 0.380765 0.0310864 -0.381355 0.914607 0.134395 0.0227411 -0.136056 0.99044
35.100000 -1.21143 -0.0761032 0.596318 -1.12261 0.261394 0.00894163 0.0466059 0.833736 -0.136016 0.924452 0.378203 0.0484898 -0.381241 0.914599 0.134774 0.00662335 -0.143079 0.989689
35.120000 -1.23438 -0.0679076 0.596148 -1.17907 0.472222 0.00813928 -0.0230813 0.480239 -0.137803 0.924011 0.377702 0.0595324 -0.382351 0.914063 0.135269 -0.00332508 -0.147752 0.989019
35.140000 -1.2593 -0.0546439 0.596506 -1.22224 0.71167 0.00126021 0.402224 0.378177 -0.429548 0.921438 0.382448 0.0684494 -0.388297 0.912534 0.128478 -0.0133264 -0.144963 0.989347
35.160000 -1.28302 -0.038239 0.595226 -1.12615 0.830247 -0.0946279 0.941639 -0.0737694 -0.444017 0.917785 0.390581 0.0715267 -0.396475 0.911315 0.110962 -0.0218437 -0.130198 0.991247
35.180000 -1.30402 -0.0208456 0.592901 -0.988268 0.858406 -0.128263 1.04438 -0.36163 -0.272003 0.915212 0.397472 0.0663614 -0.402176 0.911287 0.0883762 -0.0253472 -0.107572 0.993874
35.200000 -1.32164 -0.00478325 0.591273 -0.837186 0.771098 -0.0640409 0.754487 -0.297751 -0.156122 0.913895 0.401457 0.0602358 -0.405081 0.911548 0.0706311 -0.0265525 -0.0889498 0.995682
35.220000 -1.33607 0.00879902 0.590261 -0.679574 0.646282 -0.0468104 0.726624 -0.304857 -0.120844 0.91303 0.404308 0.0539606 -0.407006 0.911757 0.0551836 -0.0268878 -0.0723465 0.997017
35.240000 -1.34711 0.0199397 0.589035 -0.508272 0.531512 -0.0590313 0.863211 -0.291974 -0.0258167 0.912736 0.405777 0.0475197 -0.407579 0.912402 0.0374583 -0.0281573 -0.0535575 0.998168
35.260000 -1.35496 0.0291187 0.588373 -0.360539 0.437666 -0.0299438 0.988043 -0.246779 0.0768936 0.913408 0.404894 0.0417913 -0.405841 0.913785 0.0170424 -0.0312879 -0.0325273 0.998981
35.280000 -1.36045 0.0367326 0.588162 -0.263292 0.366096 -0.00814912 1.01558 -0.264573 0.197666 0.915017 0.401826 0.0357906 -0.401942 0.915656 -0.00420682 -0.0344623 -0.0105364 0.99935
35.300000 -1.36401 0.0435028 0.58812 -0.162157 0.332058 -0.00460659 0.955659 -0.343848 0.424229 0.918375 0.39469 0.0284181 -0.394096 0.918747 -0.0243503 -0.0357198 0.0111632 0.999299
35.320000 -1.36597 0.0491792 0.587886 -0.0816138 0.267801 -0.0271334 0.779251 -0.430591 0.426767 0.922178 0.386285 0.0192964 -0.385279 0.921858 -0.0416784 -0.0338882 0.0310004 0.998945
35.340000 -1.36414 0.0528631 0.58691 0.138034 0.15711 -0.065051 0.56181 -0.550593 0.324437 0.925433 0.378829 0.00787677 -0.377876 0.924241 -0.0546599 -0.0279868 0.0476076 0.998474
35.360000 -1.3573 0.0546097 0.585643 0.359336 0.0849381 -0.0680134 0.41567 -0.610636 0.265149 0.927961 0.372641 -0.0051345 -0.372193 0.925968 -0.0636822 -0.0189762 0.0610057 0.997957
35.380000 -1.3454 0.0549607 0.584932 0.600973 0.0237466 -0.0355728 0.370308 -0.652354 0.200705 0.92991 0.367298 -0.0189677 -0.36769 0.927242 -0.0708959 -0.00845233 0.0729011 0.997303
35.400000 -1.32735 0.0533416 0.585457 0.920598 -0.0894698 0.0384546 0.278697 -0.75285 -0.00829418 0.93048 0.364676 -0.0348946 -0.366309 0.927441 -0.0753026 0.00490165 0.0828498 0.99655
35.420000 -1.30516 0.0492726 0.587384 1.05152 -0.213942 0.101757 0.0136698 -0.659694 -0.0268785 0.930026 0.364068 -0.0500533 -0.367013 0.927116 -0.0758742 0.0187818 0.0889352 0.99586
35.440000 -1.28276 0.0432876 0.590783 1.07231 -0.308587 0.177885 -0.17256 -0.40675 0.104528 0.930242 0.361997 -0.060063 -0.365757 0.92789 -0.0724028 0.0295223 0.0893205 0.995565
35.460000 -1.26111 0.0362204 0.594006 1.0305 -0.343748 0.143537 -0.370449 -0.270246 0.0346447 0.930295 0.360737 -0.066489 -0.36481 0.928806 -0.0650666 0.0382835 0.0847869 0.995663
35.480000 -1.24188 0.0282191 0.595039 0.902187 -0.414794 0.00596621 -0.61538 -0.229352 0.0290673 0.93024 0.359946 -0.0713572 -0.363901 0.929917 -0.0532011 0.0472068 0.0754568 0.996031
35.500000 -1.22535 0.0188011 0.593569 0.780058 -0.470291 -0.0876891 -0.996423 -0.077571 -0.00153878 0.930327 0.359153 -0.0741648 -0.362281 0.931457 -0.0337678 0.0569535 0.0582836 0.996674
35.520000 -1.21204 0.00949636 0.592288 0.619087 -0.462452 -0.0571494 -0.967098 0.00807661 -0.0771634 0.929899 0.360211 -0.0744049 -0.362125 0.93203 -0.0136122 0.0644444 0.0396019 0.997135
35.540000 -1.20127 0.000146532 0.591915 0.502126 -0.468805 -0.0233664 -1.07865 0.207876 -0.189235 0.928933 0.363414 -0.0708069 -0.363749 0.931458 0.0085715 0.0690687 0.0177936 0.997453
35.560000 -1.1923 -0.00950942 0.591928 0.426795 -0.487646 -0.00150034 -1.07407 0.42751 -0.276893 0.927583 0.368367 -0.062411 -0.367073 0.929659 0.0314896 0.0696207 -0.00629986 0.997554
35.580000 -1.18466 -0.0196062 0.592686 0.375238 -0.508606 0.0366242 -0.846319 0.552962 -0.310258 0.926061 0.373909 -0.0510251 -0.371529 0.92705 0.0504518 0.0661672 -0.0277641 0.997422
35.600000 -1.17965 -0.0295534 0.593189 0.217572 -0.498574 0.025203 -0.994882 0.747537 -0.140375 0.92566 0.376656 -0.0358202 -0.373609 0.924892 0.0706515 0.0597411 -0.0520166 0.996858
35.620000 -1.17992 -0.039151 0.592827 -0.0897704 -0.474618 -0.0290206 -1.0303 0.852187 -0.0226949 0.926185 0.3766 -0.0188026 -0.373468 0.923074 0.0919554 0.0519866 -0.0781455 0.995586
35.640000 -1.18483 -0.0478446 0.591384 -0.260658 -0.429547 -0.0811223 -0.845177 0.878628 -0.122518 0.926143 0.377174 -0.000116117 -0.374824 0.920407 0.11117 0.0420372 -0.102915 0.993801
35.660000 -1.19356 -0.0543669 0.589884 -0.4623 -0.304345 -0.065872 -0.682718 0.825181 -0.195332 0.925142 0.379191 0.0180796 -0.378328 0.917011 0.12633 0.0313242 -0.123713 0.991823
35.680000 -1.20612 -0.0576632 0.589275 -0.660694 -0.123924 -0.0107286 -0.609933 0.708997 -0.162777 0.92411 0.380631 0.0337816 -0.381494 0.913883 0.138853 0.0219794 -0.141203 0.989737
35.700000 -1.22249 -0.0570076 0.588879 -0.817791 0.0719327 -0.026196 -0.0561073 0.749523 -0.0498077 0.923861 0.379622 0.0486716 -0.382605 0.912822 0.142725 0.00975287 -0.15048 0.988565
35.720000 -1.24063 -0.0516205 0.588533 -0.864291 0.304344 0.0124036 -0.413767 0.464645 0.104481 0.92471 0.375785 0.0608083 -0.380671 0.913314 0.14473 -0.00114955 -0.156982 0.987601
35.740000 -1.26122 -0.0413352 0.589721 -1.02893 0.567539 0.0377621 0.382014 0.384169 -0.0487481 0.925229 0.373273 0.0679637 -0.379261 0.91493 0.138077 -0.0106417 -0.153529 0.988087
35.760000 -1.28296 -0.0276957 0.590116 -1.07607 0.685319 0.019786 0.697579 0.268347 -0.344719 0.923161 0.377153 0.0743589 -0.383789 0.915275 0.122385 -0.0219011 -0.141519 0.989693
35.780000 -1.30285 -0.0145849 0.590855 -0.958038 0.63184 0.0414557 0.735878 0.0284253 -0.298262 0.920716 0.382571 0.0769432 -0.389085 0.915095 0.105898 -0.0298966 -0.12744 0.991396
35.800000 -1.31983 -0.00312816 0.591709 -0.817425 0.555233 0.0477749 0.923472 -0.176758 -0.270209 0.918765 0.387756 0.0742679 -0.393292 0.915355 0.0862939 -0.0345205 -0.108493 0.993498
35.820000 -1.33405 0.00666374 0.592027 -0.666667 0.466087 0.0129557 1.04005 -0.317963 -0.207129 0.917157 0.39266 0.0681282 -0.396786 0.915668 0.0641278 -0.0372024 -0.0858476 0.995613
35.840000 -1.34469 0.0148949 0.591689 -0.495527 0.400212 -0.0120838 1.10295 -0.451729 -0.0986531 0.916529 0.395598 0.0589678 -0.398175 0.916395 0.0409435 -0.0378407 -0.0610053 0.99742
35.860000 -1.35202 0.0218182 0.590463 -0.338276 0.326962 -0.0373122 1.11616 -0.558648 -0.0193725 0.916704 0.396718 0.0476284 -0.397905 0.917243 0.018356 -0.0364046 -0.0357786 0.998696
35.880000 -1.35605 0.0281028 0.589252 -0.168408 0.31538 -0.0555448 1.0769 -0.568056 0.335603 0.919241 0.392111 0.0352866 -0.392223 0.919861 -0.00396813 -0.0340147 -0.0101926 0.999369
35.900000 -1.35694 0.0340078 0.588504 -0.019686 0.279509 -0.0326059 1.0733 -0.602728 0.466553 0.923586 0.382725 0.0225791 -0.382139 0.923728 -0.0263839 -0.0309547 0.0157395 0.999397
35.920000 -1.35373 0.037797 0.588394 0.212331 0.156368 -0.00457534 0.976531 -0.754697 0.218852 0.926399 0.376473 0.00722316 -0.375745 0.925515 -0.0473004 -0.0244925 0.041105 0.998855
35.940000 -1.34462 0.0390182 0.588757 0.510904 0.0469799 0.0216947 0.845951 -0.888872 -0.0195388 0.926852 0.375265 -0.0109922 -0.375152 0.924658 -0.0653325 -0.014353 0.0646773 0.997803
35.960000 -1.33057 0.0393082 0.589723 0.693455 0.0269256 0.055533 0.709335 -0.842892 -0.0828717 0.926318 0.375557 -0.0298654 -0.376735 0.922867 -0.0799168 -0.00245149 0.0852797 0.996354
35.980000 -1.31282 0.03874 0.590947 0.84899 -0.0220765 0.0564819 0.423832 -0.713523 -0.062315 0.925663 0.375545 -0.0459819 -0.378244 0.921414 -0.0890366 0.00893113 0.0998102 0.994966
36.000000 -1.29296 0.0370159 0.591849 0.943018 -0.0769961 0.0262971 -0.0453509 -0.557276 -0.0706378 0.924753 0.375951 -0.059095 -0.380001 0.920645 -0.0895086 0.0207546 0.10523 0.994231
36.020000 -1.27255 0.0342013 0.591777 0.961934 -0.145254 -0.0174362 -0.415188 -0.411615 0.00700455 0.924183 0.375741 -0.0685922 -0.380567 0.921136 -0.0817082 0.0324816 0.101617 0.994293
36.040000 -1.25224 0.0298144 0.592009 0.986837 -0.224944 -0.00468656 -0.660606 -0.215525 0.0658739 0.924199 0.374723 -0.0737485 -0.379565 0.922606 -0.0687666 0.0422723 0.0915463 0.994903
36.060000 -1.23232 0.0236641 0.591031 0.976396 -0.331999 -0.0654067 -0.906028 -0.219217 0.139497 0.925039 0.37186 -0.077603 -0.37616 0.925171 -0.0506171 0.0529736 0.076014 0.995699
36.080000 -1.21543 0.015421 0.589816 0.777989 -0.432906 -0.0699006 -1.02895 -0.00687862 0.119849 0.925866 0.369721 -0.0779672 -0.372781 0.927475 -0.0287055 0.0616997 0.0556421 0.996543
36.100000 -1.20237 0.00558639 0.589463 0.607565 -0.50609 -0.0123927 -1.02857 0.104619 -0.0017324 0.9261 0.369527 -0.0760839 -0.371129 0.92855 -0.00759248 0.0678421 0.0352683 0.997073
36.120000 -1.19193 -0.00541634 0.590731 0.494737 -0.565164 0.0677857 -1.0649 0.316477 -0.178654 0.925409 0.37242 -0.0701554 -0.372361 0.927976 0.0144145 0.0704708 0.0127838 0.997432
36.140000 -1.18299 -0.0174236 0.592512 0.435281 -0.611055 0.0837373 -1.12426 0.5344 -0.299739 0.924063 0.377579 -0.0595158 -0.375867 0.925888 0.0381473 0.0695086 -0.0128805 0.997498
36.160000 -1.17724 -0.0295936 0.593692 0.240979 -0.603384 0.050412 -1.2151 0.67592 -0.267401 0.922948 0.382305 -0.0448366 -0.379275 0.923094 0.0636199 0.0657106 -0.0417125 0.996966
36.180000 -1.17687 -0.0410964 0.594052 -0.043851 -0.567961 0.00724033 -1.19081 0.686796 -0.113364 0.922674 0.384392 -0.0302578 -0.380583 0.920499 0.0885291 0.0618822 -0.0701679 0.995614
36.200000 -1.18068 -0.0516171 0.593744 -0.201448 -0.524559 -0.014723 -1.10581 0.771603 -0.214116 0.921967 0.387028 -0.0136416 -0.383222 0.916846 0.111959 0.0558387 -0.0979951 0.993619
36.220000 -1.18942 -0.0601611 0.592633 -0.462365 -0.413094 -0.067274 -0.63954 0.910452 -0.366124 0.919995 0.39189 0.00559862 -0.38932 0.912131 0.128243 0.0451505 -0.120163 0.991727
36.240000 -1.20512 -0.0650254 0.591524 -0.800201 -0.214828 -0.0372344 -0.439863 0.920424 -0.342788 0.918145 0.395357 0.026518 -0.395095 0.908331 0.137239 0.0301712 -0.136482 0.990183
36.260000 -1.22624 -0.0656587 0.591186 -1.0591 0.0244234 -0.00747003 -0.0872903 0.787162 -0.0315057 0.918315 0.393493 0.0431361 -0.395525 0.907685 0.140244 0.0160312 -0.14585 0.989177
36.280000 -1.24902 -0.060389 0.591444 -1.06468 0.310256 0.0456123 -0.0636219 0.426092 0.179653 0.919357 0.389617 0.0546021 -0.3934 0.908878 0.138482 0.00432835 -0.148795 0.988859
36.300000 -1.27609 -0.0481573 0.591707 -1.40575 0.687066 0.00241374 0.573993 0.438865 0.141388 0.921092 0.384283 0.0625842 -0.389266 0.91218 0.128062 -0.00787625 -0.142318 0.98979
36.320000 -1.3044 -0.0322772 0.591447 -1.33971 0.775943 -0.0198167 0.79012 0.230679 -0.0989999 0.920247 0.385247 0.0687749 -0.390797 0.91391 0.109757 -0.0205704 -0.127881 0.991576
36.340000 -1.32783 -0.0172101 0.591709 -1.10403 0.739231 0.0179421 0.837407 0.0429203 -0.129456 0.919293 0.387178 0.0706654 -0.392496 0.915154 0.0918653 -0.0291015 -0.112187 0.993261
36.360000 -1.3466 -0.00351863 0.592135 -0.878946 0.662618 0.0264281 1.03277 -0.124775 -0.156497 0.918088 0.390382 0.0686798 -0.39478 0.916095 0.070126 -0.0355413 -0.0914953 0.995171
36.380000 -1.36091 0.00832699 0.592647 -0.667144 0.570202 0.0352853 1.24483 -0.289378 -0.0412276 0.917818 0.391992 0.0628659 -0.394952 0.917628 0.044402 -0.0402822 -0.065582 0.997034
36.400000 -1.37133 0.0183698 0.592996 -0.487641 0.486849 0.0370813 1.40056 -0.455732 0.0933152 0.918709 0.391302 0.0534515 -0.392606 0.919565 0.0161531 -0.0428314 -0.0358254 0.99844
36.420000 -1.3782 0.0269223 0.592807 -0.310506 0.419101 -0.0133079 1.38861 -0.593009 0.269858 0.921046 0.387312 0.0407831 -0.387112 0.921941 -0.0130089 -0.0426381 -0.0038059 0.999083
36.440000 -1.3821 0.0343084 0.592513 -0.177384 0.348559 -0.0147032 1.34087 -0.696518 0.381094 0.92477 0.379624 0.0261903 -0.378426 0.924707 -0.0413657 -0.0399218 0.0283427 0.998801
36.460000 -1.3836 0.0401815 0.592231 -0.0578915 0.276794 -0.0161509 1.18303 -0.807134 0.336247 0.928114 0.372172 0.00967053 -0.370756 0.926321 -0.0668527 -0.0338387 0.0584615 0.997716
36.480000 -1.38144 0.0445889 0.591936 0.131243 0.202146 -0.0157802 0.975808 -0.895475 0.356312 0.931402 0.363894 -0.00846656 -0.36319 0.927552 -0.0879746 -0.0241602 0.0850146 0.996087
36.500000 -1.37409 0.0474114 0.591996 0.409862 0.134961 0.0043802 0.774323 -0.952783 0.290139 0.933946 0.356353 -0.0275208 -0.357227 0.928193 -0.104148 -0.011569 0.1071 0.994181
36.520000 -1.35968 0.0484968 0.592732 0.760954 0.0501568 0.04779 0.690479 -1.0605 0.0650056 0.935029 0.351189 -0.0488637 -0.35455 0.927593 -0.117756 0.00397106 0.12743 0.99184
36.540000 -1.33709 0.0475351 0.594191 1.12809 -0.0319263 0.0625496 0.488172 -1.13951 -0.188678 0.933904 0.350021 -0.0728559 -0.356788 0.925488 -0.127182 0.022911 0.14477 0.9892
36.560000 -1.30889 0.0451047 0.5959 1.36784 -0.109043 0.0933762 0.0850742 -0.927295 -0.348752 0.930805 0.35304 -0.0946848 -0.363164 0.922591 -0.130146 0.0414086 0.155526 0.986963
36.580000 -1.27976 0.0421756 0.598448 1.40033 -0.134995 0.120687 -0.551881 -0.426555 -0.247795 0.927851 0.35728 -0.106979 -0.368766 0.921739 -0.120036 0.0557198 0.150826 0.986989
36.600000 -1.25287 0.0368908 0.599833 1.2988 -0.306847 0.0047452 -0.894859 -0.221174 0.0873368 0.927466 0.356835 -0.111694 -0.367949 0.92413 -0.10294 0.0664868 0.136571 0.988397
36.620000 -1.22967 0.0289244 0.599995 1.10098 -0.416023 -0.011583 -1.1883 0.0520984 0.00237046 0.927644 0.356421 -0.111538 -0.365813 0.927316 -0.0791575 0.0752178 0.114232 0.990603
36.640000 -1.21034 0.0192121 0.599706 0.913569 -0.515053 -0.036068 -1.61919 0.439008 -0.110282 0.927565 0.358931 -0.103879 -0.365021 0.929836 -0.04653 0.0798894 0.0810776 0.993501
36.660000 -1.19417 0.00796221 0.598308 0.768717 -0.605052 -0.0531262 -1.72599 0.872073 -0.240121 0.927468 0.363847 -0.0861307 -0.365895 0.930615 -0.00875809 0.0769679 0.0396376 0.996245
36.680000 -1.18118 -0.00627516 0.59822 0.613723 -0.750876 0.00202592 -1.65675 1.01748 -0.206027 0.927172 0.368932 -0.0651279 -0.36798 0.929456 0.0264936 0.0703078 -0.000598324 0.997525
36.700000 -1.17399 -0.02196 0.597343 0.278104 -0.798175 -0.0495803 -1.65856 1.14927 0.083964 0.928759 0.368324 -0.0417758 -0.36559 0.928779 0.060942 0.0612469 -0.0413275 0.997267
36.720000 -1.17319 -0.0387156 0.59556 -0.0140034 -0.833671 -0.0971404 -1.33507 1.17897 0.0496715 0.930661 0.365481 -0.0171516 -0.362615 0.927586 0.0899733 0.0487931 -0.0775153 0.995796
36.740000 -1.17666 -0.0542891 0.592112 -0.226331 -0.757551 -0.182377 -1.03098 1.16843 -0.179546 0.930725 0.365646 0.00731819 -0.364095 0.924521 0.112678 0.0344345 -0.107537 0.993605
36.760000 -1.18569 -0.065719 0.588706 -0.475415 -0.527926 -0.158195 -0.873997 0.993425 -0.192702 0.929793 0.366904 0.0294327 -0.367486 0.920762 0.130961 0.0209498 -0.132583 0.99095
36.780000 -1.20009 -0.0717697 0.586224 -0.729171 -0.258957 -0.125715 -0.710126 0.839912 0.0131933 0.929309 0.366258 0.047331 -0.369168 0.917826 0.145982 0.0100254 -0.153135 0.988154
36.800000 -1.21637 -0.0738413 0.58576 -0.956279 0.010757 0.0516094 -0.910273 0.908298 -0.0122227 0.93097 0.359529 0.0635056 -0.365094 0.917051 0.160383 -0.000575495 -0.172498 0.98501
36.820000 -1.2406 -0.0674472 0.586024 -1.25702 0.415262 -0.0209263 -0.208034 0.684765 0.108779 0.9317 0.354627 0.0785849 -0.362988 0.91692 0.165822 -0.0132513 -0.183021 0.98302
36.840000 -1.26737 -0.0544865 0.587642 -1.38194 0.729425 0.117088 0.273188 0.516483 0.200421 0.932488 0.350558 0.087035 -0.360539 0.917935 0.165552 -0.021857 -0.185754 0.982353
36.860000 -1.29609 -0.037525 0.589645 -1.435 0.859724 0.0923187 0.699926 0.437714 -0.252982 0.931464 0.350884 0.0962019 -0.362077 0.919923 0.150472 -0.0356999 -0.174992 0.983922
36.880000 -1.32292 -0.0210551 0.590332 -1.30604 0.805178 0.0184452 1.01649 0.100798 -0.207268 0.929413 0.355273 0.0998641 -0.36614 0.921567 0.129059 -0.0461803 -0.156513 0.986596
36.900000 -1.34674 -0.00643706 0.590516 -1.14442 0.700042 0.0178303 1.14979 -0.0912561 -0.170681 0.928135 0.358949 0.0986006 -0.368362 0.923806 0.104363 -0.0536268 -0.133184 0.989639
36.920000 -1.36601 0.00570997 0.590709 -0.910936 0.586162 0.0252628 1.46775 -0.397877 0.00131689 0.92824 0.360679 0.0910022 -0.367495 0.927062 0.0741919 -0.0576052 -0.102311 0.993083
36.940000 -1.38228 0.016248 0.59076 -0.788087 0.502825 -0.00595075 1.71894 -0.612798 0.125924 0.929756 0.359767 0.0782398 -0.363388 0.930865 0.0379382 -0.0591818 -0.0637047 0.996212
36.960000 -1.39612 0.0257104 0.590258 -0.634741 0.497305 -0.0384594 1.87578 -0.909316 0.121013 0.93168 0.358309 0.0598851 -0.358859 0.93339 -0.00166932 -0.0564943 -0.019935 0.998204
36.980000 -1.40558 0.0369267 0.589143 -0.433166 0.584448 -0.0654506 1.82065 -1.11859 -0.00362498 0.933249 0.357319 0.0370054 -0.355881 0.933663 -0.0402751 -0.0489417 0.0244172 0.998503
37.000000 -1.4115 0.0489273 0.587977 -0.272738 0.601694 -0.0553448 1.70413 -1.23307 -0.111983 0.9337 0.357882 0.0111348 -0.35605 0.931309 -0.0767575 -0.0378401 0.067704 0.996988
37.020000 -1.41339 0.0601842 0.586953 -0.032302 0.548501 -0.0549172 1.48514 -1.13219 0.0841637 0.934678 0.355266 -0.0127744 -0.354503 0.928782 -0.10813 -0.0265501 0.105595 0.994055
37.040000 -1.40821 0.0695931 0.58661 0.33994 0.452231 -0.0113253 1.15748 -1.07607 0.107637 0.935648 0.351228 -0.0346757 -0.352636 0.926285 -0.132828 -0.0145335 0.136509 0.990532
37.060000 -1.39402 0.0764879 0.587419 0.774226 0.333724 0.046972 0.943021 -1.14157 0.0651708 0.936289 0.346519 -0.0573383 -0.351231 0.923937 -0.15158 0.000451667 0.162061 0.986781
37.080000 -1.37053 0.0808699 0.588068 1.18981 0.234047 0.01454 0.76015 -1.38191 -0.0540918 0.935614 0.342562 -0.0853161 -0.35238 0.920831 -0.167026 0.021345 0.186336 0.982254
37.100000 -1.33868 0.083082 0.588244 1.57928 0.112355 -0.00899423 0.821846 -1.44688 -0.249914 0.933259 0.340085 -0.115626 -0.35641 0.916784 -0.18022 0.0447139 0.209402 0.976807
37.120000 -1.3036 0.0793149 0.588326 1.69841 -0.22985 -0.0169532 0.159032 -0.955481 -0.00879823 0.931165 0.33732 -0.138373 -0.358923 0.914792 -0.185282 0.0640838 0.222193 0.972894
37.140000 -1.26997 0.0710147 0.592232 1.56844 -0.44245 0.185752 -0.891937 -0.0225032 0.387141 0.932811 0.331101 -0.142251 -0.352612 0.920062 -0.170735 0.0743491 0.209423 0.974994
37.160000 -1.23854 0.0600819 0.598186 1.53439 -0.555101 0.266002 -1.37421 0.0505324 0.132303 0.934419 0.327268 -0.140557 -0.346381 0.926879 -0.144625 0.0829484 0.183826 0.979453
37.180000 -1.20981 0.0478852 0.601914 1.38836 -0.603971 0.114083 -2.08565 0.625535 0.0450047 0.9354 0.32863 -0.130495 -0.342373 0.93401 -0.102013 0.0883589 0.1401 0.986187
37.200000 -1.18651 0.0327274 0.603073 1.09314 -0.813107 0.0456258 -2.24574 0.967866 -0.10416 0.93673 0.332019 -0.110902 -0.339311 0.939093 -0.054521 0.0860454 0.0887019 0.992335
37.220000 -1.16932 0.0146183 0.60392 0.803254 -0.930476 0.0521064 -2.13779 1.15383 -0.245417 0.937268 0.337573 -0.0870257 -0.339571 0.940539 -0.00882348 0.0788725 0.0378213 0.996167
37.240000 -1.15848 -0.00389169 0.604844 0.451027 -0.930963 0.0328048 -2.04382 1.14475 -0.292397 0.936893 0.343844 -0.0632706 -0.342356 0.938978 0.0333621 0.0708811 -0.00959567 0.997439
37.260000 -1.15559 -0.0230386 0.603514 0.07639 -0.961139 -0.0821943 -1.99428 1.35968 -0.0684567 0.938014 0.344722 -0.0360009 -0.341417 0.936888 0.0753391 0.0596999 -0.0583779 0.996508
37.280000 -1.15659 -0.0418611 0.600177 -0.0661736 -0.933202 -0.185969 -1.51946 1.30363 -0.186804 0.938556 0.34502 -0.00854523 -0.342123 0.933365 0.108546 0.0454262 -0.0989527 0.994055
37.300000 -1.16283 -0.059113 0.593842 -0.361271 -0.848786 -0.342713 -1.09473 1.3773 -0.568838 0.93664 0.349732 0.0198351 -0.349186 0.927679 0.132213 0.0278383 -0.130762 0.991023
37.320000 -1.17653 -0.0730905 0.58643 -0.711658 -0.667533 -0.352645 -0.749581 1.15301 -0.660333 0.931672 0.360199 0.0473655 -0.363171 0.919922 0.147817 0.00967101 -0.154919 0.98788
37.340000 -1.19633 -0.0820489 0.581251 -0.988895 -0.373868 -0.225892 -0.678771 0.904402 -0.301866 0.928784 0.364228 0.0685467 -0.370603 0.914609 0.161693 -0.00380013 -0.175582 0.984457
37.360000 -1.21796 -0.0844843 0.579207 -1.152 0.0245874 -0.0468942 -0.640633 0.54582 0.280464 0.930417 0.357491 0.0807715 -0.366318 0.914071 0.174025 -0.0116186 -0.191504 0.981423
37.380000 -1.24289 -0.0766148 0.582054 -1.35291 0.507428 0.147858 -0.100573 0.559397 0.627963 0.934047 0.346214 0.0877086 -0.356747 0.916095 0.183034 -0.0169807 -0.202252 0.979186
37.400000 -1.2751 -0.060894 0.586278 -1.64219 0.842544 0.217025 0.435565 0.961197 0.285308 0.936649 0.334411 0.1042 -0.348269 0.920882 0.175169 -0.0373776 -0.200361 0.979009
37.420000 -1.30843 -0.0422325 0.589226 -1.60872 0.929253 0.123958 0.718361 0.507758 -0.0683334 0.936111 0.331718 0.11687 -0.347449 0.923769 0.161031 -0.0545439 -0.19135 0.980005
37.440000 -1.33942 -0.0234947 0.590648 -1.48883 0.908157 0.055763 0.855301 0.0812932 -0.068393 0.935262 0.333255 0.119274 -0.348242 0.926654 0.141563 -0.0633492 -0.173934 0.982718
37.460000 -1.36583 -0.00763152 0.591434 -1.25997 0.746447 0.0434105 1.162 -0.216601 -0.0516709 0.935127 0.334872 0.115748 -0.347621 0.930316 0.116923 -0.0685279 -0.149574 0.986373
37.480000 -1.3872 0.00523152 0.59138 -1.01741 0.621485 0.00385805 1.65934 -0.498122 0.0436624 0.935861 0.336233 0.105412 -0.345216 0.934847 0.0829837 -0.0706421 -0.114051 0.99096
37.500000 -1.40513 0.0159604 0.590958 -0.865172 0.500164 -0.0369006 1.86418 -0.799202 0.0083718 0.93719 0.337156 0.0894519 -0.341813 0.938795 0.0427434 -0.0695659 -0.0706345 0.995074
37.520000 -1.41887 0.0252643 0.590022 -0.620178 0.48235 -0.0582505 1.96917 -0.98204 -0.0622147 0.938309 0.338756 0.0694262 -0.339674 0.940542 0.00150843 -0.0647872 -0.0249976 0.997586
37.540000 -1.42743 0.0358276 0.588301 -0.382348 0.544661 -0.0964378 1.96593 -1.1578 -0.15982 0.938784 0.341449 0.0457981 -0.339841 0.939655 -0.0394544 -0.0565061 0.0214751 0.998171
37.560000 -1.4326 0.0463704 0.586105 -0.225561 0.509979 -0.104113 1.69753 -1.16503 -0.12916 0.939157 0.342848 0.0209497 -0.340419 0.937169 -0.0763488 -0.0458094 0.0645719 0.996861
37.580000 -1.43313 0.0557403 0.584563 0.0179902 0.449954 -0.0670051 1.38483 -1.09356 0.0111346 0.940158 0.340733 -0.00207346 -0.338996 0.934717 -0.106708 -0.0344208 0.101025 0.994288
37.600000 -1.42761 0.0626678 0.584025 0.354236 0.314425 -0.018229 1.15826 -0.997072 -0.202948 0.939724 0.34114 -0.0232966 -0.341153 0.930798 -0.13126 -0.0230934 0.131296 0.991074
37.620000 -1.414 0.0675373 0.584208 0.747793 0.239802 0.0129301 0.942793 -1.08436 -0.149871 0.938797 0.34146 -0.0454574 -0.344344 0.926646 -0.150846 -0.00938499 0.157267 0.987512
37.640000 -1.39242 0.0709649 0.584338 1.11009 0.181211 -0.00535456 0.756449 -1.2669 -0.204159 0.937178 0.341551 -0.0709885 -0.348749 0.922214 -0.167018 0.00842128 0.181283 0.983395
37.660000 -1.36342 0.0731776 0.584861 1.46128 0.137017 0.0242262 0.8173 -1.58816 -0.332303 0.934231 0.341217 -0.103841 -0.355111 0.917034 -0.181509 0.0332919 0.206447 0.977891
37.680000 -1.32809 0.0746758 0.586204 1.7443 0.0900725 0.0647958 0.346029 -1.34552 -0.444148 0.930046 0.341995 -0.134363 -0.362844 0.912475 -0.189033 0.0579546 0.224562 0.972735
37.700000 -1.29269 0.0705171 0.588393 1.68967 -0.25487 0.127163 -0.611936 -0.619432 -0.040187 0.927832 0.340573 -0.152111 -0.364819 0.91353 -0.179916 0.0776831 0.222425 0.97185
37.720000 -1.26104 0.0615858 0.594402 1.46224 -0.48225 0.298997 -1.29035 0.154658 0.543678 0.930468 0.332912 -0.152967 -0.355558 0.921225 -0.157869 0.0883607 0.20128 0.97554
37.740000 -1.23246 0.049472 0.602167 1.36259 -0.627685 0.361694 -1.54293 0.0987509 0.150062 0.93223 0.329103 -0.150462 -0.348345 0.928744 -0.126849 0.0979944 0.170665 0.980444
37.760000 -1.20837 0.0358218 0.606124 1.1669 -0.687321 0.0885762 -2.23521 0.819229 0.0692282 0.934129 0.329847 -0.136395 -0.342562 0.935824 -0.0829797 0.100271 0.124238 0.987173
37.780000 -1.18916 0.0196581 0.607524 0.903511 -0.846577 0.0545471 -2.13615 1.01499 -0.133747 0.935589 0.333618 -0.115638 -0.339758 0.939759 -0.0376467 0.0961124 0.0745109 0.992578
37.800000 -1.17446 0.001677 0.608197 0.682902 -0.921595 0.0369921 -2.11962 1.18819 -0.210246 0.936451 0.338557 -0.0918634 -0.339434 0.940608 0.00638379 0.0885688 0.0252035 0.995751
37.820000 -1.16425 -0.0167094 0.607799 0.471062 -0.922738 -0.0357414 -2.19414 1.48695 -0.297711 0.936797 0.344296 -0.0622219 -0.341489 0.938472 0.051532 0.0761358 -0.0270269 0.996731
37.840000 -1.15591 -0.0344126 0.605408 0.406761 -0.882855 -0.159743 -1.86239 1.50603 -0.436585 0.936173 0.350292 -0.0295978 -0.346369 0.933514 0.0926349 0.0600792 -0.0764705 0.99526
37.860000 -1.1524 -0.0523139 0.599877 0.154555 -0.907292 -0.299356 -1.48757 1.53671 -0.210319 0.936177 0.351521 0.00244643 -0.34905 0.928726 0.125032 0.0416794 -0.117906 0.99215
37.880000 -1.15517 -0.0700984 0.59262 -0.23809 -0.872946 -0.358788 -0.976713 1.30389 -0.401834 0.934462 0.354752 0.0305426 -0.355272 0.923231 0.146377 0.0237297 -0.147635 0.988757
37.900000 -1.16768 -0.0841471 0.5847 -0.692535 -0.649817 -0.411286 -0.591322 1.31668 -0.690269 0.930012 0.362795 0.0587959 -0.367505 0.916143 0.160071 0.00420761 -0.170476 0.985353
37.920000 -1.18849 -0.0913148 0.578534 -1.03562 -0.285143 -0.281154 -0.416662 1.01765 -0.428957 0.92646 0.367339 0.0820576 -0.376184 0.910929 0.169393 -0.0125239 -0.187805 0.982126
37.940000 -1.21122 -0.0903269 0.577989 -1.07459 0.145381 0.105111 -0.869965 0.214695 0.338718 0.927508 0.362517 0.0911653 -0.373402 0.909851 0.180946 -0.0173507 -0.20187 0.979259
37.960000 -1.23997 -0.0811204 0.581404 -1.55344 0.559407 0.194121 0.166653 0.640659 0.530088 0.930611 0.352043 0.10014 -0.365026 0.912739 0.183477 -0.0268099 -0.2073 0.97791
37.980000 -1.27534 -0.0653987 0.585602 -1.80814 0.837744 0.192126 0.390791 0.880749 0.105611 0.931947 0.34348 0.116171 -0.359669 0.916313 0.176096 -0.0459637 -0.205895 0.977494
38.000000 -1.31189 -0.0470502 0.588306 -1.75496 0.901846 0.0987336 0.766489 0.197498 -0.00682552 0.931747 0.341038 0.124662 -0.358253 0.919368 0.162536 -0.0591791 -0.196103 0.978796
38.020000 -1.34496 -0.0291238 0.589215 -1.60677 0.883311 0.0227738 1.17019 -0.264189 0.0697917 0.931976 0.341905 0.12051 -0.356881 0.923711 0.139266 -0.0637009 -0.1728 0.982895
38.040000 -1.37442 -0.0122881 0.588992 -1.41444 0.813704 0.00295969 1.26517 -0.282706 0.217327 0.933704 0.339314 0.114294 -0.351587 0.929251 0.113485 -0.0677011 -0.146146 0.986944
38.060000 -1.39956 0.00144773 0.589036 -1.21564 0.638099 0.0131164 1.54125 -0.615565 0.13245 0.935524 0.338071 0.102481 -0.346621 0.934449 0.0816008 -0.0681763 -0.111862 0.991382
38.080000 -1.42009 0.0124344 0.588549 -0.969209 0.526558 -0.0384719 1.73762 -0.720338 0.13764 0.937483 0.336991 0.0869647 -0.341607 0.938778 0.0447381 -0.0665642 -0.071649 0.995206
38.100000 -1.43671 0.0216242 0.587751 -0.7872 0.448161 -0.0397501 1.83628 -0.855901 0.122237 0.939502 0.335568 0.0687793 -0.336764 0.941568 0.00625201 -0.0626625 -0.0290362 0.997612
38.120000 -1.44984 0.0305001 0.586715 -0.603223 0.4601 -0.0763932 1.82165 -0.92726 0.0600267 0.941173 0.334285 0.0494569 -0.333012 0.942369 -0.032309 -0.0574071 0.0139386 0.998254
38.140000 -1.45753 0.0401616 0.584208 -0.298053 0.47926 -0.123777 1.6697 -1.12473 0.0501376 0.942311 0.333678 0.0266299 -0.331325 0.941077 -0.0678085 -0.0476869 0.0550736 0.997343
38.160000 -1.45964 0.0489577 0.583036 -0.0560334 0.416753 -0.0412481 1.47853 -0.946147 -0.0786458 0.943174 0.332248 0.00590732 -0.330065 0.938739 -0.0991275 -0.0384803 0.0915446 0.995057
38.180000 -1.45652 0.0554405 0.583335 0.202007 0.280797 0.0219259 1.30885 -0.749289 -0.441197 0.941942 0.335588 -0.011251 -0.334251 0.933944 -0.12659 -0.0319742 0.123001 0.991891
38.200000 -1.44597 0.0586096 0.584363 0.591532 0.122435 0.0556429 1.11515 -0.601667 -0.703558 0.938242 0.344965 -0.0264572 -0.344931 0.926718 -0.149054 -0.0269002 0.148975 0.988475
38.220000 -1.42689 0.0590032 0.586101 0.979204 0.0308001 0.0798066 0.692995 -0.870008 -0.65947 0.933311 0.35636 -0.0440313 -0.358618 0.918954 -0.164065 -0.0180035 0.168914 0.985466
38.240000 -1.40008 0.0584376 0.587322 1.35129 -0.004351 0.032661 0.60073 -1.05511 -0.532953 0.929301 0.363186 -0.0670532 -0.369319 0.912931 -0.173666 -0.00185786 0.186152 0.982519
38.260000 -1.36598 0.0573486 0.587626 1.70172 -0.0222901 0.00685994 0.571622 -1.14997 -0.428569 0.925781 0.366711 -0.0919397 -0.377701 0.907735 -0.182645 0.0164788 0.203815 0.978871
38.280000 -1.32722 0.0567594 0.59045 1.9185 -0.00012458 0.193055 -0.0586808 -0.782035 -0.430919 0.922446 0.369554 -0.111912 -0.384626 0.904952 -0.182001 0.0340157 0.21093 0.976909
38.300000 -1.28867 0.0542041 0.591701 1.82754 -0.164522 -0.0604362 -1.19672 -0.634436 -0.117351 0.920029 0.370575 -0.127363 -0.387912 0.907297 -0.162283 0.0554177 0.198711 0.97849
38.320000 -1.25521 0.0470367 0.592852 1.58063 -0.377593 0.0801162 -1.40861 -0.124122 0.254705 0.921477 0.36552 -0.131434 -0.3818 0.914577 -0.133333 0.0714705 0.173045 0.982317
38.340000 -1.22659 0.0379387 0.596784 1.35785 -0.462981 0.193646 -1.43647 0.0149064 0.140153 0.922685 0.362563 -0.131149 -0.376529 0.920522 -0.104237 0.0829334 0.145559 0.985867
38.360000 -1.20262 0.026664 0.600344 1.11939 -0.606874 0.127275 -1.93817 0.416831 0.167674 0.924587 0.360393 -0.123512 -0.370023 0.926675 -0.0660028 0.0906683 0.106728 0.990146
38.380000 -1.18365 0.0124753 0.600841 0.868079 -0.771726 0.00546572 -1.96994 0.805439 0.138215 0.927335 0.358653 -0.106852 -0.363092 0.931423 -0.0247974 0.0906307 0.0617925 0.993966
38.400000 -1.1712 -0.0044882 0.601044 0.539384 -0.852707 0.0157527 -1.87672 0.881684 -0.0141653 0.929343 0.358148 -0.0897285 -0.358436 0.933458 0.0134414 0.0885718 0.0196702 0.995876
38.420000 -1.16401 -0.0218771 0.602658 0.339055 -0.889506 0.132888 -1.98108 1.25535 -0.340154 0.929539 0.362863 -0.0654826 -0.359839 0.931472 0.0536313 0.080456 -0.0262892 0.996411
38.440000 -1.15695 -0.0382648 0.60241 0.369872 -0.793013 -0.0619744 -1.63798 1.23526 -0.43232 0.928412 0.369562 -0.0384092 -0.365113 0.926596 0.0900707 0.0688766 -0.069599 0.995194
38.460000 -1.15599 -0.0536616 0.598749 -0.0314322 -0.744186 -0.196892 -1.47207 1.27804 0.0129288 0.929657 0.368182 -0.013382 -0.364046 0.923585 0.120256 0.0566355 -0.106925 0.992653
38.480000 -1.16103 -0.0668406 0.593549 -0.290525 -0.627878 -0.272073 -0.993192 1.33219 -0.0207131 0.93098 0.364816 0.0136126 -0.362932 0.920854 0.142507 0.0394536 -0.137611 0.9897
38.500000 -1.17217 -0.0762842 0.587701 -0.615174 -0.428541 -0.295084 -0.625534 1.30663 -0.261759 0.930431 0.364235 0.0403786 -0.365919 0.91737 0.156636 0.0200101 -0.160514 0.986831
38.520000 -1.19075 -0.0822961 0.581086 -0.968633 -0.270836 -0.32888 -0.236892 1.43943 -0.453831 0.927567 0.36703 0.0700585 -0.37363 0.913266 0.162313 -0.00440831 -0.176732 0.984249
38.540000 -1.2163 -0.0839792 0.575716 -1.25609 -0.0501488 -0.216102 -0.159988 1.16616 -0.228137 0.924064 0.369524 0.0977637 -0.381172 0.909918 0.163574 -0.0285126 -0.188418 0.981675
38.560000 -1.24479 -0.0804487 0.575886 -1.44825 0.27251 0.0664277 0.274094 0.88421 0.166753 0.923875 0.364864 0.115453 -0.379762 0.911357 0.158773 -0.0472881 -0.190531 0.980542
38.580000 -1.27564 -0.069907 0.579776 -1.42682 0.566081 0.182709 0.0680536 0.492078 0.711143 0.926765 0.352597 0.129544 -0.370033 0.916292 0.153246 -0.0646666 -0.189958 0.97966
38.600000 -1.307 -0.0546329 0.582533 -1.59985 0.801365 0.0980579 0.718836 0.332824 0.509249 0.930559 0.340299 0.135114 -0.35816 0.922658 0.14291 -0.0760323 -0.181379 0.98047
38.620000 -1.34171 -0.0361245 0.582781 -1.73984 0.944923 -0.0348902 1.26871 0.173052 0.539208 0.933482 0.330595 0.138988 -0.347291 0.929992 0.120431 -0.0894439 -0.160689 0.982944
38.640000 -1.37463 -0.0174148 0.582538 -1.58432 0.91869 0.00615923 1.22357 -0.0793778 0.786435 0.938736 0.316723 0.135874 -0.330534 0.939027 0.09474 -0.0975834 -0.133847 0.986186
38.660000 -1.40406 -0.00118418 0.583447 -1.42735 0.76383 0.0568344 1.2212 -0.308048 0.462947 0.942627 0.307802 0.129278 -0.31836 0.945343 0.0705182 -0.100506 -0.107629 0.989098
38.680000 -1.43025 0.0123751 0.5836 -1.26478 0.656616 0.00543284 1.35456 -0.416614 0.301529 0.945434 0.302744 0.120419 -0.309611 0.949906 0.0426693 -0.101469 -0.0776239 0.991806
38.700000 -1.45253 0.022044 0.583468 -1.05521 0.459848 -0.0237589 1.49711 -0.787737 -0.014794 0.947073 0.303755 0.10385 -0.30648 0.951814 0.0109805 -0.0955103 -0.0422272 0.994532
38.720000 -1.47059 0.0297534 0.582718 -0.852671 0.36855 -0.0456065 1.54535 -0.965377 -0.11691 0.948247 0.306201 0.084076 -0.305465 0.951954 -0.0218008 -0.0867119 -0.00500972 0.996221
38.740000 -1.48336 0.0383686 0.579971 -0.583262 0.454395 -0.187497 1.46377 -1.1318 -0.306826 0.948391 0.311244 0.0606797 -0.308274 0.949787 -0.0535812 -0.0743097 0.0321099 0.996718
38.760000 -1.49061 0.0473428 0.576527 -0.305901 0.43831 -0.149731 1.4056 -1.24736 -0.371097 0.947764 0.317127 0.0342664 -0.313464 0.945885 -0.0839169 -0.0590244 0.0687921 0.995883
38.780000 -1.49236 0.0553857 0.575697 -0.0425102 0.385792 -0.0124389 1.09545 -0.992021 -0.463677 0.946383 0.322845 0.0113879 -0.319838 0.941358 -0.107462 -0.0454137 0.0980579 0.994144
38.800000 -1.48801 0.0622945 0.57662 0.279565 0.331253 0.0569813 0.91655 -0.944409 -0.314028 0.945 0.326931 -0.00948647 -0.325445 0.937025 -0.126767 -0.0325551 0.122882 0.991887
38.820000 -1.47557 0.0669685 0.579198 0.690745 0.214385 0.137715 0.638006 -1.02885 -0.266439 0.943562 0.329729 -0.0311291 -0.330771 0.933425 -0.138958 -0.0167617 0.141412 0.989809
38.840000 -1.45504 0.0691323 0.583372 1.06448 0.0910973 0.200019 0.724532 -1.12543 -0.384827 0.941446 0.332753 -0.0543673 -0.337164 0.929464 -0.149727 0.000710533 0.15929 0.987232
38.860000 -1.42703 0.0695184 0.586621 1.37492 0.0600213 0.109961 0.568819 -1.40137 -0.466641 0.938137 0.33617 -0.0830004 -0.345519 0.924557 -0.160662 0.0227288 0.179401 0.983513
38.880000 -1.39204 0.0683025 0.590521 1.73304 -0.0460164 0.200391 0.505694 -1.3496 -0.455927 0.934046 0.338558 -0.11374 -0.353998 0.919828 -0.16912 0.0473647 0.19823 0.979011
38.900000 -1.35227 0.0656584 0.59695 1.97958 -0.12484 0.337187 -0.378109 -1.09569 -0.442386 0.92968 0.341357 -0.138456 -0.361281 0.918308 -0.161821 0.0719063 0.200463 0.977059
38.920000 -1.31205 0.0591274 0.603178 1.90861 -0.367214 0.259964 -0.829857 -0.896643 -0.231782 0.925902 0.342581 -0.1592 -0.365084 0.919754 -0.144104 0.0970573 0.191547 0.976673
38.940000 -1.27786 0.0481904 0.608421 1.58077 -0.569177 0.241336 -1.09708 -0.175093 0.168064 0.925193 0.340842 -0.166867 -0.362355 0.924081 -0.121547 0.112771 0.172919 0.978459
38.960000 -1.24811 0.0341371 0.614068 1.40456 -0.744628 0.259325 -1.36303 0.0385475 0.146808 0.926095 0.338401 -0.166829 -0.356722 0.929359 -0.0950806 0.122869 0.147565 0.981391
38.980000 -1.22504 0.0169713 0.616799 1.10982 -0.882653 0.136173 -1.75492 0.574494 -0.00594306 0.927697 0.338394 -0.157696 -0.351115 0.934375 -0.060508 0.126872 0.111503 0.985632
39.000000 -1.20776 -0.000634054 0.615243 0.784944 -0.887199 -0.0779477 -1.95899 1.07227 -0.193138 0.929658 0.342331 -0.136184 -0.34794 0.937324 -0.0190254 0.121135 0.0650708 0.990501
39.020000 -1.1945 -0.0188914 0.614591 0.611456 -0.927193 -0.038589 -1.94064 1.31344 -0.415414 0.930113 0.350928 -0.108346 -0.350597 0.936251 0.0227144 0.10941 0.0168588 0.993854
39.040000 -1.18358 -0.0368046 0.613644 0.536123 -0.887898 -0.0568419 -1.82496 1.52967 -0.593996 0.929283 0.361395 -0.0763294 -0.357299 0.93191 0.0623068 0.0936494 -0.0306283 0.995134
39.060000 -1.17317 -0.0539623 0.610354 0.534204 -0.852999 -0.193325 -1.67518 1.68742 -0.887249 0.926202 0.374848 -0.0404814 -0.369602 0.923916 0.0988611 0.0744593 -0.0766033 0.994278
39.080000 -1.1658 -0.0700028 0.604192 0.326943 -0.779989 -0.334836 -1.2939 1.86594 -0.762285 0.922392 0.386252 -0.00139952 -0.382932 0.914928 0.127553 0.0505479 -0.117118 0.991831
39.100000 -1.16447 -0.0818388 0.593891 -0.00949542 -0.547035 -0.523813 -0.423627 1.4407 -0.694735 0.917849 0.395633 0.0320507 -0.39612 0.907833 0.137579 0.0253341 -0.138973 0.989972
39.120000 -1.17076 -0.0899756 0.584567 -0.392279 -0.367627 -0.41908 0.0106337 1.31973 -0.539719 0.913311 0.402677 0.0609402 -0.407262 0.90301 0.136789 5.23818e-05 -0.14975 0.988724
39.140000 -1.18521 -0.0936488 0.580349 -0.773182 -0.141114 -0.138152 -0.0204105 0.860173 -0.186988 0.910189 0.40613 0.0813246 -0.413804 0.900133 0.136116 -0.0179223 -0.157543 0.987349
39.160000 -1.20186 -0.0938667 0.58108 -0.971842 0.0939721 0.0973104 -0.616957 0.489248 0.103863 0.910816 0.402655 0.0910089 -0.412143 0.899511 0.144975 -0.0234885 -0.169555 0.985241
39.180000 -1.22532 -0.0867011 0.583606 -1.19249 0.425944 0.128454 0.232507 0.307896 0.162354 0.912209 0.397716 0.0984753 -0.408559 0.901075 0.145408 -0.0309024 -0.172876 0.984459
39.200000 -1.25161 -0.0733554 0.587399 -1.36204 0.751819 0.214304 0.7843 0.0412266 0.057488 0.913136 0.395274 0.0997036 -0.405963 0.90399 0.134152 -0.0371044 -0.162975 0.985932
39.220000 -1.28182 -0.0547424 0.589086 -1.51105 0.960535 0.0195012 0.628173 0.189116 0.123116 0.913666 0.393349 0.102428 -0.403769 0.907295 0.117417 -0.0467461 -0.148637 0.987786
39.240000 -1.31012 -0.036012 0.588689 -1.34325 0.905654 -0.0264191 0.661195 0.0421378 0.107868 0.914511 0.391218 0.103043 -0.400973 0.910352 0.102371 -0.053756 -0.134937 0.989395
39.260000 -1.33496 -0.0190907 0.588198 -1.1947 0.819629 -0.0241407 0.841074 -0.0866995 0.0235009 0.914924 0.390734 0.1012 -0.399261 0.912897 0.0849156 -0.0592059 -0.118097 0.991236
39.280000 -1.35742 -0.00414911 0.588122 -1.10286 0.719824 0.00898286 1.05733 -0.145841 -0.139481 0.914403 0.39279 0.0978916 -0.399589 0.914525 0.0630214 -0.0647702 -0.0967434 0.9932
39.300000 -1.37729 0.00845483 0.588111 -0.944975 0.598371 0.0070643 1.24931 -0.403383 -0.202421 0.913367 0.396943 0.0905364 -0.401346 0.915205 0.03636 -0.0684265 -0.0695465 0.995229
39.320000 -1.39332 0.0190408 0.587822 -0.754589 0.515838 -0.0189198 1.34027 -0.607553 -0.128095 0.913083 0.400221 0.0781229 -0.401995 0.915609 0.00779941 -0.0684085 -0.0385265 0.996913
39.340000 -1.40663 0.0288539 0.587374 -0.632008 0.485855 -0.0270739 1.36395 -0.775185 -0.151196 0.912949 0.403291 0.0622868 -0.402764 0.915055 -0.0213621 -0.0656109 -0.0055844 0.99783
39.360000 -1.41685 0.0387276 0.586541 -0.471135 0.503137 -0.048073 1.35304 -0.964195 -0.206126 0.912617 0.406583 0.0426705 -0.404489 0.913171 -0.0500701 -0.0593231 0.0284351 0.997834
39.380000 -1.42286 0.0486537 0.585481 -0.251825 0.485154 -0.0529446 1.27243 -1.16866 -0.153805 0.912356 0.408972 0.018672 -0.406491 0.910361 -0.0775052 -0.0486957 0.0631223 0.996817
39.400000 -1.4247 0.0575265 0.584812 -0.0416316 0.423854 -0.0329922 1.16279 -1.09733 0.0147377 0.913189 0.40751 -0.0047445 -0.405825 0.908224 -0.102148 -0.0373173 0.0952061 0.994758
39.420000 -1.42144 0.0640092 0.585182 0.209159 0.292726 0.0338438 0.987591 -0.968789 -0.0568709 0.913503 0.40601 -0.0258465 -0.405952 0.905511 -0.123499 -0.0267375 0.123309 0.992008
39.440000 -1.41116 0.0679808 0.587295 0.577758 0.185971 0.123188 0.765165 -0.873669 0.0290384 0.913944 0.403357 -0.0448253 -0.405533 0.903371 -0.139511 -0.0157787 0.145683 0.989205
39.460000 -1.39358 0.0699193 0.591109 0.91041 0.0971626 0.191696 0.594094 -0.865563 -0.142545 0.913342 0.402304 -0.0629179 -0.407172 0.900723 -0.151355 -0.00421902 0.163857 0.986475
39.480000 -1.36869 0.0704701 0.595067 1.24209 0.0515171 0.197626 0.686336 -0.965373 -0.258085 0.911652 0.402433 -0.083301 -0.410867 0.896918 -0.16348 0.00892457 0.183262 0.983024
39.500000 -1.33766 0.0705755 0.597639 1.54597 0.0376493 0.113052 0.277393 -1.11703 -0.202863 0.909601 0.401638 -0.106365 -0.41454 0.894532 -0.167239 0.0279772 0.196213 0.980162
39.520000 -1.30486 0.069125 0.599143 1.54961 -0.106333 0.0369204 0.0446363 -0.944257 0.18278 0.909237 0.396315 -0.127364 -0.413452 0.895351 -0.165544 0.0484282 0.203178 0.977944
39.540000 -1.27424 0.0643056 0.601262 1.479 -0.251735 0.139937 -0.528637 -0.370337 0.42664 0.911993 0.386919 -0.136242 -0.405631 0.900093 -0.159051 0.0610905 0.200317 0.977825
39.560000 -1.24608 0.0579566 0.604753 1.34478 -0.301929 0.160517 -0.948284 -0.136092 0.327263 0.914584 0.37977 -0.13896 -0.397743 0.906835 -0.139468 0.0730481 0.182826 0.980428
39.580000 -1.22103 0.0504768 0.609005 1.19276 -0.387403 0.176043 -1.38093 0.110622 0.226807 0.916636 0.375555 -0.136886 -0.390897 0.913763 -0.110617 0.0835382 0.154904 0.984391
39.600000 -1.19788 0.040692 0.60931 1.12017 -0.531555 -0.0218976 -1.59457 0.504137 0.104011 0.918982 0.373782 -0.125537 -0.384529 0.920011 -0.0756157 0.0872313 0.117762 0.989203
39.620000 -1.17855 0.0272574 0.608769 0.920744 -0.716206 -0.0296012 -1.58688 0.774509 0.00258175 0.920553 0.374818 -0.109975 -0.380972 0.923684 -0.0408355 0.0862762 0.0794885 0.993095
39.640000 -1.16387 0.0113973 0.609305 0.669177 -0.821692 0.04491 -1.83956 1.04159 -0.182477 0.921341 0.378425 -0.0890205 -0.380169 0.924913 -0.00286057 0.0812537 0.0364784 0.996026
39.660000 -1.15439 -0.0054201 0.609811 0.418982 -0.848447 0.0172772 -1.95005 1.23776 -0.298521 0.921134 0.383946 -0.0640156 -0.382258 0.923303 0.0372974 0.073426 -0.00988539 0.997252
39.680000 -1.14645 -0.0220297 0.609411 0.400601 -0.832089 -0.0330949 -1.92879 1.47994 -0.493549 0.919526 0.39159 -0.0336141 -0.38821 0.918274 0.077881 0.0613644 -0.0585642 0.996396
39.700000 -1.13996 -0.0389698 0.606262 0.237671 -0.856242 -0.17805 -1.77639 1.49282 -0.193541 0.918643 0.395069 -0.00404975 -0.392096 0.912893 0.11352 0.0485453 -0.102697 0.993527
39.720000 -1.13769 -0.0551132 0.601864 0.0925257 -0.799716 -0.21099 -1.4157 1.51299 -0.293486 0.918119 0.395367 0.0272385 -0.395 0.90736 0.143779 0.0321303 -0.142765 0.989235
39.740000 -1.13974 -0.0693475 0.597709 -0.149024 -0.665457 -0.22249 -0.973054 1.24073 -0.522536 0.914598 0.400585 0.0551561 -0.404015 0.899591 0.165855 0.016821 -0.173974 0.984607
39.760000 -1.14903 -0.0787582 0.590809 -0.510711 -0.418553 -0.38504 -0.256994 1.1603 -0.484905 0.910818 0.404846 0.0806937 -0.412806 0.89394 0.174534 -0.00147593 -0.19228 0.981339
39.780000 -1.16527 -0.084655 0.582923 -0.804778 -0.296988 -0.414505 0.0601205 1.10775 -0.307851 0.907597 0.406712 0.104177 -0.419242 0.891218 0.173112 -0.0224375 -0.200791 0.979377
39.800000 -1.18719 -0.0851526 0.579583 -1.15719 0.0504672 -0.0980791 0.219708 0.863366 -0.0859084 0.905833 0.40506 0.124064 -0.42156 0.89082 0.16949 -0.0418645 -0.20583 0.977692
39.820000 -1.21171 -0.0802434 0.579833 -1.12526 0.258994 0.0210853 0.282704 -0.0349009 0.414059 0.907888 0.398961 0.128726 -0.416104 0.89495 0.161003 -0.0509694 -0.199736 0.978523
39.840000 -1.23941 -0.0680035 0.584633 -1.4073 0.68203 0.253975 0.775114 0.548583 0.294143 0.910602 0.38997 0.136846 -0.407934 0.901216 0.146287 -0.0662802 -0.189034 0.979731
39.860000 -1.27038 -0.0508563 0.588241 -1.56639 0.894749 0.14063 1.16971 0.525624 0.0392463 0.910836 0.385221 0.148265 -0.403793 0.906064 0.126489 -0.0856109 -0.175079 0.980825
39.880000 -1.3016 -0.031376 0.588131 -1.53112 0.982768 -0.0568844 1.19067 -0.151458 0.169863 0.911601 0.383076 0.149121 -0.399845 0.910512 0.105313 -0.0954339 -0.155629 0.983195
39.900000 -1.33083 -0.0105654 0.586816 -1.43085 1.05587 -0.0675727 1.09952 -0.268831 0.449384 0.91508 0.377147 0.142793 -0.390741 0.916786 0.0826117 -0.0997535 -0.131391 0.986299
39.920000 -1.35667 0.00882137 0.586084 -1.24117 0.948866 -0.029107 1.00989 -0.437231 0.352503 0.918627 0.372049 0.133057 -0.382305 0.921994 0.0613953 -0.0998361 -0.107268 0.989205
39.940000 -1.37879 0.0256659 0.585471 -1.05182 0.798487 -0.0169807 1.19809 -0.651764 0.130019 0.921251 0.36997 0.120075 -0.376593 0.925626 0.0373322 -0.0973329 -0.0796118 0.992063
39.960000 -1.39708 0.0398288 0.584781 -0.877388 0.68546 -0.0356628 1.45545 -0.858356 0.111772 0.923751 0.369134 0.102104 -0.371756 0.928302 0.00727179 -0.0920987 -0.0446749 0.994747
39.980000 -1.41236 0.0505086 0.584246 -0.709003 0.507575 -0.0318922 1.54097 -1.15383 -0.149157 0.92495 0.371883 0.0785516 -0.371057 0.928262 -0.0254098 -0.082366 -0.00564437 0.996586
40.000000 -1.42351 0.0596059 0.582988 -0.518682 0.443323 -0.0762827 1.4372 -1.233 -0.167513 0.925669 0.374617 0.0529108 -0.371795 0.926619 -0.0560826 -0.0700376 0.0322419 0.997023
