#C t x y z vx vy vz wx wy wz o11 o12 o13 o21 o22 o23 o31 o32 o33
# Recorded every 1th time step
# [Hexapod_0, HexaPod 0.9][727942038]
#  coxaDamp=               0.000000  
#  coxaJointLimitH=        0.800000  
#  coxaJointLimitV=        0.500000  
#  coxaPower=              3.000000  
#  coxaSpeed=             25.000000  
#  tebiaDamp=              0.010000  
#  tebiaJointLimit=        0.200000  
#  tebiaOffset=            0.000000  
#  tebiaPower=             1.800000  
# ######
# [Diamond, 1.0][2014969450]
# ######
30.020000 0.24456 -0.408452 1.04975 -0.813863 0.490832 0.131987 -2.73829 0.277822 -0.296666 0.987181 -0.0818854 -0.137001 0.0525908 0.977309 -0.205186 0.150694 0.195351 0.969087
30.040000 0.222363 -0.402428 1.04943 -1.03729 0.217264 -0.0479218 -2.90575 0.104614 -1.0188 0.988549 -0.0634438 -0.136916 0.043574 0.988687 -0.143526 0.144473 0.135916 0.98013
30.060000 0.201072 -0.402179 1.04393 -0.973852 -0.102557 -0.379802 -2.6593 0.151645 -1.35384 0.989999 -0.0354169 -0.136557 0.0241456 0.996229 -0.0833302 0.138993 0.0791996 0.987121
30.080000 0.183874 -0.40835 1.03219 -0.780954 -0.339783 -0.650893 -2.40377 0.333879 -1.83196 0.9912 -0.000583784 -0.132373 -0.00321355 0.999589 -0.0284712 0.132335 0.0286461 0.990791
30.100000 0.169192 -0.41297 1.01593 -0.744444 -0.182614 -0.859196 -2.11589 0.587253 -1.71883 0.991897 0.034299 -0.122331 -0.0321644 0.999295 0.0193819 0.122909 -0.0152902 0.9923
30.120000 0.155311 -0.412838 0.996361 -0.707498 0.0428247 -0.966114 -1.90563 0.564507 -1.44412 0.992084 0.0636672 -0.108236 -0.0573009 0.996495 0.0609473 0.111737 -0.0542628 0.992255
30.140000 0.143648 -0.407973 0.977407 -0.549175 0.267924 -0.981873 -2.215 0.135112 -1.30974 0.990695 0.089179 -0.102811 -0.0785965 0.991597 0.102755 0.111111 -0.0937182 0.989379
30.160000 0.134595 -0.400781 0.952123 -0.421816 0.381892 -1.29547 -3.17047 -0.0705064 -1.58273 0.987787 0.119784 -0.0996401 -0.101967 0.980518 0.167891 0.11781 -0.15568 0.980757
30.180000 0.124972 -0.40124 0.935927 -0.516684 -0.0706894 -0.689003 0.614763 -1.26645 -0.819179 0.982356 0.142496 -0.121127 -0.12307 0.980214 0.155028 0.140821 -0.137386 0.980456
30.200000 0.114823 -0.405149 0.927922 -0.532936 -0.245957 -0.209854 0.95883 -0.388743 -0.284523 0.978887 0.152712 -0.135862 -0.133815 0.981239 0.138795 0.154509 -0.117685 0.980957
30.220000 0.107324 -0.409057 0.924289 -0.317079 -0.190875 -0.131989 1.46469 -0.685161 0.65401 0.978009 0.143435 -0.151409 -0.128109 0.986016 0.106581 0.164579 -0.0848401 0.982708
30.240000 0.108023 -0.413087 0.923244 0.158006 -0.180193 -0.0214313 2.03406 -0.920181 1.52927 0.978322 0.117399 -0.170595 -0.108342 0.99221 0.0614928 0.176485 -0.0416771 0.983421
30.260000 0.12132 -0.416856 0.927174 0.784867 -0.191584 0.239376 2.23026 -1.01988 1.8008 0.978011 0.0795694 -0.192775 -0.0797394 0.996792 0.00688909 0.192705 0.00863419 0.981219
30.280000 0.144712 -0.42111 0.936029 1.18507 -0.22238 0.435686 2.58965 -1.04607 1.65743 0.976032 0.0397544 -0.213964 -0.0522838 0.997213 -0.0532194 0.211252 0.0631307 0.975391
30.300000 0.175574 -0.420836 0.952421 1.5172 0.0705558 0.813691 2.68613 -0.662386 1.08064 0.974254 0.0117357 -0.225147 -0.037896 0.99296 -0.112226 0.222244 0.117869 0.96784
30.320000 0.209701 -0.416216 0.968426 1.66114 0.267076 0.811074 2.7242 -1.02705 0.966677 0.969896 -0.0120953 -0.243217 -0.0311273 0.984415 -0.173084 0.24152 0.175444 0.954404
30.340000 0.242049 -0.406496 0.985677 1.56486 0.625957 1.07623 1.73532 -0.526252 0.632869 0.965196 -0.0325677 -0.259492 -0.0267973 0.974678 -0.222001 0.260152 0.221228 0.939883
30.360000 0.27204 -0.391169 1.00547 1.4401 0.803654 0.923628 1.674 -0.634857 0.487017 0.962364 -0.0449903 -0.268016 -0.0260743 0.966366 -0.255844 0.270512 0.253203 0.928823
30.380000 0.301211 -0.37525 1.0213 1.44007 0.792564 0.697038 1.53976 -0.639499 0.144675 0.959541 -0.0524433 -0.276643 -0.0300174 0.95785 -0.285697 0.279965 0.282442 0.917522
30.400000 0.324176 -0.36583 1.02452 0.942895 0.158369 -0.286729 2.11655 -1.22009 1.31855 0.955334 -0.0702561 -0.287057 -0.0263485 0.947215 -0.319516 0.294352 0.312808 0.903055
30.420000 0.338518 -0.364906 1.02149 0.723123 0.0264318 -0.0509216 -0.406751 0.184028 0.262012 0.955705 -0.0753031 -0.284531 -0.0148184 0.95318 -0.302039 0.293954 0.292876 0.909843
30.440000 0.34739 -0.367832 1.01534 0.390784 -0.163074 -0.308037 -1.16042 0.313712 0.0204489 0.957412 -0.0754032 -0.278705 -0.00524007 0.960599 -0.277889 0.288678 0.267515 0.919294
30.460000 0.350944 -0.369625 1.00832 0.132414 -0.103944 -0.330317 -2.2449 1.2351 -0.222915 0.963438 -0.0644266 -0.260071 0.00278041 0.973011 -0.230741 0.267918 0.221582 0.937615
30.480000 0.347852 -0.37111 0.998617 -0.165435 -0.0863588 -0.520404 -2.67698 1.67236 -0.757444 0.971761 -0.0431493 -0.23199 0.00234005 0.984853 -0.173377 0.235957 0.167938 0.957142
30.500000 0.339367 -0.373438 0.98706 -0.360251 -0.0844348 -0.661033 -2.91089 1.94293 -1.27922 0.980018 -0.0123718 -0.198522 -0.0100357 0.993717 -0.11147 0.198654 0.111235 0.973737
30.520000 0.327321 -0.37799 0.977491 -0.601968 -0.272426 -0.484659 -2.10768 2.10328 -1.28998 0.987043 0.018429 -0.159397 -0.0286035 0.99768 -0.0617742 0.157888 0.0655331 0.98528
30.540000 0.307088 -0.386924 0.966554 -1.11362 -0.494026 -0.466726 -2.1061 1.7935 -1.07972 0.991899 0.043041 -0.119516 -0.0446731 0.998941 -0.0110098 0.118916 0.0162598 0.992771
30.560000 0.282634 -0.396446 0.952859 -1.0899 -0.307861 -0.896584 -3.1361 2.33312 -0.982077 0.995015 0.0629508 -0.0773413 -0.0595003 0.997161 0.0461379 0.0800262 -0.0413061 0.995937
30.580000 0.260786 -0.406977 0.938494 -1.08006 -0.625383 -0.416563 -0.656531 2.08357 -0.863629 0.996093 0.0810488 -0.035062 -0.0781061 0.993855 0.0784272 0.041203 -0.0753822 0.996303
30.600000 0.240886 -0.418537 0.935589 -0.956169 -0.459664 0.0173578 -0.734815 0.807497 -0.658332 0.995653 0.0928151 -0.00779529 -0.0917177 0.991569 0.0915394 0.0162258 -0.0904265 0.995771
30.620000 0.22727 -0.422617 0.932936 -0.406941 0.0871751 -0.29973 1.24539 -0.800757 0.475851 0.995478 0.0944303 -0.0103438 -0.0931731 0.991803 0.0874398 0.018516 -0.0860806 0.996116
30.640000 0.224569 -0.419282 0.928805 -0.0545451 0.185823 -0.18761 0.403215 -0.622821 -0.10552 0.995242 0.0945165 -0.0236596 -0.0925327 0.992938 0.0742437 0.0305098 -0.0717012 0.996959
30.660000 0.225585 -0.414553 0.927447 0.0945434 0.269388 0.0245621 -0.574986 -0.551068 -0.682185 0.993886 0.105466 -0.0326667 -0.102721 0.991754 0.0766332 0.0404796 -0.0728092 0.996524
30.680000 0.228591 -0.409864 0.929961 0.171598 0.231309 0.167403 0.21425 0.0647105 -0.760403 0.992266 0.119933 -0.031993 -0.117355 0.990406 0.072962 0.0404366 -0.0686432 0.996821
30.700000 0.232482 -0.407078 0.932224 0.194131 0.0837952 -0.00531828 1.40758 -0.589358 -0.294645 0.990919 0.129579 -0.0358926 -0.127562 0.990374 0.0537295 0.0425094 -0.048663 0.99791
30.720000 0.23803 -0.407186 0.93088 0.296101 -0.0186967 -0.0343538 1.75712 -0.831132 -0.0459226 0.989842 0.131904 -0.0530464 -0.131309 0.991234 0.0145759 0.054504 -0.00746238 0.998486
30.740000 0.245888 -0.410269 0.929385 0.408538 -0.180722 -0.106316 2.51976 -0.958086 0.327722 0.989432 0.125124 -0.073269 -0.128163 0.991012 -0.0383394 0.0678133 0.0473246 0.996575
30.760000 0.259191 -0.416201 0.93382 0.682416 -0.309282 0.23928 2.56015 -1.15663 0.970627 0.989856 0.104099 -0.0966912 -0.113295 0.989003 -0.0950615 0.0857322 0.105052 0.990764
30.780000 0.279772 -0.423757 0.941474 0.992931 -0.367739 0.380374 2.71453 -1.12336 1.15838 0.99007 0.0765231 -0.11792 -0.0945641 0.983234 -0.155911 0.104012 0.165514 0.980707
30.800000 0.302652 -0.431335 0.948305 1.04973 -0.343268 0.311509 2.5382 -0.979859 1.08554 0.98954 0.0492821 -0.135583 -0.0775023 0.9743 -0.211503 0.121675 0.219798 0.967928
30.820000 0.324521 -0.437133 0.95206 1.01283 -0.252078 0.151031 2.38074 -0.897072 1.00322 0.988431 0.0236359 -0.149817 -0.062799 0.962911 -0.262408 0.138058 0.268781 0.953256
30.840000 0.344394 -0.43849 0.958639 0.999439 0.0318648 0.510517 0.943685 -0.145681 0.846691 0.987992 0.00323258 -0.154474 -0.0493454 0.954024 -0.295641 0.146416 0.299713 0.942727
30.860000 0.365005 -0.435135 0.96556 0.989864 0.295183 0.180069 -0.151345 -0.502309 0.405116 0.987534 -0.0104552 -0.157061 -0.0385224 0.951398 -0.305545 0.152622 0.307786 0.939135
30.880000 0.383213 -0.426249 0.970348 0.868499 0.479206 0.291306 0.347366 -0.627586 0.234951 0.985725 -0.0182056 -0.167377 -0.0348775 0.950491 -0.308787 0.164712 0.310217 0.936288
30.900000 0.395387 -0.414657 0.978061 0.538302 0.605257 0.40663 0.993138 -0.475709 0.685991 0.984201 -0.0317687 -0.174183 -0.0271563 0.945046 -0.325808 0.174961 0.32539 0.929252
30.920000 0.399161 -0.403192 0.983748 -0.021479 0.497379 0.0874239 0.904123 -0.0340743 1.71369 0.984485 -0.0574066 -0.165811 -0.00327251 0.938796 -0.344458 0.175437 0.339657 0.924043
30.940000 0.397188 -0.39268 0.980458 -0.123877 0.479661 -0.208613 -2.15092 0.442839 0.934251 0.985497 -0.0754196 -0.152012 0.0249024 0.950384 -0.310082 0.167856 0.301799 0.938478
30.960000 0.389693 -0.38375 0.972363 -0.397623 0.413802 -0.463143 -3.44058 0.859969 0.293915 0.988168 -0.0772697 -0.132488 0.0428848 0.968567 -0.24503 0.147257 0.236449 0.96042
30.980000 0.372627 -0.379122 0.968566 -0.901615 0.137378 -0.192536 -3.65314 0.874144 -0.666103 0.991232 -0.0628866 -0.116211 0.0426529 0.984685 -0.169043 0.125062 0.162604 0.978734
31.000000 0.3442 -0.38294 0.969781 -1.51795 -0.28122 0.0682672 -3.50081 0.838925 -0.759501 0.993955 -0.0434611 -0.100819 0.03388 0.994913 -0.0948705 0.104429 0.0908813 0.990371
31.020000 0.309499 -0.389087 0.968433 -1.7166 -0.265066 -0.130231 -3.0706 1.13757 -0.871128 0.996473 -0.0255128 -0.0799374 0.0235614 0.999403 -0.0252607 0.0805341 0.0232882 0.99648
31.040000 0.272275 -0.393434 0.962657 -1.867 -0.145775 -0.370055 -2.09161 1.07839 -1.24547 0.998315 -0.00221921 -0.0579814 0.00349962 0.999752 0.0219909 0.0579182 -0.0221567 0.998075
31.060000 0.239641 -0.39429 0.95022 -1.57631 -0.0800507 -0.605509 -2.12879 0.773373 -1.72098 0.998843 0.0286971 -0.0385812 -0.0260593 0.997398 0.0672145 0.0404097 -0.0661314 0.996992
31.080000 0.21177 -0.400761 0.945885 -1.27928 -0.402583 -0.144988 -0.634882 0.998107 -1.14176 0.998533 0.0514265 -0.0169525 -0.0498914 0.995457 0.0810903 0.0210456 -0.0801256 0.996563
31.100000 0.189607 -0.409138 0.942149 -1.0195 -0.487383 -0.153384 -0.403693 0.378637 -1.01604 0.997472 0.0707176 -0.00690683 -0.0698707 0.993881 0.085547 0.0129143 -0.0848482 0.99631
31.120000 0.177811 -0.410304 0.93365 -0.477421 -0.00530828 -0.420081 0.742697 -0.160609 0.217878 0.997597 0.0685794 -0.00985467 -0.0677024 0.995131 0.0716276 0.0147189 -0.0707883 0.997383
31.140000 0.173089 -0.410122 0.927698 -0.171765 0.010202 -0.238582 0.438657 -0.268543 0.209992 0.997804 0.064405 -0.0154825 -0.0633584 0.996151 0.0605752 0.0193243 -0.0594613 0.998044
31.160000 0.173215 -0.410476 0.924807 0.0614656 -0.0195757 -0.0970458 0.139386 -0.313056 0.0768367 0.997786 0.0627645 -0.0220144 -0.0614519 0.996541 0.0559442 0.0254495 -0.0544675 0.998191
31.180000 0.174839 -0.411771 0.924782 0.0959412 -0.068228 0.0271806 0.898592 -0.406123 0.224975 0.997812 0.0587578 -0.030296 -0.057588 0.997612 0.0381376 0.0324645 -0.0363095 0.998813
31.200000 0.179381 -0.414918 0.921833 0.22959 -0.175697 -0.170247 2.2949 -0.938895 0.426361 0.99751 0.0503388 -0.0493843 -0.0508927 0.998654 -0.0100223 0.0488133 0.0125106 0.99873
31.220000 0.190479 -0.418575 0.924479 0.586982 -0.155204 0.14459 2.61861 -1.06438 0.784021 0.996897 0.0334293 -0.0712614 -0.0382043 0.997039 -0.0667314 0.0688196 0.0692469 0.995223
31.240000 0.21217 -0.422385 0.931054 1.02437 -0.153679 0.314218 3.36318 -1.06822 1.18321 0.995577 0.00658549 -0.0937202 -0.0194883 0.990319 -0.137434 0.0919079 0.138653 0.986067
31.260000 0.238727 -0.424844 0.939881 1.19753 -0.0855096 0.458601 3.2278 -0.993914 1.33233 0.993429 -0.0254657 -0.111578 0.00163959 0.977997 -0.208612 0.114436 0.207059 0.971613
31.280000 0.264042 -0.423322 0.94858 1.16045 0.181403 0.384986 3.39799 -0.852997 1.58557 0.990638 -0.0600748 -0.122588 0.0241116 0.960849 -0.276023 0.13437 0.270483 0.953301
31.300000 0.283514 -0.41644 0.959467 0.937947 0.399658 0.716717 1.02681 0.350273 1.90275 0.988797 -0.0956778 -0.114572 0.0545757 0.946145 -0.319109 0.138933 0.309281 0.940767
31.320000 0.295985 -0.408229 0.970642 0.526354 0.4247 0.516727 0.936443 0.302158 2.14511 0.986544 -0.132974 -0.0951247 0.0932199 0.935469 -0.340893 0.134316 0.327438 0.935277
31.340000 0.300061 -0.399618 0.978974 0.116196 0.422736 0.387937 0.799907 0.246568 2.17634 0.982311 -0.171352 -0.0755179 0.133431 0.923464 -0.359737 0.13138 0.343297 0.929993
31.360000 0.299114 -0.390899 0.985038 -0.055068 0.414397 0.294515 0.597331 0.176124 2.27392 0.975541 -0.213139 -0.0537805 0.178106 0.909793 -0.374907 0.128836 0.356158 0.925501
31.380000 0.298378 -0.384488 0.990944 -0.0260601 0.29523 0.270985 0.344934 0.234174 1.28163 0.970377 -0.238236 -0.0401551 0.205233 0.90055 -0.38326 0.127468 0.363665 0.922767
31.400000 0.297638 -0.378617 0.995685 -0.0474787 0.197505 0.165152 -0.493889 0.133186 0.697316 0.967392 -0.251142 -0.0328679 0.221272 0.901129 -0.372834 0.123252 0.353404 0.927316
31.420000 0.293039 -0.379679 0.99464 -0.291878 -0.123985 -0.0799061 -1.83212 0.287642 0.167995 0.967427 -0.251813 -0.0259929 0.228549 0.912946 -0.338077 0.108862 0.321124 0.94076
31.440000 0.279873 -0.385072 0.995139 -0.768026 -0.325776 0.0571988 -2.88605 0.0721103 -0.258193 0.968616 -0.247186 -0.0261316 0.230249 0.931883 -0.280321 0.0936429 0.265506 0.959551
31.460000 0.255592 -0.39651 1.00033 -1.31268 -0.659059 0.292864 -3.48874 -0.154165 -1.0132 0.972683 -0.229525 -0.034731 0.217486 0.953345 -0.209364 0.0811649 0.196091 0.977221
31.480000 0.22259 -0.412245 1.00687 -1.6009 -0.817962 0.329369 -4.06865 0.26414 -1.98911 0.980347 -0.193707 -0.0373841 0.187795 0.974351 -0.123988 0.0604427 0.114531 0.991579
31.500000 0.18944 -0.427759 1.00999 -1.56628 -0.74269 0.0882029 -3.02226 0.479542 -1.65236 0.986756 -0.159166 -0.0312782 0.157369 0.986099 -0.0533317 0.039332 0.0477032 0.998087
31.520000 0.155623 -0.444247 1.00793 -1.75997 -0.839606 -0.161142 -2.16231 0.731514 -1.55753 0.991675 -0.127379 -0.0188545 0.127305 0.991851 -0.00509448 0.0193498 0.0026518 0.999809
31.540000 0.123302 -0.460872 1.0025 -1.56975 -0.823536 -0.292888 -1.59819 0.680542 -0.787957 0.994117 -0.108189 -0.00517587 0.108294 0.99369 0.0292086 0.00198318 -0.0295972 0.99956
31.560000 0.0939545 -0.477663 0.994236 -1.4525 -0.835981 -0.518258 -2.74571 0.300539 -0.606236 0.995187 -0.0978631 0.00504995 0.0972348 0.992571 0.0731293 -0.0121691 -0.0722863 0.99731
31.580000 0.06962 -0.488768 0.974883 -1.17357 -0.499609 -1.07205 -2.40557 -1.00676 -0.907436 0.996767 -0.0803027 -0.00263442 0.0799749 0.988483 0.128477 -0.00771296 -0.128272 0.991709
31.600000 0.0502965 -0.500717 0.958733 -0.872248 -0.684409 -0.532213 0.45695 -0.345788 -0.401738 0.997787 -0.0650946 -0.0135847 0.0663677 0.987579 0.142418 0.00414533 -0.143005 0.989713
31.620000 0.0399967 -0.512276 0.950293 -0.429056 -0.457777 -0.443888 0.305994 -0.630124 -0.0352117 0.997871 -0.0605347 -0.0242494 0.0633221 0.988335 0.138505 0.0155821 -0.139746 0.990065
31.640000 0.0363444 -0.520285 0.944447 -0.100985 -0.315366 -0.30478 0.126796 -0.832163 0.722864 0.996848 -0.0680763 -0.0407427 0.0728916 0.988626 0.131552 0.0313237 -0.134107 0.990472
31.660000 0.0382029 -0.523865 0.944837 0.103047 -0.0775466 0.280023 0.799423 -0.237425 0.7008 0.994873 -0.0836558 -0.0568333 0.0896042 0.989687 0.111759 0.0468979 -0.116279 0.992109
31.680000 0.0465377 -0.520023 0.953421 0.516844 0.281541 0.478245 2.12294 -0.265574 0.392199 0.99374 -0.0925463 -0.0625843 0.0968035 0.992922 0.0688068 0.0557735 -0.0744344 0.995665
31.700000 0.0612774 -0.511038 0.964973 0.737743 0.498638 0.605434 2.50625 -0.12144 0.46208 0.992903 -0.0989206 -0.0660192 0.100156 0.994849 0.0156599 0.06413 -0.022161 0.997695
31.720000 0.079825 -0.50154 0.978682 0.882214 0.411731 0.669374 2.64916 -0.0409892 0.625461 0.991629 -0.11041 -0.0669485 0.107797 0.993308 -0.0414667 0.0710788 0.0339027 0.996894
31.740000 0.10451 -0.490003 0.992191 1.17371 0.574939 0.643992 3.04968 -0.0735065 0.94574 0.989405 -0.128693 -0.0671956 0.121032 0.986781 -0.107767 0.0801762 0.0984923 0.991903
31.760000 0.134581 -0.475832 1.00395 1.46724 0.730429 0.540473 3.23206 -0.235992 1.40387 0.985741 -0.154482 -0.0667013 0.14076 0.974245 -0.176165 0.0921976 0.164264 0.982098
31.780000 0.163629 -0.459199 1.01345 1.31555 0.857263 0.451997 2.89863 -0.318385 1.81361 0.97973 -0.189191 -0.0658463 0.168694 0.956469 -0.238137 0.108033 0.222202 0.968997
31.800000 0.185117 -0.442627 1.02021 0.973686 0.822017 0.3003 2.24512 -0.124171 2.06943 0.971843 -0.228186 -0.0587547 0.202522 0.936366 -0.286711 0.120439 0.266739 0.956214
31.820000 0.197208 -0.426432 1.02393 0.502919 0.801281 0.151083 1.82439 0.226748 2.23952 0.962553 -0.267729 -0.0425722 0.240052 0.914729 -0.325031 0.125962 0.30264 0.944745
31.840000 0.199865 -0.410824 1.02545 0.0160845 0.764537 0.0576336 1.52302 0.47667 2.48067 0.950962 -0.3088 -0.017709 0.28256 0.890591 -0.35638 0.125822 0.3339 0.934173
31.860000 0.192585 -0.39483 1.0246 -0.450898 0.791005 -0.0909014 1.22906 0.814378 2.89995 0.935453 -0.35306 0.0166181 0.332495 0.86307 -0.380206 0.119893 0.361191 0.924752
31.880000 0.182688 -0.378642 1.02315 -0.477412 0.778123 -0.0800721 0.429843 0.356983 2.2288 0.919422 -0.390859 0.0435074 0.376023 0.841292 -0.388375 0.115198 0.373441 0.920474
31.900000 0.174504 -0.368262 1.01898 -0.40768 0.469968 -0.249566 -0.606124 0.223316 1.32608 0.909951 -0.410509 0.0589245 0.400832 0.834106 -0.378946 0.106412 0.368441 0.923541
31.920000 0.167316 -0.363631 1.00741 -0.36973 0.152412 -0.588206 -2.26228 0.252625 0.661109 0.904913 -0.419652 0.070879 0.417095 0.841334 -0.343786 0.0846378 0.34066 0.936369
31.940000 0.156791 -0.365109 0.997187 -0.552493 -0.168941 -0.523004 -3.95934 -0.573914 0.66967 0.899609 -0.431842 0.0649269 0.432466 0.860351 -0.269757 0.0606326 0.270755 0.960737
31.960000 0.140142 -0.375692 0.997247 -0.827995 -0.6738 0.174273 -3.29136 -0.396957 0.174274 0.897288 -0.437906 0.0557885 0.439833 0.87605 -0.197696 0.0376989 0.201928 0.978675
31.980000 0.118161 -0.39193 1.00374 -1.18523 -0.895019 0.41142 -3.51229 -0.246371 -0.284148 0.897556 -0.43804 0.050142 0.440815 0.889327 -0.121568 0.00865874 0.131217 0.991316
32.000000 0.0893153 -0.415459 1.01496 -1.43032 -1.21454 0.623934 -4.58793 -0.327989 -0.630928 0.902771 -0.428163 0.040993 0.429497 0.902489 -0.0323327 -0.0231521 0.0467954 0.998636
32.020000 0.0564272 -0.440628 1.01738 -1.69746 -1.12477 -0.446266 0.267738 -0.10379 -1.51052 0.913048 -0.406161 0.0370901 0.40601 0.913792 0.0118563 -0.0387082 0.00423358 0.999242
32.040000 0.0221212 -0.459874 1.00814 -1.68249 -0.88267 -0.394832 -0.807497 -1.5185 -2.06724 0.929244 -0.36913 0.0157652 0.368741 0.929248 0.0229885 -0.0231355 -0.0155487 0.999611
32.060000 -0.00781359 -0.474195 0.997642 -1.40401 -0.731547 -0.582553 -1.23533 -2.00441 -1.99843 0.943833 -0.329776 -0.0206809 0.3304 0.942658 0.0472428 0.00391545 -0.0514223 0.998669
32.080000 -0.0333973 -0.484709 0.981656 -1.21437 -0.490455 -0.790043 -0.966935 -2.22401 -1.96835 0.955793 -0.287541 -0.0614759 0.291391 0.954248 0.0670909 0.0393719 -0.0820385 0.995851
32.100000 -0.0515896 -0.492729 0.966145 -0.850958 -0.353622 -0.778248 -1.71136 -2.20299 -1.68486 0.963026 -0.249541 -0.101536 0.259466 0.960533 0.100267 0.0725082 -0.122905 0.989766
32.120000 -0.0649954 -0.494719 0.948852 -0.637579 -0.0899215 -0.72513 -2.32595 -1.49937 -1.65847 0.967225 -0.214844 -0.13534 0.23382 0.961436 0.144809 0.0990096 -0.171708 0.98016
32.140000 -0.076241 -0.496746 0.937398 -0.560671 -0.0970996 -0.544756 -1.07514 -0.719524 -1.64839 0.972614 -0.180799 -0.14606 0.205487 0.962547 0.176856 0.108614 -0.202026 0.973339
32.160000 -0.0867948 -0.497876 0.928197 -0.500579 -0.0425552 -0.418156 0.101521 -0.602482 -1.70329 0.977664 -0.145186 -0.151968 0.172371 0.967598 0.184504 0.120257 -0.206578 0.971012
32.180000 -0.0933767 -0.498587 0.926728 -0.291376 0.0320587 0.0313987 1.46299 0.0900942 -0.507632 0.980488 -0.128893 -0.148426 0.152538 0.975118 0.160862 0.123999 -0.180364 0.975753
32.200000 -0.0916057 -0.493912 0.93312 0.222133 0.293341 0.381206 1.9035 -0.0135799 -0.103145 0.980946 -0.125987 -0.147896 0.144822 0.981611 0.124361 0.129508 -0.14341 0.981153
32.220000 -0.0796891 -0.482046 0.943704 0.707888 0.700901 0.548676 2.26958 -0.110038 0.266967 0.980247 -0.129836 -0.149191 0.142504 0.986749 0.0775785 0.137142 -0.0973065 0.98576
32.240000 -0.0589432 -0.46222 0.956313 1.03895 1.03904 0.613673 2.72311 0.109119 0.646056 0.978757 -0.140984 -0.148856 0.145439 0.989177 0.019426 0.144506 -0.0406627 0.988668
32.260000 -0.0312344 -0.438005 0.968866 1.38877 1.22202 0.587209 3.15562 0.268238 1.02097 0.976835 -0.158577 -0.143692 0.152857 0.986979 -0.0500781 0.149762 0.0269537 0.988355
32.280000 0.00214318 -0.410897 0.981296 1.64408 1.33807 0.587086 3.03978 0.15117 1.74855 0.972199 -0.190008 -0.136847 0.174289 0.977478 -0.118999 0.156376 0.0918399 0.983419
32.300000 0.0372317 -0.383848 0.991444 1.64905 1.3029 0.449886 2.76296 0.0456251 2.19752 0.964091 -0.23209 -0.129086 0.207022 0.96124 -0.1821 0.166346 0.148837 0.97477
32.320000 0.0661948 -0.359695 0.998132 1.33031 1.14944 0.285629 2.388 0.25541 2.20298 0.954931 -0.273508 -0.11533 0.241039 0.941272 -0.236449 0.173227 0.197993 0.964775
32.340000 0.0865099 -0.339111 1.001 0.902878 0.983457 0.0930509 2.0033 0.327129 2.3154 0.944158 -0.314679 -0.0976906 0.276985 0.918585 -0.281923 0.178452 0.239121 0.95445
32.360000 0.0979981 -0.323761 0.998805 0.48508 0.714024 -0.136129 2.00809 0.210542 2.58687 0.929909 -0.359385 -0.0781802 0.31728 0.891378 -0.323694 0.186019 0.276201 0.942926
32.380000 0.104232 -0.311813 0.991812 0.305934 0.588185 -0.423758 1.68191 0.263859 2.04669 0.916231 -0.396429 -0.0580063 0.351341 0.864587 -0.359234 0.192562 0.308761 0.931443
32.400000 0.110763 -0.299169 0.976694 0.313835 0.641626 -0.827979 2.08342 0.827534 1.34673 0.908162 -0.417379 -0.0321895 0.371569 0.839123 -0.397253 0.192816 0.348809 0.917145
32.420000 0.116356 -0.283195 0.964776 0.287821 0.796614 -0.533273 -1.27231 -0.221956 0.361298 0.904034 -0.426033 -0.0349167 0.384237 0.845697 -0.370349 0.18731 0.321392 0.928236
32.440000 0.122247 -0.27159 0.954978 0.294158 0.487205 -0.461062 -1.32538 0.206251 0.128856 0.903458 -0.4273 -0.0343303 0.391343 0.854814 -0.340799 0.174969 0.294462 0.939509
32.460000 0.126675 -0.268235 0.950507 0.189178 0.0650991 -0.180779 -1.82539 0.250287 0.134279 0.903671 -0.427189 -0.0298122 0.398542 0.864455 -0.3064 0.156662 0.265003 0.951436
32.480000 0.125867 -0.269252 0.949687 -0.116794 -0.143421 0.0425059 -3.06609 -0.275508 -0.155901 0.903397 -0.427387 -0.0348417 0.406953 0.880131 -0.244456 0.135143 0.206662 0.969034
32.500000 0.115097 -0.279949 0.957546 -0.627011 -0.61507 0.447483 -2.97721 -0.140119 -0.288181 0.904837 -0.423833 -0.0404271 0.410648 0.893855 -0.179976 0.112416 0.146247 0.98284
32.520000 0.0976125 -0.292088 0.965352 -0.808891 -0.554692 0.341847 -3.72745 0.193982 -0.135292 0.90651 -0.420065 -0.0422385 0.41406 0.904139 -0.105298 0.0824216 0.0779647 0.993543
32.540000 0.0784671 -0.303813 0.974251 -0.904513 -0.57648 0.491671 -3.67004 0.495145 -0.446956 0.910169 -0.412727 -0.0353262 0.411894 0.910782 -0.0286355 0.0439931 0.0115125 0.998965
32.560000 0.0569132 -0.318752 0.985683 -1.07126 -0.780247 0.582076 -3.10532 0.353538 -1.03563 0.917949 -0.395716 -0.0279067 0.396563 0.917203 0.038417 0.0103939 -0.0463316 0.998872
32.580000 0.0339848 -0.337729 0.996855 -1.11978 -1.00819 0.556861 -2.7562 9.58783e-05 -1.50444 0.929044 -0.36916 -0.0244641 0.369738 0.924089 0.0967113 -0.013095 -0.0988943 0.995012
32.600000 0.0126707 -0.358818 1.0011 -1.05722 -1.04942 -0.104943 0.149671 -0.820251 -1.98231 0.942088 -0.333908 -0.0312405 0.335179 0.934361 0.120933 -0.0111906 -0.124401 0.992169
32.620000 -0.0100321 -0.377299 0.997475 -1.17524 -0.891566 -0.196441 -0.749402 -2.05952 -1.82587 0.953857 -0.293901 -0.0614735 0.299669 0.944665 0.133443 0.0188529 -0.145707 0.989148
32.640000 -0.0310795 -0.395004 0.988481 -1.02555 -0.890662 -0.517572 -0.831618 -2.02271 -1.66965 0.962067 -0.254916 -0.0971868 0.267515 0.951362 0.152792 0.0535108 -0.172995 0.983468
32.660000 -0.0487361 -0.408609 0.970251 -0.857467 -0.675279 -0.994347 -1.35349 -2.23605 -1.63718 0.966866 -0.216585 -0.135132 0.239122 0.953718 0.182327 0.0893889 -0.208599 0.973908
32.680000 -0.061985 -0.421582 0.953184 -0.626834 -0.654986 -0.787365 -0.925051 -1.83227 -1.10071 0.968206 -0.18548 -0.167851 0.21852 0.953712 0.2066 0.121762 -0.23671 0.96392
32.700000 -0.0734702 -0.436138 0.941966 -0.53344 -0.78255 -0.396234 0.545068 -0.552236 -0.46482 0.967804 -0.169107 -0.186434 0.20635 0.957198 0.202956 0.144133 -0.234892 0.961276
32.720000 -0.0795868 -0.451558 0.937404 -0.223946 -0.710894 -0.183696 0.592535 -0.283006 -0.296043 0.968269 -0.161052 -0.191094 0.197866 0.961131 0.192553 0.152655 -0.224254 0.9625
32.740000 -0.076958 -0.460939 0.938101 0.201422 -0.42293 0.0911547 1.19392 -0.284934 0.280257 0.966783 -0.162418 -0.197359 0.196632 0.965924 0.168306 0.163298 -0.201523 0.965776
32.760000 -0.0670777 -0.463675 0.945104 0.53702 0.0454484 0.511648 1.93778 0.155632 0.285289 0.964495 -0.17252 -0.199966 0.200078 0.971534 0.126845 0.172391 -0.16235 0.971557
32.780000 -0.0477184 -0.455628 0.958995 1.1011 0.514316 0.723905 2.77652 0.201001 -0.0825551 0.965302 -0.174099 -0.194632 0.191045 0.978949 0.0718384 0.178028 -0.106529 0.978242
32.800000 -0.0173923 -0.440181 0.975291 1.52851 0.790233 0.777731 3.33536 0.19662 0.0166904 0.966074 -0.174705 -0.19021 0.178464 0.983943 0.00268249 0.186687 -0.0365372 0.98174
32.820000 0.0205981 -0.421297 0.992383 1.93558 0.959925 0.835672 3.42299 0.102987 0.680598 0.964908 -0.18522 -0.186134 0.174686 0.982015 -0.0716327 0.196055 0.036604 0.97991
32.840000 0.0639218 -0.399957 1.00861 2.03924 1.08393 0.758984 3.02201 0.15113 1.09205 0.961611 -0.206624 -0.180584 0.18313 0.973288 -0.138467 0.204371 0.100081 0.973764
32.860000 0.101316 -0.379203 1.02239 1.75477 0.999527 0.635965 2.49378 0.186305 1.68822 0.956363 -0.237394 -0.170334 0.203087 0.959221 -0.196599 0.210059 0.153428 0.965575
32.880000 0.132401 -0.360491 1.03168 1.40718 0.902588 0.383997 1.98727 0.03035 1.86129 0.949146 -0.271217 -0.159886 0.228617 0.942888 -0.242273 0.216463 0.193399 0.956943
32.900000 0.15641 -0.340981 1.03703 1.18677 1.04222 0.166803 1.3492 -0.129846 1.23229 0.942145 -0.299594 -0.150354 0.251039 0.927858 -0.275789 0.222132 0.222088 0.949386
32.920000 0.179577 -0.319323 1.0407 1.15433 1.0738 0.181136 1.06747 0.181622 0.894271 0.937907 -0.316057 -0.142963 0.263337 0.916993 -0.29963 0.225796 0.243378 0.943283
32.940000 0.199205 -0.298753 1.04042 0.924751 1.00864 -0.0444168 0.91673 0.245647 0.9575 0.933917 -0.331291 -0.134333 0.27616 0.907196 -0.317382 0.227013 0.259311 0.938735
32.960000 0.215315 -0.280947 1.03763 0.781489 0.853938 -0.188568 1.05314 0.571545 1.10072 0.930042 -0.347953 -0.118114 0.291638 0.894521 -0.338793 0.22354 0.280645 0.933418
32.980000 0.226097 -0.264885 1.02993 0.448256 0.724824 -0.316385 0.864276 0.566286 0.908429 0.927285 -0.360958 -0.0992585 0.307361 0.88545 -0.348581 0.213712 0.292726 0.932008
33.000000 0.231154 -0.251049 1.02786 0.19601 0.650778 -0.0806569 -0.743497 0.0310692 0.87898 0.922267 -0.37552 -0.091702 0.325412 0.88227 -0.340158 0.208642 0.283875 0.935887
33.020000 0.228427 -0.244544 1.02837 -0.257679 0.183047 0.00529697 -0.907018 -0.0837915 0.755079 0.916749 -0.389569 -0.0883571 0.343527 0.881733 -0.323321 0.203863 0.266051 0.942155
33.040000 0.215288 -0.244424 1.03029 -0.76739 -0.04724 0.14418 -1.66176 -0.231655 0.559959 0.911982 -0.400432 -0.0891223 0.360212 0.885621 -0.293126 0.196305 0.235222 0.951911
33.060000 0.193707 -0.249845 1.03494 -1.09826 -0.285793 0.251647 -2.21878 -0.549668 -0.321626 0.910389 -0.401505 -0.0999299 0.368347 0.896488 -0.246229 0.188448 0.187355 0.964046
33.080000 0.16627 -0.258246 1.03995 -1.30721 -0.417744 0.237771 -2.76944 -0.855865 -1.20702 0.914548 -0.385873 -0.121264 0.36099 0.913909 -0.185627 0.182453 0.125989 0.975109
33.100000 0.137432 -0.271671 1.0419 -1.29693 -0.747818 0.0603711 -3.03943 -0.970377 -2.29119 0.92574 -0.348219 -0.147477 0.333265 0.935543 -0.117021 0.17872 0.0591818 0.982118
33.120000 0.109502 -0.287939 1.03867 -1.37807 -0.744234 -0.221824 -2.72274 -0.684307 -2.67689 0.940521 -0.295547 -0.167549 0.291037 0.955328 -0.0514358 0.175266 -0.000386399 0.984521
33.140000 0.0823555 -0.302457 1.03 -1.33134 -0.678387 -0.491224 -2.25572 -0.344966 -2.84386 0.954579 -0.239284 -0.177547 0.244159 0.969718 0.00581038 0.170781 -0.0488963 0.984095
33.160000 0.0585319 -0.310895 1.01836 -1.16468 -0.363715 -0.633295 -1.25474 -0.753015 -2.28679 0.963664 -0.190029 -0.187727 0.202013 0.978267 0.0467354 0.174766 -0.0829606 0.981109
33.180000 0.0372862 -0.316746 1.00482 -1.05215 -0.278407 -0.691339 -0.937049 -0.678796 -1.98605 0.968655 -0.148669 -0.199011 0.165894 0.983454 0.0727877 0.184897 -0.103521 0.97729
33.200000 0.0179657 -0.32221 0.989391 -0.93989 -0.272006 -0.789539 -0.91148 -0.793651 -1.68925 0.970956 -0.112468 -0.211174 0.135309 0.986045 0.0969845 0.19732 -0.122741 0.972625
33.220000 0.000714074 -0.327875 0.972505 -0.843012 -0.282009 -0.873438 -1.22193 -0.987385 -1.41439 0.970807 -0.080966 -0.225784 0.111186 0.98597 0.124499 0.212537 -0.145968 0.966189
33.240000 -0.0140356 -0.334227 0.954402 -0.71577 -0.334575 -0.920649 -1.71249 -0.908404 -0.88249 0.968328 -0.0576807 -0.242929 0.0981923 0.982527 0.15811 0.229564 -0.176956 0.957072
33.260000 -0.0283912 -0.3462 0.945182 -0.722544 -0.619559 -0.392172 -0.14525 0.200515 -0.113967 0.968994 -0.0561655 -0.240618 0.0954182 0.983339 0.154726 0.227918 -0.172888 0.958208
33.280000 -0.0364563 -0.359053 0.938039 -0.328205 -0.65107 -0.29888 0.541832 -0.267835 0.0340147 0.968032 -0.0549661 -0.244731 0.0926834 0.985026 0.145374 0.233075 -0.163409 0.958631
33.300000 -0.0348895 -0.369784 0.934708 0.189015 -0.514357 -0.0999323 1.06614 -0.530061 0.551233 0.964777 -0.0621442 -0.255624 0.0962816 0.987691 0.123271 0.244817 -0.143541 0.958885
33.320000 -0.0258533 -0.379741 0.938901 0.603065 -0.409658 0.265183 1.1681 -0.272712 0.723816 0.962032 -0.0741389 -0.262673 0.102408 0.990138 0.0956039 0.252994 -0.118874 0.960137
33.340000 -0.00523287 -0.383588 0.948878 1.11149 -0.133267 0.518768 2.0368 -0.325858 0.397797 0.959308 -0.0866826 -0.268728 0.104423 0.993151 0.0524121 0.262345 -0.0783407 0.961789
33.360000 0.0238752 -0.379591 0.962907 1.48311 0.290778 0.766495 3.20399 -0.479275 0.406965 0.955466 -0.0958785 -0.279092 0.0963522 0.995274 -0.0120542 0.278928 -0.0153737 0.960189
33.380000 0.0635805 -0.368475 0.982755 2.10987 0.6136 1.05652 3.62321 -0.569222 0.493576 0.950942 -0.108893 -0.28957 0.086902 0.992341 -0.0877871 0.296912 0.0583163 0.953123
33.400000 0.109983 -0.351854 1.0051 2.23789 0.869074 1.08102 3.40713 -0.770619 0.529617 0.9454 -0.121793 -0.302301 0.0759833 0.984357 -0.158957 0.316932 0.127308 0.939865
33.420000 0.152058 -0.334331 1.02648 1.99202 0.790521 1.09955 2.91456 -0.855611 0.637575 0.938443 -0.137111 -0.317058 0.0680072 0.973222 -0.219575 0.338674 0.184497 0.922638
33.440000 0.185347 -0.31709 1.04311 1.61274 0.903525 0.735583 1.91238 -1.02276 0.509101 0.930714 -0.153164 -0.332132 0.0644563 0.962567 -0.263269 0.360022 0.22362 0.905747
33.460000 0.212084 -0.298885 1.05455 1.26915 0.887206 0.527817 1.1595 -0.658844 0.62495 0.924538 -0.16684 -0.342627 0.0648719 0.954853 -0.289911 0.375527 0.245807 0.893621
33.480000 0.230449 -0.293526 1.04778 0.87388 0.242748 -0.452836 -2.63728 0.0788974 0.1366 0.920589 -0.186786 -0.342967 0.0866623 0.954016 -0.286955 0.380795 0.234445 0.894444
33.500000 0.24395 -0.290805 1.03917 0.569761 0.083609 -0.367056 -1.21093 0.367779 0.114397 0.922645 -0.187401 -0.337055 0.100689 0.960738 -0.258542 0.372273 0.204605 0.90529
33.520000 0.250994 -0.291279 1.03448 0.297857 -0.0800331 -0.140745 0.175879 0.903946 0.493155 0.927198 -0.190057 -0.322771 0.107737 0.960614 -0.25615 0.358742 0.202727 0.911156
33.540000 0.254767 -0.290943 1.03102 0.201028 0.0937028 -0.289286 -1.69991 0.989228 0.101738 0.932928 -0.189413 -0.306215 0.119434 0.965092 -0.233095 0.339677 0.180888 0.922984
33.560000 0.254605 -0.289233 1.02372 -0.0267088 0.0766537 -0.377621 -1.87102 1.27867 -0.0670836 0.941446 -0.183886 -0.282606 0.130995 0.971823 -0.195961 0.310677 0.147467 0.939007
33.580000 0.251409 -0.289141 1.01584 -0.173322 -0.0388435 -0.342631 -2.05885 1.33054 -0.149033 0.950059 -0.175638 -0.25795 0.140018 0.978623 -0.150641 0.278894 0.107 0.954342
33.600000 0.244039 -0.290717 1.00691 -0.347478 -0.0989672 -0.464648 -2.64295 1.12862 -0.541188 0.958023 -0.163206 -0.235702 0.14433 0.984925 -0.0953503 0.247711 0.0573289 0.967136
33.620000 0.231009 -0.295502 0.999754 -0.679058 -0.269761 -0.385469 -2.65116 1.18255 -0.425005 0.965443 -0.15026 -0.212935 0.14498 0.988614 -0.0402898 0.216564 0.00802633 0.976235
33.640000 0.213484 -0.30209 0.990312 -0.821381 -0.33569 -0.51447 -2.66632 1.08949 -0.573867 0.972009 -0.138508 -0.189772 0.144296 0.989389 0.0169619 0.185409 -0.0438705 0.981682
33.660000 0.194899 -0.309418 0.978776 -0.923481 -0.362977 -0.563452 -2.50556 0.773928 -0.724132 0.977325 -0.124674 -0.171149 0.138488 0.987797 0.0712576 0.160177 -0.093344 0.982665
33.680000 0.173972 -0.315491 0.965153 -0.943545 -0.170979 -0.863137 -3.02423 0.292275 -0.648619 0.980389 -0.11096 -0.162867 0.13243 0.982959 0.127491 0.145945 -0.146559 0.978376
33.700000 0.151756 -0.32137 0.963581 -1.10442 -0.324647 0.0564314 -0.599492 0.666038 -0.188384 0.983004 -0.109685 -0.147215 0.131109 0.980745 0.144739 0.128505 -0.16158 0.978457
33.720000 0.128086 -0.327916 0.966517 -1.16872 -0.329256 0.185568 -0.458422 -0.0680016 -0.62372 0.984655 -0.100691 -0.142535 0.122668 0.980284 0.154906 0.124127 -0.170013 0.977593
33.740000 0.10757 -0.333964 0.969554 -0.990052 -0.295962 0.124535 -0.403825 -0.449763 -0.877328 0.985538 -0.0826378 -0.147941 0.106989 0.980465 0.165052 0.131412 -0.178493 0.975126
33.760000 0.0865835 -0.340631 0.972373 -1.06951 -0.350534 0.116489 0.0485688 -0.390466 -0.496491 0.985719 -0.0689909 -0.153618 0.0946737 0.981449 0.166717 0.139266 -0.17888 0.973965
33.780000 0.0634242 -0.347346 0.972144 -1.16267 -0.331302 -0.0432578 0.384612 -0.269844 -0.131966 0.985295 -0.0642788 -0.158311 0.0897128 0.983168 0.15916 0.145416 -0.171022 0.974477
33.800000 0.0428123 -0.354399 0.969716 -1.00825 -0.334872 -0.137166 0.473205 -0.459276 0.166886 0.984 -0.0638601 -0.16633 0.0891434 0.984768 0.14928 0.154263 -0.161719 0.974705
33.820000 0.0256904 -0.361349 0.966825 -0.792172 -0.3418 -0.172139 0.896409 -0.427272 0.619245 0.981735 -0.0748837 -0.174896 0.0980978 0.986898 0.128096 0.163012 -0.142914 0.976219
33.840000 0.0154698 -0.36821 0.968223 -0.40248 -0.300528 0.101786 1.22373 -0.314096 0.84139 0.978899 -0.0925025 -0.182207 0.112001 0.988685 0.0997845 0.170915 -0.118086 0.978184
33.860000 0.0142895 -0.372955 0.974677 0.0548971 -0.207466 0.35652 1.71375 -0.468169 1.05498 0.974697 -0.113999 -0.192276 0.127898 0.989882 0.0614497 0.183325 -0.0844865 0.979415
33.880000 0.025848 -0.373156 0.9845 0.729123 0.0969471 0.52024 2.47646 -0.651539 0.803679 0.96984 -0.132896 -0.204326 0.137578 0.990452 0.00881288 0.201203 -0.0366577 0.978863
33.900000 0.0480862 -0.366671 0.998631 1.23645 0.359482 0.761003 3.13843 -0.517552 0.604289 0.965508 -0.147922 -0.214276 0.138693 0.988661 -0.0575662 0.220361 0.025862 0.975075
33.920000 0.0824051 -0.355787 1.01439 1.75848 0.589546 0.805387 3.23691 -0.676683 0.573329 0.960765 -0.160933 -0.225902 0.13507 0.982829 -0.125711 0.242254 0.0902665 0.966005
33.940000 0.119391 -0.340573 1.02996 1.76894 0.789695 0.754325 2.89004 -0.793535 0.821469 0.954355 -0.179406 -0.238787 0.135575 0.972596 -0.188884 0.26613 0.147889 0.952525
33.960000 0.151445 -0.322994 1.04323 1.49514 0.887084 0.625188 2.38135 -0.906016 0.898357 0.946799 -0.200285 -0.25191 0.138996 0.960465 -0.241219 0.290263 0.193371 0.937206
33.980000 0.178132 -0.306378 1.05366 1.30137 0.798539 0.520018 2.03885 -1.04115 0.745998 0.938093 -0.221293 -0.266478 0.142631 0.947851 -0.285019 0.315654 0.229366 0.920736
34.000000 0.202704 -0.290812 1.06222 1.20914 0.767794 0.404087 1.54359 -0.798592 0.569383 0.930804 -0.237072 -0.278209 0.143793 0.937263 -0.317586 0.336046 0.255606 0.906498
34.020000 0.222751 -0.285247 1.05935 0.950981 0.221212 -0.176669 -1.36466 -0.388694 0.0785066 0.924352 -0.251061 -0.287302 0.151859 0.932877 -0.326618 0.350018 0.25828 0.900432
34.040000 0.237676 -0.284812 1.05398 0.682671 -0.0121384 -0.26827 -0.769904 0.271408 0.117216 0.925255 -0.252223 -0.28335 0.160269 0.936917 -0.310646 0.343827 0.242015 0.90731
34.060000 0.247217 -0.285221 1.04806 0.392275 -0.0220926 -0.282214 -0.366807 0.283345 -0.19129 0.927602 -0.248077 -0.279307 0.16084 0.940038 -0.300766 0.337172 0.234067 0.911882
34.080000 0.252518 -0.284587 1.03946 0.258201 0.0690674 -0.5017 -2.20637 1.0226 -0.378511 0.934331 -0.236531 -0.266604 0.165008 0.950119 -0.264663 0.315907 0.203291 0.926755
34.100000 0.252044 -0.283919 1.02904 -0.0519635 0.00901044 -0.522026 -2.34052 1.31522 -0.171249 0.943268 -0.225516 -0.243694 0.173672 0.960652 -0.21676 0.282988 0.16214 0.945319
34.120000 0.246515 -0.284698 1.02159 -0.304483 -0.113978 -0.380081 -2.27716 1.32891 -0.454156 0.952448 -0.210263 -0.220527 0.174961 0.969938 -0.169142 0.249461 0.122515 0.960603
34.140000 0.232595 -0.289984 1.01565 -0.692845 -0.330114 -0.266556 -2.28897 1.34063 -0.7162 0.961422 -0.192773 -0.196232 0.172082 0.978028 -0.117686 0.214607 0.0793776 0.97347
34.160000 0.211131 -0.300311 1.00956 -1.05566 -0.575963 -0.32782 -2.33675 1.40268 -1.05622 0.970411 -0.170571 -0.170905 0.161635 0.984707 -0.0650081 0.17938 0.0354603 0.983141
34.180000 0.186545 -0.315775 1.00166 -1.21186 -0.775551 -0.412599 -2.13735 1.46148 -1.29218 0.979385 -0.142764 -0.142911 0.142096 0.98974 -0.0149211 0.143575 -0.00569361 0.989623
34.200000 0.161123 -0.331361 0.992166 -1.27613 -0.758107 -0.48415 -1.68338 1.47519 -0.854588 0.985916 -0.122893 -0.11343 0.126318 0.991712 0.0234899 0.109603 -0.0374873 0.993268
34.220000 0.133349 -0.34459 0.985965 -1.43853 -0.6124 -0.265718 -2.21053 0.431636 -0.426963 0.988488 -0.113262 -0.100318 0.120118 0.990619 0.0651566 0.0919973 -0.0764565 0.99282
34.240000 0.108145 -0.357637 0.976025 -1.21902 -0.66147 -0.494226 -1.94351 0.0996325 -0.238012 0.989581 -0.108802 -0.0943 0.118411 0.987595 0.103129 0.0819095 -0.113221 0.990188
34.260000 0.0868983 -0.372507 0.965347 -1.0035 -0.82662 -0.348935 -0.592884 -0.575964 -0.609182 0.989713 -0.0952291 -0.106769 0.109637 0.98429 0.138395 0.0919123 -0.148677 0.984605
34.280000 0.0699525 -0.388921 0.961724 -0.806938 -0.776426 -0.149402 -1.00154 -0.329857 -0.387763 0.989997 -0.0843911 -0.113068 0.101727 0.982254 0.157572 0.0977635 -0.167498 0.981013
34.300000 0.0546067 -0.40454 0.958051 -0.766562 -0.794576 -0.183107 -0.540389 -0.152789 -0.383645 0.990312 -0.0760682 -0.116172 0.095461 0.980507 0.171734 0.100844 -0.18116 0.97827
34.320000 0.040467 -0.421926 0.955714 -0.660542 -0.872169 -0.11423 0.150193 -0.0554762 -0.0428657 0.990347 -0.0749495 -0.116595 0.0938838 0.981567 0.16647 0.101969 -0.175809 0.979129
34.340000 0.032227 -0.436827 0.955344 -0.344456 -0.680374 -0.0203589 0.65923 -0.204021 0.745198 0.988908 -0.0857755 -0.121259 0.103853 0.982965 0.151636 0.106186 -0.162547 0.98097
34.360000 0.0317744 -0.445308 0.956243 0.0466316 -0.360952 0.0339866 1.44435 -0.20393 1.48519 0.98492 -0.1142 -0.129962 0.129689 0.984543 0.117713 0.11451 -0.132793 0.984507
34.380000 0.0403038 -0.448091 0.960065 0.513153 -0.0484702 0.164502 2.48209 -0.668913 1.47172 0.979067 -0.14495 -0.14289 0.155801 0.985455 0.0678635 0.130975 -0.0887053 0.987409
34.400000 0.0565773 -0.43947 0.974946 0.798631 0.485587 0.760933 2.84927 0.108238 1.10885 0.975414 -0.168493 -0.142046 0.171444 0.985155 0.00870857 0.13847 -0.0328473 0.989822
34.420000 0.0802914 -0.427296 0.991484 1.17042 0.615653 0.786123 2.99801 0.241358 1.3756 0.970896 -0.195932 -0.137737 0.189593 0.980157 -0.0578571 0.14634 0.0300593 0.988778
34.440000 0.109747 -0.412073 1.00624 1.43345 0.75225 0.690608 2.8363 0.221563 1.52895 0.965343 -0.226028 -0.130477 0.21063 0.969938 -0.121884 0.154104 0.0901778 0.983931
34.460000 0.138381 -0.396173 1.01734 1.3265 0.792038 0.503689 2.36728 0.265622 1.68557 0.958624 -0.257867 -0.120601 0.235046 0.955968 -0.175721 0.160603 0.140104 0.977025
34.480000 0.160696 -0.379547 1.02496 1.02187 0.844584 0.347268 1.95113 0.399531 1.84582 0.950584 -0.291746 -0.106181 0.263663 0.939177 -0.220065 0.163925 0.181194 0.969689
34.500000 0.175559 -0.362503 1.02989 0.620349 0.835008 0.208159 1.57692 0.44016 1.95461 0.941244 -0.325941 -0.0884397 0.294709 0.920586 -0.256258 0.164941 0.215137 0.962554
34.520000 0.183568 -0.345269 1.03307 0.309482 0.845751 0.131454 1.15623 0.32788 1.77585 0.931435 -0.356606 -0.0725363 0.323664 0.902918 -0.28281 0.166346 0.239942 0.956429
34.540000 0.1834 -0.329553 1.03376 -0.0930211 0.76678 0.00363113 0.828611 0.339061 1.73598 0.920703 -0.386298 -0.0555001 0.353365 0.885539 -0.301584 0.165649 0.258057 0.951823
34.560000 0.178753 -0.314745 1.0296 -0.269915 0.712878 -0.300414 1.1092 0.87885 1.9196 0.909582 -0.414428 -0.0301643 0.383806 0.865752 -0.321197 0.159228 0.280577 0.946532
34.580000 0.169486 -0.301685 1.02229 -0.519955 0.637824 -0.370663 0.232956 0.73058 2.15168 0.895079 -0.445899 -0.00258118 0.420134 0.845271 -0.330158 0.149399 0.294434 0.943922
34.600000 0.155464 -0.291105 1.01851 -0.706082 0.529137 -0.161576 -0.881458 0.0908018 1.10919 0.884481 -0.466499 0.00846002 0.445161 0.838317 -0.314731 0.139729 0.282139 0.949143
34.620000 0.140658 -0.287532 1.0145 -0.718186 0.0035429 -0.222248 -1.47198 -0.183956 -0.215755 0.883968 -0.467533 0.00375702 0.449044 0.846719 -0.285354 0.130231 0.253931 0.958415
34.640000 0.120612 -0.297286 1.01425 -1.03551 -0.645361 0.0484608 -2.02433 -1.03908 -0.958177 0.889898 -0.455693 -0.0206201 0.437703 0.865749 -0.242683 0.128441 0.206938 0.969886
34.660000 0.0932054 -0.31488 1.01491 -1.39389 -0.900858 0.0278055 -2.44624 -1.2323 -1.51142 0.898698 -0.435425 -0.0524142 0.419064 0.88782 -0.190161 0.129335 0.148932 0.980353
34.680000 0.0619059 -0.33519 1.01405 -1.51989 -0.96314 -0.0732057 -2.67918 -1.34352 -1.96902 0.911178 -0.402941 -0.0859815 0.390468 0.911118 -0.131902 0.131488 0.0866128 0.987527
34.700000 0.033151 -0.354592 1.01015 -1.34876 -0.933806 -0.236014 -2.50455 -1.26029 -2.14369 0.923936 -0.364512 -0.116077 0.357638 0.930752 -0.0761248 0.135788 0.0288208 0.990319
34.720000 0.0101501 -0.369782 1.00321 -1.11063 -0.654351 -0.395813 -2.18858 -1.17756 -1.81366 0.933699 -0.328891 -0.141552 0.328408 0.944137 -0.0274398 0.142669 -0.0208664 0.98955
34.740000 -0.00767464 -0.380821 0.994644 -0.843033 -0.516218 -0.44938 -1.88731 -1.13571 -1.51438 0.940347 -0.297789 -0.164528 0.304319 0.952445 0.0154249 0.15211 -0.0645736 0.986252
34.760000 -0.0217327 -0.387135 0.981821 -0.649532 -0.256072 -0.671252 -2.07482 -1.26388 -1.41243 0.945066 -0.266602 -0.189137 0.2822 0.957447 0.0604901 0.164962 -0.110542 0.980086
34.780000 -0.0336461 -0.391683 0.968553 -0.562522 -0.212926 -0.660316 -2.00104 -1.07566 -1.22874 0.948196 -0.238737 -0.209594 0.264421 0.958767 0.104152 0.176087 -0.154177 0.972226
34.800000 -0.0430073 -0.395558 0.952137 -0.403364 -0.189817 -0.859716 -2.29303 -1.16553 -1.1611 0.94969 -0.210977 -0.231469 0.249363 0.956523 0.151267 0.189492 -0.201377 0.96101
34.820000 -0.0496124 -0.402109 0.94121 -0.308251 -0.417665 -0.356258 -0.529085 0.440603 -0.418045 0.952253 -0.196652 -0.233543 0.240796 0.954019 0.178506 0.187701 -0.226219 0.955821
34.840000 -0.0552171 -0.413163 0.93985 -0.278369 -0.531317 0.00278136 0.64434 0.274583 0.0633699 0.953799 -0.197379 -0.226514 0.237837 0.956694 0.16784 0.183577 -0.21396 0.959438
34.860000 -0.0569734 -0.422933 0.944526 -0.0267445 -0.467836 0.256279 0.928848 0.164575 0.191989 0.953659 -0.202659 -0.222403 0.238431 0.959855 0.147746 0.183533 -0.193927 0.963695
34.880000 -0.0513406 -0.426138 0.952495 0.373607 -0.0624667 0.404111 1.5119 0.248878 0.128853 0.954045 -0.206791 -0.216877 0.235788 0.964685 0.117413 0.184938 -0.163155 0.969112
34.900000 -0.0368699 -0.42382 0.962771 0.793882 0.137452 0.517725 1.99682 0.26508 -0.230934 0.955328 -0.206969 -0.210978 0.227351 0.970751 0.0771602 0.188837 -0.121679 0.974441
34.920000 -0.0140195 -0.417861 0.975654 1.15862 0.337197 0.65113 2.51021 0.306669 -0.134312 0.956812 -0.207156 -0.203956 0.216841 0.975858 0.0260911 0.193628 -0.0691904 0.978632
34.940000 0.0139752 -0.405814 0.9908 1.44041 0.614676 0.734327 3.01166 0.451482 -0.126561 0.958571 -0.207818 -0.194817 0.20464 0.978155 -0.0365281 0.198153 -0.00485271 0.980159
34.960000 0.0444171 -0.388637 1.00504 1.46186 0.899835 0.675957 3.07901 0.162071 -0.191002 0.959978 -0.205353 -0.190454 0.189244 0.976884 -0.0994251 0.206469 0.0594036 0.976648
34.980000 0.0732131 -0.370202 1.01837 1.38492 0.901331 0.632007 2.8691 0.343753 0.282601 0.960757 -0.208373 -0.1831 0.180402 0.970789 -0.158187 0.210714 0.118948 0.970284
35.000000 0.0973406 -0.35127 1.02805 1.13328 0.925743 0.450672 2.3106 0.229165 0.611276 0.959939 -0.217154 -0.177093 0.179387 0.961763 -0.206958 0.215263 0.166899 0.962188
35.020000 0.11927 -0.332355 1.0326 1.13312 0.908451 0.163255 1.53469 -0.110601 0.213833 0.958372 -0.224465 -0.176463 0.179038 0.953871 -0.24099 0.222417 0.199364 0.95435
35.040000 0.141273 -0.314528 1.03511 1.06513 0.902878 0.0726638 0.822426 -0.112586 0.220665 0.957129 -0.229607 -0.176593 0.179318 0.948458 -0.261291 0.227486 0.218423 0.948969
35.060000 0.160619 -0.298284 1.03645 0.958132 0.787873 0.0454931 1.00751 0.387517 0.684014 0.956534 -0.239299 -0.166669 0.186223 0.941054 -0.282379 0.224417 0.239068 0.944713
35.080000 0.179562 -0.283802 1.03342 0.917865 0.7301 -0.255108 0.342245 0.119475 0.957344 0.953942 -0.256399 -0.155736 0.202345 0.933204 -0.296961 0.221474 0.251772 0.942104
35.100000 0.194424 -0.271323 1.02669 0.682531 0.569911 -0.285115 1.04741 0.138962 1.66252 0.948319 -0.284181 -0.141184 0.229 0.920897 -0.31545 0.219661 0.266816 0.938381
35.120000 0.204054 -0.26141 1.0226 0.416716 0.437434 -0.212219 0.199574 0.077418 1.17018 0.942755 -0.306806 -0.130701 0.252165 0.912307 -0.322659 0.218233 0.271231 0.937448
35.140000 0.20722 -0.257436 1.01944 0.0917972 0.0992945 -0.150048 -0.326403 -0.0458811 0.653155 0.938979 -0.319869 -0.126503 0.266948 0.909573 -0.31846 0.216929 0.265257 0.939458
35.160000 0.202206 -0.260123 1.01897 -0.343007 -0.204779 0.0639306 -1.31398 -0.215597 0.307354 0.936332 -0.327074 -0.127695 0.278397 0.913185 -0.297637 0.213958 0.243137 0.946101
35.180000 0.187223 -0.265898 1.02185 -0.783598 -0.299564 0.14177 -1.70993 -0.260795 -0.0690752 0.934486 -0.330102 -0.1333 0.288046 0.921141 -0.261781 0.209203 0.206234 0.955878
35.200000 0.164997 -0.273127 1.02481 -1.09346 -0.366723 0.142478 -2.21998 -0.585804 -0.674435 0.935353 -0.321853 -0.146716 0.287624 0.933496 -0.214145 0.205882 0.158102 0.965721
35.220000 0.136767 -0.283205 1.02574 -1.32372 -0.526623 0.0297527 -2.73547 -0.723381 -1.75534 0.941216 -0.294131 -0.166128 0.270125 0.95064 -0.152694 0.20284 0.0988424 0.974211
35.240000 0.110158 -0.298425 1.02319 -1.24661 -0.754834 -0.162977 -2.85451 -0.573777 -2.43283 0.950939 -0.24885 -0.183817 0.236871 0.96783 -0.0848396 0.199015 0.0371365 0.979292
35.260000 0.087393 -0.313029 1.01727 -1.08136 -0.682757 -0.336646 -2.52287 -0.39882 -2.40411 0.960173 -0.199761 -0.195354 0.199091 0.979705 -0.0232654 0.196037 -0.0165545 0.980457
35.280000 0.0688439 -0.324062 1.00808 -0.890973 -0.50391 -0.492313 -2.19639 -0.30525 -2.10087 0.966893 -0.156341 -0.201683 0.165702 0.985711 0.0302909 0.194065 -0.0627072 0.978982
35.300000 0.0550239 -0.329423 0.996327 -0.688904 -0.252111 -0.589139 -1.13728 -0.64063 -1.55384 0.969997 -0.122344 -0.210091 0.138826 0.988146 0.0655299 0.199583 -0.0927299 0.975483
35.320000 0.0428557 -0.333597 0.982107 -0.594827 -0.19541 -0.746098 -0.717303 -0.73152 -1.23075 0.970298 -0.0956374 -0.222207 0.117203 0.989381 0.0859558 0.211627 -0.109446 0.971203
35.340000 0.0314885 -0.336544 0.965983 -0.570164 -0.129124 -0.796652 -0.98816 -0.750584 -1.02571 0.969443 -0.0732862 -0.234115 0.100878 0.989005 0.108133 0.223616 -0.128446 0.966177
35.360000 0.021191 -0.339926 0.948668 -0.488924 -0.193251 -0.909463 -2.03123 -0.66781 -1.28962 0.968973 -0.0482182 -0.242419 0.0863396 0.985033 0.149181 0.231598 -0.165482 0.958633
35.380000 0.0122779 -0.349275 0.942644 -0.414382 -0.499194 -0.162919 -0.336266 0.565986 -0.454327 0.972099 -0.0396386 -0.231199 0.0769523 0.984963 0.154684 0.221591 -0.168159 0.960531
35.400000 0.00713283 -0.360253 0.941068 -0.212298 -0.536257 -0.0508109 0.109022 0.321056 -0.00307771 0.973918 -0.0388839 -0.223545 0.0740618 0.985724 0.151206 0.214474 -0.163818 0.962894
35.420000 0.00980108 -0.368986 0.939474 0.26284 -0.358337 -0.11393 1.02181 -0.388181 0.59845 0.972441 -0.0472436 -0.228312 0.0792724 0.987911 0.133218 0.219259 -0.147645 0.964431
35.440000 0.0239681 -0.372834 0.940457 0.820081 -0.173461 0.0826713 1.58945 -0.421368 1.04282 0.968638 -0.0677364 -0.239064 0.0928941 0.991078 0.0955762 0.230457 -0.114786 0.966289
35.460000 0.0457411 -0.376046 0.948685 1.17824 -0.115313 0.482327 1.94955 -0.308236 0.557418 0.965736 -0.0834962 -0.245729 0.0992587 0.993678 0.0524533 0.239796 -0.0750468 0.967918
35.480000 0.0771476 -0.373163 0.962979 1.66309 0.207164 0.753399 2.83811 -0.574124 0.228546 0.962238 -0.0933374 -0.255708 0.094924 0.995465 -0.0061584 0.255123 -0.018347 0.966734
35.500000 0.11491 -0.363081 0.981902 1.91693 0.553262 0.988724 3.42388 -0.809076 0.0395856 0.957396 -0.0991752 -0.271215 0.0814385 0.993783 -0.075917 0.277058 0.0505953 0.95952
35.520000 0.155538 -0.348371 1.00304 1.94502 0.766988 1.03563 3.28674 -0.971792 -0.00365113 0.95148 -0.101637 -0.290439 0.0619946 0.987838 -0.142591 0.3014 0.117667 0.94621
35.540000 0.190837 -0.332166 1.02201 1.68218 0.785513 0.934703 2.74539 -0.867444 0.603895 0.944869 -0.113302 -0.307223 0.0522864 0.978396 -0.20002 0.323248 0.172929 0.930379
35.560000 0.218748 -0.31657 1.03517 1.34125 0.730813 0.59075 2.13601 -1.14994 0.656486 0.936824 -0.131725 -0.324052 0.0505287 0.967631 -0.247258 0.346133 0.215263 0.913156
35.580000 0.24226 -0.308677 1.0362 1.09888 0.153289 -0.23558 2.42882 -0.847999 1.54317 0.930181 -0.155364 -0.332603 0.0547622 0.954615 -0.292764 0.362993 0.25411 0.896473
35.600000 0.259222 -0.307806 1.03142 0.750069 -0.0673583 -0.152269 -1.08576 0.41817 0.44945 0.93087 -0.159081 -0.328899 0.0706637 0.961623 -0.265118 0.358452 0.223549 0.906388
35.620000 0.268526 -0.310225 1.03154 0.373667 -0.0945294 0.0369824 -0.527722 0.0834425 0.323308 0.932106 -0.165873 -0.321969 0.0821744 0.962634 -0.258037 0.35274 0.21406 0.910908
35.640000 0.273672 -0.310169 1.02899 0.232722 0.0261615 -0.157086 -0.69562 0.11267 -0.0515748 0.932649 -0.164358 -0.321172 0.0863497 0.966022 -0.243607 0.350298 0.199467 0.915153
35.660000 0.275355 -0.30814 1.02359 0.0718912 0.136396 -0.334881 -1.19194 0.834471 -0.0205217 0.937013 -0.160507 -0.310231 0.0922673 0.970359 -0.223362 0.336887 0.180669 0.924049
35.680000 0.273691 -0.305484 1.01539 -0.102643 0.114475 -0.40862 -1.57166 1.31442 -0.109672 0.945404 -0.153149 -0.287676 0.100214 0.97655 -0.190544 0.310112 0.151312 0.938582
35.700000 0.268126 -0.303847 1.00517 -0.247957 0.0570726 -0.52415 -2.01659 1.37339 -0.477765 0.954794 -0.140078 -0.262197 0.103667 0.983546 -0.147953 0.278608 0.114083 0.953605
35.720000 0.256449 -0.305872 0.995408 -0.59288 -0.16803 -0.492582 -2.35359 1.54851 -0.591937 0.964459 -0.123917 -0.233374 0.103498 0.989806 -0.097842 0.243119 0.0702108 0.967452
35.740000 0.236785 -0.311892 0.985192 -1.04465 -0.352157 -0.55537 -2.47378 1.78848 -0.694461 0.973996 -0.105939 -0.200273 0.0990484 0.994103 -0.0441459 0.203769 0.0231612 0.978745
35.760000 0.210064 -0.320579 0.972078 -1.30341 -0.456169 -0.678423 -2.68387 1.60705 -0.793251 0.982233 -0.0876777 -0.165927 0.0914531 0.995693 0.0152367 0.163877 -0.0301405 0.98602
35.780000 0.183288 -0.328277 0.957584 -1.12623 -0.168495 -1.02225 -3.92578 1.2427 -0.768538 0.987234 -0.0732626 -0.141425 0.0851657 0.993148 0.0800275 0.134593 -0.0910505 0.986709
35.800000 0.16203 -0.330917 0.940203 -1.03484 -0.161098 -0.540362 -1.27382 1.54897 -0.271215 0.991132 -0.0650556 -0.115867 0.0799436 0.988434 0.128868 0.106144 -0.136988 0.984869
35.820000 0.140482 -0.335003 0.941187 -1.09396 -0.254218 0.206408 -0.229342 0.646998 -0.389433 0.99349 -0.0637047 -0.0944373 0.0761678 0.987932 0.134862 0.0847063 -0.141177 0.986354
35.840000 0.123831 -0.339815 0.942412 -0.720088 -0.203461 0.0339101 -0.398267 -0.201696 -0.25868 0.993798 -0.058715 -0.0944388 0.0718541 0.987203 0.142366 0.0848712 -0.148269 0.985298
35.860000 0.11047 -0.347177 0.943725 -0.654712 -0.39448 0.0690973 -0.771372 -0.884521 -1.05643 0.993499 -0.0371786 -0.107596 0.0541458 0.985736 0.159351 0.100137 -0.164141 0.981341
35.880000 0.0982836 -0.356826 0.946134 -0.582572 -0.486147 0.113682 -0.133445 -0.796281 -1.24188 0.992815 -0.0105393 -0.119193 0.0302799 0.985821 0.165047 0.115763 -0.167471 0.979057
35.900000 0.0885408 -0.366449 0.947752 -0.467899 -0.475921 0.0934385 0.389381 -0.68951 -1.08638 0.99137 0.0142412 -0.130318 0.00696073 0.986961 0.160809 0.130909 -0.160328 0.978344
35.920000 0.0801145 -0.37436 0.948998 -0.388116 -0.359324 0.0469915 0.96279 -0.936231 -0.14594 0.989083 0.0227691 -0.145588 -0.00160189 0.989593 0.143883 0.147349 -0.142079 0.978827
35.940000 0.0760454 -0.381273 0.950256 -0.170529 -0.328065 0.0666661 1.80229 -0.775205 0.582463 0.986602 0.0151283 -0.16244 0.00236497 0.99426 0.106961 0.163126 -0.105912 0.980904
35.960000 0.0791256 -0.387412 0.956468 0.243476 -0.277893 0.352161 1.86489 -0.605118 0.879963 0.984217 -0.00346414 -0.176933 0.0147145 0.997948 0.0623129 0.176354 -0.0639328 0.982248
35.980000 0.0941163 -0.390216 0.969871 0.877558 -0.0610787 0.703477 2.36327 -0.642683 1.01443 0.981427 -0.0257845 -0.190094 0.0280791 0.999562 0.00938666 0.189769 -0.01455 0.981721
36.000000 0.120306 -0.385205 0.984222 1.37119 0.35419 0.694309 2.50584 -0.765607 1.35281 0.977551 -0.0521552 -0.204141 0.042986 0.997868 -0.0490987 0.206266 0.0392214 0.97771
36.020000 0.152056 -0.372651 1.00015 1.56717 0.656456 0.787506 2.70239 -0.622587 1.50543 0.972968 -0.08289 -0.215552 0.059581 0.991866 -0.11248 0.223122 0.0965967 0.969993
36.040000 0.182865 -0.356497 1.01329 1.49066 0.85716 0.622456 2.81348 -1.36557 1.26445 0.964965 -0.115018 -0.235827 0.0741779 0.98172 -0.175281 0.251676 0.151647 0.955857
36.060000 0.211744 -0.337559 1.02613 1.40807 0.958727 0.659174 2.51186 -1.1612 1.21975 0.956235 -0.143313 -0.255099 0.0836581 0.969354 -0.230986 0.280385 0.199535 0.93892
36.080000 0.235566 -0.31838 1.03407 1.14573 0.952662 0.360159 2.20407 -1.27787 1.15443 0.946382 -0.1712 -0.273957 0.0917124 0.955521 -0.280301 0.309759 0.240146 0.919989
36.100000 0.255702 -0.303949 1.03545 0.930672 0.493415 -0.167443 2.07561 -1.43703 1.4561 0.93584 -0.200866 -0.289579 0.101759 0.940689 -0.32365 0.337414 0.273418 0.900774
36.120000 0.269443 -0.299153 1.03378 0.645491 0.143897 -0.122016 -1.381 0.158551 0.588538 0.934316 -0.210411 -0.287716 0.121562 0.946884 -0.297715 0.335076 0.243184 0.910267
36.140000 0.277492 -0.297948 1.03053 0.337027 0.0524106 -0.167324 -0.522241 0.461712 0.485185 0.935867 -0.21796 -0.27685 0.135526 0.947942 -0.288166 0.325247 0.232164 0.916687
36.160000 0.281708 -0.297488 1.02546 0.194339 -0.00140694 -0.264322 0.134534 1.12006 0.519529 0.940067 -0.221971 -0.258848 0.143977 0.946509 -0.288776 0.309102 0.234201 0.921741
36.180000 0.283345 -0.295317 1.01691 0.0825578 0.133511 -0.490414 -1.85023 1.23609 -0.00780034 0.946703 -0.2162 -0.23877 0.152869 0.954042 -0.25775 0.283522 0.207512 0.936245
36.200000 0.280879 -0.291761 1.00367 -0.123917 0.182992 -0.728238 -2.42874 1.27208 -0.458219 0.955012 -0.203111 -0.216099 0.157824 0.964984 -0.209515 0.251087 0.165984 0.953627
36.220000 0.271832 -0.290549 0.990927 -0.461878 0.0114263 -0.638128 -2.51157 1.43415 -0.769778 0.96424 -0.183393 -0.191333 0.154808 0.975703 -0.155041 0.215118 0.119877 0.969203
36.240000 0.252692 -0.293224 0.980152 -0.986809 -0.167165 -0.541475 -2.68933 1.57093 -0.92869 0.973483 -0.160178 -0.163319 0.145966 0.984653 -0.0956698 0.176137 0.0692939 0.981924
36.260000 0.225223 -0.299931 0.967464 -1.34329 -0.399469 -0.662219 -2.85001 1.74341 -1.21242 0.98213 -0.135423 -0.130693 0.132298 0.990682 -0.0323496 0.133856 0.0144812 0.990895
36.280000 0.19522 -0.306788 0.949117 -1.34367 -0.189898 -1.24707 -4.26105 1.27845 -1.45705 0.988913 -0.107156 -0.102809 0.111842 0.992882 0.0409367 0.0976902 -0.0519811 0.993858
36.300000 0.16829 -0.310912 0.933476 -1.36791 -0.351501 -0.277091 0.57531 1.7301 -0.758531 0.993064 -0.0874231 -0.0786169 0.0936811 0.9924 0.0797871 0.0710441 -0.0865986 0.993707
36.320000 0.142556 -0.32414 0.93298 -1.20133 -0.76721 0.0222419 -0.16166 0.551396 -0.9097 0.995436 -0.0726863 -0.0618432 0.0773982 0.993979 0.0775541 0.0558337 -0.0819867 0.995068
36.340000 0.124323 -0.343726 0.936929 -0.826584 -1.03724 0.239795 -1.42361 -0.0789042 -1.08772 0.996887 -0.0513942 -0.0597848 0.0573343 0.993099 0.102305 0.0541143 -0.105415 0.992955
36.360000 0.110585 -0.363834 0.939258 -0.6452 -0.98195 0.0542593 -1.3769 -0.10579 -0.546107 0.997381 -0.0380384 -0.061516 0.0458391 0.990345 0.130827 0.0559456 -0.133305 0.989495
36.380000 0.0978803 -0.381749 0.938186 -0.629155 -0.805929 -0.160332 -1.25508 -0.725313 0.0877533 0.996823 -0.0355909 -0.0712537 0.0462735 0.986926 0.154391 0.0648272 -0.157197 0.985437
36.400000 0.0858409 -0.393713 0.933936 -0.610724 -0.361674 -0.3562 -1.66412 -0.48754 0.732682 0.995633 -0.0398615 -0.0844114 0.0544961 0.98236 0.178884 0.0757918 -0.182703 0.980242
36.420000 0.0781142 -0.401992 0.925702 -0.339413 -0.39788 -0.367339 1.6415 -0.580412 0.946973 0.993461 -0.056859 -0.0990064 0.0713795 0.986118 0.14992 0.0891076 -0.156007 0.983728
36.440000 0.0786349 -0.408263 0.920813 0.140953 -0.272229 -0.152043 2.28532 -0.730644 0.790361 0.990531 -0.0735725 -0.115912 0.085042 0.991613 0.0973262 0.107779 -0.106262 0.98848
36.460000 0.0932668 -0.411054 0.921292 0.902469 -0.0809802 0.0270465 3.55032 -1.07592 0.912331 0.986207 -0.0921977 -0.137461 0.096541 0.995008 0.0252579 0.134446 -0.0381801 0.990185
36.480000 0.120779 -0.404666 0.937879 1.41336 0.38302 0.806521 3.52406 -0.473602 0.546152 0.9838 -0.102945 -0.146767 0.0974079 0.994252 -0.0444458 0.150499 0.0294294 0.988172
36.500000 0.155322 -0.394052 0.957165 1.66004 0.567992 0.973813 3.45488 -0.553211 0.650705 0.980477 -0.118593 -0.156845 0.100395 0.987772 -0.119279 0.169072 0.101204 0.980394
36.520000 0.194542 -0.379827 0.977745 1.90439 0.772576 1.0163 2.95904 -0.507174 0.861007 0.97685 -0.137439 -0.163931 0.106733 0.977244 -0.183306 0.185395 0.161566 0.969291
36.540000 0.233115 -0.363794 0.996158 1.81295 0.778024 0.858075 2.51052 -0.67683 1.05803 0.972262 -0.158678 -0.171835 0.115352 0.964417 -0.237896 0.203469 0.211476 0.95597
36.560000 0.261307 -0.345544 1.00447 1.3069 0.952327 0.318192 2.53612 -1.4229 1.03238 0.963836 -0.185136 -0.191691 0.124618 0.948916 -0.289876 0.235565 0.255505 0.937671
36.580000 0.285284 -0.323691 1.01221 1.20905 1.18873 0.524781 0.428584 -0.697995 0.398504 0.956857 -0.204685 -0.206227 0.131623 0.938101 -0.320376 0.259038 0.27941 0.92457
36.600000 0.303815 -0.3073 1.01765 0.722505 0.529175 0.0886333 -0.276456 -0.0942389 1.19979 0.953337 -0.221428 -0.20523 0.145438 0.932522 -0.330531 0.26457 0.285259 0.921211
36.620000 0.313688 -0.302912 1.0167 0.465451 0.15528 -0.155972 -0.476542 0.281834 0.976492 0.950888 -0.241664 -0.193417 0.169093 0.928941 -0.329357 0.259267 0.280477 0.924183
36.640000 0.317555 -0.300186 1.0128 0.154769 0.12756 -0.219244 -0.736004 0.17042 0.463673 0.949369 -0.251861 -0.187789 0.184137 0.930399 -0.316939 0.254544 0.266313 0.929669
36.660000 0.318442 -0.297813 1.00812 0.015078 0.119498 -0.245377 -1.21529 0.408091 0.223463 0.950058 -0.25484 -0.180129 0.195068 0.935486 -0.294642 0.243594 0.24479 0.938477
36.680000 0.315834 -0.294078 1.00104 -0.166052 0.191304 -0.374771 -1.99322 0.424834 -0.161309 0.952298 -0.250621 -0.174118 0.201955 0.945314 -0.256117 0.228785 0.208735 0.950835
36.700000 0.305609 -0.291887 0.997015 -0.571011 0.080655 -0.178135 -1.84882 0.670163 -0.328769 0.956139 -0.243081 -0.163432 0.205707 0.954447 -0.216138 0.208527 0.173039 0.962587
36.720000 0.285129 -0.293103 0.996948 -1.10971 -0.120218 0.0338291 -2.12558 0.751039 -0.751881 0.961854 -0.226721 -0.153085 0.20002 0.964605 -0.171837 0.186625 0.134663 0.973158
36.740000 0.253237 -0.299535 0.998088 -1.64038 -0.369086 0.0344151 -2.59058 0.59895 -1.51094 0.969706 -0.196435 -0.145203 0.180768 0.97686 -0.114311 0.164298 0.0845999 0.982776
36.760000 0.215284 -0.311721 0.99549 -1.81543 -0.6583 -0.142933 -2.56429 0.617003 -2.23624 0.979019 -0.152224 -0.135463 0.146252 0.987824 -0.0530565 0.14189 0.0321315 0.989361
36.780000 0.179652 -0.329661 0.990612 -1.66067 -0.90911 -0.300999 -2.64236 0.355374 -2.3205 0.98622 -0.102566 -0.129809 0.104441 0.994501 0.00770007 0.128305 -0.0211514 0.991509
36.800000 0.151852 -0.348219 0.98177 -1.22565 -0.843575 -0.530522 -2.39895 0.449984 -1.98309 0.990945 -0.0607451 -0.119741 0.0683675 0.995817 0.0606091 0.115559 -0.0682467 0.990953
36.820000 0.131634 -0.363791 0.973371 -0.946939 -0.720771 -0.361164 -1.96379 -0.0823668 -1.65098 0.993066 -0.0258967 -0.114672 0.0379669 0.993815 0.10436 0.11126 -0.10799 0.987907
36.840000 0.117379 -0.377011 0.963607 -0.697089 -0.633686 -0.522104 -2.04477 -0.110243 -1.17458 0.993543 0.000460824 -0.113453 0.0163479 0.988974 0.147181 0.112269 -0.148086 0.982581
36.860000 0.102572 -0.390103 0.957491 -0.768638 -0.66793 -0.174384 -0.290406 0.639652 -0.543824 0.994413 0.0128186 -0.104777 0.00489876 0.985925 0.167114 0.105444 -0.166693 0.980354
36.880000 0.0878045 -0.402697 0.954031 -0.674697 -0.571464 -0.18639 0.188371 0.238067 -0.202284 0.994903 0.0179907 -0.0992144 -0.00154678 0.986561 0.163384 0.10082 -0.162398 0.981561
36.900000 0.0754807 -0.413054 0.950759 -0.613286 -0.53756 -0.105735 0.786743 0.128701 0.118118 0.995164 0.0168431 -0.0967729 -0.00198154 0.988431 0.151657 0.0982077 -0.150732 0.983684
36.920000 0.0684792 -0.420884 0.948262 -0.285065 -0.366829 -0.10153 0.698126 -0.201441 0.534281 0.994851 0.00782046 -0.101046 0.00605939 0.990645 0.136329 0.101167 -0.136239 0.985497
36.940000 0.0678597 -0.427726 0.947313 0.0528863 -0.2959 -0.0661851 1.33869 -0.660624 0.63511 0.993559 -0.00454939 -0.113227 0.0170394 0.993831 0.109588 0.11203 -0.110811 0.987507
36.960000 0.0762189 -0.4338 0.950934 0.517754 -0.292394 0.212706 1.61178 -0.530867 0.757172 0.991847 -0.0202416 -0.125813 0.0297416 0.996808 0.074095 0.123912 -0.0772328 0.989283
36.980000 0.0931256 -0.439365 0.959839 0.950849 -0.245263 0.466891 1.63206 -0.411685 0.754257 0.990058 -0.034929 -0.136257 0.0402928 0.99851 0.0368077 0.134768 -0.0419319 0.98999
37.000000 0.119948 -0.44122 0.971921 1.32698 -0.0388536 0.59061 2.16552 -0.526108 0.881081 0.987683 -0.0539349 -0.146879 0.0529965 0.998542 -0.0102974 0.147221 0.00238652 0.989101
37.020000 0.156097 -0.438558 0.985561 1.78643 0.176282 0.67737 2.58721 -0.315505 1.11559 0.984846 -0.0782166 -0.154793 0.0681346 0.995259 -0.0694068 0.159488 0.0578083 0.985506
37.040000 0.194751 -0.429935 1.00132 1.86314 0.456803 0.769058 2.9452 -0.0190995 1.42509 0.982244 -0.106032 -0.154769 0.0851124 0.987039 -0.136052 0.167189 0.120464 0.978538
37.060000 0.231722 -0.419328 1.01491 1.84637 0.557058 0.667446 2.63515 -0.215096 1.15754 0.978924 -0.132446 -0.155453 0.101081 0.975639 -0.194709 0.177455 0.174891 0.968464
37.080000 0.26611 -0.40529 1.02556 1.73478 0.736918 0.567895 2.16207 -0.128716 0.746739 0.975795 -0.150026 -0.15911 0.108826 0.964215 -0.241757 0.189686 0.21859 0.957203
37.100000 0.294806 -0.388624 1.03212 1.37309 0.841868 0.330563 1.816 -0.183045 0.84466 0.972949 -0.165389 -0.161295 0.115744 0.953222 -0.279235 0.199932 0.253012 0.946579
37.120000 0.315493 -0.372563 1.03658 0.940891 0.790583 0.160906 1.52754 0.120912 1.27615 0.970469 -0.187161 -0.152189 0.132396 0.940636 -0.312531 0.201648 0.283152 0.937637
37.140000 0.329247 -0.355795 1.03245 0.687203 0.836097 -0.274318 1.36927 -0.0448178 1.07584 0.966861 -0.209579 -0.145794 0.149624 0.927874 -0.341558 0.206862 0.308425 0.928484
37.160000 0.341122 -0.341754 1.02289 0.534527 0.548843 -0.667424 1.40047 0.325034 1.15508 0.964848 -0.226033 -0.134077 0.164261 0.916914 -0.363712 0.205148 0.328904 0.921812
37.180000 0.349952 -0.331559 1.00731 0.39943 0.499891 -0.800091 -1.18305 0.514702 0.770479 0.963547 -0.238131 -0.121944 0.183095 0.919279 -0.348428 0.195072 0.3134 0.929369
37.200000 0.352205 -0.323829 0.995097 0.0100612 0.279288 -0.427234 -1.57328 0.353752 0.255692 0.963853 -0.242116 -0.111209 0.197333 0.92916 -0.312605 0.179018 0.27936 0.943351
37.220000 0.345026 -0.318072 0.99019 -0.459317 0.25072 -0.17465 -2.01575 0.177478 0.153937 0.96367 -0.244916 -0.106563 0.209154 0.940093 -0.269219 0.166115 0.237151 0.957165
37.240000 0.327492 -0.313924 0.987966 -0.892801 0.193556 -0.141898 -2.26468 0.366757 0.0342914 0.964567 -0.244224 -0.0998286 0.217513 0.950236 -0.223022 0.149328 0.193406 0.969688
37.260000 0.302172 -0.313812 0.986915 -1.23874 -0.0322726 -0.0633643 -2.56136 0.507012 -0.375809 0.967402 -0.236169 -0.0914173 0.218701 0.961115 -0.168605 0.127682 0.143116 0.981435
37.280000 0.270624 -0.317556 0.984888 -1.5037 -0.22037 -0.142945 -2.99203 0.922937 -1.21739 0.973409 -0.214786 -0.0796411 0.206048 0.972858 -0.10532 0.100101 0.0861098 0.991244
37.300000 0.236681 -0.327413 0.983095 -1.68183 -0.564158 -0.106734 -2.38498 0.833351 -1.58426 0.981209 -0.181676 -0.0649772 0.178271 0.982449 -0.05489 0.073809 0.042275 0.996376
37.320000 0.201612 -0.341987 0.97925 -1.68908 -0.756294 -0.209754 -2.33167 0.438412 -1.7024 0.987746 -0.146277 -0.0544233 0.146162 0.989242 -0.00610684 0.0547311 -0.00192261 0.998499
37.340000 0.171927 -0.357719 0.971724 -1.41152 -0.721341 -0.498538 -2.75223 -0.0433025 -1.46414 0.992006 -0.114897 -0.0521712 0.11735 0.991993 0.0466788 0.0463903 -0.052428 0.997547
37.360000 0.149358 -0.37316 0.961186 -1.05214 -0.776892 -0.54899 -2.61705 -0.401198 -1.51673 0.994827 -0.0840891 -0.0570012 0.089536 0.990858 0.100918 0.047994 -0.1055 0.99326
37.380000 0.133741 -0.385634 0.953933 -0.681731 -0.59381 -0.318215 0.0769174 0.09722 -0.692299 0.996058 -0.0716661 -0.052264 0.0765634 0.992171 0.0986638 0.044784 -0.102276 0.993747
37.400000 0.125305 -0.398759 0.949793 -0.35639 -0.668012 -0.181033 -0.278597 -0.538663 -1.15088 0.997127 -0.0489416 -0.0578076 0.0547366 0.993139 0.103335 0.0523537 -0.106202 0.992965
37.420000 0.120493 -0.41303 0.946874 -0.179439 -0.730766 -0.122414 -0.480434 -0.892393 -0.948271 0.996942 -0.0292547 -0.0724626 0.0372363 0.993081 0.11137 0.0687031 -0.113728 0.991134
37.440000 0.118302 -0.424152 0.94378 -0.145252 -0.492625 -0.182266 -0.1998 -0.981549 0.152588 0.995549 -0.0238875 -0.0911713 0.0345856 0.992455 0.117629 0.0876735 -0.120259 0.988864
37.460000 0.118038 -0.434505 0.943062 0.0136975 -0.495072 -0.022445 0.932918 -0.996769 0.654313 0.992989 -0.0336438 -0.113316 0.0444482 0.994559 0.0942127 0.109529 -0.0985889 0.989082
37.480000 0.12405 -0.441715 0.941265 0.35153 -0.34479 -0.100184 2.10304 -1.40191 1.1695 0.988085 -0.056117 -0.143316 0.0635538 0.996831 0.0478478 0.140176 -0.0563859 0.98852
37.500000 0.137564 -0.439517 0.953201 0.748981 0.210766 0.538793 2.31018 -0.651651 0.338296 0.985549 -0.0636745 -0.15697 0.065169 0.997865 0.0043873 0.156356 -0.0145535 0.987594
37.520000 0.160184 -0.430532 0.965588 1.14616 0.480616 0.590093 3.30769 -0.816657 0.514365 0.982266 -0.075962 -0.171417 0.0663608 0.995925 -0.0610699 0.175358 0.0486115 0.983304
37.540000 0.189676 -0.4178 0.979891 1.45672 0.663127 0.737252 3.09197 -0.747231 0.543011 0.978143 -0.0907161 -0.1871 0.0667218 0.989163 -0.130784 0.196936 0.115442 0.973596
37.560000 0.220463 -0.402274 0.994116 1.4753 0.791475 0.688424 2.85994 -1.03235 0.783309 0.97293 -0.109104 -0.203722 0.0694464 0.978826 -0.192555 0.220417 0.173195 0.959906
37.580000 0.247956 -0.385314 1.00639 1.29549 0.859468 0.594838 2.45842 -1.15756 1.03037 0.965973 -0.133465 -0.221549 0.0768038 0.965957 -0.247037 0.246977 0.221615 0.943339
37.600000 0.273078 -0.366088 1.02026 1.2668 1.0227 0.826308 1.38666 -0.505248 0.856555 0.959937 -0.15691 -0.232163 0.0867394 0.954215 -0.28627 0.266452 0.254664 0.929597
37.620000 0.298801 -0.345289 1.03382 1.29043 1.01941 0.631928 1.27678 -0.574775 0.456932 0.956012 -0.170926 -0.23838 0.0909083 0.945315 -0.313235 0.278884 0.277785 0.919271
37.640000 0.318722 -0.331545 1.03723 0.761818 0.370338 -0.223727 1.9089 -0.752747 1.274 0.951264 -0.188361 -0.244165 0.0967231 0.934066 -0.343753 0.292816 0.303383 0.906762
37.660000 0.329174 -0.326976 1.03254 0.45742 0.179323 -0.245383 -1.13603 0.0677878 0.470668 0.950192 -0.197342 -0.241227 0.11329 0.939753 -0.322537 0.290344 0.279143 0.915303
37.680000 0.333388 -0.326295 1.02787 0.166127 0.00169829 -0.24122 -0.702211 0.33909 0.24585 0.950993 -0.201123 -0.234867 0.123108 0.943036 -0.309075 0.28365 0.265014 0.92158
37.700000 0.333365 -0.325605 1.02344 -0.0433149 0.0411463 -0.224057 -1.01046 0.550155 -0.00700781 0.953429 -0.199356 -0.226343 0.129022 0.947869 -0.291373 0.27263 0.2486 0.929447
37.720000 0.329654 -0.323366 1.01536 -0.168155 0.139772 -0.492227 -2.25653 1.16099 -0.20631 0.95947 -0.189714 -0.208388 0.135356 0.95882 -0.249686 0.247175 0.21136 0.945638
37.740000 0.320133 -0.322729 1.00626 -0.478334 -0.0100622 -0.449214 -2.18716 1.5592 -0.504113 0.96823 -0.173256 -0.180314 0.135651 0.969672 -0.203311 0.21007 0.172392 0.962368
37.760000 0.303774 -0.325659 0.998326 -0.810281 -0.204604 -0.370831 -2.43325 1.50073 -0.923644 0.976589 -0.150281 -0.153915 0.127426 0.980602 -0.148936 0.173312 0.125836 0.976795
37.780000 0.280176 -0.333191 0.99009 -1.16539 -0.462304 -0.403242 -2.77942 1.38314 -1.36631 0.984483 -0.120789 -0.127289 0.110056 0.99 -0.0882441 0.136675 0.0728659 0.987932
37.800000 0.250906 -0.342235 0.981886 -1.30383 -0.313636 -0.544517 -3.49572 1.41199 -0.893904 0.989737 -0.0981585 -0.103855 0.0965533 0.995119 -0.020385 0.105349 0.0101482 0.994384
37.820000 0.223669 -0.349083 0.972607 -1.28783 -0.242478 -0.460321 -2.43252 0.892937 -1.00559 0.993479 -0.0771399 -0.0839625 0.0801186 0.996249 0.0326992 0.0811251 -0.0392129 0.995932
37.840000 0.19825 -0.35322 0.964185 -1.27796 -0.245792 -0.419884 -2.74321 -0.162159 -1.25643 0.995407 -0.0535582 -0.079356 0.0603655 0.994463 0.0860242 0.0743093 -0.0904194 0.993128
37.860000 0.175791 -0.363802 0.958084 -1.05084 -0.634565 -0.159814 -0.363755 0.206745 -1.42836 0.996802 -0.0235798 -0.0763545 0.0325109 0.99249 0.117926 0.0730004 -0.120032 0.990083
37.880000 0.157405 -0.380102 0.957721 -0.871564 -0.859844 0.00610888 -0.422693 0.422348 -1.20019 0.997912 -0.000432316 -0.0645859 0.00855711 0.992047 0.125575 0.064018 -0.125865 0.98998
37.900000 0.142562 -0.397206 0.957853 -0.690053 -0.815041 -0.0140482 -0.682865 0.230311 -0.751139 0.998251 0.0171628 -0.0565805 -0.00915223 0.990263 0.138908 0.0584136 -0.138147 0.988688
37.920000 0.129987 -0.41076 0.957182 -0.614152 -0.679724 -0.0468299 -0.727857 -0.409521 -0.443125 0.997538 0.0275424 -0.0644951 -0.0173827 0.988059 0.153091 0.0679415 -0.151593 0.986105
37.940000 0.11914 -0.421912 0.951017 -0.515977 -0.584096 -0.294751 0.843147 -0.600181 0.0493459 0.996739 0.0278909 -0.0757141 -0.0168704 0.989655 0.14247 0.0789045 -0.140728 0.986899
37.960000 0.112036 -0.430414 0.945711 -0.28689 -0.396779 -0.232317 1.16145 -0.73859 0.865805 0.995677 0.0142595 -0.0917785 -0.00341842 0.993101 0.117212 0.0928167 -0.116391 0.988857
37.980000 0.110764 -0.436982 0.943664 -0.018155 -0.294761 -0.0442493 1.43341 -0.699596 1.15098 0.993894 -0.00791152 -0.110052 0.0170982 0.996421 0.0827845 0.109003 -0.0841608 0.990472
38.000000 0.117777 -0.441919 0.944828 0.449482 -0.22615 0.0635836 1.82797 -0.818043 1.12245 0.99125 -0.0318488 -0.128101 0.0374519 0.998433 0.0415708 0.126577 -0.0460047 0.990889
38.020000 0.135685 -0.443831 0.953438 0.938392 0.0103622 0.621057 1.79718 -0.307572 0.647321 0.988537 -0.0528765 -0.14142 0.0528566 0.998594 -0.00389929 0.141427 -0.0036204 0.989942
38.040000 0.161662 -0.440234 0.969204 1.25979 0.245096 0.755423 2.59174 -0.227294 0.828814 0.98679 -0.0702177 -0.145995 0.0622769 0.996356 -0.058273 0.149555 0.0484111 0.987568
38.060000 0.194033 -0.432017 0.98573 1.58699 0.491187 0.841282 2.75432 -0.205893 1.02347 0.984316 -0.0925489 -0.150188 0.0749765 0.990092 -0.118727 0.159688 0.105604 0.981503
38.080000 0.228256 -0.420478 1.00227 1.65252 0.584925 0.800778 2.46523 -0.0643373 1.31119 0.981664 -0.118856 -0.149024 0.0921497 0.980279 -0.174817 0.166864 0.157879 0.973258
38.100000 0.261106 -0.407338 1.01598 1.57631 0.66237 0.63833 2.08351 -0.0518567 1.37971 0.978632 -0.145363 -0.145425 0.110923 0.968744 -0.221881 0.173133 0.201008 0.964168
38.120000 0.288659 -0.392174 1.02412 1.32221 0.771581 0.398766 1.85004 -0.0805135 1.39716 0.974655 -0.17163 -0.143497 0.1297 0.956136 -0.262644 0.18228 0.237376 0.954163
38.140000 0.310212 -0.375678 1.02898 0.954145 0.8429 0.12771 1.68331 -0.0573893 1.50305 0.970521 -0.199741 -0.134877 0.152503 0.942278 -0.298084 0.186631 0.268728 0.944962
38.160000 0.324624 -0.358579 1.02888 0.648163 0.845108 -0.0647748 1.76125 0.405784 1.67417 0.966514 -0.227664 -0.118407 0.17707 0.925647 -0.334402 0.185734 0.302237 0.934963
38.180000 0.330709 -0.341956 1.02477 0.229002 0.833093 -0.219564 1.57657 0.605465 1.78079 0.962091 -0.255076 -0.0965235 0.203666 0.907347 -0.367751 0.181385 0.334152 0.924901
38.200000 0.329065 -0.326555 1.02028 -0.176434 0.699031 -0.254208 0.25527 0.416929 2.21966 0.954844 -0.288385 -0.0714618 0.241262 0.89298 -0.379973 0.173392 0.345574 0.922233
38.220000 0.318334 -0.313343 1.01825 -0.602986 0.571993 -0.0897845 -0.681978 0.249507 1.72565 0.94578 -0.320649 -0.0518167 0.280405 0.886543 -0.367987 0.163932 0.333505 0.928386
38.240000 0.302423 -0.30554 1.01373 -0.840381 0.360299 -0.190171 -2.00148 0.100256 0.364188 0.942933 -0.330015 -0.0443587 0.297763 0.895312 -0.331292 0.149046 0.299177 0.942485
38.260000 0.278938 -0.301501 1.01224 -1.19889 0.12897 -0.0389921 -2.4297 -0.0838314 -0.593012 0.945712 -0.321388 -0.0483698 0.29584 0.912875 -0.281313 0.134566 0.251732 0.958396
38.280000 0.24621 -0.306925 1.01205 -1.57824 -0.357274 0.0165031 -3.30792 -0.190233 -1.3234 0.951913 -0.301007 -0.0570696 0.282993 0.935257 -0.212624 0.117376 0.186249 0.975466
38.300000 0.210237 -0.319556 1.0113 -1.75079 -0.648795 -0.0789472 -3.06163 0.0739031 -1.78548 0.9613 -0.268072 -0.0635624 0.257114 0.955808 -0.14256 0.0989699 0.120701 0.987743
38.320000 0.174111 -0.337012 1.00978 -1.76349 -0.897004 -0.0946872 -2.56798 0.0606981 -1.91293 0.971004 -0.229502 -0.0669297 0.223557 0.9709 -0.0858806 0.0846917 0.0684278 0.994055
38.340000 0.141386 -0.35672 1.00615 -1.59219 -1.00162 -0.21352 -2.27473 -0.0048875 -1.57992 0.978169 -0.196053 -0.0689137 0.193921 0.98034 -0.0364288 0.0747009 0.0222696 0.996957
38.360000 0.112504 -0.377227 1.00006 -1.40021 -1.02286 -0.344532 -2.04385 -0.100305 -1.23481 0.982761 -0.170406 -0.0717083 0.171381 0.985175 0.00762873 0.0693452 -0.0197867 0.997396
38.380000 0.0866119 -0.396485 0.990837 -1.24611 -0.934515 -0.572876 -2.34552 -0.699418 -1.49793 0.985921 -0.145237 -0.0828579 0.149933 0.987245 0.0535582 0.0740223 -0.0652273 0.995121
38.400000 0.0672448 -0.414337 0.970809 -0.889957 -0.799859 -1.18356 -3.22312 -0.780533 -1.73129 0.989694 -0.109383 -0.0924214 0.119507 0.986469 0.112232 0.0788946 -0.122121 0.989375
38.420000 0.0545491 -0.43475 0.961938 -0.544449 -1.028 -0.330259 -0.483297 -0.306359 -1.02303 0.99156 -0.0875829 -0.0955952 0.0989362 0.98767 0.121325 0.0837905 -0.129759 0.987999
38.440000 0.0483256 -0.452176 0.957187 -0.198515 -0.815727 -0.17219 -0.415671 -1.10676 -0.14415 0.990839 -0.0780993 -0.110171 0.0922814 0.987193 0.130134 0.0985971 -0.139108 0.985357
38.460000 0.0448452 -0.466969 0.953549 -0.177597 -0.69618 -0.181172 -0.398966 -0.963321 0.204449 0.988202 -0.0778273 -0.131907 0.0951593 0.986852 0.130642 0.120006 -0.141653 0.982615
38.480000 0.0442244 -0.474798 0.9536 -0.0398205 -0.276868 0.22883 -0.753498 -0.298188 0.508173 0.985354 -0.0887773 -0.145587 0.108942 0.984568 0.136957 0.131182 -0.150811 0.97982
38.500000 0.0451206 -0.47811 0.963562 0.0908036 -0.11381 0.532664 0.837225 -0.179564 0.774513 0.983012 -0.104079 -0.151176 0.123554 0.984342 0.125722 0.135724 -0.142264 0.980479
38.520000 0.052399 -0.47674 0.973342 0.452333 0.126031 0.47251 1.59997 -0.0640014 0.519017 0.981342 -0.114504 -0.154454 0.129725 0.987241 0.0923353 0.141911 -0.110649 0.983676
38.540000 0.0681682 -0.470657 0.984814 0.800315 0.333066 0.555869 1.89663 0.0171293 0.982871 0.978838 -0.133015 -0.15551 0.142353 0.988527 0.0504872 0.14701 -0.0715561 0.986543
38.560000 0.089812 -0.461414 0.997429 1.00199 0.474893 0.598575 2.32279 0.138372 1.3332 0.975209 -0.158797 -0.154112 0.160473 0.987039 -0.0015781 0.152365 -0.0231919 0.988052
38.580000 0.116034 -0.449813 1.00961 1.21618 0.598784 0.562731 2.66178 0.238083 1.73387 0.969635 -0.193258 -0.149866 0.185803 0.980605 -0.0623747 0.159014 0.032635 0.986737
38.600000 0.141388 -0.436971 1.01975 1.14667 0.629271 0.457232 2.65071 0.376323 2.09465 0.962272 -0.233659 -0.13941 0.217137 0.96823 -0.124027 0.163961 0.089077 0.982437
38.620000 0.161252 -0.423409 1.02733 0.887358 0.706142 0.350648 2.46241 0.551799 2.28013 0.953179 -0.276485 -0.122502 0.252508 0.950575 -0.180682 0.166403 0.14129 0.975883
38.640000 0.172632 -0.409809 1.03224 0.432061 0.662136 0.211663 2.0163 0.610298 2.3764 0.942255 -0.319377 -0.100768 0.290591 0.929278 -0.228034 0.16647 0.185583 0.968425
38.660000 0.173925 -0.397639 1.03536 -0.0478742 0.58937 0.131656 1.56194 0.523435 2.39922 0.929178 -0.361225 -0.0783953 0.329926 0.906124 -0.26474 0.166667 0.220126 0.961128
38.680000 0.167881 -0.386005 1.03667 -0.355619 0.586709 0.0428587 1.06415 0.533676 2.61289 0.912965 -0.404411 -0.0542814 0.37311 0.881249 -0.290153 0.165176 0.244647 0.95544
38.700000 0.156969 -0.373819 1.03621 -0.556307 0.619898 -0.0556946 0.584298 0.577929 2.63862 0.89381 -0.447568 -0.0280561 0.418792 0.855444 -0.304679 0.160365 0.260575 0.952042
38.720000 0.147639 -0.360825 1.03279 -0.452379 0.630077 -0.194846 0.450708 0.556204 2.00979 0.876881 -0.480666 -0.0063822 0.455087 0.834347 -0.311063 0.154842 0.269861 0.950368
38.740000 0.137326 -0.350721 1.03032 -0.533699 0.455613 -0.129205 -0.499463 -0.0129415 0.753747 0.869063 -0.4947 -0.000554954 0.471505 0.828654 -0.301689 0.149706 0.261925 0.953406
38.760000 0.124894 -0.348975 1.02815 -0.619811 -0.0606068 -0.0953376 -0.876974 -0.168223 -0.125502 0.868317 -0.495984 -0.00513613 0.474544 0.833707 -0.282382 0.144339 0.24276 0.959288
38.780000 0.107676 -0.357043 1.02775 -0.866624 -0.502679 0.00151717 -1.51148 -0.662808 -0.742189 0.872669 -0.48781 -0.0221422 0.467221 0.8473 -0.25256 0.141962 0.210056 0.967328
38.800000 0.0848725 -0.371004 1.02733 -1.16416 -0.686057 -0.0017381 -1.78275 -0.913974 -1.54362 0.882141 -0.468542 -0.0479012 0.449011 0.867327 -0.214786 0.142183 0.167964 0.975486
38.820000 0.0579487 -0.387482 1.02565 -1.28592 -0.82522 -0.11035 -2.15654 -1.0276 -1.8442 0.89569 -0.438164 -0.0758395 0.421602 0.890994 -0.168467 0.141389 0.11892 0.982785
38.840000 0.0322681 -0.402438 1.0206 -1.20006 -0.705873 -0.290271 -2.18571 -1.06093 -1.94257 0.908366 -0.405416 -0.102519 0.393339 0.911571 -0.119676 0.141972 0.0683851 0.987506
38.860000 0.0110251 -0.413065 1.01265 -1.0323 -0.430081 -0.446652 -2.13285 -1.04381 -1.70824 0.919 -0.373286 -0.126876 0.36659 0.927479 -0.0734498 0.145092 0.020989 0.989195
38.880000 -0.00652775 -0.418694 1.00208 -0.873287 -0.197333 -0.604586 -1.92009 -1.28337 -1.64266 0.927047 -0.342957 -0.151538 0.342414 0.939054 -0.0304965 0.152761 -0.023617 0.987981
38.900000 -0.0215937 -0.421403 0.992306 -0.699569 -0.0743041 -0.451591 -1.64139 -0.843651 -1.35827 0.934258 -0.31325 -0.170402 0.3197 0.947454 0.0111058 0.157969 -0.0648532 0.985312
38.920000 -0.0348065 -0.422003 0.983204 -0.626727 -0.00522553 -0.470009 -1.66094 -0.57401 -1.25732 0.940425 -0.287262 -0.18188 0.300497 0.952505 0.0493533 0.159064 -0.101068 0.982081
38.940000 -0.0463171 -0.421514 0.972373 -0.528413 0.0269532 -0.578695 -1.6923 -0.618608 -1.37777 0.946193 -0.2608 -0.191581 0.281186 0.955624 0.0878463 0.160169 -0.136989 0.977538
38.960000 -0.0534745 -0.420494 0.957159 -0.309223 0.0401317 -0.79971 -1.90937 -0.825913 -1.32694 0.951016 -0.232229 -0.204054 0.2614 0.956471 0.129744 0.165042 -0.176728 0.970324
38.980000 -0.0560605 -0.41857 0.93945 -0.0952847 0.103035 -0.91723 -2.08366 -0.874981 -1.13284 0.954068 -0.206226 -0.217314 0.245644 0.95373 0.173375 0.171505 -0.218793 0.960581
39.000000 -0.0583552 -0.423864 0.931143 -0.123262 -0.314146 -0.281286 1.02809 0.254655 -0.251678 0.95604 -0.200478 -0.214 0.236178 0.958988 0.156725 0.173804 -0.200377 0.964179
39.020000 -0.0597713 -0.429839 0.933491 -0.0323052 -0.274453 0.179884 0.693066 0.496157 -0.0142891 0.958453 -0.200943 -0.202459 0.231555 0.962575 0.140826 0.166584 -0.181855 0.969112
39.040000 -0.0565935 -0.432701 0.940259 0.209828 -0.12136 0.35936 0.762883 0.145873 0.167529 0.958172 -0.206403 -0.198252 0.233569 0.96428 0.124937 0.165383 -0.166017 0.972156
39.060000 -0.0467887 -0.430574 0.950745 0.570808 0.171173 0.548338 0.981049 -0.096113 0.433007 0.956204 -0.214092 -0.199596 0.237729 0.965869 0.102872 0.170759 -0.145816 0.974463
39.080000 -0.0293603 -0.422535 0.962444 0.921576 0.427891 0.531083 1.55938 0.118258 0.364874 0.95421 -0.222803 -0.199603 0.240776 0.968016 0.0705125 0.177509 -0.115343 0.977336
39.100000 -0.00471567 -0.410497 0.974494 1.25645 0.643447 0.587552 2.02993 0.0361044 0.559447 0.951416 -0.23543 -0.198443 0.245468 0.969022 0.0272379 0.185883 -0.074626 0.979734
39.120000 0.02684 -0.39284 0.986906 1.55899 0.926956 0.593382 2.59259 -0.0894662 0.453865 0.948688 -0.246143 -0.198506 0.245721 0.96896 -0.0271539 0.199028 -0.0230164 0.979723
39.140000 0.0614382 -0.371569 1.00129 1.64993 1.08062 0.660023 2.74781 0.218795 0.688005 0.946136 -0.260844 -0.1918 0.24837 0.964762 -0.0868694 0.207701 0.0345529 0.977582
39.160000 0.0941425 -0.347866 1.01348 1.56955 1.18506 0.633579 2.6856 0.328373 0.908287 0.942487 -0.277602 -0.186162 0.25265 0.956331 -0.146966 0.218831 0.0914796 0.971465
39.180000 0.121678 -0.323911 1.02289 1.37591 1.20878 0.470813 2.32718 0.150281 1.03424 0.93765 -0.29717 -0.180285 0.261259 0.944671 -0.198347 0.229253 0.138879 0.963409
39.200000 0.147615 -0.300322 1.0299 1.29499 1.17656 0.363481 1.94475 0.085087 0.917726 0.932936 -0.313788 -0.176543 0.268102 0.932739 -0.241079 0.240316 0.17758 0.954313
39.220000 0.171579 -0.277856 1.03526 1.16563 1.11091 0.197197 1.51303 0.278492 0.936642 0.929109 -0.330606 -0.165697 0.27851 0.920336 -0.274615 0.243286 0.208999 0.94717
39.240000 0.191984 -0.257273 1.03447 0.9911 0.949713 -0.100729 1.3385 0.477643 1.02364 0.925543 -0.346107 -0.153559 0.289591 0.908319 -0.301816 0.243941 0.234875 0.940918
39.260000 0.209849 -0.2431 1.0259 0.862079 0.537792 -0.692356 2.04644 1.04478 1.64583 0.921758 -0.365501 -0.129506 0.3063 0.891102 -0.334841 0.237788 0.268974 0.933333
39.280000 0.223476 -0.232893 1.00884 0.619155 0.47436 -0.828732 0.0471744 0.734625 0.918081 0.918703 -0.379543 -0.109233 0.323867 0.882263 -0.341645 0.226041 0.278494 0.93346
39.300000 0.229938 -0.223372 0.991993 0.22429 0.473336 -0.796382 -2.49501 0.335662 0.583781 0.916813 -0.38682 -0.0991187 0.342931 0.889881 -0.30085 0.204578 0.241832 0.948507
39.320000 0.227095 -0.215066 0.978949 -0.244763 0.376193 -0.579466 -2.10989 0.280763 0.28654 0.915094 -0.392175 -0.0938205 0.358867 0.89815 -0.25405 0.183897 0.198811 0.96263
39.340000 0.212493 -0.212425 0.972131 -0.862258 0.0573687 -0.328558 -2.71461 0.506944 0.0587108 0.915784 -0.392479 -0.0854374 0.369579 0.906645 -0.203485 0.157325 0.154772 0.975343
39.360000 0.186942 -0.214737 0.967389 -1.3659 -0.278575 -0.125144 -3.12081 0.265505 -0.599841 0.919161 -0.385205 -0.0822222 0.372769 0.918154 -0.134302 0.127226 0.0927949 0.987523
39.380000 0.151619 -0.226936 0.96559 -1.74059 -0.663434 -0.0686687 -2.84488 0.140991 -1.4908 0.929375 -0.360054 -0.0813872 0.355193 0.932287 -0.0683971 0.100503 0.0346584 0.994333
39.400000 0.113216 -0.242229 0.964495 -1.92217 -0.840568 -0.0316802 -3.21086 0.386921 -1.77562 0.941149 -0.328618 -0.0790424 0.32967 0.944096 0.00027451 0.0745334 -0.0263163 0.996871
39.420000 0.0832246 -0.252517 0.951991 -1.42134 -0.559657 -0.73339 -2.64722 0.280001 -0.949275 0.948249 -0.310199 -0.0678241 0.31483 0.946278 0.0737598 0.0413002 -0.0912957 0.994967
39.440000 0.0558416 -0.265508 0.937394 -1.357 -0.683113 -0.72476 -2.64945 -0.805506 -1.85326 0.957447 -0.278637 -0.0752081 0.286344 0.949694 0.126838 0.0360831 -0.142976 0.989068
39.460000 0.0327859 -0.284425 0.930634 -1.08614 -0.958372 -0.273579 -1.49328 -0.962367 -2.06423 0.967554 -0.238302 -0.0839731 0.24916 0.955059 0.160567 0.041936 -0.17628 0.983446
39.480000 0.0167103 -0.299463 0.921926 -0.665891 -0.610946 -0.538226 -1.60684 -1.79683 -1.64215 0.973942 -0.198812 -0.109135 0.21724 0.956004 0.197135 0.0651412 -0.215706 0.974283
39.500000 0.00885804 -0.31146 0.920816 -0.328975 -0.434628 -0.101894 -0.0319167 0.351305 -0.917052 0.979355 -0.174777 -0.10157 0.192151 0.960928 0.199238 0.062779 -0.214641 0.974673
39.520000 0.00657128 -0.31564 0.919136 -0.0245976 -0.13318 -0.080739 0.552485 -0.0675107 0.233263 0.979242 -0.175936 -0.100661 0.192198 0.963685 0.185393 0.0643881 -0.200892 0.977495
39.540000 0.0101514 -0.316091 0.919118 0.236215 0.0183197 0.0203085 0.456972 -0.413769 0.342975 0.977166 -0.182419 -0.108952 0.199387 0.964442 0.173485 0.0734314 -0.191247 0.978791
39.560000 0.0173575 -0.314804 0.921768 0.390755 0.0878671 0.1738 0.979979 -0.56627 0.328257 0.974805 -0.187351 -0.121053 0.204879 0.966628 0.153803 0.0881982 -0.174729 0.980658
39.580000 0.0265507 -0.311834 0.927757 0.478794 0.17012 0.344339 1.17297 -0.356222 0.258444 0.972677 -0.192311 -0.130064 0.208754 0.969623 0.127487 0.101596 -0.151155 0.983275
39.600000 0.0377801 -0.307592 0.937047 0.582563 0.217207 0.492919 1.40261 -0.196923 0.42391 0.970199 -0.200943 -0.135411 0.214705 0.971949 0.0960051 0.112321 -0.122217 0.986127
39.620000 0.049606 -0.303136 0.94654 0.603919 0.238432 0.458152 1.83366 0.0901895 0.793585 0.967228 -0.21538 -0.134469 0.224464 0.972853 0.05633 0.118686 -0.0846675 0.989315
39.640000 0.0655644 -0.298279 0.957004 0.786256 0.242586 0.478848 1.91465 0.0869069 0.752765 0.963887 -0.230919 -0.132659 0.234766 0.971952 0.0139107 0.125726 -0.0445521 0.991064
39.660000 0.0868219 -0.291845 0.968801 1.03951 0.322623 0.562138 1.80457 -0.117757 0.8719 0.959389 -0.248227 -0.133999 0.246784 0.968679 -0.0275367 0.136637 -0.00665048 0.990599
39.680000 0.111272 -0.282521 0.979168 1.17408 0.489867 0.483449 2.10117 -0.192157 1.09238 0.95322 -0.26978 -0.136344 0.261674 0.962271 -0.074579 0.151319 0.0354126 0.98785
39.700000 0.134956 -0.268786 0.987623 1.1317 0.703414 0.411702 2.25417 0.0354 1.22162 0.946638 -0.292636 -0.13506 0.276735 0.952806 -0.124813 0.165211 0.0807763 0.982945
39.720000 0.155021 -0.253266 0.991117 0.965005 0.803891 0.0673916 2.23106 -0.223155 0.838635 0.940737 -0.311573 -0.133926 0.28749 0.942137 -0.172419 0.179897 0.123698 0.975877
39.740000 0.17175 -0.237967 0.99242 0.790999 0.737586 -0.037291 1.95687 -0.269531 0.83697 0.935539 -0.327292 -0.132845 0.295387 0.931138 -0.213841 0.193686 0.160816 0.967793
39.760000 0.183123 -0.225643 0.985529 0.517596 0.585366 -0.442412 2.75878 0.487785 1.11718 0.930608 -0.345375 -0.121179 0.304558 0.914308 -0.266994 0.203008 0.211561 0.956049
39.780000 0.193495 -0.213298 0.976806 0.524291 0.62232 -0.4029 1.98941 0.503674 0.685126 0.928188 -0.356775 -0.105727 0.309731 0.898221 -0.311876 0.206236 0.256732 0.944222
39.800000 0.201807 -0.200013 0.972181 0.393883 0.685554 -0.15818 0.000926668 0.136612 0.48395 0.925725 -0.365472 -0.0972787 0.318179 0.891655 -0.322046 0.204438 0.267174 0.941713
39.820000 0.206109 -0.193644 0.96548 0.163022 0.254763 -0.322537 -0.681227 0.304252 0.713503 0.921756 -0.377103 -0.0903345 0.33353 0.889838 -0.311362 0.197798 0.25687 0.945988
39.840000 0.20725 -0.19107 0.961146 0.0301152 0.0728821 -0.16413 -1.78776 -0.108857 0.176937 0.919625 -0.38217 -0.0907477 0.344936 0.896244 -0.278864 0.187906 0.225148 0.956033
39.860000 0.204718 -0.192109 0.959604 -0.169766 -0.11886 0.0124574 -1.62932 -0.249348 -0.368236 0.920736 -0.377611 -0.0982626 0.346132 0.906698 -0.241022 0.180107 0.187906 0.965532
39.880000 0.196784 -0.195796 0.959912 -0.432713 -0.214839 0.0555678 -1.59243 -0.28517 -0.627819 0.924039 -0.366905 -0.107386 0.340526 0.91761 -0.205021 0.173762 0.152879 0.972849
39.900000 0.184195 -0.201336 0.960956 -0.670102 -0.302483 0.0511694 -1.73215 -0.311262 -0.865483 0.928694 -0.351801 -0.117315 0.330809 0.928861 -0.166682 0.167608 0.115988 0.979007
39.920000 0.167208 -0.209744 0.964854 -0.873862 -0.47246 0.18567 -1.54658 -0.144124 -0.9865 0.934284 -0.334414 -0.123614 0.318552 0.938695 -0.131819 0.160119 0.0837792 0.983536
39.940000 0.144223 -0.222073 0.966663 -1.20371 -0.655449 0.0646942 -2.05824 -0.116012 -1.03382 0.94015 -0.315346 -0.129134 0.305967 0.948014 -0.0874862 0.15001 0.0427392 0.98776
39.960000 0.114771 -0.238002 0.965765 -1.51433 -0.840837 -0.0809957 -2.47567 -0.0251154 -1.0808 0.946106 -0.295791 -0.131876 0.293978 0.955226 -0.0334616 0.135869 -0.00711055 0.990701
39.980000 0.0836037 -0.256399 0.960523 -1.51664 -0.891752 -0.345741 -1.9882 0.365692 -0.920451 0.952263 -0.277156 -0.12798 0.281195 0.959544 0.014282 0.118844 -0.0495874 0.991674
40.000000 0.0534184 -0.27569 0.954263 -1.46414 -0.958461 -0.300529 -1.73721 0.23356 -0.636419 0.957147 -0.262756 -0.121774 0.270556 0.961277 0.0523966 0.103291 -0.0830979 0.991174
