#C t x y z vx vy vz wx wy wz o11 o12 o13 o21 o22 o23 o31 o32 o33
# Recorded every 1th time step
# [Hexapod_0, HexaPod 0.9][1099238550]
#  coxaDamp=               0.000000  
#  coxaJointLimitH=        0.800000  
#  coxaJointLimitV=        0.500000  
#  coxaPower=              3.000000  
#  coxaSpeed=             25.000000  
#  tebiaDamp=              0.010000  
#  tebiaJointLimit=        0.200000  
#  tebiaOffset=            0.000000  
#  tebiaPower=             1.800000  
# ######
# [Diamond, 1.0][320201652]
# ######
30.020000 -3.20263 -1.75431 0.760007 -0.0878963 -0.121958 0.0427486 -0.0557986 -0.0201381 0.284523 0.818003 -0.569311 0.0821916 0.574523 0.815639 -0.068241 -0.0281883 0.103042 0.994277
30.040000 -3.2047 -1.75606 0.760626 -0.106259 -0.0736092 0.0303715 0.035614 -0.0105239 0.156446 0.815906 -0.572297 0.0822968 0.577517 0.813502 -0.0684709 -0.0277629 0.103394 0.994253
30.060000 -3.2067 -1.75618 0.760963 -0.0960878 0.0165997 0.0148854 0.120543 -0.00909738 0.0251695 0.815232 -0.573265 0.0822472 0.578538 0.812585 -0.0707047 -0.0263003 0.105224 0.994101
30.080000 -3.20842 -1.75459 0.760982 -0.0831796 0.0990728 -0.00744592 0.123032 0.00145601 -0.100391 0.816067 -0.572069 0.0822899 0.57742 0.813137 -0.0734453 -0.0248972 0.107452 0.993898
30.100000 -3.21005 -1.75172 0.760301 -0.0808772 0.156005 -0.0422043 0.290378 0.0996309 -0.20962 0.818206 -0.568816 0.0835833 0.574456 0.814724 -0.0789051 -0.0232148 0.112576 0.993372
30.120000 -3.21182 -1.74823 0.759316 -0.0876221 0.17728 -0.053278 0.263627 0.129059 -0.263906 0.82119 -0.564162 0.0858395 0.570234 0.817024 -0.0854647 -0.021917 0.119131 0.992637
30.140000 -3.21374 -1.74475 0.758386 -0.0964593 0.173655 -0.0385079 0.304735 0.234107 -0.31585 0.824647 -0.558506 0.0896031 0.565218 0.819789 -0.0920509 -0.0220447 0.126555 0.991715
30.160000 -3.21547 -1.74117 0.757995 -0.0800236 0.181678 -0.0155177 0.304378 0.240759 -0.326501 0.828258 -0.552397 0.0940548 0.559889 0.822627 -0.0990456 -0.0226595 0.134696 0.990628
30.180000 -3.21687 -1.73745 0.757694 -0.0672025 0.186746 -0.0151846 0.240974 0.201001 -0.306023 0.831655 -0.546594 0.097904 0.554798 0.825336 -0.104977 -0.0234238 0.141622 0.989644
30.200000 -3.21826 -1.73384 0.757382 -0.069899 0.177408 -0.0154749 0.192253 0.127019 -0.300742 0.834968 -0.54107 0.10036 0.54979 0.828046 -0.10987 -0.0236548 0.146915 0.988866
30.220000 -3.21973 -1.73053 0.757093 -0.0752558 0.16098 -0.0141487 0.173805 0.0664357 -0.283362 0.838114 -0.535978 0.101453 0.545009 0.830608 -0.114261 -0.0230264 0.151057 0.988257
30.240000 -3.22142 -1.7277 0.75681 -0.0870126 0.13514 -0.0142683 0.180599 0.0962177 -0.257557 0.840977 -0.531227 0.102739 0.5406 0.832873 -0.118632 -0.0225475 0.155308 0.987609
30.260000 -3.2232 -1.72525 0.756517 -0.0880383 0.120797 -0.0144118 0.181559 0.108662 -0.212722 0.843377 -0.527053 0.104548 0.536854 0.834664 -0.122983 -0.0224442 0.159848 0.986886
30.280000 -3.22496 -1.72303 0.756117 -0.0862699 0.108333 -0.0208513 0.152941 0.0636294 -0.199314 0.845528 -0.523362 0.105716 0.533477 0.836254 -0.126812 -0.0220368 0.16362 0.986277
30.300000 -3.22658 -1.72104 0.755643 -0.0779869 0.0979315 -0.0234736 0.142902 0.0320648 -0.212701 0.847781 -0.519622 0.106117 0.529924 0.837967 -0.130356 -0.021187 0.166747 0.985772
30.320000 -3.22793 -1.71916 0.755123 -0.0609865 0.0953185 -0.026534 0.151839 0.0488253 -0.233795 0.850234 -0.515496 0.106609 0.52601 0.839834 -0.134137 -0.0203864 0.170125 0.985212
30.340000 -3.22887 -1.71716 0.754452 -0.0403652 0.103824 -0.033665 0.15528 0.0836726 -0.25533 0.852908 -0.51085 0.107608 0.521673 0.841915 -0.137974 -0.0201129 0.173816 0.984573
30.360000 -3.22941 -1.71494 0.753635 -0.0204368 0.116159 -0.0392709 0.167514 0.122346 -0.293877 0.855919 -0.505427 0.109294 0.516704 0.844289 -0.142103 -0.020453 0.178101 0.9838
30.380000 -3.2295 -1.71241 0.752659 0.00292013 0.133833 -0.0466477 0.182279 0.165098 -0.356311 0.859492 -0.498804 0.11166 0.510699 0.847158 -0.146662 -0.0214383 0.183079 0.982864
30.400000 -3.22912 -1.70948 0.751386 0.0274595 0.153664 -0.0646568 0.173446 0.175502 -0.464219 0.864047 -0.490317 0.114072 0.502894 0.850984 -0.151405 -0.0228368 0.188187 0.981868
30.420000 -3.22838 -1.70609 0.749533 0.044076 0.17861 -0.0958238 0.15093 0.155633 -0.634164 0.870127 -0.479075 0.115614 0.492233 0.856346 -0.156134 -0.0242054 0.192766 0.980946
30.440000 -3.22734 -1.70217 0.74745 0.05759 0.202842 -0.095206 0.221399 0.172489 -0.855391 0.878091 -0.464094 0.116506 0.477825 0.863348 -0.162216 -0.0253016 0.198109 0.979853
30.460000 -3.22598 -1.69779 0.74616 0.0724867 0.224816 -0.0454074 0.409327 0.250653 -1.08804 0.887911 -0.444677 0.117801 0.459275 0.871444 -0.172194 -0.0260862 0.206996 0.977994
30.480000 -3.22438 -1.69307 0.74636 0.0862786 0.241767 0.0332439 0.660688 0.359862 -1.22917 0.898791 -0.421554 0.12028 0.437557 0.879457 -0.187347 -0.0268037 0.221015 0.974902
30.500000 -3.22284 -1.68806 0.747554 0.0702831 0.262521 0.0564288 0.77397 0.384618 -1.24328 0.909568 -0.396876 0.12319 0.414656 0.886298 -0.206244 -0.0273297 0.238674 0.970715
30.520000 -3.22172 -1.6831 0.748887 0.0560696 0.248147 0.06625 0.674091 0.39503 -1.05473 0.918441 -0.374789 0.126487 0.39449 0.891345 -0.223343 -0.0290371 0.255026 0.966498
30.540000 -3.22075 -1.67871 0.750214 0.0505784 0.216776 0.0639422 0.546841 0.384985 -0.851913 0.925214 -0.356335 0.130404 0.378083 0.894845 -0.237289 -0.0321367 0.268846 0.962647
30.560000 -3.21988 -1.67477 0.750938 0.0425143 0.190266 0.0257187 0.23134 0.315267 -0.590293 0.930021 -0.342284 0.133799 0.365733 0.897734 -0.245589 -0.0360548 0.277337 0.960096
30.580000 -3.21876 -1.67131 0.750333 0.0634204 0.165831 -0.0289685 0.172018 0.209249 -0.501377 0.933784 -0.331232 0.135399 0.355735 0.900239 -0.251043 -0.038738 0.282586 0.958459
30.600000 -3.21745 -1.66845 0.749662 0.0647705 0.126773 -0.0260251 -0.0406357 0.184542 -0.268263 0.936155 -0.323752 0.137106 0.349082 0.902366 -0.252738 -0.0418952 0.284464 0.957771
30.620000 -3.21611 -1.66636 0.748709 0.0670402 0.0935786 -0.0604693 -0.268738 0.094876 -0.0754737 0.937006 -0.32056 0.138787 0.346337 0.90431 -0.249547 -0.045512 0.281894 0.958365
30.640000 -3.2149 -1.6651 0.747561 0.0512802 0.0527053 -0.0494387 -0.191796 0.0567248 0.00178826 0.937005 -0.319969 0.140149 0.345967 0.905481 -0.245788 -0.0482577 0.278791 0.959139
30.660000 -3.21436 -1.6648 0.746609 0.0165772 0.00170231 -0.044992 -0.143501 0.0158193 0.0448503 0.936708 -0.320602 0.140687 0.346556 0.906166 -0.242407 -0.0497691 0.275821 0.95992
30.680000 -3.21476 -1.66551 0.745694 -0.0335134 -0.0468237 -0.042702 -0.149906 -0.0309882 0.0992412 0.936042 -0.322518 0.140738 0.348254 0.90639 -0.239115 -0.0504445 0.272834 0.960738
30.700000 -3.2161 -1.66733 0.744633 -0.0766101 -0.106102 -0.0554802 -0.179706 -0.088006 0.160515 0.935045 -0.325828 0.139736 0.350949 0.906542 -0.234555 -0.0502521 0.268359 0.962007
30.720000 -3.21772 -1.67012 0.742699 -0.0815022 -0.151644 -0.100015 -0.282199 -0.208552 0.323957 0.933195 -0.332159 0.137178 0.35605 0.906338 -0.227553 -0.0487458 0.261193 0.964055
30.740000 -3.21934 -1.67393 0.739062 -0.0901935 -0.232034 -0.193651 -0.553895 -0.374231 0.721366 0.928958 -0.345882 0.131919 0.367344 0.905375 -0.212966 -0.045775 0.246296 0.968113
30.760000 -3.22235 -1.67868 0.732231 -0.170868 -0.29506 -0.34334 -1.27895 -0.741212 1.57291 0.918675 -0.375591 0.122338 0.392856 0.901061 -0.183721 -0.0412298 0.216841 0.975336
30.780000 -3.2251 -1.68269 0.726502 -0.177712 -0.15097 -0.244714 -1.90904 -1.28932 2.27665 0.899886 -0.423321 0.104907 0.434815 0.889477 -0.140595 -0.033796 0.172134 0.984494
30.800000 -3.22603 -1.6848 0.728449 -0.020696 -0.0859157 0.143686 -2.08435 -2.13593 3.37591 0.867648 -0.491838 0.0726787 0.496847 0.863097 -0.0905911 -0.0181726 0.114711 0.993233
30.820000 -3.22425 -1.68739 0.735627 0.130461 -0.144957 0.374058 -2.38664 -2.51723 4.09952 0.824261 -0.565544 0.027448 0.566207 0.823435 -0.036934 -0.00171387 0.0459846 0.998941
30.840000 -3.21904 -1.69252 0.742835 0.302119 -0.320366 0.325884 -1.81932 -2.08166 3.74228 0.778024 -0.628064 -0.0146341 0.628149 0.778091 0.00162692 0.0103649 -0.0104582 0.999892
30.860000 -3.21245 -1.7003 0.747525 0.333372 -0.389334 0.190903 -1.13017 -1.67123 2.76401 0.739787 -0.67097 -0.0501449 0.672515 0.739693 0.0240538 0.0209524 -0.0515179 0.998452
30.880000 -3.20664 -1.70393 0.743904 0.302309 -0.182323 -0.199529 -0.652935 -1.38856 1.74387 0.713199 -0.696351 -0.0802664 0.700259 0.712922 0.0371346 0.031365 -0.0826917 0.996081
30.900000 -3.19976 -1.70864 0.743148 0.367128 -0.256007 0.0394376 0.266057 -0.43315 1.70194 0.687964 -0.719309 -0.0964344 0.724563 0.688333 0.0347237 0.0414019 -0.0937614 0.994733
30.920000 -3.19112 -1.71348 0.745394 0.424945 -0.22714 0.132105 0.292958 0.216281 1.37352 0.667088 -0.739162 -0.0929121 0.743607 0.668226 0.0228567 0.0451915 -0.0843376 0.995412
30.940000 -3.18341 -1.7176 0.748757 0.37003 -0.19506 0.188047 0.263619 0.2429 1.14947 0.64952 -0.755363 -0.0868948 0.758942 0.651013 0.0137693 0.0461689 -0.0748915 0.996122
30.960000 -3.17698 -1.72135 0.752289 0.270738 -0.193844 0.156547 0.150905 0.100323 1.47747 0.629795 -0.772246 -0.083631 0.775325 0.631521 0.0072548 0.0472122 -0.0694102 0.99647
30.980000 -3.17148 -1.72505 0.754355 0.27094 -0.180269 0.0733381 0.111533 0.307611 1.4655 0.606997 -0.790875 -0.0779191 0.793351 0.608763 0.00135715 0.0463609 -0.0626409 0.996959
31.000000 -3.16812 -1.72968 0.754351 0.158366 -0.251638 -0.0392722 -0.273504 0.564568 1.78707 0.578542 -0.812685 -0.0695103 0.814751 0.579806 0.00242727 0.0383299 -0.0580379 0.997578
31.020000 -3.16649 -1.73488 0.752133 0.0652293 -0.253522 -0.0912592 -0.775076 0.593532 1.14844 0.556789 -0.82893 -0.0534897 0.830423 0.556997 0.0123263 0.019576 -0.0512822 0.998492
31.040000 -3.16563 -1.74002 0.752453 0.0584049 -0.240377 0.019658 -0.976289 0.388455 0.425152 0.54822 -0.835176 -0.0439994 0.836333 0.547374 0.030473 -0.00136627 -0.0535041 0.998567
31.060000 -3.16322 -1.74682 0.754741 0.160468 -0.364696 0.1119 0.344925 1.00195 -0.465723 0.551777 -0.833655 -0.0236855 0.833931 0.551172 0.0277043 -0.010041 -0.0350387 0.999336
31.080000 -3.15852 -1.75371 0.758139 0.238127 -0.319041 0.168014 0.723961 1.23058 -0.923519 0.567024 -0.823696 0.00299513 0.823607 0.567011 0.0130137 -0.0124176 -0.00491229 0.999911
31.100000 -3.15276 -1.7593 0.760693 0.296371 -0.246267 0.111989 0.854581 1.45176 -1.46308 0.589856 -0.80681 0.0335795 0.807366 0.590024 -0.00572583 -0.015193 0.0304883 0.99942
31.120000 -3.14559 -1.76235 0.761584 0.35837 -0.114685 0.0365851 0.806373 1.49291 -2.04551 0.621097 -0.781067 0.0646012 0.783476 0.620893 -0.0256187 -0.0201005 0.0665252 0.997582
31.140000 -3.13819 -1.76157 0.760355 0.332899 0.113449 -0.0666155 0.617844 1.41173 -2.40842 0.657455 -0.74774 0.0929337 0.752987 0.656518 -0.0446653 -0.0276146 0.0993433 0.99467
31.160000 -3.13299 -1.75667 0.758775 0.193902 0.276425 -0.0848291 0.496019 1.28895 -2.62974 0.69577 -0.708672 0.116996 0.717288 0.694037 -0.061729 -0.037454 0.126869 0.991212
31.180000 -3.13138 -1.74944 0.758911 0.0246176 0.405821 -0.00631959 0.435286 1.01454 -2.78831 0.734959 -0.664786 0.133774 0.676633 0.731965 -0.0799688 -0.0447559 0.14929 0.98778
31.200000 -3.13304 -1.7408 0.760078 -0.115852 0.424511 0.0546613 0.52132 0.987835 -2.71475 0.770786 -0.619392 0.149137 0.634887 0.766241 -0.098963 -0.052978 0.170965 0.983852
31.220000 -3.13607 -1.73149 0.760329 -0.155096 0.470048 0.00299099 0.426777 0.758974 -2.34276 0.800367 -0.577764 0.160005 0.596488 0.79421 -0.115895 -0.0601179 0.188199 0.980289
31.240000 -3.13906 -1.72293 0.760578 -0.161118 0.417809 0.0160597 0.264394 0.49859 -1.83099 0.822619 -0.543998 0.165421 0.564813 0.815295 -0.127596 -0.0654553 0.198395 0.977934
31.260000 -3.1433 -1.71439 0.759859 -0.229724 0.428715 -0.0413518 0.20046 0.310745 -1.56211 0.840474 -0.515212 0.167808 0.537479 0.831968 -0.13764 -0.0686973 0.205876 0.976164
31.280000 -3.14903 -1.70556 0.75662 -0.306602 0.443111 -0.187765 -0.0493821 -0.0219278 -1.22421 0.854297 -0.493016 0.164659 0.51514 0.845316 -0.141676 -0.0693401 0.205856 0.976123
31.300000 -3.15602 -1.69595 0.751139 -0.361232 0.495156 -0.277753 -0.289209 -0.393011 -0.782576 0.863506 -0.480077 0.154545 0.500006 0.854984 -0.137829 -0.0659651 0.19629 0.978325
31.320000 -3.16248 -1.68323 0.747492 -0.315676 0.676565 -0.135364 -0.296779 -0.987144 -0.0881552 0.866919 -0.479544 0.135977 0.495559 0.858538 -0.131661 -0.0536044 0.181524 0.981924
31.340000 -3.17107 -1.67015 0.745673 -0.5098 0.581858 -0.0800637 -0.7559 -1.05799 0.214747 0.86569 -0.487262 0.114701 0.498733 0.859216 -0.114076 -0.0429685 0.155959 0.986828
31.360000 -3.18286 -1.66177 0.743019 -0.642538 0.371924 -0.116029 -0.81704 -1.05214 1.54443 0.853374 -0.512947 0.0929426 0.520356 0.848904 -0.0926952 -0.0313516 0.127467 0.991347
31.380000 -3.19663 -1.65409 0.745326 -0.631829 0.346955 0.179137 -1.99281 -1.43856 2.31366 0.828483 -0.555942 0.0674087 0.559257 0.827605 -0.0479831 -0.0291119 0.077452 0.996571
31.400000 -3.20542 -1.65259 0.750579 -0.399662 0.0205577 0.263759 -2.05443 -1.68194 2.73668 0.796691 -0.603461 0.0334567 0.603818 0.797122 -0.000733926 -0.0262262 0.0207865 0.99944
31.420000 -3.21093 -1.65571 0.75483 -0.237664 -0.192312 0.185276 -1.76258 -1.59006 2.87541 0.760629 -0.649186 -0.000771736 0.648756 0.760081 0.03731 -0.0236346 -0.0288797 0.999303
31.440000 -3.21499 -1.66004 0.75864 -0.128027 -0.225677 0.228944 -1.15082 -0.836304 2.46484 0.726869 -0.686314 -0.0251911 0.686322 0.724567 0.0629692 -0.024964 -0.0630596 0.997697
31.460000 -3.21504 -1.66505 0.762333 0.0331215 -0.242012 0.162209 -0.66103 -0.439983 1.96376 0.698699 -0.714418 -0.0377706 0.714854 0.695085 0.076421 -0.0283428 -0.0803957 0.99636
31.480000 -3.21293 -1.66762 0.762653 0.128198 -0.0696755 -0.0361401 0.196818 0.16195 1.38461 0.678784 -0.73326 -0.0397805 0.733824 0.675285 0.0741142 -0.0274818 -0.0794994 0.996456
31.500000 -3.21064 -1.66836 0.763069 0.116245 -0.0445155 0.00414819 0.842712 0.640722 1.25254 0.659205 -0.751271 -0.0322675 0.75162 0.657002 0.0584413 -0.0227055 -0.0627777 0.997769
31.520000 -3.20794 -1.67028 0.762265 0.139006 -0.0984923 -0.0218484 0.581555 0.206057 1.18716 0.640056 -0.767909 -0.0253623 0.768149 0.638846 0.0426892 -0.0165788 -0.0468055 0.998766
31.540000 -3.20519 -1.673 0.761787 0.124101 -0.144996 -0.0361137 0.485828 0.141183 0.757257 0.62653 -0.779108 -0.0212258 0.779324 0.625867 0.0307194 -0.0106492 -0.0357885 0.999303
31.560000 -3.20535 -1.67812 0.761036 -0.0137489 -0.266128 -0.0529329 0.517921 0.481723 0.528342 0.616716 -0.787117 -0.0103957 0.787143 0.616491 0.0185748 -0.00821172 -0.0196382 0.999773
31.580000 -3.2069 -1.68536 0.760121 -0.13744 -0.380379 -0.0491682 0.593913 0.78415 0.378546 0.611829 -0.79096 0.00686504 0.790948 0.611863 0.00497306 -0.00813396 0.00238723 0.999964
31.600000 -3.21142 -1.69522 0.759354 -0.252628 -0.528682 -0.0337101 0.564255 0.988372 -0.0669153 0.612249 -0.790192 0.0273358 0.790593 0.612293 -0.00770101 -0.0106523 0.0263265 0.999597
31.620000 -3.21678 -1.70702 0.75904 -0.265553 -0.600731 -0.00739319 0.542678 1.11906 -0.437496 0.61884 -0.783906 0.0502845 0.785362 0.618722 -0.0197633 -0.0156195 0.0517218 0.998539
31.640000 -3.22206 -1.71963 0.75924 -0.259822 -0.628687 0.0154669 0.578919 1.25444 -0.870476 0.632152 -0.771117 0.0759061 0.774526 0.631661 -0.0333823 -0.0222053 0.079894 0.996556
31.660000 -3.22595 -1.73261 0.76006 -0.162403 -0.642956 0.0444851 0.782793 1.07666 -1.63445 0.655374 -0.748894 0.0981951 0.754884 0.65379 -0.0520561 -0.0252144 0.108242 0.993805
31.680000 -3.22658 -1.74459 0.761855 -0.00730243 -0.587494 0.104379 0.919926 1.16139 -2.34927 0.688789 -0.715061 0.119406 0.724441 0.68514 -0.0759552 -0.0274975 0.13882 0.989936
31.700000 -3.22703 -1.75615 0.7634 -0.0291396 -0.57899 0.0573683 0.926068 1.12151 -2.62142 0.725272 -0.674368 0.138594 0.687796 0.718591 -0.10278 -0.0302807 0.169868 0.985001
31.720000 -3.22726 -1.76683 0.763443 0.000143005 -0.498024 3.69074e-05 0.849833 0.804349 -2.69321 0.761558 -0.630295 0.150861 0.647279 0.751399 -0.12818 -0.032565 0.195266 0.98021
31.740000 -3.2264 -1.77486 0.76324 0.0554794 -0.366667 -0.0127381 0.909507 0.393686 -2.55494 0.794088 -0.588151 0.153305 0.607111 0.779565 -0.153931 -0.0289768 0.215308 0.976116
31.760000 -3.22511 -1.77992 0.762853 0.0658611 -0.215179 -0.0171099 0.85315 0.0683332 -2.40035 0.822711 -0.548892 0.147867 0.568075 0.803432 -0.178292 -0.0209381 0.230682 0.972804
31.780000 -3.22378 -1.78226 0.763149 0.0655926 -0.0802799 0.0268522 0.588677 -0.271048 -2.26587 0.847589 -0.513164 0.135115 0.530548 0.824571 -0.196475 -0.0105879 0.238215 0.971155
31.800000 -3.22191 -1.7817 0.764333 0.097115 0.0553969 0.0564633 0.419931 -0.662353 -2.31877 0.870843 -0.478069 0.114373 0.491544 0.845038 -0.210464 0.00396656 0.239501 0.970888
31.820000 -3.22021 -1.77996 0.765391 0.102704 0.113695 0.105076 -1.26545 -0.608598 -2.17522 0.890833 -0.445323 0.0900228 0.454205 0.868259 -0.199558 0.0107048 0.218662 0.975742
31.840000 -3.21688 -1.78031 0.76541 0.157959 -0.0475276 -0.0246421 -1.08478 -0.30305 -1.54463 0.906068 -0.416331 0.0755611 0.423028 0.887317 -0.183619 0.00939985 0.198336 0.980089
31.860000 -3.21368 -1.78234 0.762022 0.177411 -0.116656 -0.203825 -1.48676 -0.448428 -0.853952 0.913531 -0.401953 0.0624088 0.406721 0.900251 -0.155327 0.00625038 0.167279 0.98589
31.880000 -3.2106 -1.78416 0.758139 0.180096 -0.111811 -0.184429 -2.0554 -0.774323 -0.0692728 0.914736 -0.401468 0.045634 0.404033 0.907716 -0.113181 0.00401565 0.121968 0.992526
31.900000 -3.20611 -1.78642 0.755148 0.284898 -0.082093 -0.142128 -2.27367 -1.00016 0.520422 0.910205 -0.413319 0.0263514 0.41415 0.907944 -0.0641626 0.00259407 0.0693146 0.997591
31.920000 -3.19767 -1.78781 0.753243 0.484304 -0.0349672 -0.0869266 -2.11223 -1.08919 0.988796 0.901749 -0.432232 0.00495931 0.432246 0.901563 -0.0186444 0.00358757 0.0189562 0.999814
31.940000 -3.18511 -1.7864 0.752389 0.688423 0.10813 -0.0315877 -1.84342 -1.1131 1.5089 0.88834 -0.458839 -0.0178507 0.459141 0.888125 0.0205509 0.00642413 -0.0264522 0.999629
31.960000 -3.16936 -1.78262 0.752485 0.775489 0.214951 0.0263224 -1.36658 -0.775733 1.64352 0.871648 -0.488662 -0.0379398 0.49006 0.870231 0.0503798 0.00839767 -0.0625063 0.998009
31.980000 -3.15352 -1.77773 0.7529 0.784961 0.255073 0.0116645 -1.02027 -0.405291 1.51114 0.85544 -0.515492 -0.0498928 0.517867 0.852516 0.0709277 0.00597176 -0.0865122 0.996233
32.000000 -3.13791 -1.77209 0.75212 0.778679 0.293711 -0.0581749 -0.816316 -0.261752 1.41766 0.839926 -0.539598 -0.0579478 0.542698 0.835458 0.0865373 0.00171756 -0.104133 0.994562
32.020000 -3.12249 -1.76565 0.749496 0.768425 0.332563 -0.155465 -0.697715 -0.121752 1.41209 0.824026 -0.562935 -0.0639083 0.56654 0.81803 0.0992969 -0.00361889 -0.11803 0.993003
32.040000 -3.10777 -1.75868 0.745715 0.717077 0.348192 -0.183979 -0.705612 0.168076 1.37891 0.807948 -0.585644 -0.0651242 0.58912 0.800459 0.110467 -0.0125653 -0.127618 0.991744
32.060000 -3.09524 -1.7522 0.742332 0.589444 0.317004 -0.192742 -1.13955 0.634646 1.75517 0.788374 -0.612434 -0.0582236 0.614308 0.778619 0.127978 -0.0330439 -0.136662 0.990067
32.080000 -3.08707 -1.74786 0.738625 0.354114 0.199864 -0.163559 -1.3394 0.577293 2.32219 0.759781 -0.648056 -0.0525038 0.647476 0.746795 0.151894 -0.059226 -0.149401 0.987001
32.100000 -3.08122 -1.74478 0.735858 0.252585 0.160793 -0.152796 -0.39335 0.963169 2.21945 0.728351 -0.684077 -0.0392842 0.680564 0.715569 0.157459 -0.0796037 -0.141421 0.986744
32.120000 -3.07655 -1.74097 0.734808 0.207389 0.202064 -0.0409285 0.18814 1.2439 1.4188 0.703227 -0.710731 -0.0182552 0.704416 0.693043 0.153262 -0.0962765 -0.120637 0.988017
32.140000 -3.07481 -1.73929 0.739235 0.0372378 0.0192261 0.270483 0.774988 0.97424 0.268514 0.694122 -0.719854 0.00217 0.712686 0.687629 0.138725 -0.101354 -0.0947455 0.990329
32.160000 -3.07346 -1.73846 0.744607 0.0847481 0.0565751 0.246412 1.24771 0.937162 -1.02252 0.703184 -0.710545 0.0256464 0.704228 0.700995 0.112555 -0.0979532 -0.0610857 0.993315
32.180000 -3.06874 -1.73484 0.749863 0.272321 0.215038 0.268006 1.86359 1.53385 -1.96704 0.726099 -0.684902 0.0607415 0.681151 0.728548 0.0724623 -0.0938827 -0.0112407 0.99552
32.200000 -3.07098 -1.73058 0.756933 -0.0923586 0.223109 0.385062 2.04938 1.30084 -2.12465 0.751787 -0.652805 0.0930701 0.653637 0.756379 0.0254908 -0.0870368 0.0416704 0.995333
32.220000 -3.07787 -1.72444 0.76566 -0.394794 0.346683 0.409735 1.98881 1.07759 -2.25999 0.779838 -0.615249 0.115417 0.621119 0.783451 -0.0204075 -0.0778682 0.0876025 0.993107
32.240000 -3.09045 -1.71736 0.77052 -0.702661 0.329252 0.175679 1.65622 1.24558 -2.0462 0.804352 -0.578099 0.13718 0.589323 0.805637 -0.0603934 -0.0756039 0.129421 0.988703
32.260000 -3.10429 -1.7142 0.770953 -0.684893 0.158766 -0.000370793 1.24803 1.05133 -2.06781 0.827619 -0.539315 0.155519 0.5558 0.826097 -0.093008 -0.078313 0.163413 0.983445
32.280000 -3.11646 -1.71016 0.769009 -0.586219 0.230837 -0.123939 1.10352 0.752032 -1.85553 0.847814 -0.503365 0.166837 0.524292 0.842852 -0.12132 -0.0795504 0.190329 0.978492
32.300000 -3.12771 -1.70474 0.76425 -0.542641 0.278851 -0.284244 1.08329 0.516681 -1.5135 0.862926 -0.474333 0.174262 0.499131 0.853907 -0.147349 -0.0789111 0.214131 0.973612
32.320000 -3.13634 -1.6982 0.755914 -0.410311 0.324835 -0.45574 1.16764 0.478751 -1.32211 0.875666 -0.448626 0.17873 0.476895 0.861608 -0.173791 -0.0760283 0.237418 0.968428
32.340000 -3.14197 -1.69206 0.743668 -0.204369 0.292086 -0.714533 1.12022 0.655401 -1.11936 0.885553 -0.426647 0.18376 0.458574 0.866063 -0.199111 -0.0741972 0.260591 0.962594
32.360000 -3.14508 -1.68493 0.728422 -0.153325 0.346652 -0.790858 0.253531 -0.120238 -0.74802 0.892776 -0.414048 0.177523 0.445018 0.871841 -0.204578 -0.0700662 0.261643 0.962618
32.380000 -3.14777 -1.67429 0.716213 -0.138202 0.545045 -0.536859 -1.91059 -0.688586 -0.755464 0.901168 -0.402283 0.161445 0.427582 0.886149 -0.178642 -0.0712002 0.230017 0.970578
32.400000 -3.15 -1.66477 0.714545 -0.0833953 0.424666 0.0162126 -1.68569 -0.958835 0.52644 0.90162 -0.408309 0.142703 0.426983 0.892884 -0.142981 -0.0690368 0.189846 0.979384
32.420000 -3.15275 -1.65933 0.719282 -0.13933 0.261994 0.27192 -2.3573 -1.17148 1.53232 0.890667 -0.437882 0.12236 0.449373 0.888747 -0.0905126 -0.0691132 0.135602 0.98835
32.440000 -3.15525 -1.65588 0.728326 -0.169847 0.131832 0.442724 -2.64478 -1.41507 2.79834 0.867853 -0.487503 0.0957642 0.491954 0.87015 -0.0286374 -0.0693684 0.0719646 0.994992
32.460000 -3.15637 -1.65837 0.736519 -0.0299125 -0.17767 0.373755 -2.28759 -1.87075 3.28131 0.834864 -0.547191 0.0598648 0.546719 0.836929 0.0254585 -0.0640333 0.0114748 0.997882
32.480000 -3.15835 -1.66315 0.742385 -0.0291286 -0.24848 0.287451 -1.68449 -1.69139 3.17532 0.79855 -0.601537 0.021694 0.599283 0.7979 0.0649242 -0.056364 -0.0388444 0.997654
32.500000 -3.15727 -1.66847 0.74687 0.11364 -0.229354 0.206167 -1.11673 -1.27887 3.49417 0.756347 -0.654072 -0.0113831 0.652237 0.752661 0.0899329 -0.0502549 -0.075445 0.995883
32.520000 -3.15343 -1.67483 0.749042 0.235649 -0.318163 0.0766416 -0.776497 -0.922682 3.33942 0.710745 -0.702432 -0.0378348 0.701846 0.704469 0.105528 -0.0474726 -0.101557 0.993696
32.540000 -3.14776 -1.68096 0.748285 0.294116 -0.25998 -0.0800801 -0.405296 -0.701101 3.18493 0.664796 -0.744726 -0.0585634 0.745667 0.65682 0.112113 -0.0450279 -0.118201 0.991968
32.560000 -3.14077 -1.68516 0.742239 0.349149 -0.179585 -0.414983 -0.25891 -0.733691 2.70601 0.622404 -0.778856 -0.0774315 0.781671 0.613479 0.112402 -0.0400428 -0.130486 0.990641
32.580000 -3.13143 -1.68937 0.736156 0.479038 -0.223767 -0.280918 -0.0668027 -0.380357 2.11981 0.587289 -0.804771 -0.0862266 0.808516 0.57841 0.108372 -0.0373407 -0.133361 0.990364
32.600000 -3.11953 -1.69431 0.728253 0.606392 -0.265589 -0.422232 0.852502 0.361656 1.7543 0.557616 -0.825933 -0.083059 0.829615 0.55108 0.0897224 -0.0283325 -0.118938 0.992497
32.620000 -3.10486 -1.70044 0.724803 0.809007 -0.311056 -0.105101 0.254564 0.535924 1.88719 0.527835 -0.845929 -0.0761155 0.848973 0.52282 0.0768408 -0.0252072 -0.105179 0.994134
32.640000 -3.08658 -1.70612 0.725761 0.902809 -0.291053 0.0841101 0.436695 1.85782 0.963687 0.506684 -0.86104 -0.0433778 0.861471 0.503684 0.0645778 -0.0337553 -0.0700893 0.996969
32.660000 -3.07432 -1.71289 0.731021 0.469546 -0.350967 0.310901 0.647572 2.12197 -0.372283 0.506839 -0.862037 0.00234235 0.860933 0.506324 0.0493093 -0.0436925 -0.0229753 0.998781
32.680000 -3.06791 -1.71862 0.737371 0.289304 -0.279015 0.308496 0.789795 1.98822 -0.850892 0.520058 -0.852872 0.0463631 0.852593 0.521612 0.0317269 -0.0512425 0.0230291 0.998421
32.700000 -3.06189 -1.72273 0.742158 0.326922 -0.199946 0.214967 0.997994 1.62191 -1.95664 0.549849 -0.831146 0.082847 0.833531 0.552388 0.00964819 -0.0537828 0.0637505 0.996516
32.720000 -3.05802 -1.72464 0.743033 0.108713 -0.0319361 -0.0419183 1.01147 1.72762 -2.50157 0.591396 -0.79777 0.117531 0.804475 0.593713 -0.0180097 -0.0554119 0.105201 0.992906
32.740000 -3.0557 -1.72535 0.741633 0.137306 -0.0644996 -0.0900116 1.6425 1.75252 -3.1675 0.638792 -0.754423 0.150966 0.767552 0.638404 -0.0574877 -0.0530071 0.152597 0.986866
32.760000 -3.05343 -1.72519 0.736116 0.15367 0.0299566 -0.343621 1.52805 1.44784 -3.02222 0.683158 -0.708513 0.17693 0.728541 0.677899 -0.0983876 -0.050232 0.196115 0.979293
32.780000 -3.04838 -1.7218 0.726886 0.248843 0.162427 -0.484355 1.2985 1.50871 -2.4056 0.71813 -0.666448 0.200341 0.693819 0.707956 -0.131961 -0.0538875 0.233766 0.970798
32.800000 -3.03904 -1.71792 0.713073 0.544527 0.180994 -0.736238 0.730863 1.42703 -2.08378 0.745409 -0.628951 0.220876 0.663503 0.731965 -0.15489 -0.0642556 0.262009 0.962924
32.820000 -3.02778 -1.71328 0.69679 0.571878 0.235053 -0.847041 1.25452 1.88418 -1.78072 0.767148 -0.592654 0.245451 0.636991 0.748957 -0.182497 -0.0756745 0.296352 0.952076
32.840000 -3.01866 -1.7059 0.679724 0.432438 0.392724 -0.786554 0.707128 1.30901 -1.66535 0.786818 -0.5558 0.268336 0.610842 0.763452 -0.209791 -0.0882598 0.328978 0.940204
32.860000 -3.01518 -1.69669 0.675679 0.115596 0.40855 -0.0684804 -1.64457 -0.894248 -1.12596 0.803295 -0.542182 0.246488 0.588131 0.787382 -0.184749 -0.0939128 0.293375 0.951373
32.880000 -3.01362 -1.68953 0.675063 0.0708195 0.307703 -0.0208891 -1.86761 -1.01719 -0.253491 0.810221 -0.541573 0.224144 0.577778 0.802281 -0.15006 -0.0985581 0.251087 0.962934
32.900000 -3.01186 -1.68539 0.6751 0.0921219 0.131294 -0.0252426 -2.23425 -1.3285 1.05475 0.803972 -0.560458 0.198788 0.585826 0.803885 -0.102845 -0.102162 0.199139 0.974631
32.920000 -3.0086 -1.68933 0.67998 0.18954 -0.278278 0.287292 -1.46499 -1.46668 1.3819 0.78951 -0.589667 0.170194 0.605834 0.793138 -0.0624291 -0.0981745 0.152397 0.983431
32.940000 -3.0063 -1.69248 0.688445 0.0913055 -0.174665 0.456023 -1.96126 -2.18629 2.02643 0.768356 -0.626946 0.128717 0.633732 0.773387 -0.0159984 -0.0895182 0.0938647 0.991552
32.960000 -3.00496 -1.69743 0.699316 0.0344209 -0.318042 0.54923 -1.76256 -2.42328 2.88289 0.734687 -0.673761 0.0792556 0.673948 0.738232 0.0284027 -0.0776457 0.0325471 0.99645
32.980000 -3.00406 -1.70795 0.709697 0.0314902 -0.588731 0.481111 -1.36611 -2.4425 3.5595 0.68806 -0.72519 0.0259447 0.722926 0.688133 0.062058 -0.0628572 -0.0239435 0.997735
33.000000 -3.00609 -1.72306 0.717212 -0.0871549 -0.779606 0.332974 -0.927221 -2.00146 3.82346 0.631853 -0.774756 -0.0227102 0.773468 0.628367 0.0830789 -0.0500955 -0.0700593 0.996284
33.020000 -3.0078 -1.73822 0.723135 -0.0985476 -0.740586 0.266994 -0.462684 -1.50539 4.16861 0.567252 -0.821249 -0.0614478 0.822497 0.56119 0.0925484 -0.0415214 -0.103039 0.99381
33.040000 -3.00809 -1.75328 0.728389 0.0369835 -0.7167 0.254855 -0.58275 -1.25946 3.97228 0.498099 -0.861906 -0.0949514 0.86624 0.489668 0.0992661 -0.0390634 -0.131695 0.99052
33.060000 -3.00362 -1.76556 0.733056 0.293356 -0.574871 0.202623 -0.232286 -1.22228 3.24055 0.438987 -0.889627 -0.125909 0.897897 0.429264 0.0975328 -0.0327194 -0.155869 0.987236
33.080000 -2.99672 -1.77438 0.737082 0.357613 -0.371443 0.229809 0.165406 -1.38778 2.98041 0.386306 -0.909113 -0.155826 0.922121 0.376723 0.0881613 -0.0214452 -0.177748 0.983842
33.100000 -2.98864 -1.7816 0.739534 0.411854 -0.357246 0.0991483 0.159683 -1.25196 2.38385 0.340275 -0.921915 -0.185166 0.940283 0.331708 0.0764066 -0.00901938 -0.200107 0.979732
33.120000 -2.98224 -1.7891 0.744045 0.218705 -0.390607 0.318189 -0.551456 -0.914236 1.05545 0.31256 -0.927402 -0.205503 0.949874 0.303629 0.074486 -0.00668198 -0.218483 0.975818
33.140000 -2.97884 -1.79822 0.747132 0.146907 -0.455045 0.129213 -0.0507981 0.827822 1.04746 0.291674 -0.936333 -0.195468 0.956439 0.282877 0.0721393 -0.0122529 -0.207994 0.978053
33.160000 -2.97556 -1.80685 0.753575 0.0976775 -0.378236 0.325851 0.361565 2.23585 0.155316 0.283262 -0.947218 -0.150138 0.958879 0.276833 0.0625625 -0.0176972 -0.161686 0.986684
33.180000 -2.97565 -1.81434 0.759578 -0.101478 -0.381075 0.267361 0.77173 3.14214 -0.432447 0.294534 -0.951917 -0.0842882 0.955392 0.291297 0.0486996 -0.021805 -0.094872 0.995251
33.200000 -2.97885 -1.82193 0.763956 -0.178905 -0.370601 0.211755 0.877743 3.70856 -1.90242 0.32734 -0.944887 -0.00604697 0.944501 0.327005 0.0314052 -0.027697 -0.0159916 0.999488
33.220000 -2.98387 -1.83151 0.766895 -0.274751 -0.544426 0.120905 0.792733 3.44832 -3.60306 0.390651 -0.917864 0.0701321 0.919691 0.392426 0.0130639 -0.0395126 0.0593964 0.997452
33.240000 -2.9902 -1.84321 0.768061 -0.298558 -0.631274 0.0313395 0.843884 2.75639 -4.14484 0.465199 -0.875725 0.129215 0.883861 0.467562 -0.0132812 -0.0487851 0.120386 0.991528
33.260000 -3.00095 -1.85526 0.773336 -0.578968 -0.615059 0.253844 1.39842 1.49465 -3.74056 0.532443 -0.83134 0.159307 0.845448 0.531527 -0.0519335 -0.0415017 0.162338 0.985862
33.280000 -3.01438 -1.86759 0.777228 -0.700353 -0.618908 0.166872 1.39913 1.05781 -3.0861 0.586122 -0.790597 0.17725 0.809625 0.579906 -0.0906456 -0.0311241 0.196635 0.979983
33.300000 -3.02801 -1.87972 0.777208 -0.693755 -0.58559 -0.078527 1.24749 0.959418 -2.34592 0.625966 -0.756481 0.18948 0.779552 0.613696 -0.125203 -0.0215696 0.226082 0.973869
33.320000 -3.04275 -1.89021 0.771246 -0.750305 -0.525575 -0.325495 1.00793 0.918393 -1.78977 0.654765 -0.727519 0.204938 0.755599 0.636778 -0.15357 -0.0187746 0.255403 0.966652
33.340000 -3.05878 -1.90004 0.762428 -0.835376 -0.484894 -0.466594 0.631157 0.202757 -1.24708 0.674515 -0.708091 0.208894 0.738146 0.651849 -0.17388 -0.0130443 0.271478 0.962356
33.360000 -3.07624 -1.9091 0.753491 -0.860879 -0.446078 -0.461837 0.427027 0.143084 -0.931114 0.688497 -0.694878 0.207643 0.725189 0.663 -0.185829 -0.0085391 0.278523 0.960392
33.380000 -3.093 -1.91949 0.740674 -0.796223 -0.560436 -0.646039 -0.363789 -0.56846 -1.357 0.705709 -0.681904 0.192307 0.708474 0.681572 -0.183097 -0.00621648 0.265457 0.964103
33.400000 -3.10633 -1.93147 0.726945 -0.514339 -0.612213 -0.59589 -1.107 -0.718375 -1.57955 0.726885 -0.665991 0.167613 0.686703 0.707967 -0.164992 -0.00878114 0.235031 0.971948
33.420000 -3.11665 -1.94218 0.726091 -0.514826 -0.523471 0.124151 -0.99397 -1.40202 0.0497307 0.730973 -0.668293 0.138066 0.682387 0.717343 -0.140595 -0.00508218 0.196986 0.980393
33.440000 -3.12311 -1.95373 0.734845 -0.264708 -0.590876 0.461422 -1.42926 -1.83533 0.831341 0.719661 -0.686644 0.102994 0.694323 0.711284 -0.109505 0.00193312 0.150317 0.988636
33.460000 -3.12631 -1.96687 0.746719 -0.0822733 -0.63083 0.584602 -1.47718 -2.05805 1.89119 0.692615 -0.71853 0.0632377 0.721243 0.688716 -0.0740216 0.00963391 0.0968783 0.99525
33.480000 -3.12504 -1.9778 0.757708 0.139535 -0.459306 0.455057 -1.62747 -2.47254 2.76673 0.650831 -0.759016 0.0177462 0.75901 0.649916 -0.0389109 0.0180005 0.0387939 0.999085
33.500000 -3.12264 -1.98515 0.765546 0.178419 -0.307889 0.403963 -1.615 -2.25686 2.76891 0.605327 -0.795455 -0.0288312 0.795637 0.60573 -0.00731434 0.0232822 -0.0185116 0.999558
33.520000 -3.11712 -1.99063 0.770972 0.277419 -0.287944 0.201786 -1.01202 -1.82176 2.48514 0.561769 -0.824546 -0.0673751 0.826897 0.562156 0.0148757 0.0256097 -0.064069 0.997617
33.540000 -3.10922 -1.99488 0.772004 0.417433 -0.188374 -0.029291 -0.598646 -1.87379 2.4205 0.520054 -0.847818 -0.103675 0.853557 0.520319 0.0266235 0.0313722 -0.102338 0.994255
33.560000 -3.09862 -1.99472 0.770504 0.533071 0.0914581 -0.086878 -1.12468 -1.51698 2.29187 0.478334 -0.867359 -0.137419 0.877598 0.477817 0.0389053 0.0319161 -0.139208 0.989749
33.580000 -3.0911 -1.99134 0.76847 0.366702 0.163638 -0.142479 -0.834318 -0.804447 1.77733 0.444407 -0.881977 -0.156907 0.895466 0.44232 0.0499354 0.0253611 -0.162696 0.98635
33.600000 -3.08418 -1.98875 0.763505 0.32529 0.12309 -0.299367 -0.75244 -0.465775 1.35916 0.41793 -0.89287 -0.167681 0.908337 0.413953 0.0597282 0.0160826 -0.177273 0.98403
33.620000 -3.0766 -1.98784 0.758002 0.356917 0.0402825 -0.306513 -0.422061 0.0949256 1.10384 0.396669 -0.902645 -0.166989 0.917939 0.391315 0.0652739 0.00642613 -0.179178 0.983796
33.640000 -3.07011 -1.98794 0.755895 0.313512 0.0183306 -0.0293637 -0.357595 2.78895 1.22343 0.375406 -0.918481 -0.124354 0.926725 0.369661 0.0673194 -0.0158626 -0.140514 0.989952
33.660000 -3.06214 -1.98594 0.752724 0.426718 0.139345 -0.21447 -0.0559717 3.27437 0.0293943 0.368314 -0.927958 -0.0569199 0.928818 0.364605 0.0660268 -0.0405168 -0.0771868 0.996193
33.680000 -3.0547 -1.98126 0.752774 0.227292 0.287002 0.181546 0.675978 1.85746 -0.727526 0.381669 -0.924267 -0.00766939 0.922981 0.380668 0.0565409 -0.0493394 -0.0286586 0.998371
33.700000 -3.0543 -1.9743 0.759581 -0.0473855 0.355138 0.36804 1.13185 1.39326 -1.38729 0.408049 -0.912599 0.0256623 0.912064 0.408733 0.0328148 -0.0404358 0.0100157 0.999132
33.720000 -3.05785 -1.96658 0.765659 -0.175909 0.402633 0.229015 1.17507 1.32449 -2.15021 0.445362 -0.89379 0.0528456 0.894851 0.446309 0.00707791 -0.0299116 0.0441367 0.998578
33.740000 -3.0631 -1.96075 0.764987 -0.315602 0.29306 -0.128711 0.868745 1.28955 -2.45604 0.489944 -0.86803 0.0804858 0.871393 0.490306 -0.0165669 -0.0250821 0.0782517 0.996618
33.760000 -3.06563 -1.95445 0.762752 -0.0705507 0.381496 -0.118938 1.53873 1.32946 -2.90447 0.539902 -0.834989 0.106299 0.841617 0.537564 -0.0520286 -0.0136991 0.117553 0.992972
33.780000 -3.06613 -1.94555 0.759186 0.00502441 0.459895 -0.155734 1.51342 1.49492 -2.54417 0.584341 -0.800993 0.130215 0.811498 0.577556 -0.0888802 -0.00401397 0.157606 0.987494
33.800000 -3.06353 -1.9354 0.754666 0.22699 0.506592 -0.284517 1.01251 1.75491 -2.15674 0.619895 -0.768448 0.158801 0.784662 0.608605 -0.117925 -0.00602787 0.197706 0.980243
33.820000 -3.05753 -1.92593 0.749071 0.317937 0.476435 -0.290249 0.731872 1.30605 -1.69033 0.648113 -0.739986 0.179919 0.761473 0.632939 -0.139812 -0.0104188 0.227617 0.973695
33.840000 -3.05064 -1.91681 0.742002 0.36442 0.448371 -0.37897 0.591163 1.18392 -1.18629 0.666835 -0.717931 0.199763 0.745002 0.64851 -0.156226 -0.0173887 0.253 0.96731
33.860000 -3.04323 -1.90734 0.732618 0.368313 0.455332 -0.508624 0.77028 0.831087 -0.851763 0.679837 -0.701476 0.2139 0.733092 0.657977 -0.172171 -0.0199673 0.273856 0.961563
33.880000 -3.0366 -1.8976 0.720718 0.33637 0.481651 -0.590626 0.272723 0.271305 -0.643514 0.689461 -0.691172 0.216621 0.724107 0.665014 -0.182828 -0.01769 0.282909 0.958983
33.900000 -3.03036 -1.88825 0.71202 0.329287 0.429171 -0.363948 -1.09291 -0.671598 -0.181846 0.69446 -0.690375 0.202752 0.71921 0.674439 -0.166939 -0.0214934 0.261753 0.964895
33.920000 -3.0235 -1.88273 0.711429 0.334566 0.215938 0.0521803 -0.949767 -0.811248 0.523365 0.687932 -0.70142 0.186439 0.72537 0.673058 -0.144332 -0.0242474 0.234528 0.971807
33.940000 -3.01827 -1.88091 0.716157 0.230109 0.013123 0.278756 -1.75662 -1.28684 1.04648 0.672647 -0.721833 0.162797 0.739286 0.664978 -0.106114 -0.0316597 0.191731 0.980937
33.960000 -3.01326 -1.88356 0.725349 0.229514 -0.187665 0.508423 -2.67052 -2.10161 1.93045 0.646121 -0.753071 0.124146 0.761974 0.645809 -0.0482296 -0.0438545 0.125758 0.991091
33.980000 -3.01114 -1.88942 0.738329 0.0868442 -0.303783 0.64234 -2.74652 -2.0251 2.91499 0.601942 -0.794325 0.0819405 0.796122 0.604931 0.0157696 -0.0620945 0.0557422 0.996512
34.000000 -3.00909 -1.89664 0.750746 0.0991799 -0.372427 0.586016 -2.16021 -1.62004 3.49844 0.546231 -0.836539 0.0428274 0.833859 0.547906 0.0669159 -0.0794432 -0.000839516 0.996839
34.020000 -3.00509 -1.90656 0.761718 0.208914 -0.524634 0.512966 -1.53116 -1.18987 3.68566 0.484573 -0.874693 0.0100096 0.869671 0.482959 0.10209 -0.0941318 -0.040765 0.994725
34.040000 -2.99891 -1.91773 0.771327 0.334445 -0.582051 0.472489 -0.546525 -0.791691 3.71176 0.418165 -0.908222 -0.0164523 0.902857 0.413566 0.117529 -0.0999386 -0.0640008 0.992933
34.060000 -2.99098 -1.92769 0.779854 0.427847 -0.491545 0.362435 0.00832507 -0.297183 3.08255 0.359227 -0.93271 -0.031739 0.928234 0.353567 0.11564 -0.0966365 -0.0710021 0.992784
34.080000 -2.98199 -1.93706 0.78115 0.471334 -0.451611 0.0153699 0.101673 -0.796102 2.79259 0.306642 -0.950473 -0.0507217 0.947774 0.299992 0.108301 -0.087721 -0.0812823 0.992823
34.100000 -2.97048 -1.94514 0.778359 0.603128 -0.390916 -0.199791 0.265321 -0.632074 2.47726 0.259402 -0.963307 -0.0689247 0.962468 0.251961 0.10085 -0.0797831 -0.0924985 0.992511
34.120000 -2.95643 -1.95329 0.772109 0.745652 -0.421805 -0.347279 0.214864 -0.284448 2.27214 0.216165 -0.973116 -0.07949 0.973593 0.208715 0.0924942 -0.0734168 -0.0973849 0.992535
34.140000 -2.9414 -1.96128 0.766294 0.743112 -0.396727 -0.337931 0.430392 -0.00652107 1.97927 0.176705 -0.980786 -0.0826635 0.98214 0.170187 0.0802358 -0.064626 -0.0953652 0.993342
34.160000 -2.9268 -1.96642 0.760913 0.687853 -0.176686 -0.311299 0.513032 0.332826 2.33779 0.131719 -0.988371 -0.0759839 0.989626 0.126676 0.0677681 -0.0573546 -0.084122 0.994803
34.180000 -2.91427 -1.96987 0.756991 0.582398 -0.1982 -0.145533 0.403771 0.83603 1.94666 0.0938328 -0.993869 -0.0584722 0.994509 0.0908357 0.0519685 -0.0463385 -0.0630275 0.996935
34.200000 -2.90712 -1.97392 0.756097 0.234484 -0.277494 -0.00657148 0.292691 0.944602 0.2912 0.0799557 -0.99616 -0.0356786 0.995997 0.0784053 0.0429216 -0.0399594 -0.0389676 0.998441
34.220000 -2.90844 -1.98089 0.756557 -0.186567 -0.416052 -0.000736973 0.320686 1.45129 -0.707232 0.0943946 -0.995528 -0.00368896 0.994934 0.0942082 0.0350998 -0.0345953 -0.00698351 0.999377
34.240000 -2.91714 -1.9926 0.760205 -0.482709 -0.635194 0.201981 0.926113 1.49827 -1.86481 0.132036 -0.990834 0.0285307 0.991059 0.132514 0.0155529 -0.019191 0.026222 0.999472
34.260000 -2.93085 -2.0011 0.766985 -0.688888 -0.391401 0.451957 1.22258 2.17725 -3.24914 0.192386 -0.978985 0.0676392 0.981313 0.192182 -0.0095651 -0.00363497 0.0682154 0.997664
34.280000 -2.94441 -2.00868 0.777861 -0.674937 -0.380563 0.523477 1.14192 2.03926 -3.45188 0.261064 -0.959181 0.108705 0.965278 0.258319 -0.0388566 0.00918991 0.115075 0.993314
34.300000 -2.95927 -2.01827 0.786066 -0.713225 -0.522865 0.365524 1.10957 1.62233 -3.16927 0.32443 -0.935466 0.140176 0.945693 0.317599 -0.0692535 0.0202645 0.155031 0.987702
34.320000 -2.97257 -2.03239 0.789216 -0.668725 -0.725203 0.139877 0.872895 0.136008 -2.41508 0.372419 -0.918329 0.134077 0.927234 0.362072 -0.0956076 0.0392537 0.159927 0.986348
34.340000 -2.98733 -2.04793 0.787215 -0.721927 -0.776937 -0.167182 0.127033 0.385714 -1.9219 0.410324 -0.90192 0.134814 0.910894 0.398271 -0.107944 0.0436645 0.167093 0.984974
34.360000 -3.00294 -2.06414 0.779325 -0.812561 -0.826675 -0.421169 -0.580082 0.682845 -1.55053 0.440287 -0.886014 0.145351 0.897365 0.428881 -0.103912 0.0297293 0.176183 0.983908
34.380000 -3.0214 -2.08381 0.772283 -0.92204 -1.00224 -0.199633 -0.326778 -0.224834 -1.54955 0.467958 -0.872376 0.141335 0.883461 0.45769 -0.100083 0.0226227 0.171699 0.98489
34.400000 -3.03916 -2.10427 0.766052 -0.898479 -0.990603 -0.294985 0.407796 0.124845 -1.23056 0.490411 -0.860809 0.136033 0.871005 0.478913 -0.109515 0.0291235 0.172192 0.984633
34.420000 -3.05438 -2.11991 0.76239 -0.69486 -0.705284 -0.051574 0.558085 0.786095 -0.914377 0.506913 -0.850472 0.140485 0.861371 0.49356 -0.120164 0.0328588 0.181922 0.982764
34.440000 -3.05684 -2.12217 0.766499 0.0152818 -0.0606358 0.194971 -0.885628 -0.852728 -0.446662 0.51441 -0.849551 0.116813 0.857026 0.504571 -0.104474 0.029816 0.153854 0.987644
34.460000 -3.05314 -2.12815 0.768764 0.244127 -0.36416 0.0731921 -0.988376 -0.419774 -0.296061 0.517657 -0.849103 0.10514 0.855424 0.511232 -0.0830095 0.0167326 0.13291 0.990987
34.480000 -3.04601 -2.13904 0.773585 0.389006 -0.578462 0.225811 -0.87456 -0.609092 0.4137 0.510504 -0.854899 0.0923772 0.859852 0.50674 -0.0622099 0.006372 0.111189 0.993779
34.500000 -3.03605 -2.15275 0.779681 0.519513 -0.703506 0.308857 -0.906679 -1.10804 1.03565 0.492203 -0.867585 0.0709436 0.87048 0.490593 -0.0397784 -0.000293377 0.0813341 0.996687
34.520000 -3.02428 -2.16867 0.785323 0.61724 -0.821708 0.245858 -0.87008 -1.37681 1.50543 0.464077 -0.88472 0.0436202 0.885786 0.463726 -0.0184709 -0.00388627 0.0472101 0.998877
34.540000 -3.0092 -2.18643 0.786846 0.79836 -0.918286 -0.0192927 -0.873845 -1.83365 1.70548 0.430815 -0.902404 0.00807785 0.902432 0.430832 0.000486751 -0.00391944 0.00708001 0.999967
34.560000 -2.9926 -2.20776 0.785555 0.831924 -1.12868 -0.0672517 -0.649859 -1.97749 1.85021 0.394908 -0.91807 -0.0345647 0.918721 0.394654 0.0141739 0.000628503 -0.0373527 0.999302
34.580000 -2.97739 -2.23284 0.784993 0.769564 -1.31931 -0.0189545 -0.303139 -1.46967 1.94249 0.356737 -0.931674 -0.0687173 0.934185 0.356244 0.0197106 0.00611633 -0.0712262 0.997441
34.600000 -2.96099 -2.26243 0.781782 0.843649 -1.53228 -0.203641 -0.586141 -1.43314 1.9732 0.319389 -0.942459 -0.0988028 0.947601 0.318357 0.0264736 0.00650422 -0.102081 0.994755
34.620000 -2.94279 -2.29491 0.775099 0.902204 -1.66021 -0.384286 -0.681857 -1.25137 1.97225 0.280672 -0.951524 -0.125795 0.959802 0.27852 0.0347482 0.00197266 -0.130491 0.991448
34.640000 -2.92637 -2.328 0.764239 0.83187 -1.61912 -0.529256 -0.45557 -0.963795 1.52228 0.249198 -0.957083 -0.147958 0.968452 0.246086 0.0392785 -0.00118248 -0.153078 0.988213
34.660000 -2.90933 -2.35646 0.757245 0.856126 -1.37033 -0.285328 -0.254461 -1.22792 1.34354 0.223377 -0.959693 -0.170564 0.974731 0.219709 0.0403302 -0.00123016 -0.175263 0.984521
34.680000 -2.8914 -2.3804 0.75969 0.879358 -1.15588 0.162713 -0.318464 -2.06339 1.6174 0.19272 -0.95787 -0.212942 0.981254 0.188085 0.0420147 -0.000193432 -0.217047 0.976161
34.700000 -2.87515 -2.3931 0.769019 0.755823 -0.518296 0.501179 0.548599 2.85795 1.24272 0.166597 -0.973765 -0.155006 0.986025 0.16467 0.0252795 0.000908489 -0.157051 0.98759
34.720000 -2.86481 -2.39882 0.778608 0.448196 -0.222264 0.447705 0.326028 2.0848 0.714621 0.15065 -0.982702 -0.107708 0.988586 0.149908 0.0149932 0.00141253 -0.108738 0.994069
34.740000 -2.85881 -2.40265 0.789598 0.289487 -0.227629 0.578273 0.366326 1.94301 -0.0189815 0.149873 -0.986545 -0.0653249 0.988705 0.149622 0.00874956 0.00114221 -0.0658984 0.997826
34.760000 -2.85465 -2.40663 0.802438 0.148805 -0.187975 0.604189 0.222045 2.55406 -0.695189 0.160289 -0.987014 -0.0105078 0.987058 0.160225 0.00666015 -0.00489005 -0.0114394 0.999923
34.780000 -2.85624 -2.40745 0.810496 -0.165633 -0.0134152 0.32859 0.101273 2.62457 -1.53451 0.190189 -0.980741 0.0444497 0.981654 0.190599 0.005148 -0.0135209 0.0426552 0.998998
34.800000 -2.86408 -2.40529 0.81628 -0.435007 0.164158 0.252565 0.154519 3.13961 -2.02804 0.229853 -0.967217 0.107975 0.972893 0.231256 0.000481261 -0.0254355 0.104938 0.994153
34.820000 -2.87697 -2.4014 0.82174 -0.730284 0.185723 0.302811 0.118472 3.42989 -2.26144 0.273275 -0.94573 0.175828 0.961103 0.276044 -0.00899821 -0.0400264 0.171447 0.98438
34.840000 -2.89414 -2.39932 0.825975 -0.862473 0.0573168 0.0731943 -0.703956 2.17155 -2.45738 0.317599 -0.919418 0.231952 0.945979 0.324046 -0.0108128 -0.0652216 0.222856 0.972667
34.860000 -2.91139 -2.40036 0.82868 -0.812819 -0.0807117 0.146185 -0.615822 2.0235 -2.33593 0.359941 -0.89208 0.273195 0.928363 0.371542 -0.00992118 -0.0926531 0.257195 0.961907
34.880000 -2.92859 -2.40254 0.827873 -0.875204 -0.114134 -0.10053 -0.399743 1.19728 -1.71761 0.391041 -0.870611 0.298535 0.913581 0.406504 -0.0111925 -0.111611 0.277113 0.954333
34.900000 -2.94528 -2.40484 0.824871 -0.809254 -0.10373 -0.136293 -0.223848 0.640895 -1.23616 0.412727 -0.856 0.311322 0.902627 0.430204 -0.0137599 -0.122153 0.286686 0.950205
34.920000 -2.96065 -2.4068 0.820761 -0.784272 -0.0754176 -0.212773 -0.443977 0.0215448 -0.711867 0.426398 -0.848649 0.313017 0.895226 0.445457 -0.0117748 -0.129443 0.285242 0.949675
34.940000 -2.97624 -2.40759 0.813227 -0.774535 -0.030158 -0.402615 -0.677048 -0.713164 -0.302028 0.435007 -0.84911 0.299636 0.890242 0.455485 -0.00168434 -0.135049 0.267481 0.954052
34.960000 -2.99119 -2.40997 0.801845 -0.715244 -0.146575 -0.618751 -0.936717 -1.39897 -0.0168061 0.439629 -0.856483 0.270489 0.887419 0.460674 0.0163568 -0.138616 0.232846 0.962584
34.980000 -3.00507 -2.41528 0.788814 -0.681648 -0.203708 -0.669251 -1.14048 -2.3168 0.50886 0.438535 -0.870183 0.224654 0.887728 0.458389 0.0426541 -0.140096 0.180726 0.973505
35.000000 -3.01852 -2.41702 0.77687 -0.649369 -0.0657319 -0.524741 -0.742748 -2.47178 1.39367 0.41903 -0.892078 0.169147 0.897865 0.43483 0.0689969 -0.135101 0.12296 0.983173
35.020000 -3.03033 -2.41811 0.773047 -0.584991 -0.0600397 -0.141648 -0.0960253 -2.72343 2.22986 0.383941 -0.916914 0.108893 0.915771 0.393215 0.0821269 -0.118122 0.0681888 0.990655
35.040000 -3.03921 -2.42247 0.779302 -0.454015 -0.249461 0.34537 1.22835 -2.26379 2.32652 0.341904 -0.938077 0.0558048 0.936342 0.34511 0.0645234 -0.0797866 0.0301916 0.996355
35.060000 -3.04705 -2.42997 0.787209 -0.379765 -0.424183 0.381502 1.15932 -1.97483 2.20722 0.29985 -0.953919 0.0113687 0.952956 0.300058 0.0428998 -0.0443342 -0.00202966 0.999015
35.080000 -3.05376 -2.44058 0.791846 -0.325551 -0.562076 0.135412 0.793339 -2.04469 2.07416 0.259833 -0.965184 -0.0301061 0.965532 0.25918 0.0239351 -0.0152989 -0.0352876 0.99926
35.100000 -3.06032 -2.45172 0.789401 -0.33654 -0.525559 -0.205243 0.566839 -2.21658 1.85165 0.221304 -0.972348 -0.0745893 0.975189 0.221088 0.011241 0.00556065 -0.0752264 0.997151
35.120000 -3.06785 -2.46005 0.785926 -0.373915 -0.394957 -0.195031 0.513713 -2.00502 1.5806 0.187257 -0.975412 -0.116214 0.981925 0.189186 -0.00569897 0.027545 -0.113046 0.993208
35.140000 -3.07541 -2.46681 0.781075 -0.376081 -0.326589 -0.26838 0.0145643 -1.75564 1.1849 0.161581 -0.975262 -0.150847 0.986194 0.165186 -0.0115963 0.0362273 -0.14689 0.988489
35.160000 -3.08447 -2.47152 0.773301 -0.508398 -0.155099 -0.490896 -0.465384 -2.15377 0.836945 0.143181 -0.971662 -0.188076 0.988996 0.147623 -0.00975314 0.0372411 -0.18461 0.982106
35.180000 -3.0928 -2.475 0.763862 -0.424118 -0.18578 -0.468336 -0.345926 -1.55931 0.717374 0.125812 -0.967726 -0.21835 0.991503 0.129996 -0.00484223 0.0330706 -0.215886 0.975858
35.200000 -3.09862 -2.47755 0.76035 -0.258847 -0.108619 -0.0776307 -0.403299 1.60438 0.887659 0.108507 -0.974388 -0.19696 0.993861 0.110637 0.000191113 0.0216049 -0.195772 0.980411
35.220000 -3.10233 -2.47671 0.761054 -0.196803 0.0607773 -0.00118727 -0.856685 2.72975 0.324841 0.101784 -0.984578 -0.142288 0.994806 0.100806 0.0140843 0.000476396 -0.142982 0.989725
35.240000 -3.10468 -2.47541 0.758462 -0.159372 0.0442181 -0.15714 -0.70013 3.07607 -0.734851 0.115122 -0.990373 -0.07687 0.993142 0.113162 0.0293972 -0.0204154 -0.0797271 0.996608
35.260000 -3.11119 -2.47148 0.760144 -0.368528 0.23568 0.0872343 -0.0726734 2.31361 -1.889 0.147535 -0.988715 -0.0259941 0.988458 0.146481 0.038643 -0.0343993 -0.0313953 0.998915
35.280000 -3.12139 -2.46807 0.760213 -0.533681 0.147712 -0.00617499 0.266613 2.48758 -2.63135 0.198863 -0.979623 0.0281448 0.979259 0.199762 0.0338594 -0.0387917 0.0208277 0.99903
35.300000 -3.1351 -2.46666 0.759732 -0.696855 0.0647549 -0.00673004 0.87802 1.82121 -3.12395 0.257426 -0.963594 0.0722346 0.965672 0.25923 0.0166562 -0.0347751 0.0654672 0.997249
35.320000 -3.14771 -2.46546 0.756318 -0.590222 0.0736872 -0.213413 1.20346 1.53521 -3.60236 0.324571 -0.94006 0.104601 0.945596 0.32511 -0.0123356 -0.0224106 0.102914 0.994438
35.340000 -3.15663 -2.46511 0.751804 -0.423426 0.0549209 -0.21363 0.789351 1.33411 -3.14717 0.385862 -0.913027 0.13226 0.922404 0.38442 -0.0373127 -0.0167758 0.136395 0.990513
35.360000 -3.16209 -2.46038 0.747202 -0.239403 0.308239 -0.219244 0.906585 1.26892 -3.0527 0.442384 -0.883585 0.153541 0.896768 0.437775 -0.0645098 -0.0102163 0.166228 0.986034
35.380000 -3.16495 -2.45256 0.743035 -0.110832 0.404143 -0.209864 0.851957 1.38404 -2.66077 0.491111 -0.853119 0.176062 0.871064 0.482698 -0.0908245 -0.00750064 0.197966 0.98018
35.400000 -3.16171 -2.44478 0.736824 0.164473 0.372968 -0.290844 0.542932 1.4334 -2.1763 0.530567 -0.823634 0.200312 0.847542 0.519116 -0.110411 -0.0130473 0.228353 0.973491
35.420000 -3.15862 -2.43773 0.730867 0.136779 0.353222 -0.303292 0.340783 0.769024 -1.79117 0.560675 -0.798928 0.217616 0.827823 0.546787 -0.125433 -0.0187774 0.250475 0.967941
35.440000 -3.15298 -2.43346 0.727272 0.304932 0.173961 -0.159156 -0.0882099 0.0418428 -1.07205 0.580244 -0.784307 0.219499 0.814132 0.566003 -0.129726 -0.0224926 0.253974 0.966949
35.460000 -3.14652 -2.43044 0.725746 0.323073 0.109678 -0.0964396 -0.46414 -0.335077 -0.602997 0.591875 -0.778098 0.210352 0.80556 0.57994 -0.121417 -0.0275176 0.241315 0.970057
35.480000 -3.13865 -2.42811 0.724278 0.404455 0.146323 -0.0534786 -0.304587 -0.590864 -0.226977 0.595933 -0.778347 0.197586 0.802611 0.585291 -0.115105 -0.0260539 0.227179 0.973504
35.500000 -3.12996 -2.42511 0.724285 0.431574 0.116547 0.013037 -0.580877 -1.0935 0.132369 0.593394 -0.785559 0.175443 0.804606 0.584914 -0.102394 -0.0221821 0.201922 0.97915
35.520000 -3.12094 -2.42283 0.726549 0.454911 0.104462 0.134685 -0.906811 -1.78003 0.923379 0.579852 -0.802465 0.14079 0.814556 0.574499 -0.0803065 -0.0164406 0.161247 0.986777
35.540000 -3.11095 -2.42268 0.731585 0.470165 -0.0244057 0.281551 -1.3598 -2.20387 1.76763 0.552173 -0.828273 0.0952288 0.833631 0.550248 -0.0478068 -0.0128023 0.105783 0.994307
35.560000 -3.10094 -2.42597 0.738411 0.499871 -0.270932 0.33604 -1.57002 -2.58626 2.79763 0.505485 -0.861779 0.0426827 0.862742 0.50554 -0.0102887 -0.0127112 0.042025 0.999036
35.580000 -3.09031 -2.43199 0.745474 0.531432 -0.318138 0.329797 -1.42036 -2.5727 3.27099 0.447074 -0.894417 -0.0119676 0.894384 0.446766 0.0218315 -0.0141798 -0.0204639 0.99969
35.600000 -3.07928 -2.43977 0.750944 0.551142 -0.410998 0.239449 -1.18737 -2.31793 3.54147 0.38221 -0.921903 -0.063325 0.923912 0.379956 0.0449419 -0.0173713 -0.075684 0.996981
35.620000 -3.06894 -2.44882 0.754183 0.511696 -0.470546 0.131838 -0.90914 -1.92817 3.60581 0.314921 -0.942989 -0.107688 0.948869 0.310209 0.058456 -0.0217175 -0.120591 0.992465
35.640000 -3.06181 -2.45797 0.755679 0.35977 -0.47328 0.0780127 -0.527171 -1.44161 3.65406 0.245316 -0.958802 -0.143242 0.969116 0.238703 0.0619277 -0.0251841 -0.15401 0.987748
35.660000 -3.05335 -2.4694 0.758564 0.435813 -0.602929 0.174322 0.0770454 -0.713506 3.66082 0.175046 -0.970565 -0.165417 0.984307 0.168703 0.0517582 -0.0223283 -0.171882 0.984865
35.680000 -3.04361 -2.48402 0.761935 0.508038 -0.776095 0.165729 0.546992 -0.37577 3.79195 0.101313 -0.978958 -0.177135 0.99478 0.0974994 0.0301235 -0.0122191 -0.179262 0.983726
35.700000 -3.03052 -2.49629 0.76466 0.760582 -0.532389 0.169111 -0.0135368 -0.448557 3.72406 0.0283088 -0.982085 -0.186302 0.999591 0.0270748 0.00916525 -0.00395697 -0.186485 0.98245
35.720000 -3.01439 -2.50422 0.764815 0.814758 -0.391643 -0.0389088 0.0313206 -1.1134 3.42152 -0.0422344 -0.977663 -0.205891 0.999099 -0.0421907 -0.00460487 -0.00418468 -0.2059 0.978564
35.740000 -2.99783 -2.51188 0.764673 0.840981 -0.375021 0.000281996 0.334029 -0.253677 2.63335 -0.098156 -0.971006 -0.217975 0.99517 -0.0955334 -0.0225645 0.00108638 -0.219137 0.975693
35.760000 -2.98574 -2.52365 0.767246 0.568231 -0.613728 0.110229 -0.316877 1.97356 1.23121 -0.127531 -0.971757 -0.198555 0.991831 -0.125459 -0.0230335 -0.00252745 -0.199871 0.979819
35.780000 -2.97702 -2.53487 0.765441 0.422359 -0.53771 -0.0950775 -0.653439 1.77882 0.643678 -0.142785 -0.976127 -0.163675 0.989698 -0.142572 -0.0131089 -0.0105395 -0.163861 0.986427
35.800000 -2.96988 -2.54598 0.765337 0.327002 -0.607381 -0.00909881 -1.01034 2.739 0.229416 -0.14462 -0.983696 -0.106898 0.989235 -0.146176 0.00682405 -0.0223387 -0.104761 0.994247
35.820000 -2.96302 -2.56035 0.769627 0.354441 -0.716835 0.225634 -0.876614 2.58717 -1.86224 -0.116468 -0.99193 -0.0500986 0.9926 -0.117995 0.028684 -0.0343639 -0.0463871 0.998332
35.840000 -2.96074 -2.57592 0.775575 0.0611133 -0.785523 0.274982 -0.722732 2.832 -2.87504 -0.0625447 -0.997983 0.0108578 0.997028 -0.061987 0.0457555 -0.0449902 0.0136873 0.998894
35.860000 -2.96545 -2.59389 0.78751 -0.306167 -0.901404 0.565335 0.332646 2.4177 -3.31039 0.00525932 -0.998056 0.062098 0.999169 0.00775494 0.040016 -0.0404198 0.0618359 0.997268
35.880000 -2.97273 -2.61025 0.799402 -0.38851 -0.814253 0.56422 0.46398 1.94705 -3.16394 0.0708778 -0.992017 0.1043 0.996953 0.073865 0.0250573 -0.0325614 0.102206 0.99423
35.900000 -2.98223 -2.62314 0.805193 -0.507487 -0.607963 0.19594 0.170585 2.41622 -2.60712 0.125238 -0.980536 0.151213 0.991596 0.128691 0.013229 -0.0324312 0.148285 0.988413
35.920000 -2.99043 -2.63502 0.804976 -0.423512 -0.594038 -0.0278339 0.293991 1.92024 -2.10056 0.168493 -0.966578 0.193228 0.985166 0.171604 -0.000648056 -0.0325322 0.190471 0.981154
35.940000 -2.99957 -2.64677 0.802346 -0.46493 -0.58803 -0.170112 0.183434 1.33456 -1.6471 0.201909 -0.954072 0.221314 0.978828 0.20432 -0.0121941 -0.0335847 0.21909 0.975126
35.960000 -3.00958 -2.6589 0.795272 -0.52162 -0.630669 -0.438778 0.205039 0.77419 -1.32699 0.228394 -0.943799 0.238913 0.972961 0.229945 -0.0217508 -0.0344085 0.237421 0.970797
35.980000 -3.01681 -2.66917 0.784704 -0.359569 -0.51163 -0.511198 0.222903 -0.267585 -0.980356 0.248265 -0.938879 0.238477 0.96821 0.248269 -0.0305192 -0.0305528 0.238473 0.970668
36.000000 -3.02341 -2.67929 0.777282 -0.320069 -0.501903 -0.351525 -0.0414646 -0.0697942 -0.847428 0.26417 -0.935015 0.236562 0.963982 0.263822 -0.0337207 -0.0308808 0.236949 0.971031
36.020000 -3.0299 -2.68909 0.76383 -0.317026 -0.519921 -0.72132 -0.518277 -1.46046 -0.948694 0.282307 -0.936653 0.207326 0.958821 0.282487 -0.0293733 -0.0310542 0.20708 0.977831
36.040000 -3.03762 -2.6991 0.747751 -0.368676 -0.497141 -0.80849 -0.585647 -2.02453 -0.0117779 0.28602 -0.943939 0.164838 0.957768 0.286929 -0.0187906 -0.0295596 0.163251 0.986142
36.060000 -3.04536 -2.70757 0.737863 -0.312617 -0.451732 -0.309776 0.241696 -2.15683 0.521853 0.274875 -0.953873 0.120705 0.961259 0.275327 -0.0132493 -0.0205951 0.11967 0.9926
36.080000 -3.05297 -2.71572 0.737202 -0.368986 -0.398733 0.0641228 0.291101 -2.6705 1.26417 0.250299 -0.966041 0.0641466 0.968165 0.249933 -0.0138109 -0.00269046 0.0655614 0.997845
36.100000 -3.05783 -2.72525 0.744375 -0.213198 -0.557628 0.366888 0.969702 -2.61608 1.76193 0.214845 -0.976583 0.011274 0.976254 0.214416 -0.0308894 0.0277488 0.0176427 0.999459
36.120000 -3.06041 -2.74052 0.752853 -0.106385 -0.847697 0.406996 0.715107 -2.5518 2.21552 0.169148 -0.98475 -0.0406956 0.984144 0.170992 -0.0471468 0.0533864 -0.0320756 0.998059
36.140000 -3.0613 -2.75932 0.760582 -0.0210746 -0.987257 0.352276 0.615238 -2.35555 2.13012 0.121516 -0.988748 -0.0872383 0.989897 0.127186 -0.0626654 0.0730558 -0.0787421 0.994215
36.160000 -3.06012 -2.78163 0.763552 0.0846748 -1.13052 0.0368504 0.0913416 -2.51822 1.88111 0.0772989 -0.987992 -0.133781 0.993535 0.0875238 -0.0723097 0.0831504 -0.127327 0.988369
36.180000 -3.05708 -2.80405 0.759782 0.192301 -1.13724 -0.254503 0.03216 -2.39284 1.6282 0.0385031 -0.982731 -0.180987 0.99563 0.0531501 -0.0767867 0.0850801 -0.17724 0.980483
36.200000 -3.05502 -2.82665 0.753516 0.093396 -1.12587 -0.355955 -0.0750781 -2.15634 1.37494 0.00477166 -0.974887 -0.22265 0.996365 0.0235726 -0.0818607 0.0850534 -0.22145 0.971455
36.220000 -3.0524 -2.84899 0.744442 0.174041 -1.12465 -0.517248 0.288374 -1.73152 1.25797 -0.0220343 -0.966963 -0.253961 0.995957 0.000898139 -0.0898315 0.0870918 -0.254913 0.963034
36.240000 -3.05109 -2.86888 0.733989 -0.00518489 -0.906272 -0.505611 0.0575976 -1.38959 1.15087 -0.0467291 -0.959198 -0.278846 0.9949 -0.0197108 -0.0989227 0.0893902 -0.282047 0.955227
36.260000 -3.04901 -2.88192 0.729814 0.102955 -0.61381 -0.116964 -0.141495 0.296626 1.38751 -0.0742522 -0.960605 -0.267813 0.993323 -0.047467 -0.105145 0.0882909 -0.273833 0.957716
36.280000 -3.04452 -2.89197 0.73453 0.222335 -0.46409 0.320022 -0.637564 0.736908 1.23377 -0.0983866 -0.96333 -0.249629 0.992022 -0.0750725 -0.101278 0.0788241 -0.257602 0.963031
36.300000 -3.04111 -2.89956 0.74171 0.1439 -0.35809 0.344544 -0.960775 1.19736 0.790558 -0.115165 -0.967778 -0.223925 0.991371 -0.0977674 -0.0873253 0.062619 -0.232049 0.970686
36.320000 -3.04473 -2.90559 0.745144 -0.341542 -0.373146 0.103625 -0.575155 1.82807 0.00826372 -0.114944 -0.976306 -0.18334 0.991989 -0.103077 -0.0730207 0.0523924 -0.190265 0.980334
36.340000 -3.05241 -2.91096 0.749461 -0.397109 -0.222626 0.27011 -0.791482 2.5703 -0.57853 -0.102372 -0.985573 -0.13478 0.993853 -0.0955979 -0.0558267 0.0421366 -0.139667 0.989302
36.360000 -3.06005 -2.91315 0.753853 -0.386444 -0.0349135 0.207075 -0.907815 2.6881 -1.08022 -0.0792147 -0.993671 -0.0796373 0.996436 -0.0766059 -0.0353014 0.0289773 -0.0821499 0.996199
36.380000 -3.06939 -2.91394 0.756209 -0.514825 -0.0315948 0.104623 -0.911092 2.93755 -1.86953 -0.0399757 -0.999029 -0.0185362 0.999097 -0.039697 -0.0151664 0.0144159 -0.0191258 0.999713
36.400000 -3.08172 -2.91648 0.760017 -0.658866 -0.16339 0.192182 -0.746623 2.41273 -2.7658 0.0152279 -0.999292 0.0344136 0.999884 0.0152365 -1.32477e-05 -0.000511104 0.0344098 0.999408
36.420000 -3.09572 -2.91946 0.762093 -0.712484 -0.150926 0.0803641 -0.543483 2.1148 -3.1223 0.0775546 -0.993722 0.080639 0.996887 0.0784426 0.0078983 -0.0141742 0.0797755 0.996712
36.440000 -3.11059 -2.92233 0.76249 -0.755824 -0.140247 -0.00121082 -0.336258 1.56486 -3.30212 0.142637 -0.983021 0.115428 0.98944 0.144649 0.00920225 -0.0257425 0.112896 0.993273
36.460000 -3.12688 -2.92215 0.760705 -0.830054 0.054381 -0.12026 0.188104 1.34352 -3.01272 0.203138 -0.968585 0.143448 0.978709 0.205254 -4.89795e-05 -0.0293959 0.140404 0.989658
36.480000 -3.14364 -2.9184 0.756353 -0.846319 0.231886 -0.247231 0.604092 1.22832 -2.83976 0.258754 -0.951274 0.167704 0.965617 0.259248 -0.0193274 -0.0250912 0.166939 0.985648
36.500000 -3.15915 -2.91118 0.751087 -0.682933 0.394694 -0.204782 0.721312 1.21934 -2.56435 0.309626 -0.931966 0.188603 0.950701 0.307032 -0.0435742 -0.0172975 0.192797 0.981086
36.520000 -3.1741 -2.90272 0.752282 -0.778975 0.436424 0.196677 0.176013 1.07428 -1.93705 0.347125 -0.915106 0.205148 0.937643 0.342892 -0.0570155 -0.0181685 0.212147 0.977069
36.540000 -3.18801 -2.89486 0.75663 -0.676872 0.392169 0.186673 0.0407276 0.295032 -1.43412 0.376279 -0.901386 0.214283 0.926314 0.370711 -0.0671964 -0.0188671 0.223778 0.974458
36.560000 -3.19976 -2.88663 0.758758 -0.555057 0.423375 0.0801459 -0.74015 -1.32153 -1.05469 0.397744 -0.897803 0.189075 0.917236 0.394001 -0.0586543 -0.0218359 0.196756 0.980209
36.580000 -3.20895 -2.87639 0.759296 -0.42919 0.504562 0.0199269 -0.99652 -1.64903 -0.254603 0.406369 -0.900571 0.154389 0.91333 0.405228 -0.0402358 -0.0263276 0.157359 0.987191
36.600000 -3.21552 -2.8651 0.76012 -0.255962 0.50132 0.066246 -1.12171 -1.51845 0.519491 0.396523 -0.910108 0.120307 0.917323 0.397926 -0.0131647 -0.0358918 0.11558 0.992649
36.620000 -3.21634 -2.85736 0.76478 0.0503028 0.341741 0.275943 -0.539944 -1.42314 1.41914 0.371004 -0.924531 0.0871662 0.927907 0.372784 0.00450759 -0.0366616 0.0792099 0.996184
36.640000 -3.21141 -2.85319 0.77441 0.310221 0.138828 0.486394 -0.0997982 -1.89576 2.60334 0.325304 -0.944377 0.0482728 0.945188 0.326259 0.0132205 -0.0282346 0.0413262 0.998747
36.660000 -3.20276 -2.85324 0.7838 0.446489 -0.0643566 0.470704 0.0585442 -2.26337 2.76371 0.270278 -0.962782 -0.000711926 0.962691 0.270242 0.0139586 -0.0132467 -0.00445807 0.999902
36.680000 -3.19213 -2.85853 0.793386 0.54874 -0.325263 0.459939 0.101671 -1.95941 2.8093 0.213436 -0.975994 -0.0433742 0.976956 0.21315 0.0111606 -0.00164744 -0.0447568 0.998997
36.700000 -3.17964 -2.86943 0.801345 0.638788 -0.603289 0.367917 0.0556968 -1.66986 2.68985 0.158047 -0.984238 -0.0793525 0.987412 0.158041 0.00639423 0.00624748 -0.0793642 0.996826
36.720000 -3.16624 -2.88522 0.807009 0.680431 -0.839749 0.244612 -0.0750051 -1.35908 2.51026 0.105799 -0.988454 -0.108463 0.994342 0.10621 0.00200185 0.0095411 -0.108061 0.994098
36.740000 -3.15374 -2.90476 0.809901 0.635378 -1.01117 0.12057 -0.400677 -0.761254 2.14427 0.0614277 -0.990046 -0.126633 0.998097 0.0616181 0.00241652 0.0054104 -0.12654 0.991947
36.760000 -3.14107 -2.92568 0.810144 0.626938 -1.02755 -0.0127716 -0.599796 -0.461405 1.74597 0.0242325 -0.990303 -0.136794 0.999691 0.0232414 0.0088376 -0.00557261 -0.136966 0.99056
36.780000 -3.12911 -2.94528 0.808108 0.561985 -0.954762 -0.119406 -0.531816 -0.923517 1.36811 -0.00353457 -0.988906 -0.1485 0.999846 -0.00604486 0.0164564 -0.0171714 -0.148419 0.988775
36.800000 -3.11893 -2.96351 0.802957 0.512961 -0.91029 -0.303888 -0.323453 -0.957035 0.986468 -0.0239592 -0.985029 -0.170718 0.999392 -0.0279248 0.0208653 -0.0253202 -0.170115 0.985099
36.820000 -3.10766 -2.97975 0.793417 0.563863 -0.808977 -0.52685 -0.639732 0.641954 0.734624 -0.0393667 -0.986275 -0.160348 0.998545 -0.0447507 0.0301036 -0.0368661 -0.158929 0.986601
36.840000 -3.10046 -3.00031 0.780327 0.322653 -1.09163 -0.671518 -0.473612 1.00312 0.899854 -0.059929 -0.988391 -0.13961 0.997085 -0.0658904 0.0384728 -0.0472252 -0.136897 0.989459
36.860000 -3.09288 -3.02345 0.770652 0.332969 -1.19516 -0.417953 0.22651 0.322175 0.311607 -0.0648043 -0.989805 -0.126836 0.99689 -0.0699242 0.036334 -0.0448325 -0.124087 0.991258
36.880000 -3.08675 -3.05002 0.76637 0.268272 -1.40643 -0.128354 1.32515 0.308159 -0.555357 -0.0561434 -0.9917 -0.115668 0.99813 -0.058553 0.017538 -0.0241651 -0.114467 0.993133
36.900000 -3.08136 -3.07897 0.769989 0.309958 -1.39413 0.423571 1.06035 2.50401 -0.96707 -0.0341713 -0.996039 -0.082087 0.999403 -0.0336329 -0.00793302 0.00514077 -0.082309 0.996594
36.920000 -3.07688 -3.10476 0.781747 0.163754 -1.22812 0.531406 0.408867 3.2719 -1.73935 0.00261267 -0.999899 -0.014003 0.999823 0.00287281 -0.0185902 0.0186285 -0.0139519 0.999729
36.940000 -3.07358 -3.12846 0.792251 0.14198 -1.19233 0.496502 0.404483 2.64885 -2.26757 0.0508085 -0.997833 0.0418001 0.99836 0.0496411 -0.0285083 0.0263716 0.04318 0.998719
36.960000 -3.06999 -3.15256 0.801835 0.232051 -1.23901 0.458204 0.385909 2.13117 -2.40626 0.102064 -0.990997 0.0866525 0.994285 0.0988844 -0.0402421 0.0313112 0.0902646 0.995425
36.980000 -3.06654 -3.17863 0.808925 0.140106 -1.30132 0.277818 0.0308777 1.83395 -1.89444 0.144659 -0.982033 0.121183 0.98904 0.139848 -0.0473478 0.0295498 0.126704 0.9915
37.000000 -3.06611 -3.20352 0.809123 -0.0128692 -1.24344 -0.0651847 -0.356145 1.92979 -1.07834 0.170244 -0.972664 0.157928 0.985241 0.165118 -0.0451275 0.0178172 0.163279 0.986419
37.020000 -3.06772 -3.22868 0.806234 -0.0975518 -1.27152 -0.16087 -0.00487319 1.61648 -0.468769 0.181659 -0.964564 0.191354 0.983303 0.176045 -0.0460892 0.0107691 0.196531 0.980438
37.040000 -3.07022 -3.25421 0.800116 -0.154109 -1.29101 -0.323923 0.426702 1.424 0.0278684 0.182558 -0.957696 0.222467 0.983113 0.174874 -0.0539323 0.012747 0.228556 0.973447
37.060000 -3.07409 -3.28196 0.792597 -0.200865 -1.3985 -0.419489 0.276341 0.579823 0.157709 0.181027 -0.95417 0.238304 0.983315 0.171187 -0.0615387 0.0179239 0.245468 0.969239
37.080000 -3.0774 -3.31056 0.781495 -0.146709 -1.43158 -0.622023 -0.34609 -0.0256909 0.0925956 0.17868 -0.954047 0.240556 0.983813 0.169864 -0.0570774 0.0135929 0.24686 0.968956
37.100000 -3.08183 -3.33662 0.768967 -0.257963 -1.25211 -0.631255 -0.566084 -0.79574 0.509066 0.169409 -0.959406 0.225477 0.985523 0.163359 -0.0453666 0.00669124 0.229899 0.973192
37.120000 -3.08622 -3.35876 0.756866 -0.165723 -1.19308 -0.571407 -1.05887 -1.9097 0.725398 0.152295 -0.969821 0.190404 0.988316 0.150644 -0.0232009 -0.00618253 0.191712 0.981432
37.140000 -3.09316 -3.38143 0.748345 -0.36612 -1.09182 -0.432214 -0.961221 -3.15198 1.49589 0.123922 -0.98403 0.127779 0.992122 0.125251 0.00238885 -0.0183551 0.126476 0.9918
37.160000 -3.1026 -3.39968 0.746202 -0.484171 -0.852136 -0.0401008 -0.0574339 -2.49009 2.1017 0.0834183 -0.993841 0.0729547 0.996371 0.084424 0.0108068 -0.0168994 0.0717885 0.997277
37.180000 -3.11123 -3.41581 0.749313 -0.433821 -0.741366 0.145961 0.186286 -2.65057 2.75657 0.0290064 -0.999425 0.0175741 0.999515 0.0291992 0.0108175 -0.0113245 0.0172518 0.999787
37.200000 -3.11826 -3.42606 0.753044 -0.35275 -0.372817 0.192534 0.531683 -2.72089 3.42812 -0.0389703 -0.998426 -0.0403418 0.999236 -0.0390541 0.0012921 -0.00286558 -0.0402606 0.999185
37.220000 -3.1234 -3.43025 0.757459 -0.253301 -0.124684 0.218894 0.726191 -2.3767 3.71466 -0.113652 -0.989388 -0.0905214 0.993497 -0.112544 -0.0172696 0.00689867 -0.0918954 0.995745
37.240000 -3.12605 -3.43226 0.761139 -0.0942396 -0.075817 0.163773 0.864128 -1.9596 3.38387 -0.183638 -0.974359 -0.130004 0.982849 -0.17973 -0.0412826 0.0168584 -0.135356 0.990654
37.260000 -3.12611 -3.4334 0.763191 0.0125806 -0.0565529 0.0776905 0.728587 -1.42395 2.75968 -0.242169 -0.957364 -0.157509 0.969896 -0.234584 -0.0653678 0.0256317 -0.168597 0.985352
37.280000 -3.1272 -3.43388 0.764619 -0.150629 -0.00310238 0.103982 0.331511 -0.62739 2.30526 -0.288074 -0.942299 -0.170546 0.957128 -0.277689 -0.0824253 0.0303106 -0.186979 0.981896
37.300000 -3.1299 -3.43367 0.76677 -0.12942 0.00552225 0.0960206 0.0809685 -0.191765 1.94542 -0.326567 -0.929668 -0.170504 0.944641 -0.314968 -0.09192 0.0317519 -0.191083 0.98106
37.320000 -3.13047 -3.4327 0.769673 -0.0376065 0.0648423 0.131997 -0.288635 0.350766 1.69378 -0.359706 -0.918876 -0.162107 0.932609 -0.348629 -0.0932602 0.0291792 -0.184729 0.982356
37.340000 -3.1321 -3.43101 0.772402 -0.0954501 0.077089 0.0930442 -0.544459 0.805099 1.39655 -0.386203 -0.911086 -0.144113 0.922071 -0.377059 -0.0872464 0.0251498 -0.166577 0.985708
37.360000 -3.13439 -3.42934 0.775088 -0.119467 0.0877732 0.132997 -0.889017 1.04324 1.21919 -0.408935 -0.904804 -0.118751 0.912401 -0.402929 -0.0719183 0.0172238 -0.137758 0.990316
37.380000 -3.13772 -3.42629 0.77824 -0.188342 0.155327 0.171462 -1.11285 1.48925 0.589501 -0.421021 -0.902955 -0.086105 0.907004 -0.418131 -0.0500981 0.00923311 -0.0991899 0.995026
37.400000 -3.14314 -3.42521 0.782442 -0.309322 0.00856391 0.219888 -0.914341 1.44498 0.199352 -0.424246 -0.903869 -0.0550941 0.905538 -0.423189 -0.0301935 0.00397579 -0.0626993 0.998025
37.420000 -3.1498 -3.42584 0.787785 -0.340118 -0.0596133 0.282404 -0.868682 1.77817 -0.828901 -0.410792 -0.911564 -0.0173255 0.911724 -0.410651 -0.0111984 0.00309331 -0.0203963 0.999787
37.440000 -3.15696 -3.42721 0.791625 -0.365179 -0.0866703 0.171098 -0.957094 2.06846 -1.55728 -0.38135 -0.924037 0.0269735 0.924429 -0.381249 0.00900953 0.00195847 0.0283709 0.999596
37.460000 -3.16468 -3.43 0.793051 -0.392734 -0.172841 0.0410937 -1.00637 2.21297 -2.19159 -0.339746 -0.93755 0.0746483 0.940516 -0.338567 0.0283152 -0.00127347 0.0798279 0.996808
37.480000 -3.17156 -3.43525 0.791858 -0.375867 -0.294177 -0.0577158 -0.928344 1.6709 -2.38858 -0.293226 -0.949207 0.114129 0.956007 -0.290085 0.0435986 -0.0082771 0.121892 0.992509
37.500000 -3.18009 -3.44378 0.792102 -0.413181 -0.47178 0.0701411 -0.272766 0.961305 -2.55702 -0.243144 -0.959721 0.140771 0.969927 -0.238903 0.0465463 -0.0110408 0.147855 0.988947
37.520000 -3.19194 -3.45733 0.79494 -0.623449 -0.718678 0.150523 -0.0814047 0.932944 -2.6076 -0.191877 -0.968074 0.161293 0.981386 -0.187904 0.0396803 -0.00810589 0.165905 0.986108
37.540000 -3.20548 -3.47389 0.79603 -0.694341 -0.862491 0.0277367 -0.0534893 0.426023 -2.69847 -0.138891 -0.974898 0.174021 0.990278 -0.135363 0.0320425 -0.00768225 0.17678 0.98422
37.560000 -3.2205 -3.49279 0.794862 -0.764316 -0.964949 -0.0855521 -0.174331 0.0537654 -2.8229 -0.0830779 -0.9805 0.178092 0.996496 -0.0800006 0.0244043 -0.00968092 0.179496 0.983711
37.580000 -3.23519 -3.51116 0.792219 -0.746616 -0.887967 -0.185127 -0.207213 0.427543 -2.44641 -0.0322572 -0.982102 0.185569 0.999439 -0.0300132 0.0148898 -0.00905374 0.185945 0.982518
37.600000 -3.2505 -3.52866 0.785061 -0.772846 -0.869811 -0.396328 -0.150912 0.144052 -1.97711 0.00893446 -0.981145 0.193066 0.999896 0.0109529 0.00938986 -0.0113274 0.192962 0.981141
37.620000 -3.26489 -3.54463 0.774418 -0.697602 -0.758587 -0.513731 -0.475745 -0.547541 -1.56867 0.0413175 -0.982418 0.182067 0.998995 0.0437869 0.00956299 -0.017367 0.181488 0.98324
37.640000 -3.27661 -3.55707 0.767212 -0.527677 -0.574969 -0.173462 -0.500408 0.305698 -1.2578 0.0659043 -0.982231 0.175721 0.997435 0.069776 0.0159396 -0.0279175 0.17422 0.984311
37.660000 -3.2834 -3.5655 0.767837 -0.214177 -0.391337 0.0317071 -0.300327 0.0525913 -1.00829 0.0850094 -0.980948 0.174684 0.995812 0.0895663 0.0183559 -0.033652 0.172392 0.984453
37.680000 -3.28243 -3.57169 0.773818 0.0553647 -0.320932 0.350473 -0.276267 -1.23464 -0.079697 0.0857158 -0.984853 0.150724 0.995725 0.0899039 0.0211825 -0.0344123 0.148264 0.988349
37.700000 -3.27591 -3.58067 0.782632 0.3878 -0.481255 0.438173 -0.341792 -1.30538 0.693265 0.0745174 -0.989823 0.121232 0.996467 0.0786315 0.0295068 -0.0387391 0.118605 0.992186
37.720000 -3.26482 -3.59301 0.79444 0.583323 -0.657597 0.612641 -0.0714153 -2.01934 1.78867 0.0402493 -0.995935 0.0805834 0.998422 0.0432484 0.0358239 -0.0391634 0.0790143 0.996104
37.740000 -3.24927 -3.60767 0.805506 0.829467 -0.731325 0.490376 0.276289 -2.20844 2.46745 -0.00861904 -0.999394 0.0337369 0.999364 -0.00744171 0.0348688 -0.0345966 0.034016 0.998822
37.760000 -3.2305 -3.62283 0.809788 0.957922 -0.76136 0.134981 0.394203 -2.35066 2.64817 -0.0611937 -0.998003 -0.0156925 0.997748 -0.0615954 0.026542 -0.0274556 -0.014033 0.999525
37.780000 -3.21006 -3.63871 0.810808 1.04372 -0.810771 0.0233794 0.092723 -1.77728 2.55102 -0.111521 -0.992221 -0.0553255 0.993379 -0.112852 0.0215272 -0.0276033 -0.0525584 0.998236
37.800000 -3.18736 -3.65898 0.809865 1.15554 -1.07805 -0.0693876 -0.198567 -1.16714 2.19085 -0.155335 -0.984441 -0.0821366 0.987284 -0.15755 0.0211673 -0.0337786 -0.0778041 0.996396
37.820000 -3.16338 -3.68273 0.807448 1.20713 -1.18634 -0.124575 -0.0945082 -0.672407 1.65132 -0.190437 -0.976819 -0.0977724 0.980864 -0.193438 0.0221015 -0.040502 -0.0916924 0.994963
37.840000 -3.14122 -3.70515 0.803714 1.09533 -1.12079 -0.262305 -0.121924 -0.843803 1.23048 -0.215782 -0.969005 -0.120281 0.975283 -0.219883 0.0217758 -0.0475486 -0.11261 0.992501
37.860000 -3.12196 -3.7281 0.794881 0.918375 -1.16784 -0.495355 0.380114 -0.178641 0.73648 -0.230708 -0.964609 -0.127686 0.971969 -0.234572 0.0158993 -0.0452882 -0.120438 0.991687
37.880000 -3.10506 -3.75222 0.786126 0.824724 -1.21568 -0.431323 1.40105 -0.85352 0.612931 -0.241971 -0.959872 -0.141759 0.969937 -0.243194 -0.0089045 -0.0259277 -0.139652 0.989861
37.900000 -3.08842 -3.77591 0.777065 0.80469 -1.16998 -0.452552 1.31184 0.192096 0.796606 -0.256414 -0.956808 -0.137004 0.966566 -0.253577 -0.038073 0.00168761 -0.142185 0.989839
37.920000 -3.07473 -3.79883 0.769819 0.667307 -1.1489 -0.341421 1.027 0.770812 0.777346 -0.272655 -0.95438 -0.12173 0.961822 -0.267279 -0.0588189 0.0235997 -0.13312 0.990819
37.940000 -3.06559 -3.82515 0.763452 0.400107 -1.34942 -0.279726 0.68385 0.689299 0.351196 -0.27924 -0.954884 -0.1011 0.959135 -0.272365 -0.0766694 0.0456743 -0.118378 0.991918
37.960000 -3.0601 -3.85269 0.760044 0.228695 -1.36469 -0.169069 0.193121 1.09577 -0.666552 -0.265779 -0.960857 -0.0782037 0.962384 -0.259706 -0.0798057 0.0563719 -0.0964727 0.993738
37.980000 -3.05769 -3.88036 0.758136 0.0730767 -1.34997 -0.0413622 -0.2209 2.33368 -1.39078 -0.2341 -0.971469 -0.0380126 0.970092 -0.23083 -0.075094 0.064177 -0.0544552 0.996452
38.000000 -3.04898 -3.90358 0.765835 0.437379 -1.13255 0.378045 -1.01938 3.28824 -1.52496 -0.19816 -0.979683 0.0308749 0.978514 -0.199557 -0.0518306 0.0569389 0.0199407 0.998179
38.020000 -3.04101 -3.92651 0.773676 0.351651 -1.13961 0.347637 -0.551061 2.99687 -1.82585 -0.156573 -0.983286 0.0929176 0.986172 -0.160815 -0.0400299 0.0543033 0.0853652 0.994869
38.040000 -3.03477 -3.94896 0.778809 0.336134 -1.08739 0.204024 -0.295407 2.8548 -1.79764 -0.115012 -0.981926 0.150309 0.991823 -0.121937 -0.0376689 0.0553164 0.144748 0.987921
38.060000 -3.02991 -3.97114 0.780984 0.208862 -1.11978 0.0543709 -0.292526 2.4297 -1.12513 -0.0857822 -0.976238 0.199002 0.994777 -0.0950147 -0.0373002 0.0553219 0.194763 0.979289
38.080000 -3.02708 -3.99374 0.778091 0.119824 -1.1429 -0.186101 -0.385233 2.04404 -0.38753 -0.0728708 -0.967934 0.240404 0.996056 -0.0828649 -0.0317145 0.0506186 0.237145 0.970155
38.100000 -3.0242 -4.0161 0.772815 0.18259 -1.09238 -0.244155 0.0467948 1.62806 0.079341 -0.0718402 -0.959244 0.273294 0.996065 -0.0832558 -0.0303892 0.051904 0.270035 0.96145
38.120000 -3.02338 -4.0388 0.765205 -0.0012087 -1.17524 -0.49061 0.197147 0.193777 0.393957 -0.0784377 -0.955412 0.284668 0.99543 -0.0906621 -0.0300011 0.054472 0.281014 0.958157
38.140000 -3.02576 -4.06355 0.75858 -0.147337 -1.25221 -0.368834 -0.648974 -0.521491 0.419272 -0.0865188 -0.956886 0.27728 0.995333 -0.0949641 -0.0171478 0.0427402 0.274503 0.960636
38.160000 -3.02952 -4.08714 0.750503 -0.205086 -1.14372 -0.42559 -0.884363 -1.03928 0.702304 -0.0996548 -0.960748 0.258906 0.994726 -0.10254 0.00237093 0.0242704 0.257776 0.9659
38.180000 -3.03519 -4.10686 0.741266 -0.248022 -0.938821 -0.511849 -0.83797 -1.66036 0.940159 -0.120574 -0.966734 0.225582 0.992692 -0.118554 0.0225339 0.00495928 0.22665 0.973964
38.200000 -3.03918 -4.12561 0.73556 -0.0988792 -0.97904 -0.113253 0.161756 -2.01003 1.46588 -0.149881 -0.972222 0.179776 0.988693 -0.146526 0.0318746 -0.00464716 0.182521 0.983191
38.220000 -3.04083 -4.14617 0.744382 -0.0146353 -1.04276 0.580441 1.62434 -2.19649 2.27924 -0.196211 -0.97184 0.130493 0.980472 -0.196246 0.0127178 0.013249 0.13044 0.991368
38.240000 -3.03905 -4.16594 0.760589 0.103066 -0.94986 0.839355 1.96059 -2.40433 2.87873 -0.255202 -0.963576 0.079956 0.966061 -0.257529 -0.0201212 0.0399794 0.0721074 0.996595
38.260000 -3.03518 -4.18467 0.772271 0.189354 -0.899248 0.486112 1.4518 -2.99678 3.24748 -0.323178 -0.946038 0.0238115 0.944843 -0.323979 -0.0480608 0.0531818 0.00696588 0.998561
38.280000 -3.03053 -4.20274 0.777845 0.238353 -0.909086 0.24035 1.1578 -2.86357 2.78742 -0.383115 -0.923084 -0.0337478 0.92208 -0.380024 -0.0731416 0.0546909 -0.0591398 0.99675
38.300000 -3.02531 -4.22095 0.779578 0.261302 -0.910871 0.0339625 0.89794 -2.30104 2.2734 -0.43042 -0.899166 -0.0789815 0.901112 -0.422978 -0.0953281 0.0523084 -0.112202 0.992308
38.320000 -3.02058 -4.23908 0.776745 0.223558 -0.905308 -0.203091 0.604059 -1.6852 1.84666 -0.467264 -0.8771 -0.111177 0.882828 -0.45609 -0.112232 0.0477321 -0.150592 0.987443
38.340000 -3.01804 -4.25784 0.767879 0.0278469 -0.920229 -0.47856 0.512651 -0.971293 1.75943 -0.500079 -0.856508 -0.127729 0.864551 -0.485325 -0.130427 0.0497216 -0.175652 0.983196
38.360000 -3.01758 -4.27651 0.757662 0.027973 -0.939259 -0.515976 0.46232 -0.466625 1.5268 -0.527639 -0.838742 -0.134569 0.847879 -0.510311 -0.14382 0.051956 -0.189983 0.980412
38.380000 -3.01447 -4.29324 0.750712 0.194801 -0.800696 -0.167064 0.586887 0.131639 1.51067 -0.553498 -0.822448 -0.131219 0.830559 -0.533401 -0.160172 0.0617411 -0.19764 0.978328
38.400000 -3.01089 -4.30495 0.74959 0.15217 -0.509467 -0.0558554 -0.0305163 0.607036 1.50012 -0.576728 -0.809013 -0.113504 0.814062 -0.55748 -0.162846 0.0684683 -0.186317 0.980101
38.420000 -3.00895 -4.31416 0.752068 0.0855997 -0.438871 0.168314 -1.1549 0.621501 1.51747 -0.600315 -0.794085 -0.0951378 0.797436 -0.585247 -0.146905 0.0609761 -0.164056 0.984565
38.440000 -3.00748 -4.32274 0.756316 0.0627769 -0.397162 0.246268 -1.33138 0.735574 1.36427 -0.6225 -0.779059 -0.0745635 0.781172 -0.612731 -0.119709 0.0475728 -0.132766 0.990005
38.460000 -3.00617 -4.32831 0.762942 0.0613846 -0.281873 0.362161 -1.13777 1.03562 0.430903 -0.629254 -0.77556 -0.0504647 0.776059 -0.623488 -0.0948409 0.0420906 -0.0988426 0.994213
38.480000 -3.00502 -4.33253 0.768134 0.0456263 -0.196806 0.267133 -1.35332 1.03055 -0.464911 -0.621229 -0.783118 -0.0283046 0.782893 -0.618676 -0.0657176 0.0339533 -0.0629852 0.997437
38.500000 -3.00388 -4.33749 0.772676 0.0411083 -0.272121 0.207107 -1.5128 1.41467 -1.1921 -0.600448 -0.799664 0.000668727 0.799199 -0.600127 -0.033603 0.0272724 -0.0196424 0.999435
38.520000 -3.00405 -4.34369 0.774232 -0.0320878 -0.328566 0.0405193 -1.67533 1.62538 -1.89432 -0.568095 -0.822225 0.0348531 0.82273 -0.568432 0.000290494 0.0195728 0.0288397 0.999392
38.540000 -3.00615 -4.35304 0.773798 -0.0967136 -0.537763 -0.065385 -1.58506 1.5078 -2.24241 -0.528428 -0.846192 0.0687192 0.848907 -0.527695 0.0299099 0.0109533 0.0741415 0.997188
38.560000 -3.00631 -4.36712 0.770981 -0.0388092 -0.798632 -0.163277 -1.19004 1.01016 -2.19671 -0.488644 -0.867417 0.0938902 0.872483 -0.485899 0.0517327 0.000747268 0.107196 0.994238
38.580000 -3.00806 -4.38445 0.766587 -0.0940972 -0.89218 -0.240482 -1.02861 0.564445 -1.67147 -0.456569 -0.882725 0.111095 0.88961 -0.451297 0.07018 -0.0118128 0.130873 0.991329
38.600000 -3.01052 -4.40315 0.75906 -0.122865 -0.956942 -0.446207 -0.529581 0.0395308 -1.23347 -0.432544 -0.894087 0.116252 0.901325 -0.425538 0.0808119 -0.0227831 0.139736 0.989927
38.620000 -3.01171 -4.42168 0.747791 -0.0189047 -0.923044 -0.562318 -0.0508188 0.41932 -1.31986 -0.409651 -0.90376 0.12411 0.911972 -0.402412 0.0798173 -0.0221922 0.145882 0.989053
38.640000 -3.01345 -4.43844 0.739701 -0.10077 -0.811554 -0.388721 0.112707 1.47009 -1.6232 -0.381997 -0.911765 0.150872 0.924092 -0.374804 0.0746763 -0.0115398 0.167946 0.985729
38.660000 -3.01708 -4.45314 0.732219 -0.189876 -0.731377 -0.366092 0.281751 1.71496 -1.59956 -0.351231 -0.917362 0.187309 0.936266 -0.345509 0.0634719 0.00649008 0.197664 0.980248
38.680000 -3.0227 -4.4665 0.726997 -0.281811 -0.663485 -0.22224 0.0678636 1.56071 -1.19462 -0.326335 -0.919376 0.219665 0.94505 -0.322165 0.0555951 0.0196556 0.225737 0.97399
38.700000 -3.02815 -4.47987 0.721148 -0.250961 -0.677923 -0.262947 0.196988 1.05198 -0.727097 -0.309183 -0.91935 0.243313 0.950484 -0.307178 0.0471354 0.0314064 0.245838 0.968802
38.720000 -3.03509 -4.49445 0.717279 -0.321469 -0.752521 -0.135475 0.434763 -0.329318 -0.11316 -0.302116 -0.922427 0.240527 0.952445 -0.302592 0.0358805 0.0396844 0.239929 0.969979
38.740000 -3.03919 -4.51257 0.718705 -0.107433 -0.888866 0.079592 0.504228 -2.06189 0.799674 -0.317453 -0.926828 0.200535 0.947491 -0.318609 0.027367 0.0385276 0.198692 0.979304
38.760000 -3.03837 -4.52905 0.726178 0.0698429 -0.757448 0.386121 0.930978 -2.25014 1.69911 -0.350345 -0.924107 0.152591 0.935779 -0.35226 0.0151985 0.0397068 0.148116 0.988172
38.780000 -3.03753 -4.54297 0.736018 0.0488336 -0.693279 0.518828 1.36623 -2.53319 2.42407 -0.397881 -0.912399 0.0960173 0.916438 -0.400149 -0.0048143 0.0428138 0.0860783 0.995368
38.800000 -3.03471 -4.55333 0.745266 0.118543 -0.484622 0.401629 1.85923 -3.25106 3.21513 -0.458544 -0.888088 0.0321935 0.887334 -0.45954 -0.0382243 0.0487408 0.0110389 0.99875
38.820000 -3.03252 -4.56081 0.750074 0.110766 -0.351251 0.190927 1.96848 -2.99913 3.19445 -0.520323 -0.85354 -0.0270843 0.852349 -0.517121 -0.0780147 0.0525828 -0.0636781 0.996584
38.840000 -3.03103 -4.56882 0.749475 0.0779563 -0.370706 -0.0657549 2.04827 -2.47355 2.84044 -0.573547 -0.81591 -0.0730415 0.816989 -0.563234 -0.123677 0.05977 -0.130609 0.989631
38.860000 -3.02831 -4.57613 0.747962 0.124535 -0.34775 -0.0903344 1.31336 -1.71713 2.51068 -0.61861 -0.778783 -0.104012 0.783435 -0.601361 -0.156827 0.0595851 -0.178502 0.982134
38.880000 -3.0262 -4.58228 0.742437 0.0882079 -0.303423 -0.392469 1.15343 -0.331002 2.44431 -0.657082 -0.745322 -0.112865 0.75086 -0.633874 -0.185508 0.0667207 -0.20664 0.97614
38.900000 -3.02397 -4.58581 0.736426 0.134257 -0.107503 -0.221968 0.625944 -0.124136 2.17762 -0.690226 -0.715686 -0.106687 0.719489 -0.663126 -0.2064 0.0769706 -0.219222 0.972634
38.920000 -3.02349 -4.58653 0.736524 -0.0263468 -0.0264805 0.0808957 0.925229 -0.605428 1.79086 -0.716952 -0.688747 -0.10774 0.692292 -0.685267 -0.226145 0.0819258 -0.236722 0.968117
38.940000 -3.02411 -4.58622 0.739169 -0.0210249 0.0456199 0.159551 0.892597 -0.905298 1.4454 -0.73817 -0.664501 -0.116374 0.6695 -0.70039 -0.247434 0.0829133 -0.260561 0.961891
38.960000 -3.02325 -4.5856 0.738901 0.0498042 0.034694 -0.110861 -0.999493 -0.0448656 1.5869 -0.758737 -0.641276 -0.114382 0.64742 -0.723013 -0.241038 0.0718722 -0.256937 0.963752
38.980000 -3.0228 -4.58426 0.74034 0.00867986 0.0931392 0.168967 -1.2759 0.0869921 1.64373 -0.78034 -0.616777 -0.10323 0.622982 -0.752343 -0.214182 0.0544381 -0.231445 0.971324
39.000000 -3.02191 -4.58105 0.748499 0.0657128 0.11456 0.433631 -1.65399 0.44165 1.11056 -0.794557 -0.600791 -0.0879155 0.605755 -0.774379 -0.182748 0.0417137 -0.198459 0.979221
39.020000 -3.02136 -4.58004 0.758276 0.00130479 0.023918 0.507859 -2.05342 1.11995 0.404717 -0.800062 -0.596507 -0.0638758 0.598963 -0.788242 -0.141131 0.0338358 -0.151172 0.987928
39.040000 -3.02282 -4.57979 0.766969 -0.10686 0.000207631 0.420425 -2.06632 1.23374 -0.462917 -0.792976 -0.608113 -0.0372532 0.60855 -0.787643 -0.0963651 0.0292586 -0.0990857 0.994649
39.060000 -3.02589 -4.58222 0.776859 -0.170801 -0.172551 0.514722 -1.87255 1.72777 -1.25722 -0.774629 -0.632405 -0.00368152 0.631594 -0.773312 -0.0554823 0.0322404 -0.0453035 0.998453
39.080000 -3.03149 -4.58922 0.787319 -0.355992 -0.416427 0.479169 -1.98547 2.0576 -1.78645 -0.74878 -0.661819 0.0363824 0.661673 -0.749585 -0.0176333 0.0389417 0.0108698 0.999182
39.100000 -3.03885 -4.60005 0.792165 -0.306679 -0.531714 0.133445 -2.28948 1.88559 -1.87027 -0.720615 -0.689079 0.0767164 0.692291 -0.721182 0.0250846 0.0380412 0.0711864 0.996737
39.120000 -3.04302 -4.61438 0.792244 -0.170984 -0.763687 -0.0405189 -1.91695 1.26174 -1.57095 -0.695932 -0.710156 0.106571 0.717487 -0.693799 0.0620875 0.0298472 0.119672 0.992365
39.140000 -3.04658 -4.6293 0.788598 -0.175878 -0.73955 -0.23364 -1.59152 0.780324 -1.01046 -0.678685 -0.723504 0.126204 0.734205 -0.672631 0.0922564 0.0181409 0.155273 0.987705
39.160000 -3.04979 -4.64329 0.780254 -0.151222 -0.681099 -0.479007 -1.43972 0.37876 -0.641938 -0.667791 -0.731635 0.136984 0.744344 -0.657058 0.11928 0.00273681 0.181618 0.983365
39.180000 -3.05085 -4.65209 0.767901 -0.0597181 -0.460923 -0.574166 -0.462523 -0.302619 -0.592883 -0.657745 -0.740674 0.137019 0.753142 -0.643729 0.135614 -0.0122427 0.192394 0.981241
39.200000 -3.05193 -4.66279 0.753829 -0.0549968 -0.532409 -0.747513 0.0977865 -0.153209 -0.336866 -0.651483 -0.746517 0.13521 0.758543 -0.637782 0.133591 -0.0134935 0.189595 0.98177
39.220000 -3.05243 -4.67315 0.73974 0.00878546 -0.489663 -0.60614 0.0580906 1.08246 -0.126465 -0.650123 -0.745953 0.144549 0.759809 -0.636862 0.130757 -0.0054813 0.194838 0.98082
39.240000 -3.0514 -4.6822 0.729001 0.0794365 -0.426521 -0.533188 0.032146 2.25325 -0.00690892 -0.64944 -0.737723 0.184369 0.760099 -0.636761 0.129554 0.0218236 0.224276 0.974281
39.260000 -3.05225 -4.68961 0.71772 -0.06359 -0.355753 -0.560743 0.345321 1.94616 -0.137131 -0.646278 -0.729781 0.223032 0.761217 -0.637063 0.121245 0.0536032 0.248134 0.967242
39.280000 -3.05257 -4.69734 0.709146 0.0509667 -0.411173 -0.299538 1.17392 -0.352124 -0.580403 -0.640271 -0.731976 0.232946 0.764403 -0.637057 0.0992272 0.0757683 0.241597 0.967414
39.300000 -3.05011 -4.70586 0.709718 0.160898 -0.448538 0.162755 1.30232 -0.515971 0.279405 -0.640575 -0.734986 0.222393 0.762757 -0.642466 0.0737427 0.0886802 0.21687 0.972164
39.320000 -3.04666 -4.71472 0.719462 0.188354 -0.455699 0.560947 1.70974 -1.68723 0.848256 -0.656022 -0.73078 0.188668 0.748966 -0.6612 0.0431776 0.0931939 0.169631 0.981091
39.340000 -3.04274 -4.71897 0.733199 0.256587 -0.190759 0.747073 2.1595 -1.88138 1.99769 -0.685302 -0.713209 0.147286 0.721881 -0.69197 0.00805913 0.0961696 0.111846 0.989061
39.360000 -3.03848 -4.72167 0.749651 0.224852 -0.137988 0.819465 1.98672 -1.91775 2.48825 -0.725078 -0.680239 0.107405 0.681718 -0.731078 -0.0280162 0.0975794 0.0529062 0.993821
39.380000 -3.03157 -4.7256 0.76676 0.342532 -0.174988 0.863549 1.9805 -1.57009 2.91822 -0.767149 -0.636743 0.0777192 0.633561 -0.771076 -0.0635777 0.10041 0.000466315 0.994946
39.400000 -3.02275 -4.72865 0.780052 0.470181 -0.149373 0.572101 1.90079 -1.86725 2.99282 -0.808406 -0.586729 0.047206 0.580679 -0.808058 -0.099266 0.0963874 -0.0528357 0.993941
39.420000 -3.01267 -4.73119 0.785654 0.501691 -0.105786 0.220585 1.78139 -1.9729 2.53373 -0.842646 -0.538324 0.0124404 0.53199 -0.835861 -0.135366 0.083269 -0.107447 0.990718
39.440000 -3.00282 -4.73327 0.786726 0.488691 -0.109264 -0.00292171 1.47528 -1.58339 2.14318 -0.868808 -0.494943 -0.0143017 0.490123 -0.855523 -0.166913 0.0703769 -0.152025 0.985868
39.460000 -2.99311 -4.73581 0.784779 0.522425 -0.0546915 -0.100695 0.696534 -1.40281 2.11298 -0.890755 -0.45319 -0.0342739 0.450953 -0.871938 -0.190696 0.0565369 -0.18532 0.981051
39.480000 -2.98592 -4.73919 0.780899 0.273993 -0.221764 -0.285716 0.604714 -1.35247 1.96159 -0.909389 -0.412366 -0.0544634 0.414336 -0.886557 -0.205772 0.0365687 -0.209693 0.977083
39.500000 -2.9804 -4.7442 0.77338 0.278905 -0.256825 -0.410076 0.247834 -0.637459 1.68094 -0.923692 -0.377998 -0.0625325 0.382346 -0.898953 -0.213766 0.0245895 -0.221363 0.974881
39.520000 -2.97365 -4.74754 0.764053 0.341243 -0.175441 -0.514911 0.0666641 -0.365637 1.53975 -0.9356 -0.347164 -0.0642611 0.35266 -0.910255 -0.216947 0.016822 -0.225638 0.974066
39.540000 -2.96668 -4.75102 0.751134 0.346572 -0.174868 -0.70482 0.020946 -0.170729 1.24431 -0.944335 -0.323021 -0.0623555 0.328709 -0.918697 -0.218966 0.0134446 -0.227274 0.973738
39.560000 -2.96108 -4.75286 0.736791 0.236325 -0.0874631 -0.710511 0.0625304 -0.624494 1.25061 -0.952329 -0.298354 -0.0636734 0.305037 -0.928034 -0.213789 0.00469377 -0.22302 0.974803
39.580000 -2.956 -4.75279 0.732767 0.273525 0.0500591 -0.0775761 -2.4206 -0.965095 0.802488 -0.956871 -0.280273 -0.076457 0.289672 -0.940489 -0.17768 -0.022108 -0.192165 0.981114
39.600000 -2.94918 -4.75779 0.739123 0.339456 -0.243306 0.400274 -2.63162 -0.234054 0.467117 -0.960493 -0.265335 -0.0839678 0.274352 -0.953396 -0.125567 -0.0467373 -0.143642 0.988525
39.620000 -2.94293 -4.76488 0.749999 0.294904 -0.373154 0.548881 -2.04369 0.364891 -0.532029 -0.957834 -0.276259 -0.0789662 0.282421 -0.955789 -0.0818873 -0.052853 -0.100736 0.993508
39.640000 -2.93877 -4.77488 0.759036 0.157282 -0.511573 0.435059 -1.67099 0.437591 -1.34859 -0.950114 -0.303784 -0.070701 0.307156 -0.950696 -0.0428083 -0.0542107 -0.062389 0.996579
39.660000 -2.93616 -4.78762 0.767408 0.107288 -0.659406 0.397557 -1.59207 0.788694 -2.02052 -0.937279 -0.344162 -0.0553197 0.345043 -0.938561 -0.00696455 -0.0495239 -0.0256154 0.998444
39.680000 -2.9343 -4.80214 0.771886 0.0936107 -0.744248 0.135709 -1.92193 0.780581 -2.43726 -0.9198 -0.390609 -0.0373312 0.389528 -0.920419 0.0331093 -0.0472932 0.0159124 0.998754
39.700000 -2.93063 -4.81519 0.771154 0.170668 -0.679485 -0.0704448 -1.55814 0.621141 -2.19266 -0.90062 -0.434107 -0.0208637 0.4319 -0.899327 0.0683653 -0.0484411 0.0525601 0.997442
39.720000 -2.92791 -4.82885 0.767816 0.12773 -0.678832 -0.196146 -1.09953 0.562675 -1.74067 -0.884417 -0.466644 -0.00710546 0.464019 -0.880867 0.0935977 -0.0499358 0.0794823 0.995585
39.740000 -2.92568 -4.84065 0.761344 0.0973171 -0.568378 -0.352847 -0.621559 0.716786 -1.58165 -0.869209 -0.494343 0.0100211 0.492431 -0.863664 0.107685 -0.0445784 0.0985352 0.994135
39.760000 -2.92634 -4.84848 0.751385 -0.0236368 -0.392929 -0.481903 -0.091433 1.21698 -1.56869 -0.852627 -0.52114 0.0379596 0.521914 -0.845888 0.109904 -0.0251657 0.113519 0.993217
39.780000 -2.92929 -4.85505 0.744237 -0.191034 -0.300578 -0.353101 -0.808688 1.32667 -1.33216 -0.838431 -0.540674 0.0685974 0.544943 -0.82972 0.12084 -0.00841859 0.138698 0.990299
39.800000 -2.93372 -4.86047 0.735893 -0.221443 -0.262876 -0.442499 -1.18464 0.912347 -0.841326 -0.828318 -0.552906 0.0904612 0.560242 -0.816236 0.141021 -0.0041335 0.16749 0.985865
39.820000 -2.93868 -4.86605 0.727568 -0.25086 -0.292824 -0.371556 -0.658845 0.746397 -0.639101 -0.820958 -0.560677 0.108022 0.570988 -0.806216 0.154884 0.000248859 0.188833 0.982009
39.840000 -2.94564 -4.87163 0.718927 -0.347489 -0.271055 -0.446916 -0.157969 0.418682 -0.539442 -0.814275 -0.568424 0.117684 0.580447 -0.799467 0.154708 0.00614496 0.194284 0.980926
39.860000 -2.95366 -4.8769 0.708518 -0.427132 -0.300925 -0.455319 0.36652 -0.405354 -0.163994 -0.812464 -0.570892 0.118253 0.58294 -0.798647 0.149476 0.00910794 0.190379 0.981668
39.880000 -2.95967 -4.88414 0.706548 -0.245238 -0.342048 0.0136014 0.784803 -0.835658 1.1511 -0.822682 -0.559741 0.0994178 0.568476 -0.811623 0.134546 0.00537885 0.167205 0.985907
39.900000 -2.96173 -4.88996 0.712131 0.00060144 -0.279192 0.308259 1.2288 -0.717255 1.19438 -0.838064 -0.539713 0.0797357 0.545536 -0.83068 0.111179 0.00623021 0.136674 0.990597
39.920000 -2.96067 -4.89537 0.722332 0.120907 -0.278998 0.545052 1.51236 -0.354637 1.76272 -0.856978 -0.511067 0.066326 0.515142 -0.853184 0.0818833 0.0147405 0.104339 0.994432
39.940000 -2.95727 -4.89806 0.73421 0.202732 -0.108273 0.569527 1.9515 -0.435422 2.15378 -0.879227 -0.473339 0.053942 0.475673 -0.8785 0.0444135 0.0263654 0.0647082 0.997556
39.960000 -2.95215 -4.90097 0.746679 0.280057 -0.195796 0.621018 1.8233 -0.413685 2.59568 -0.903569 -0.426314 0.0426448 0.426941 -0.904257 0.00640977 0.0358293 0.0239985 0.99907
39.980000 -2.94367 -4.9044 0.759587 0.436077 -0.123689 0.611297 1.66548 -0.483153 2.95039 -0.927976 -0.371115 0.0336608 0.370364 -0.928507 -0.026571 0.0411152 -0.0121905 0.99908
40.000000 -2.93464 -4.90658 0.7665 0.427449 -0.109563 0.242243 1.87295 -0.796238 2.89993 -0.949581 -0.312865 0.020269 0.31113 -0.948337 -0.0620839 0.0386457 -0.0526475 0.997865
