#C t x y z vx vy vz wx wy wz o11 o12 o13 o21 o22 o23 o31 o32 o33
# Recorded every 1th time step
# [Hexapod_0, HexaPod 0.9][713075680]
#  coxaDamp=               0.000000  
#  coxaJointLimitH=        0.800000  
#  coxaJointLimitV=        0.500000  
#  coxaPower=              3.000000  
#  coxaSpeed=             25.000000  
#  tebiaDamp=              0.010000  
#  tebiaJointLimit=        0.200000  
#  tebiaOffset=            0.000000  
#  tebiaPower=             1.800000  
# ######
# [Diamond, 1.0][1668880037]
# ######
30.020000 -0.307825 -0.655275 0.583112 -0.220053 0.300105 0.259006 1.24464 -0.221337 0.189049 0.998839 0.0394351 0.0276807 -0.0434279 0.985705 0.162786 -0.0208655 -0.163799 0.986273
30.040000 -0.30904 -0.647424 0.588659 -0.0124636 0.423014 0.268587 1.4197 -0.357544 0.10699 0.999078 0.0378668 0.0202543 -0.0402276 0.990324 0.132815 -0.0150291 -0.133507 0.990934
30.060000 -0.304214 -0.637184 0.594448 0.297608 0.524817 0.283917 1.42858 -0.429188 -0.0563541 0.999173 0.0390879 0.0112064 -0.0400221 0.994072 0.101089 -0.00718864 -0.101454 0.994814
30.080000 -0.294076 -0.625666 0.600861 0.535424 0.588053 0.329969 1.60661 -0.526482 -0.0478936 0.999185 0.0403573 0.000436442 -0.0402956 0.996929 0.0671407 0.00227452 -0.0671036 0.997743
30.100000 -0.280011 -0.613653 0.607211 0.707633 0.605418 0.314616 1.74199 -0.449666 -0.0617199 0.999092 0.0414965 -0.00964402 -0.0411866 0.99869 0.0303778 0.010892 -0.029953 0.999492
30.120000 -0.262718 -0.602237 0.612427 0.844734 0.543989 0.251728 1.78412 -0.325066 -0.176063 0.998854 0.0445804 -0.0174277 -0.0447126 0.998973 -0.00727457 0.0170855 0.00804547 0.999822
30.140000 -0.243498 -0.591407 0.615594 0.93384 0.547334 0.138127 1.59313 -0.165394 -0.123822 0.998636 0.0472176 -0.0222736 -0.0480895 0.998026 -0.0403852 0.0203227 0.0414013 0.998936
30.160000 -0.22226 -0.579956 0.616707 1.04356 0.605142 0.0443556 1.44735 -0.124657 0.100817 0.998599 0.0463958 -0.025438 -0.048085 0.996359 -0.0703967 0.0220793 0.0715212 0.997195
30.180000 -0.197221 -0.567906 0.615624 1.25187 0.605685 -0.0693839 1.31706 -0.0950868 0.187133 0.99869 0.0425065 -0.0284924 -0.0451132 0.994149 -0.0981428 0.024154 0.0992996 0.994764
30.200000 -0.168781 -0.556158 0.61247 1.39821 0.591567 -0.174239 1.08899 0.0538579 0.36591 0.998957 0.035535 -0.0286858 -0.0387687 0.991843 -0.121423 0.0241371 0.122408 0.992186
30.220000 -0.140689 -0.545192 0.607174 1.3602 0.523968 -0.297925 0.348284 -0.0180977 0.148171 0.999156 0.0306053 -0.0274044 -0.0339594 0.990704 -0.131728 0.023118 0.132548 0.990907
30.240000 -0.113514 -0.534584 0.600444 1.33466 0.536865 -0.349579 -0.0217409 -0.0778534 -0.0972724 0.999105 0.0311039 -0.0286728 -0.0346417 0.990574 -0.132527 0.0242804 0.133401 0.990765
30.260000 -0.0882284 -0.52379 0.593977 1.20265 0.53804 -0.265194 0.0582764 -0.126736 0.0792865 0.999052 0.0304844 -0.0310781 -0.0343001 0.990824 -0.130733 0.0268077 0.131675 0.99093
30.280000 -0.066335 -0.513068 0.590985 1.04935 0.537706 -0.0716548 0.50203 -0.396899 0.168107 0.998972 0.026417 -0.0368343 -0.031198 0.990226 -0.135937 0.0328833 0.136946 0.990033
30.300000 -0.0465746 -0.503815 0.590204 0.942139 0.44438 -0.0175137 0.517743 -0.524884 0.153154 0.998645 0.021967 -0.0471797 -0.028641 0.988899 -0.145805 0.0434531 0.146958 0.988188
30.320000 -0.0289874 -0.495769 0.590378 0.84178 0.385888 0.0254309 0.585228 -0.601933 0.149788 0.998099 0.017695 -0.0590416 -0.0268129 0.987169 -0.157413 0.0554986 0.158697 0.985766
30.340000 -0.0141744 -0.488886 0.590237 0.677696 0.300855 -0.035458 0.157429 -0.310221 0.101737 0.997643 0.014456 -0.0670753 -0.0252885 0.986206 -0.163582 0.0637853 0.164893 0.984247
30.360000 -0.00223348 -0.483754 0.590094 0.570464 0.234458 0.00901345 -0.24651 -0.273134 0.0913854 0.99731 0.0119278 -0.0723212 -0.0233922 0.986869 -0.159817 0.0694653 0.161079 0.984494
30.380000 0.00690962 -0.480196 0.590493 0.422554 0.15768 0.0242288 -0.786718 -0.209226 0.171326 0.997031 0.00858905 -0.0765221 -0.0197239 0.989092 -0.14597 0.0744336 0.147046 0.986325
30.400000 0.0110688 -0.479516 0.589999 0.136491 -0.00921437 -0.0500181 -1.32271 -0.076845 0.230737 0.996955 0.00352151 -0.0778992 -0.0129595 0.99257 -0.120985 0.0768943 0.121627 0.989593
30.420000 0.00992004 -0.481832 0.590803 -0.0814659 -0.130268 0.0727411 -1.58537 -0.0517604 0.0928987 0.997 0.000871571 -0.0774025 -0.00772492 0.996065 -0.0882865 0.077021 0.0886195 0.993083
30.440000 0.00498796 -0.486356 0.595424 -0.289075 -0.268099 0.25631 -1.84891 -0.172383 -0.107503 0.996753 0.00209874 -0.0804882 -0.00617775 0.998707 -0.0504629 0.0802782 0.0507963 0.995477
30.460000 -0.00382645 -0.49319 0.602405 -0.481204 -0.386529 0.381814 -2.35503 -0.199503 -0.321321 0.996426 0.00844029 -0.0840495 -0.00871342 0.999958 -0.0028833 0.0840216 0.00360535 0.996457
30.480000 -0.0179954 -0.502917 0.609084 -0.753073 -0.532377 0.341564 -2.77009 0.0584148 -0.573891 0.996395 0.0198077 -0.082486 -0.0153331 0.998394 0.0545322 0.0834337 -0.0530709 0.995099
30.500000 -0.0399112 -0.514724 0.616083 -1.1645 -0.631581 0.339008 -3.03585 0.339653 -0.643693 0.996648 0.0325277 -0.0750637 -0.0234983 0.992714 0.118182 0.078361 -0.116022 0.990151
30.520000 -0.0687801 -0.52847 0.621283 -1.44806 -0.713918 0.237689 -2.45374 0.409955 -0.559488 0.996982 0.0431629 -0.064522 -0.0315519 0.984729 0.171213 0.0709267 -0.168661 0.983119
30.540000 -0.103296 -0.543685 0.622103 -1.69122 -0.771148 -0.0374787 -1.5185 0.582122 -0.49065 0.997383 0.0512719 -0.0509823 -0.039637 0.977423 0.207543 0.0604723 -0.204979 0.976897
30.560000 -0.139916 -0.559126 0.6182 -1.7632 -0.770517 -0.228247 -0.816695 0.43823 -0.346134 0.99765 0.0563257 -0.0390018 -0.0460675 0.972889 0.226639 0.05071 -0.22431 0.973198
30.580000 -0.175329 -0.573314 0.610703 -1.70172 -0.670153 -0.411368 0.0050402 0.411294 -0.224572 0.997871 0.0583679 -0.0291039 -0.0501301 0.971842 0.230241 0.0417231 -0.228292 0.972698
30.600000 -0.20775 -0.586238 0.601318 -1.57346 -0.643158 -0.487699 0.198351 0.0400033 -0.132515 0.997868 0.0605068 -0.0244471 -0.0534284 0.972582 0.226338 0.0374718 -0.224549 0.973742
30.620000 -0.236228 -0.599493 0.591101 -1.34945 -0.664351 -0.468688 -0.194825 -0.184751 -0.0762692 0.99766 0.06298 -0.0266225 -0.0553728 0.9726 0.225793 0.0401136 -0.223791 0.973811
30.640000 -0.260712 -0.611852 0.583406 -1.14824 -0.599269 -0.327312 -0.511742 -0.315694 0.0892102 0.997424 0.0634264 -0.0335145 -0.0539566 0.971179 0.232162 0.0472738 -0.229756 0.972099
30.660000 -0.281123 -0.62211 0.581077 -0.958968 -0.50001 -0.0449346 -0.30941 0.525971 0.0944398 0.997782 0.0602593 -0.0282881 -0.0518067 0.969768 0.238466 0.0418027 -0.236472 0.970739
30.680000 -0.298486 -0.631328 0.582164 -0.82918 -0.46165 0.0735547 -0.434342 0.762957 0.214832 0.998455 0.0534656 -0.0151402 -0.0481264 0.968232 0.245379 0.0277786 -0.244271 0.969309
30.700000 -0.311611 -0.637805 0.582797 -0.591009 -0.270732 0.00376813 -0.402943 0.739608 0.190137 0.998998 0.0447415 -0.000753256 -0.0431 0.9666 0.25264 0.0120316 -0.252355 0.96756
30.720000 -0.321253 -0.642378 0.583987 -0.450774 -0.205023 0.0656881 0.208438 0.465731 0.212097 0.999249 0.037757 0.0086764 -0.0387267 0.967395 0.250293 0.00105679 -0.250441 0.968131
30.740000 -0.327622 -0.64502 0.584627 -0.290519 -0.109575 0.0154249 0.488522 0.388373 0.25539 0.999406 0.0308977 0.015286 -0.0336643 0.970223 0.239864 -0.00741957 -0.240236 0.970686
30.760000 -0.330576 -0.645248 0.584043 -0.111515 0.0222841 -0.033181 0.822271 0.328076 0.286979 0.999492 0.0239707 0.020999 -0.0280517 0.974455 0.222825 -0.0151213 -0.223301 0.974632
30.780000 -0.330388 -0.642094 0.583268 0.0381412 0.205148 -0.0421829 1.3583 0.20002 0.526783 0.999612 0.0136106 0.0243044 -0.0181355 0.980246 0.196949 -0.0211437 -0.197314 0.980112
30.800000 -0.3283 -0.63609 0.584324 0.116362 0.333361 0.0834863 1.73044 0.215694 0.323512 0.999611 0.00501381 0.0274408 -0.00937392 0.986885 0.161155 -0.0262729 -0.16135 0.986548
30.820000 -0.32432 -0.62569 0.590766 0.213638 0.569459 0.314566 1.87836 0.0596794 0.0624014 0.999575 0.00194534 0.029097 -0.00553148 0.992307 0.123681 -0.0286326 -0.123789 0.991895
30.840000 -0.318402 -0.611861 0.597044 0.322632 0.714615 0.305662 2.13829 -0.0142458 0.000477119 0.999591 0.00179209 0.0285421 -0.00402047 0.996929 0.0782088 -0.0283143 -0.0782916 0.996528
30.860000 -0.309271 -0.596055 0.602278 0.495692 0.80504 0.245239 2.26895 -0.118471 0.0118237 0.999667 0.0011185 0.025762 -0.00189905 0.999539 0.030294 -0.0257162 -0.0303328 0.999209
30.880000 -0.297081 -0.579182 0.606323 0.589436 0.817217 0.197276 2.33241 -0.168523 0.218151 0.999765 -0.00225901 0.021553 0.00266924 0.999815 -0.0190242 -0.0215061 0.0190772 0.999587
30.900000 -0.280244 -0.561137 0.608967 0.865066 0.924725 0.121349 2.19627 -0.299096 0.15538 0.999868 -0.00550807 0.0153127 0.00649294 0.997862 -0.0650299 -0.0149218 0.0651207 0.997766
30.920000 -0.257868 -0.540925 0.610811 1.07256 1.01804 0.0871154 1.92359 -0.282023 0.188929 0.999923 -0.00935218 0.00817297 0.0101678 0.994289 -0.106237 -0.00713275 0.106312 0.994307
30.940000 -0.230878 -0.519363 0.612033 1.28533 1.07539 0.0642149 1.53172 -0.216389 0.171769 0.999914 -0.0129477 0.00194068 0.0130918 0.990054 -0.140078 -0.000107698 0.140091 0.990139
30.960000 -0.201737 -0.497985 0.612657 1.39077 1.06408 0.0287384 1.14822 -0.0918554 0.192289 0.999862 -0.016568 -0.00140444 0.0161079 0.986107 -0.165331 0.00412414 0.165285 0.986237
30.980000 -0.171793 -0.475966 0.61131 1.43235 1.10521 -0.0886153 0.868968 -0.0574216 0.257425 0.999767 -0.0213939 -0.00299 0.02048 0.982749 -0.183807 0.00687077 0.183703 0.982958
31.000000 -0.143397 -0.453752 0.607783 1.36213 1.11107 -0.2012 0.451506 0.0215944 0.301522 0.999646 -0.0264864 -0.00251756 0.0254934 0.98063 -0.194205 0.00761259 0.194072 0.980958
31.020000 -0.117054 -0.432286 0.601817 1.26079 1.07539 -0.320875 0.0244435 0.16439 0.39051 0.999463 -0.0327435 0.00105973 0.032315 0.980035 -0.19618 0.00538502 0.196109 0.980567
31.040000 -0.0944013 -0.411107 0.59374 1.07235 1.04218 -0.455131 -0.484723 0.327891 0.507422 0.999135 -0.040739 0.00832239 0.041577 0.981385 -0.187495 -0.000529137 0.187678 0.98223
31.060000 -0.0742638 -0.389006 0.57991 0.989573 1.11681 -0.672967 -1.33535 0.369692 0.265131 0.998884 -0.0451443 0.0139066 0.0467635 0.986643 -0.156039 -0.00667654 0.156516 0.987653
31.080000 -0.054831 -0.368011 0.569942 0.956095 1.02306 -0.408636 0.1352 0.429873 0.347976 0.99843 -0.0509944 0.0231695 0.0538741 0.987495 -0.14816 -0.0153245 0.149175 0.988692
31.100000 -0.0345346 -0.351399 0.567149 1.01886 0.790942 -0.0913496 1.40536 -0.107185 -0.00796043 0.998314 -0.0531846 0.0232599 0.0564039 0.983456 -0.172144 -0.0137197 0.173166 0.984797
31.120000 -0.0135016 -0.336558 0.566479 1.02448 0.740738 0.0101316 1.07456 -0.375699 -0.121483 0.998521 -0.0519046 0.0161881 0.0540729 0.979125 -0.195933 -0.00568038 0.196518 0.980484
31.140000 0.00531728 -0.320935 0.569263 0.887904 0.769586 0.16629 0.720694 -0.649247 0.186878 0.998368 -0.0569081 0.0047443 0.0566242 0.975766 -0.211364 0.00739901 0.211288 0.977396
31.160000 0.0206113 -0.3095 0.571235 0.724691 0.444442 -0.0281352 0.347034 -0.402331 0.0233566 0.998053 -0.0620443 -0.00643238 0.05919 0.974553 -0.216201 0.0196828 0.2154 0.976328
31.180000 0.0336079 -0.305301 0.570672 0.552429 0.0608833 0.0255597 -0.971412 -0.300905 0.425632 0.997687 -0.0668934 -0.012106 0.0629705 0.976488 -0.206168 0.0256127 0.204929 0.978442
31.200000 0.0413453 -0.30663 0.573073 0.339162 -0.142636 0.0839387 -1.35809 -0.250214 0.169837 0.997177 -0.0729707 -0.0176965 0.0687295 0.981951 -0.176203 0.0302347 0.17449 0.984195
31.220000 0.0428476 -0.314812 0.575979 -0.055244 -0.490583 0.268054 -1.12841 -0.253638 0.0364021 0.99689 -0.0757263 -0.0217971 0.0716496 0.986194 -0.149289 0.0328012 0.147263 0.988553
31.240000 0.040168 -0.327648 0.581672 -0.14522 -0.677893 0.304782 -1.72403 -0.375307 -0.0647515 0.996683 -0.0762103 -0.0285563 0.0724631 0.99073 -0.114901 0.0370482 0.112451 0.992966
31.260000 0.0362971 -0.342719 0.589025 -0.190275 -0.769026 0.386397 -2.23107 -0.436976 -0.419968 0.996829 -0.0704168 -0.0370587 0.0677462 0.995317 -0.0689597 0.041741 0.0662304 0.996931
31.280000 0.0319423 -0.357334 0.596377 -0.239003 -0.736119 0.356313 -2.50379 -0.200072 -0.506096 0.997212 -0.0615543 -0.0421802 0.0609404 0.998018 -0.0156893 0.0430624 0.0130751 0.998987
31.300000 0.0258901 -0.372889 0.601916 -0.284875 -0.784357 0.256702 -2.4814 0.0156718 -0.554552 0.997825 -0.05091 -0.0418699 0.0524963 0.997909 0.0377006 0.039863 -0.0398166 0.998412
31.320000 0.0163858 -0.389954 0.605166 -0.474583 -0.866816 0.138779 -2.19296 0.228107 -0.571917 0.998546 -0.0394603 -0.0367151 0.0424528 0.995505 0.0846572 0.0332095 -0.0860928 0.995733
31.340000 0.00113401 -0.408996 0.606303 -0.765441 -0.960756 0.0408237 -1.85825 0.36461 -0.541598 0.999196 -0.0289215 -0.0277661 0.0321636 0.991701 0.12448 0.0239355 -0.125272 0.991834
31.360000 -0.0220167 -0.429888 0.606127 -1.17959 -1.04133 -0.0234638 -1.63012 0.486459 -0.493689 0.999676 -0.0201088 -0.0155791 0.0223342 0.987 0.159164 0.0121759 -0.15946 0.987129
31.380000 -0.0537058 -0.451551 0.60476 -1.62272 -1.05962 -0.0838242 -1.18892 0.620058 -0.28406 0.999872 -0.0159431 -0.00142682 0.0159316 0.982585 0.185132 -0.0015496 -0.185131 0.982713
31.400000 -0.0911805 -0.473618 0.602107 -1.86751 -1.10925 -0.154216 -0.828317 0.523514 0.445867 0.999687 -0.0228576 0.0101911 0.0203369 0.979279 0.201493 -0.0145856 -0.201223 0.979437
31.420000 -0.129512 -0.495176 0.598098 -1.85211 -1.04591 -0.196659 -0.66171 0.236642 0.942276 0.999092 -0.0405644 0.0129937 0.0368343 0.975989 0.214683 -0.0213902 -0.21401 0.976597
31.440000 -0.166583 -0.514453 0.59122 -1.83209 -0.904271 -0.409753 -0.443574 -0.242664 1.23185 0.997956 -0.0635792 0.0065036 0.0605219 0.972828 0.223481 -0.0205356 -0.22263 0.974687
31.460000 -0.202168 -0.532502 0.580687 -1.74516 -0.906405 -0.564664 -0.170912 -0.120843 1.45864 0.995933 -0.0900469 -0.00308969 0.0883671 0.969511 0.22856 -0.0175856 -0.227903 0.973525
31.480000 -0.235298 -0.550579 0.567732 -1.62028 -0.896652 -0.650674 -0.461204 -0.43762 1.34955 0.993199 -0.115325 -0.0159723 0.115847 0.965244 0.234271 -0.0116001 -0.234528 0.97204
31.500000 -0.266493 -0.566142 0.559354 -1.50572 -0.675048 -0.273236 -1.29415 -0.0159703 1.01345 0.990356 -0.136167 -0.0255689 0.138174 0.957202 0.254306 -0.0101535 -0.255387 0.966786
31.520000 -0.294447 -0.575181 0.553931 -1.3323 -0.407657 -0.285011 -1.86411 0.188267 0.678327 0.988065 -0.151709 -0.0266653 0.152927 0.94543 0.287708 -0.0184377 -0.288352 0.957347
31.540000 -0.319247 -0.581254 0.547496 -1.17156 -0.24324 -0.366633 -2.08875 0.244855 0.3323 0.986703 -0.16063 -0.0247998 0.159887 0.931857 0.325696 -0.0292066 -0.32533 0.945149
31.560000 -0.33985 -0.586548 0.54319 -0.968274 -0.210221 -0.234112 0.17975 0.0898238 0.195718 0.985928 -0.16557 -0.0230752 0.163705 0.928289 0.333885 -0.033861 -0.332964 0.942331
31.580000 -0.350258 -0.5855 0.543284 -0.34008 0.133005 0.202416 0.282475 0.441796 0.163247 0.985042 -0.171463 -0.0171034 0.167671 0.930887 0.324553 -0.0397274 -0.322566 0.945713
31.600000 -0.352817 -0.579439 0.54698 -0.0895523 0.313448 0.220404 1.28081 0.527321 0.0463826 0.98434 -0.17611 -0.00773462 0.170057 0.93712 0.304775 -0.0464257 -0.301317 0.952393
31.620000 -0.353579 -0.573101 0.551148 -0.0241368 0.316103 0.208899 1.46882 0.533254 -0.111126 0.984177 -0.177149 0.00386 0.169298 0.946547 0.274568 -0.052293 -0.26957 0.96156
31.640000 -0.352485 -0.566869 0.555198 0.0761713 0.32458 0.206774 1.64089 0.509753 -0.244066 0.984277 -0.175909 0.0159715 0.166982 0.956169 0.240537 -0.057584 -0.234088 0.970509
31.660000 -0.349843 -0.559139 0.559741 0.153443 0.402605 0.231605 1.91407 0.463047 -0.3155 0.984726 -0.171892 0.0277179 0.16299 0.966052 0.200442 -0.0612313 -0.192863 0.979313
31.680000 -0.345862 -0.549555 0.565284 0.210702 0.502236 0.27894 2.18542 0.350753 -0.421511 0.98552 -0.16546 0.0370707 0.1579 0.975216 0.154987 -0.0617961 -0.14689 0.987221
31.700000 -0.341648 -0.537414 0.571381 0.17715 0.652342 0.309258 2.55755 0.288293 -0.340908 0.986426 -0.158252 0.0438089 0.153183 0.98296 0.101613 -0.0591428 -0.0935231 0.993859
31.720000 -0.337197 -0.523305 0.578486 0.243925 0.740018 0.355614 2.5008 0.175983 -0.289742 0.987104 -0.152761 0.0478561 0.150519 0.98747 0.0474065 -0.0544983 -0.0395918 0.997729
31.740000 -0.32974 -0.506197 0.584456 0.380489 0.882052 0.266196 2.78245 0.0456717 -0.0908976 0.987395 -0.150407 0.0492758 0.151088 0.988466 -0.0103918 -0.0471445 0.0177058 0.998731
31.760000 -0.317547 -0.487213 0.587863 0.620116 0.956988 0.138731 2.82747 -0.189521 0.131422 0.987311 -0.15194 0.0461656 0.154887 0.985526 -0.0689092 -0.0350274 0.0751852 0.996554
31.780000 -0.296031 -0.464802 0.589566 1.11543 1.13805 0.0821377 2.60172 -0.414777 0.322959 0.986698 -0.158127 0.0377244 0.16162 0.979164 -0.122947 -0.0174973 0.127408 0.991696
31.800000 -0.26447 -0.439825 0.591141 1.60909 1.25635 0.0787504 2.08602 -0.437198 0.511949 0.985451 -0.167418 0.029272 0.169957 0.971112 -0.167499 -0.000384072 0.170038 0.985438
31.820000 -0.227391 -0.414563 0.592257 1.79081 1.2594 0.06658 1.40931 -0.174482 0.727124 0.983184 -0.180946 0.0246469 0.182223 0.96323 -0.197439 0.0119852 0.19861 0.980005
31.840000 -0.191008 -0.390744 0.592355 1.79843 1.17467 -0.0442682 0.921422 0.020243 0.786393 0.980335 -0.195592 0.0262264 0.196578 0.956189 -0.216933 0.0173531 0.217823 0.975834
31.860000 -0.155983 -0.367099 0.589068 1.71435 1.18236 -0.204992 0.554212 -0.00673112 1.00035 0.976524 -0.213264 0.0303151 0.214484 0.94964 -0.22843 0.0199275 0.229569 0.973088
31.880000 -0.123927 -0.343755 0.582186 1.54625 1.15299 -0.398809 0.388328 0.156635 0.993584 0.972074 -0.231815 0.0365193 0.233814 0.943404 -0.235201 0.0200707 0.237172 0.97126
31.900000 -0.0962351 -0.320629 0.572657 1.33279 1.16509 -0.506582 -0.0903676 0.214974 1.00036 0.96723 -0.249981 0.0444523 0.25335 0.938678 -0.233876 0.0167381 0.237473 0.97125
31.920000 -0.0732841 -0.298122 0.558405 1.09333 1.12543 -0.818632 -0.853022 0.190329 1.03302 0.961826 -0.268407 0.0533681 0.273515 0.936469 -0.219582 0.00895977 0.225796 0.974133
31.940000 -0.0537554 -0.276343 0.539414 0.909438 1.01138 -0.963218 -0.667548 0.689509 1.00784 0.956111 -0.285176 0.0672771 0.292943 0.935067 -0.199583 -0.00599233 0.210532 0.977569
31.960000 -0.0362052 -0.259913 0.523396 0.864915 0.69375 -0.625824 0.965059 0.336409 0.802933 0.950583 -0.299531 0.0816944 0.310121 0.928558 -0.203973 -0.0147617 0.219228 0.975562
31.980000 -0.0242138 -0.249265 0.521927 0.424902 0.357952 0.0760685 2.0766 -0.161172 0.814832 0.945592 -0.315346 0.0800752 0.32535 0.917728 -0.227865 -0.00163071 0.24152 0.970394
32.000000 -0.0180275 -0.24435 0.526638 0.288998 0.202518 0.247031 -0.606867 -1.19648 0.382275 0.941676 -0.33078 0.0618958 0.336038 0.91442 -0.225644 0.01804 0.233283 0.972242
32.020000 -0.0149086 -0.247097 0.529441 0.118706 -0.2279 0.115423 -1.74848 -1.16493 -0.113437 0.940952 -0.336406 0.0379481 0.337214 0.921454 -0.192897 0.0299244 0.194304 0.980485
32.040000 -0.0143482 -0.254907 0.53372 0.0055791 -0.43637 0.231801 -2.12229 -1.07768 -0.336937 0.942269 -0.334531 0.0147762 0.332778 0.930593 -0.152496 0.037264 0.148609 0.988194
32.060000 -0.0161159 -0.267094 0.541274 -0.102982 -0.65552 0.418454 -2.64124 -1.28513 -0.609887 0.944812 -0.327384 -0.0122439 0.324613 0.940553 -0.0999305 0.0442317 0.090441 0.994919
32.080000 -0.0202156 -0.282667 0.551866 -0.239365 -0.824253 0.544372 -2.9855 -1.18562 -0.789953 0.948587 -0.314158 -0.0385736 0.312821 0.949092 -0.0369882 0.04823 0.0230198 0.998571
32.100000 -0.0264069 -0.301159 0.562836 -0.307839 -0.968009 0.532312 -3.06546 -0.944414 -0.949914 0.953476 -0.295648 -0.0589483 0.297624 0.954273 0.0279689 0.0479838 -0.0442121 0.997869
32.120000 -0.0349314 -0.322593 0.571714 -0.402556 -1.08288 0.416256 -2.7526 -0.555305 -0.847072 0.957867 -0.278414 -0.0705477 0.283963 0.954861 0.0872044 0.0430844 -0.103563 0.993689
32.140000 -0.048773 -0.346479 0.577474 -0.689547 -1.19036 0.249544 -2.42271 -0.181975 -0.604638 0.961376 -0.265177 -0.0737382 0.273231 0.951774 0.13954 0.0331794 -0.154298 0.987467
32.160000 -0.0683056 -0.370759 0.580255 -0.999027 -1.21009 0.102614 -2.0836 0.0236406 -0.382116 0.963632 -0.25725 -0.0723618 0.266382 0.946274 0.18332 0.021315 -0.195929 0.980386
32.180000 -0.0931796 -0.395762 0.580152 -1.27307 -1.2448 -0.038808 -1.75393 0.152555 -0.157035 0.964767 -0.253973 -0.0687154 0.262959 0.939444 0.219766 0.00873974 -0.230092 0.97313
32.200000 -0.122521 -0.42092 0.576928 -1.4657 -1.24593 -0.204907 -1.30603 0.284229 0.597326 0.962862 -0.262079 -0.0648896 0.269959 0.930739 0.246671 -0.00425206 -0.255028 0.966924
32.220000 -0.152579 -0.44402 0.569853 -1.45061 -1.08978 -0.462437 -1.06245 0.0974315 1.14476 0.957149 -0.28194 -0.0661505 0.289271 0.919962 0.264561 -0.0137346 -0.27236 0.962097
32.240000 -0.180118 -0.463889 0.556454 -1.33274 -0.961877 -0.710856 -1.18554 -0.0364852 1.38585 0.948801 -0.307361 -0.0728458 0.315152 0.905515 0.284117 -0.0213636 -0.292528 0.956018
32.260000 -0.205511 -0.48324 0.540532 -1.23827 -0.945063 -0.857761 0.0924336 0.305077 1.01033 0.940945 -0.329803 -0.076499 0.337506 0.895947 0.288737 -0.0266875 -0.297505 0.954347
32.280000 -0.22821 -0.497488 0.530607 -1.08562 -0.625626 -0.383802 -0.800657 0.0332719 0.763455 0.935283 -0.345098 -0.0784419 0.35245 0.888234 0.29465 -0.0320082 -0.303228 0.95238
32.300000 -0.247292 -0.502571 0.525942 -0.816931 -0.0815429 -0.0553012 -0.904413 0.140545 0.506419 0.931473 -0.355001 -0.0795748 0.361651 0.87973 0.308681 -0.0395774 -0.316306 0.947831
32.320000 -0.261526 -0.500841 0.525211 -0.660689 0.13813 -0.0280743 1.028 0.970854 0.273538 0.928619 -0.365338 -0.0647688 0.367714 0.88288 0.292076 -0.0495233 -0.295044 0.954199
32.340000 -0.272447 -0.497891 0.525652 -0.51487 0.14516 0.0321671 1.02057 1.01418 -0.0312801 0.927104 -0.372082 -0.0450891 0.369791 0.888451 0.271863 -0.061096 -0.268719 0.961279
32.360000 -0.280626 -0.494026 0.528058 -0.383589 0.197253 0.11667 1.08113 0.917419 -0.0511588 0.926062 -0.376436 -0.0265474 0.370644 0.89408 0.251484 -0.0709322 -0.24273 0.967497
32.380000 -0.285904 -0.489492 0.530167 -0.242786 0.23656 0.0945356 1.68767 1.01138 -0.209918 0.925853 -0.37785 -0.00496814 0.369714 0.903042 0.218694 -0.0781472 -0.204316 0.975781
32.400000 -0.288734 -0.483993 0.533977 -0.110693 0.296604 0.19837 1.75088 1.10314 -0.369962 0.926407 -0.376014 0.0195662 0.366456 0.912357 0.182523 -0.0864825 -0.16192 0.983007
32.420000 -0.289611 -0.476814 0.539284 -0.0338352 0.388122 0.264044 2.02876 1.02543 -0.388123 0.92752 -0.371365 0.0423746 0.362569 0.921464 0.139454 -0.0908351 -0.113983 0.989321
32.440000 -0.289057 -0.467356 0.545829 0.0371158 0.508618 0.328582 2.25762 0.794804 -0.480656 0.929353 -0.364127 0.0609489 0.358021 0.929169 0.0920145 -0.0901368 -0.063693 0.993891
32.460000 -0.287824 -0.455216 0.5526 0.0696041 0.642355 0.338302 2.46824 0.647516 -0.659623 0.932582 -0.352785 0.0763732 0.350649 0.935643 0.0402187 -0.0856466 -0.010727 0.996268
32.480000 -0.285467 -0.439781 0.559592 0.102627 0.789342 0.342709 2.54663 0.460578 -0.579747 0.935881 -0.341456 0.086802 0.343856 0.938919 -0.01392 -0.076747 0.0428749 0.996128
32.500000 -0.281736 -0.421128 0.565884 0.185853 0.947209 0.302655 2.42181 0.253779 -0.45156 0.938259 -0.333407 0.0922449 0.339837 0.93819 -0.0656588 -0.0646521 0.0929532 0.993569
32.520000 -0.272083 -0.399024 0.570812 0.491322 1.11265 0.237585 2.14902 -0.0149992 -0.587311 0.941984 -0.323066 0.0910787 0.332056 0.936563 -0.112202 -0.0490522 0.135936 0.989503
32.540000 -0.257049 -0.373832 0.574942 0.734222 1.25624 0.198796 1.81522 -0.0685969 -0.530062 0.945608 -0.313261 0.0877123 0.323487 0.933981 -0.151772 -0.0343774 0.17189 0.984516
32.560000 -0.237777 -0.346923 0.57769 0.945333 1.32988 0.121629 1.38798 -0.207139 -0.399334 0.948481 -0.306213 0.0813468 0.316201 0.931071 -0.181998 -0.0200094 0.198344 0.979928
32.580000 -0.215114 -0.320668 0.578563 1.1304 1.26947 0.021165 0.833302 -0.554864 -0.303144 0.95058 -0.302561 0.0696688 0.310455 0.929069 -0.201117 -0.00387701 0.212806 0.977087
32.600000 -0.192463 -0.297249 0.578715 1.11523 1.12758 -0.0147911 0.729895 -0.00803004 0.181271 0.949992 -0.304902 0.0674486 0.312258 0.925423 -0.214677 0.00303695 0.225003 0.974353
32.620000 -0.169481 -0.277577 0.577628 1.12473 0.919288 -0.0506872 0.64467 0.2072 0.325714 0.947935 -0.31038 0.0712997 0.318429 0.920482 -0.22653 0.00468025 0.23744 0.971391
32.640000 -0.146778 -0.262651 0.575363 1.11976 0.700186 -0.123593 0.481624 0.209967 0.0335597 0.947144 -0.311618 0.0762363 0.320787 0.917218 -0.236234 0.00368964 0.248203 0.968701
32.660000 -0.123903 -0.250592 0.572144 1.15078 0.57889 -0.185229 0.426465 -0.0966115 -0.141069 0.947645 -0.310527 0.0744514 0.319238 0.915772 -0.24382 0.00753206 0.254823 0.966959
32.680000 -0.0990859 -0.239696 0.567585 1.2629 0.541761 -0.233235 0.184209 -0.362388 -0.553589 0.950292 -0.304166 0.0665528 0.31101 0.917136 -0.249267 0.0147803 0.257575 0.966145
32.700000 -0.0745054 -0.228611 0.561967 1.15809 0.500183 -0.319603 -0.176372 -0.589012 -0.43443 0.953348 -0.297414 0.0517017 0.300846 0.921935 -0.243984 0.0248986 0.248156 0.9684
32.720000 -0.055349 -0.218561 0.559692 0.907231 0.498882 -0.0540458 -0.729826 -1.02462 0.0180777 0.953147 -0.300725 0.0327937 0.300118 0.926448 -0.227209 0.0379456 0.226405 0.973294
32.740000 -0.0404966 -0.213439 0.560681 0.667171 0.0582187 0.035685 -0.740722 -0.669709 0.638133 0.949593 -0.313094 0.0156822 0.309361 0.927834 -0.208374 0.0506901 0.202722 0.977924
32.760000 -0.0293505 -0.216695 0.562654 0.489883 -0.276564 0.150916 -1.31346 -0.319359 0.243711 0.947385 -0.319997 0.00793948 0.316091 0.931334 -0.180842 0.0504744 0.173836 0.98348
32.780000 -0.0213253 -0.225441 0.566423 0.39437 -0.467137 0.207421 -2.16342 -0.651495 -0.161767 0.947344 -0.320192 -0.00410075 0.316539 0.938317 -0.139155 0.0484041 0.130529 0.990262
32.800000 -0.014291 -0.23762 0.573719 0.353305 -0.649415 0.401097 -2.31625 -1.05769 -0.435421 0.948648 -0.315365 -0.0247157 0.312078 0.945801 -0.0898225 0.051703 0.0774967 0.995651
32.820000 -0.00885853 -0.251877 0.583408 0.260796 -0.711748 0.496591 -2.22216 -0.797682 -0.318224 0.949688 -0.310192 -0.0432877 0.308543 0.950334 -0.0408217 0.0538003 0.0254118 0.998228
32.840000 -0.00686928 -0.268524 0.592161 0.0766347 -0.865202 0.404116 -2.3258 -0.511526 -0.330309 0.95109 -0.304033 -0.0546994 0.304882 0.952359 0.00770507 0.0497508 -0.024005 0.998473
32.860000 -0.00753565 -0.286495 0.597841 -0.0452875 -0.925737 0.251183 -2.30759 -0.280804 -0.2903 0.952368 -0.298764 -0.0611096 0.302131 0.951611 0.0561625 0.0413732 -0.0719505 0.99655
32.880000 -0.0112921 -0.308077 0.600962 -0.179452 -1.12258 0.138406 -2.20277 -0.108343 -0.365103 0.954303 -0.292095 -0.0631306 0.297312 0.949329 0.101879 0.0301734 -0.115993 0.992792
32.900000 -0.0203618 -0.333677 0.602257 -0.465578 -1.29898 0.0531305 -1.94589 0.077554 -0.575533 0.957297 -0.282563 -0.0611581 0.288591 0.946587 0.143833 0.0172495 -0.155341 0.98771
32.920000 -0.0383581 -0.36378 0.602815 -0.931737 -1.52399 0.014708 -1.82088 0.306685 -0.572223 0.960755 -0.272268 -0.053107 0.277399 0.943338 0.18211 0.000515207 -0.189695 0.981843
32.940000 -0.0632976 -0.397618 0.602308 -1.23481 -1.70563 -0.0516376 -1.34447 0.670298 0.00488515 0.961898 -0.270696 -0.038416 0.272604 0.938792 0.210612 -0.020947 -0.21306 0.976815
32.960000 -0.090959 -0.432261 0.600977 -1.3505 -1.6912 -0.0307695 -1.09212 0.862964 0.741068 0.958443 -0.284252 -0.0242489 0.281997 0.931107 0.231338 -0.0431798 -0.228562 0.972571
32.980000 -0.120588 -0.46424 0.59709 -1.48395 -1.4998 -0.293668 -0.502179 0.373893 1.3385 0.950656 -0.309691 -0.0185824 0.304675 0.920603 0.244258 -0.0585376 -0.237867 0.969532
33.000000 -0.148375 -0.491424 0.588228 -1.33752 -1.34023 -0.454089 -0.233002 -0.157721 1.5578 0.940818 -0.337945 -0.0255814 0.33327 0.908801 0.25102 -0.0615825 -0.244689 0.967644
33.020000 -0.172207 -0.518419 0.578226 -1.11746 -1.34906 -0.534395 0.665819 0.0232137 1.37467 0.930992 -0.36354 -0.0330625 0.360375 0.900884 0.241944 -0.0581707 -0.237163 0.969727
33.040000 -0.191463 -0.544441 0.565972 -0.910728 -1.23457 -0.701881 0.950307 -0.0955359 1.23287 0.921483 -0.386574 -0.037808 0.385074 0.896462 0.21926 -0.0508668 -0.216603 0.974934
33.060000 -0.20779 -0.567745 0.553068 -0.795098 -1.12355 -0.684266 0.116499 -0.72857 1.1457 0.912511 -0.405658 -0.0525745 0.407196 0.888609 0.211105 -0.0389184 -0.214044 0.976048
33.080000 -0.221182 -0.589328 0.53883 -0.64533 -1.04279 -0.807496 0.737774 -0.732978 1.0278 0.904169 -0.4216 -0.0687848 0.426615 0.882963 0.195898 -0.0218564 -0.20647 0.978209
33.100000 -0.233657 -0.607266 0.525983 -0.592638 -0.796725 -0.583085 0.115238 -0.535924 1.08152 0.895359 -0.437181 -0.0848847 0.445271 0.875328 0.188505 -0.0081088 -0.206576 0.978397
33.120000 -0.244134 -0.617799 0.520878 -0.59448 -0.421359 -0.41255 0.229138 -0.821494 0.672617 0.886457 -0.451082 -0.103532 0.462766 0.867016 0.184742 0.00643002 -0.211677 0.977318
33.140000 -0.255631 -0.619275 0.52046 -0.614966 -0.0441372 0.0347719 0.737452 0.000191337 0.347735 0.881708 -0.458302 -0.112027 0.471446 0.864992 0.171832 0.0181509 -0.204321 0.978736
33.160000 -0.266079 -0.61661 0.524028 -0.495207 0.168006 0.208468 1.52963 0.671083 0.201915 0.879664 -0.464655 -0.101427 0.475073 0.868479 0.1416 0.0222925 -0.172745 0.984714
33.180000 -0.274632 -0.611292 0.52966 -0.409794 0.301745 0.303705 1.92943 1.13367 0.0923173 0.87893 -0.470022 -0.0809968 0.476424 0.873182 0.10283 0.0223927 -0.128969 0.991396
33.200000 -0.282193 -0.603135 0.537162 -0.370263 0.432544 0.380067 2.2179 1.50672 -0.0333537 0.879331 -0.47336 -0.0520237 0.475845 0.877677 0.057052 0.0186538 -0.0749228 0.997015
33.220000 -0.286339 -0.591266 0.546107 -0.158569 0.617908 0.43517 2.41236 1.54146 -0.266646 0.88142 -0.471922 -0.019731 0.472118 0.881511 0.00658481 0.0142856 -0.0151194 0.999784
33.240000 -0.284317 -0.575291 0.555084 0.127819 0.799873 0.42205 2.33562 1.18911 -0.344728 0.88451 -0.466467 0.00706323 0.466302 0.88353 -0.0440135 0.0142903 0.042224 0.999006
33.260000 -0.274986 -0.554873 0.563425 0.482799 1.03097 0.410059 2.29179 0.885121 -0.522902 0.889102 -0.456997 0.0255153 0.45729 0.884524 -0.0922136 0.0195725 0.0936552 0.995412
33.280000 -0.258408 -0.529948 0.571424 0.809948 1.25797 0.395433 2.17737 0.595141 -0.517015 0.89452 -0.445512 0.0367875 0.446097 0.88432 -0.137751 0.0288376 0.139632 0.989784
33.300000 -0.235365 -0.50133 0.5796 1.12563 1.40984 0.415233 1.87524 0.282927 -0.317964 0.898403 -0.437187 0.0417011 0.43725 0.881558 -0.177956 0.041038 0.17811 0.983155
33.320000 -0.207774 -0.471008 0.587419 1.32342 1.46494 0.381018 1.58433 -0.0542785 -0.123244 0.900335 -0.433347 0.0400941 0.431498 0.876897 -0.211803 0.0566255 0.207994 0.97649
33.340000 -0.180138 -0.442585 0.594521 1.32211 1.38573 0.307404 1.22432 -0.352409 0.138522 0.899548 -0.435514 0.0337765 0.430389 0.870426 -0.239004 0.0746896 0.229533 0.970431
33.360000 -0.153674 -0.415966 0.597569 1.27851 1.28525 0.0824893 1.2976 0.158034 0.349176 0.896945 -0.440664 0.0361131 0.433881 0.861532 -0.263649 0.0850681 0.252148 0.963942
33.380000 -0.129371 -0.393464 0.591925 1.18676 1.11622 -0.310971 1.68809 0.405276 0.651446 0.892151 -0.449464 0.0452604 0.441682 0.84688 -0.296161 0.0947836 0.284211 0.954065
33.400000 -0.109315 -0.371041 0.586557 0.942721 1.12958 -0.23721 0.881701 0.532782 0.479735 0.888455 -0.455191 0.0587216 0.448988 0.835472 -0.316853 0.0951682 0.307875 0.946655
33.420000 -0.0926596 -0.347764 0.582192 0.808144 1.17288 -0.244783 0.0866979 0.481908 0.442386 0.885234 -0.459911 0.0695942 0.456462 0.830151 -0.320144 0.0894641 0.315169 0.944809
33.440000 -0.0785469 -0.325547 0.573427 0.693172 1.09504 -0.464385 -0.474853 0.342134 0.51911 0.881008 -0.466689 0.0776365 0.466061 0.827924 -0.311976 0.0813187 0.311037 0.946913
33.460000 -0.0681483 -0.307371 0.556522 0.469652 0.841481 -0.942775 -1.19859 -0.292592 0.513717 0.875748 -0.477162 0.0733663 0.476878 0.831343 -0.285406 0.0751924 0.28493 0.955594
33.480000 -0.0622772 -0.290109 0.543449 0.253162 0.844197 -0.55942 -2.06402 -0.48515 0.510498 0.870283 -0.488559 0.0625981 0.48835 0.839294 -0.238954 0.0642051 0.238528 0.969011
33.500000 -0.0569232 -0.275819 0.534336 0.304728 0.629162 -0.356536 -1.63731 -0.367306 0.228663 0.867112 -0.495283 0.0530269 0.495118 0.845344 -0.200628 0.0545419 0.200222 0.978231
33.520000 -0.0536799 -0.274591 0.532103 0.142954 -0.0816242 -0.0758879 -2.11957 -0.0106485 0.48936 0.862153 -0.503733 0.0542724 0.505501 0.848048 -0.159006 0.0340707 0.164522 0.985785
33.540000 -0.0501102 -0.279231 0.535839 0.194172 -0.327629 0.242175 -2.33077 -0.905512 0.0468288 0.860697 -0.507687 0.0381345 0.508566 0.853865 -0.110794 0.023687 0.114754 0.993112
33.560000 -0.0467726 -0.288116 0.543286 0.138409 -0.528328 0.376729 -2.63332 -1.39086 -0.337631 0.863509 -0.504215 0.010955 0.503932 0.86175 -0.0586429 0.0201282 0.0561593 0.998219
33.580000 -0.0464784 -0.303903 0.552552 0.000823514 -0.854534 0.480116 -2.72372 -1.69557 -0.224728 0.865518 -0.500323 -0.0235771 0.500454 0.865763 -0.000364889 0.0205947 -0.0114834 0.999722
33.600000 -0.0480275 -0.323198 0.561675 -0.0837286 -0.958184 0.435977 -2.56559 -1.48056 -0.475676 0.868795 -0.49207 -0.0553408 0.494735 0.867287 0.0552373 0.0208158 -0.0753689 0.996938
33.620000 -0.0516057 -0.341644 0.568557 -0.193718 -0.874346 0.310587 -2.16669 -1.13443 -0.47551 0.874391 -0.47871 -0.0792304 0.484825 0.868556 0.10274 0.0196333 -0.128248 0.991548
33.640000 -0.0597504 -0.361534 0.57203 -0.389418 -0.938708 0.125112 -1.94108 -0.671459 -0.389928 0.878566 -0.468373 -0.0935325 0.477436 0.866664 0.144736 0.0132707 -0.171816 0.98504
33.660000 -0.0726527 -0.382515 0.572095 -0.628957 -0.975754 -0.0962413 -1.75047 -0.135897 -0.345989 0.882067 -0.460799 -0.0980879 0.471121 0.863345 0.180777 0.00138193 -0.205669 0.978621
33.680000 -0.0909735 -0.404871 0.570276 -0.916579 -1.09279 -0.0893276 -1.14981 -0.0164843 -0.366156 0.885691 -0.454439 -0.0950561 0.464109 0.861165 0.207358 -0.0123726 -0.227772 0.973636
33.700000 -0.110542 -0.425163 0.566814 -0.963237 -0.981195 -0.131214 -0.874107 -0.0515499 -0.0639169 0.886658 -0.452978 -0.0929976 0.461823 0.857148 0.22807 -0.0235981 -0.245169 0.969193
33.720000 -0.130229 -0.442764 0.563415 -0.973608 -0.857015 -0.133102 -0.80543 -0.0467401 0.0464471 0.886378 -0.453838 -0.0914557 0.461737 0.852256 0.245885 -0.0336482 -0.260175 0.964975
33.740000 -0.151961 -0.460091 0.564091 -1.07904 -0.840067 0.0864196 -0.375444 0.0414737 0.0408808 0.885825 -0.455125 -0.0904165 0.462328 0.849062 0.255629 -0.0395739 -0.268245 0.962538
33.760000 -0.172653 -0.474828 0.566435 -0.972226 -0.679837 0.0823279 0.425426 0.744861 -0.0555076 0.885715 -0.457195 -0.0805138 0.46182 0.850112 0.253045 -0.047245 -0.261308 0.964098
33.780000 -0.192591 -0.487687 0.568168 -1.00555 -0.626807 0.0924579 0.649505 0.651796 -0.119363 0.885796 -0.459343 -0.0661059 0.460969 0.854439 0.239672 -0.053608 -0.242773 0.968601
33.800000 -0.212695 -0.500558 0.569262 -1.01661 -0.661933 0.0415283 0.746083 0.821932 -0.800344 0.890466 -0.452556 -0.0475684 0.450997 0.863783 0.224679 -0.0605913 -0.221523 0.973271
33.820000 -0.23166 -0.513406 0.568485 -0.946602 -0.600715 -0.0537737 0.869677 0.871768 -0.543232 0.895684 -0.443923 -0.0261402 0.439289 0.874137 0.207147 -0.0691073 -0.197021 0.97796
33.840000 -0.249173 -0.523879 0.568361 -0.834292 -0.476824 -0.0146235 1.00426 0.78589 -0.255507 0.897547 -0.440836 -0.0085024 0.434594 0.881254 0.185795 -0.0744124 -0.170455 0.982552
33.860000 -0.26448 -0.531771 0.568693 -0.746989 -0.374939 0.00939424 1.37524 0.824881 0.183183 0.89555 -0.44488 0.00847009 0.438194 0.885078 0.156916 -0.0773057 -0.136815 0.987576
33.880000 -0.275559 -0.533494 0.569815 -0.51203 -0.0177765 0.0612177 1.68283 0.760483 0.384558 0.890907 -0.453533 0.0243229 0.447665 0.885899 0.121569 -0.0766833 -0.0974184 0.992285
33.900000 -0.284593 -0.531589 0.575963 -0.452792 0.162395 0.354844 1.89259 0.282199 0.0567709 0.889638 -0.455508 0.0325048 0.451892 0.88837 0.0811924 -0.0658601 -0.0575432 0.996168
33.920000 -0.294308 -0.52572 0.582407 -0.48903 0.355148 0.303704 2.30152 0.437094 0.0462475 0.888987 -0.456037 0.0416265 0.454853 0.889877 0.0350469 -0.0530251 -0.0122223 0.998518
33.940000 -0.303804 -0.517112 0.587428 -0.479178 0.460217 0.231955 2.2399 0.483378 0.0782196 0.88793 -0.457075 0.0515993 0.458207 0.888763 -0.0121069 -0.0403257 0.0343933 0.998594
33.960000 -0.314041 -0.506296 0.590683 -0.548207 0.58912 0.148114 2.12511 0.547961 0.205275 0.886232 -0.459012 0.0624521 0.462305 0.884933 -0.0562828 -0.0294314 0.0787516 0.99646
33.980000 -0.322682 -0.491608 0.592534 -0.406231 0.757417 0.0746895 1.88877 0.484944 0.14277 0.884263 -0.461243 0.0730344 0.466573 0.879203 -0.096496 -0.019704 0.119404 0.99265
34.000000 -0.326186 -0.471786 0.593504 -0.0991308 1.03885 0.0449251 1.68846 0.328774 -0.0246143 0.883361 -0.46174 0.080431 0.468598 0.873521 -0.131821 -0.00939102 0.154136 0.988005
34.020000 -0.322135 -0.445912 0.594753 0.26775 1.33789 0.0630774 1.46273 0.257043 -0.30586 0.885308 -0.457303 0.0842851 0.465005 0.870311 -0.162265 0.000850084 0.182847 0.983141
34.040000 -0.310743 -0.413731 0.596464 0.553849 1.63735 0.0747311 1.3655 0.275125 -0.4026 0.889147 -0.449396 0.0863778 0.457499 0.868557 -0.190533 0.0106008 0.20893 0.977873
34.060000 -0.293644 -0.376855 0.601176 0.852643 1.87463 0.189748 1.36939 -0.842856 -0.093616 0.891326 -0.447383 0.0733899 0.451914 0.863832 -0.22264 0.0362088 0.231611 0.972134
34.080000 -0.272985 -0.33748 0.603952 1.038 1.95881 0.103646 0.765181 -1.2638 0.695664 0.885729 -0.461727 0.0478705 0.459053 0.855917 -0.238068 0.0689492 0.232839 0.970068
34.100000 -0.249035 -0.299316 0.5993 1.23242 1.82303 -0.385598 -0.443474 -0.869115 1.31361 0.872569 -0.487757 0.0267778 0.480301 0.846653 -0.229106 0.0890764 0.212772 0.973033
34.120000 -0.225747 -0.265252 0.592812 1.09289 1.64009 -0.321844 -0.746131 -0.921456 1.36912 0.856879 -0.51532 0.0142644 0.506045 0.835533 -0.214017 0.0983691 0.190605 0.976726
34.140000 -0.206293 -0.234473 0.588054 0.923053 1.47457 -0.285275 -0.467163 -0.389546 1.24224 0.842689 -0.538346 0.00769078 0.528759 0.824822 -0.200204 0.101436 0.172777 0.979724
34.160000 -0.18856 -0.206451 0.583642 0.872069 1.37524 -0.210828 -0.656501 -0.192326 1.13088 0.829672 -0.558222 0.00563986 0.549429 0.814731 -0.185311 0.09885 0.156846 0.982664
34.180000 -0.173788 -0.182593 0.579715 0.711014 1.12639 -0.221303 -1.4602 -0.265055 0.958641 0.817191 -0.576367 0.000782325 0.569345 0.807022 -0.15672 0.089697 0.128516 0.987643
34.200000 -0.162322 -0.172479 0.578797 0.667983 0.464872 0.046184 -2.20907 -0.590462 0.581483 0.807326 -0.590092 -0.00400826 0.585765 0.802191 -0.115625 0.071445 0.0909995 0.993285
34.220000 -0.146591 -0.16803 0.583222 0.749469 0.0348923 0.309676 -2.14419 -0.538025 0.397924 0.802228 -0.59674 -0.0182101 0.594362 0.801162 -0.0698081 0.0562465 0.0451786 0.997394
34.240000 -0.130828 -0.170552 0.590393 0.786836 -0.136931 0.34668 -1.91698 -1.08493 -0.114339 0.801272 -0.597035 -0.0388892 0.596394 0.802214 -0.0276852 0.0477265 -0.00100987 0.99886
34.260000 -0.11494 -0.1744 0.595868 0.788514 -0.202335 0.251086 -1.48236 -0.857146 -0.376954 0.804815 -0.590722 -0.0576171 0.591971 0.805937 0.00593312 0.0429309 -0.0388827 0.998321
34.280000 -0.0993464 -0.181023 0.59917 0.775182 -0.380372 0.135535 -1.402 -0.782444 -0.252677 0.807699 -0.58495 -0.0738621 0.588342 0.807796 0.0363235 0.038418 -0.0727947 0.996607
34.300000 -0.0849284 -0.191536 0.599982 0.698033 -0.58605 0.0164292 -1.43648 -0.674027 -0.0730026 0.808621 -0.581716 -0.0879663 0.587424 0.806593 0.0658853 0.0326265 -0.10495 0.993942
34.320000 -0.0734086 -0.206522 0.599418 0.540076 -0.776935 -0.033534 -1.39198 -0.534446 -0.290133 0.810468 -0.577329 -0.0991629 0.585256 0.805234 0.0952605 0.0248527 -0.135241 0.990501
34.340000 -0.0668558 -0.226607 0.598615 0.260893 -1.04169 -0.0350233 -1.31576 -0.323857 -0.569039 0.815243 -0.569432 -0.105476 0.57893 0.805995 0.123336 0.014782 -0.161612 0.986744
34.360000 -0.0687519 -0.252269 0.598507 -0.198456 -1.32461 0.00770881 -1.21171 0.0853844 -0.877737 0.822725 -0.558824 -0.104111 0.568439 0.808899 0.150194 0.00028344 -0.18275 0.983159
34.380000 -0.0798988 -0.28463 0.599384 -0.538018 -1.61463 -0.00540079 -0.811728 0.524905 -0.947866 0.833974 -0.544478 -0.0896148 0.551421 0.816284 0.172092 -0.0205494 -0.192936 0.980996
34.400000 -0.0968774 -0.321662 0.600005 -0.821395 -1.82742 -0.00141331 -0.189859 1.07262 -0.660838 0.84179 -0.536184 -0.06242 0.537913 0.823539 0.180093 -0.0451578 -0.185177 0.981667
34.420000 -0.121043 -0.360617 0.603081 -1.2034 -1.94094 0.13264 0.200802 0.608392 -0.227312 0.844585 -0.533287 -0.0477671 0.532228 0.826471 0.183519 -0.0583901 -0.18042 0.981855
34.440000 -0.147811 -0.396372 0.605134 -1.29259 -1.72729 0.087679 0.822606 0.755479 0.311159 0.841711 -0.538999 -0.031668 0.535858 0.82674 0.17134 -0.0661708 -0.161188 0.984703
34.460000 -0.172859 -0.427176 0.607893 -1.2145 -1.47724 0.13929 1.44572 0.977484 0.717213 0.833734 -0.552041 -0.0117424 0.548035 0.824712 0.13967 -0.0674193 -0.122883 0.990129
34.480000 -0.194845 -0.4521 0.609926 -1.05838 -1.12763 0.1571 0.873236 0.607227 1.07399 0.821627 -0.570022 0.0019369 0.565863 0.816033 0.117854 -0.0687599 -0.095736 0.993029
34.500000 -0.217176 -0.471261 0.61231 -1.0873 -0.809181 0.127567 1.0748 -0.110663 1.03779 0.808237 -0.588818 0.00672805 0.585693 0.805025 0.0943294 -0.0609591 -0.0723 0.995518
34.520000 -0.238675 -0.484523 0.613051 -1.06065 -0.619912 0.0491819 1.54828 0.463456 0.594002 0.800046 -0.59979 0.0133567 0.598011 0.799061 0.062322 -0.048053 -0.041873 0.997967
34.540000 -0.260241 -0.491981 0.613639 -1.07456 -0.328052 0.0479401 1.85701 0.831075 0.156016 0.796239 -0.604325 0.0281951 0.603871 0.796736 0.0234896 -0.0366594 -0.00167709 0.999326
34.560000 -0.281691 -0.495204 0.61407 -1.08019 -0.139589 0.0158221 1.58424 0.818148 -0.0157803 0.795814 -0.603838 0.0453951 0.604837 0.796266 -0.0115116 -0.0291954 0.0366178 0.998903
34.580000 -0.303484 -0.495538 0.613776 -1.0917 0.026701 -0.0177249 1.28826 0.716552 -0.378129 0.799276 -0.597941 0.0602119 0.600483 0.798627 -0.0401864 -0.0240578 0.0682762 0.997376
34.600000 -0.323728 -0.491349 0.612621 -0.986891 0.237717 -0.0617033 1.06288 0.484331 -0.385155 0.804028 -0.590278 0.0714946 0.594284 0.801647 -0.0647111 -0.019116 0.0945177 0.99534
34.620000 -0.339943 -0.479661 0.611141 -0.717324 0.734505 -0.0599195 1.10036 0.297123 -0.051081 0.805233 -0.587719 0.0786583 0.592845 0.80056 -0.0873946 -0.0116072 0.117005 0.993063
34.640000 -0.350684 -0.460666 0.609127 -0.482506 0.993174 -0.0930199 1.11987 0.140132 -0.407189 0.808548 -0.582758 0.0815063 0.58843 0.800827 -0.111475 -0.000309382 0.138094 0.990419
34.660000 -0.354465 -0.434987 0.608569 -0.089792 1.33642 0.00154831 1.1365 0.0271895 -0.861003 0.816254 -0.572087 0.0802893 0.577554 0.80508 -0.135193 0.0127029 0.156723 0.987561
34.680000 -0.348499 -0.400835 0.612678 0.326059 1.73831 0.210679 1.5086 0.132435 -1.02432 0.827459 -0.555788 0.0800724 0.560808 0.810743 -0.167897 0.028397 0.183833 0.982547
34.700000 -0.33364 -0.358264 0.619725 0.700719 2.10464 0.320277 0.477964 -1.3318 -0.971251 0.837886 -0.542725 0.0582854 0.542866 0.817404 -0.192738 0.0569609 0.193133 0.979518
34.720000 -0.308671 -0.314097 0.629303 1.28361 2.09844 0.424713 0.231541 -0.948223 -0.509512 0.842889 -0.536861 0.0363173 0.532514 0.822567 -0.199528 0.0772454 0.187519 0.979219
34.740000 -0.279133 -0.273547 0.634847 1.45144 1.92998 0.251596 -1.37684 -0.940273 -0.159973 0.843988 -0.53621 0.0127809 0.529703 0.829531 -0.176899 0.084253 0.156071 0.984146
34.760000 -0.252363 -0.239255 0.639846 1.29742 1.63075 0.205028 -1.84592 -1.15774 0.483489 0.838658 -0.544562 -0.0102802 0.53811 0.831344 -0.138941 0.0842085 0.110992 0.990247
34.780000 -0.227402 -0.209656 0.642791 1.22757 1.40717 0.0893683 -1.81712 -1.25549 0.968886 0.827493 -0.560418 -0.0344535 0.555221 0.825866 -0.0983642 0.083579 0.0622664 0.994554
34.800000 -0.204639 -0.186024 0.645253 1.12087 1.15833 0.0799786 -1.83303 -0.831464 1.14307 0.813127 -0.579936 -0.0499907 0.577154 0.814414 -0.0601902 0.0756196 0.02009 0.996934
34.820000 -0.18399 -0.165746 0.644787 1.00888 0.96637 -0.0370421 -2.09482 -0.684131 0.968468 0.800555 -0.595793 -0.0643686 0.596031 0.80277 -0.0175353 0.0621206 -0.0243277 0.997772
34.840000 -0.165526 -0.149025 0.643752 0.889528 0.808293 -0.0596847 -2.13829 -0.49262 0.998464 0.788458 -0.610406 -0.0757565 0.613522 0.789247 0.0260767 0.0438732 -0.0670386 0.996785
34.860000 -0.149588 -0.139398 0.646137 0.823743 0.483003 0.0777395 -2.00568 -0.150391 0.915334 0.775927 -0.626072 -0.0772737 0.63058 0.773185 0.0674806 0.0174992 -0.101087 0.994724
34.880000 -0.131639 -0.130805 0.647714 0.920455 0.419728 0.0755774 -1.74458 -0.30826 0.630872 0.767136 -0.635961 -0.0839984 0.641482 0.760166 0.103194 -0.00177439 -0.133047 0.991108
34.900000 -0.113863 -0.126729 0.649685 0.850845 0.145406 0.10243 -1.59972 -0.814155 0.67783 0.75801 -0.644752 -0.0985651 0.652099 0.745971 0.135256 -0.0136802 -0.1668 0.985896
34.920000 -0.100538 -0.130597 0.651562 0.640764 -0.236806 0.066241 -1.2916 -0.332143 0.610701 0.749281 -0.652883 -0.111003 0.661795 0.731945 0.162123 -0.0245991 -0.194937 0.980507
34.940000 -0.0935316 -0.142723 0.656512 0.347723 -0.549563 0.339259 -1.43135 0.492255 0.808809 0.739322 -0.665287 -0.103905 0.671427 0.716719 0.188411 -0.0508769 -0.209061 0.976578
34.960000 -0.0930324 -0.162599 0.664266 0.0422071 -1.01512 0.306893 -0.929011 1.38557 0.915994 0.725462 -0.683385 -0.0817865 0.682834 0.699748 0.209977 -0.0862652 -0.208177 0.97428
34.980000 -0.0955095 -0.187729 0.667928 -0.100728 -1.27538 0.182655 -0.194747 0.841559 0.88216 0.71177 -0.69925 -0.0665873 0.694243 0.685906 0.218083 -0.106822 -0.201452 0.973656
35.000000 -0.0989309 -0.215871 0.669361 -0.151874 -1.39972 0.0163173 -0.390121 1.48783 0.935088 0.695947 -0.71681 -0.0429033 0.706537 0.672849 0.219272 -0.128309 -0.182915 0.97472
35.020000 -0.102862 -0.246505 0.667766 -0.200905 -1.54782 -0.0875545 -0.0830899 1.72444 0.79595 0.679519 -0.733578 -0.010817 0.71727 0.66117 0.219951 -0.154199 -0.15722 0.975451
35.040000 -0.10681 -0.275187 0.66486 -0.2306 -1.33945 -0.17224 0.382299 1.4645 0.617346 0.664978 -0.746643 0.0181131 0.726784 0.652496 0.214555 -0.172015 -0.12951 0.976544
35.060000 -0.110957 -0.301172 0.662326 -0.206946 -1.29658 -0.100343 1.12284 1.46607 0.374914 0.653757 -0.755302 0.0460495 0.735697 0.648669 0.194878 -0.177063 -0.0935243 0.979746
35.080000 -0.115363 -0.32402 0.661726 -0.22569 -1.02618 0.0508709 1.83447 0.903108 0.790504 0.642136 -0.763582 0.0678537 0.747937 0.643459 0.162945 -0.168083 -0.0538823 0.984299
35.100000 -0.121622 -0.34627 0.661708 -0.33164 -1.14372 -0.00512005 1.59792 0.566279 0.41727 0.633021 -0.770032 0.0795913 0.759344 0.637638 0.129674 -0.150603 -0.0216491 0.988357
35.120000 -0.129223 -0.370408 0.660405 -0.392885 -1.21662 -0.0910202 1.65178 0.441245 0.363525 0.626341 -0.77428 0.0904826 0.768513 0.632762 0.0948637 -0.130705 0.01012 0.99137
35.140000 -0.136156 -0.393438 0.657386 -0.340942 -1.11374 -0.177508 1.8005 0.672401 0.647916 0.615378 -0.781306 0.104268 0.780451 0.622489 0.0583345 -0.110483 0.0454782 0.992837
35.160000 -0.141205 -0.410165 0.653453 -0.22992 -0.791696 -0.223744 1.99167 1.01244 0.649996 0.602347 -0.788295 0.125579 0.793039 0.608894 0.0183402 -0.0909217 0.0885419 0.991914
35.180000 -0.144129 -0.423177 0.646998 -0.154271 -0.648581 -0.370432 1.84017 0.616507 0.52718 0.592496 -0.79303 0.141603 0.802561 0.596277 -0.0187027 -0.0696027 0.124726 0.989747
35.200000 -0.14487 -0.431546 0.637153 -0.054307 -0.440052 -0.522572 1.76801 0.0722148 0.650847 0.582258 -0.79982 0.14582 0.811936 0.581255 -0.0538789 -0.0416655 0.149768 0.987843
35.220000 -0.143883 -0.435292 0.624403 -0.00403822 -0.211284 -0.660936 1.65699 -0.420461 0.825416 0.569941 -0.809829 0.139085 0.82164 0.563478 -0.0860274 -0.0087039 0.163308 0.986537
35.240000 -0.143939 -0.436051 0.610981 -0.0682896 -0.0419308 -0.639426 1.74573 -0.771661 0.874 0.555344 -0.822182 0.124939 0.831182 0.543871 -0.115502 0.0270126 0.16799 0.985419
35.260000 -0.143752 -0.434311 0.604854 0.0262677 0.0424671 -0.0995957 1.68149 -0.0498997 1.2521 0.537601 -0.834699 0.11943 0.840959 0.52045 -0.148052 0.0614219 0.180028 0.981742
35.280000 -0.140522 -0.428885 0.609208 0.222916 0.400032 0.333646 2.10984 0.0544845 1.4748 0.514883 -0.848258 0.123913 0.852299 0.490998 -0.180299 0.0920992 0.198444 0.975775
35.300000 -0.13286 -0.414784 0.617291 0.410898 0.780555 0.383332 0.591943 -1.66041 0.608262 0.497593 -0.860419 0.109911 0.858535 0.470451 -0.203946 0.123771 0.195845 0.972793
35.320000 -0.123354 -0.397539 0.624991 0.444168 0.771141 0.369016 -0.0865537 -1.31629 0.555396 0.486108 -0.869991 0.0825505 0.862304 0.462176 -0.206943 0.141885 0.17178 0.974864
35.340000 -0.112002 -0.3778 0.633561 0.572695 0.97712 0.440142 -0.0377136 -1.23137 0.121981 0.479045 -0.875956 0.0567145 0.864178 0.459297 -0.205529 0.153986 0.147469 0.977006
35.360000 -0.0999152 -0.358235 0.641813 0.612594 0.970373 0.398159 -0.280672 -1.50438 -0.0954338 0.475095 -0.879531 0.0266653 0.864585 0.460957 -0.20003 0.163641 0.118088 0.979427
35.380000 -0.0873238 -0.339265 0.648253 0.634033 0.942066 0.296922 -0.464045 -1.63281 -0.32663 0.474422 -0.880268 -0.00721789 0.863519 0.466957 -0.190489 0.171051 0.0841392 0.981663
35.400000 -0.0750786 -0.323721 0.651403 0.615443 0.731901 0.109762 -0.573729 -1.23216 -0.408432 0.47667 -0.878354 -0.0357592 0.861854 0.474956 -0.177835 0.173186 0.0539495 0.98341
35.420000 -0.0631917 -0.311434 0.651606 0.600213 0.545238 -0.0576753 -0.80688 -0.919963 -0.478815 0.482058 -0.874173 -0.0586744 0.85988 0.484892 -0.159647 0.16801 0.0265061 0.985429
35.440000 -0.0507748 -0.303633 0.648158 0.634069 0.309658 -0.23071 -1.18592 -0.802851 -0.261232 0.485452 -0.870803 -0.0777087 0.860384 0.49163 -0.134311 0.155162 -0.00165794 0.987888
35.460000 -0.0381937 -0.302735 0.640811 0.631654 -0.0119333 -0.382562 -1.7012 -0.696446 -0.102415 0.486284 -0.868725 -0.0940459 0.863359 0.494271 -0.101523 0.13468 -0.0318261 0.990378
35.480000 -0.0273445 -0.30804 0.631509 0.545043 -0.296255 -0.481101 -2.24217 -0.354411 -0.239646 0.490023 -0.86551 -0.103776 0.865805 0.497075 -0.0574231 0.101285 -0.0617108 0.992942
35.500000 -0.0197664 -0.321224 0.620359 0.37243 -0.65071 -0.565141 -2.25646 0.16145 0.0263121 0.490657 -0.865326 -0.102309 0.869301 0.494168 -0.0106281 0.0597544 -0.0837224 0.994696
35.520000 -0.0191412 -0.34182 0.608549 -0.0271322 -1.01368 -0.598526 -2.18876 0.299832 0.327127 0.485338 -0.86921 -0.0944455 0.874187 0.484351 0.0346652 0.0156134 -0.0993874 0.994926
35.540000 -0.023306 -0.366436 0.599979 -0.199281 -1.16661 -0.327255 -1.91868 -0.178822 0.77548 0.473595 -0.875637 -0.0946978 0.8805 0.468195 0.0742451 -0.0206747 -0.118544 0.992734
35.560000 -0.0292547 -0.386824 0.599455 -0.261491 -0.758024 0.0990637 -1.1413 -0.618074 1.29474 0.454764 -0.884445 -0.104625 0.889549 0.445339 0.101861 -0.0434966 -0.139392 0.989282
35.580000 -0.0374305 -0.406146 0.605391 -0.416855 -1.00014 0.315181 -1.93162 -0.56261 1.00911 0.437387 -0.891162 -0.120512 0.896528 0.421654 0.135813 -0.0702169 -0.167445 0.983378
35.600000 -0.0469912 -0.425726 0.607753 -0.49209 -0.955886 0.0471491 -1.17979 -0.239599 0.774959 0.422315 -0.897392 -0.127818 0.901592 0.401277 0.161579 -0.0937094 -0.183477 0.978547
35.620000 -0.0559486 -0.443353 0.611272 -0.423396 -0.827924 0.245779 -0.279167 1.59973 0.19029 0.413893 -0.904094 -0.10633 0.903371 0.39351 0.170501 -0.112307 -0.166625 0.979604
35.640000 -0.0659132 -0.458316 0.614149 -0.501498 -0.713943 0.212819 0.0130725 1.75374 -0.00748849 0.40903 -0.909273 -0.0769254 0.903812 0.392066 0.171487 -0.125769 -0.13967 0.982178
35.660000 -0.0755757 -0.470289 0.618085 -0.476847 -0.580509 0.165976 -0.00563611 1.21337 0.0569912 0.405148 -0.91284 -0.0507705 0.904002 0.391697 0.171328 -0.136508 -0.11531 0.983905
35.680000 -0.0866244 -0.479835 0.618352 -0.547854 -0.432803 0.0152122 0.199673 1.04082 -0.137404 0.403865 -0.914353 -0.029201 0.903828 0.393876 0.1672 -0.141378 -0.0939188 0.98549
35.700000 -0.0964772 -0.486863 0.617928 -0.477207 -0.31937 -0.0361608 0.462936 0.924885 -0.207371 0.405173 -0.914199 -0.00865477 0.903374 0.398885 0.157501 -0.140535 -0.0716336 0.987481
35.720000 -0.106398 -0.489971 0.61517 -0.500062 -0.107456 -0.138663 0.717333 0.971417 -0.0131182 0.403466 -0.914926 0.0111637 0.904868 0.400782 0.143488 -0.135755 -0.0477908 0.989589
35.740000 -0.115672 -0.488637 0.612004 -0.451229 0.123402 -0.1577 1.21133 1.03404 -0.0651897 0.401677 -0.915173 0.0333894 0.907368 0.402653 0.12064 -0.123851 -0.0181617 0.992135
35.760000 -0.123441 -0.483351 0.608057 -0.380133 0.287169 -0.211509 1.60259 0.952298 -0.446818 0.405771 -0.912292 0.055433 0.908123 0.409283 0.0883176 -0.103259 0.0145033 0.994549
35.780000 -0.132135 -0.47469 0.603635 -0.466469 0.433228 -0.219095 1.7616 0.894067 -0.480271 0.412554 -0.90789 0.0743942 0.907641 0.416627 0.0510836 -0.077373 0.0464485 0.99592
35.800000 -0.141075 -0.460142 0.598823 -0.484756 0.694312 -0.238547 1.8232 0.774945 -0.575161 0.421485 -0.902302 0.0905595 0.905534 0.424125 0.0112656 -0.0485735 0.0772564 0.995827
35.820000 -0.148409 -0.43835 0.595022 -0.386822 1.05405 -0.179673 1.88412 0.705606 -0.548793 0.431494 -0.896212 0.103039 0.901946 0.430803 -0.0300252 -0.0174807 0.105891 0.994224
35.840000 -0.151533 -0.410295 0.593838 -0.122992 1.29498 0.0416719 1.25198 0.321513 -0.416042 0.439382 -0.891439 0.110816 0.898253 0.434733 -0.0644131 0.00924481 0.127843 0.991751
35.860000 -0.150602 -0.38161 0.595999 0.0497716 1.36805 0.110911 1.33592 -0.172322 0.140971 0.439032 -0.89217 0.106229 0.897783 0.430989 -0.0907425 0.0351739 0.13521 0.990192
35.880000 -0.148423 -0.357429 0.601696 0.0796541 1.09464 0.362986 1.10153 0.465135 0.256163 0.433831 -0.894506 0.107938 0.899334 0.422644 -0.112119 0.0546715 0.145713 0.987815
35.900000 -0.145487 -0.336944 0.607241 0.181515 1.00123 0.207538 0.995007 0.194395 0.425966 0.426903 -0.897405 0.111433 0.901366 0.412364 -0.132268 0.0727468 0.156908 0.98493
35.920000 -0.139161 -0.317447 0.609516 0.331805 0.944001 0.165894 0.694269 -0.746426 0.407997 0.418597 -0.901804 0.107362 0.903835 0.402136 -0.146182 0.0886535 0.158229 0.983414
35.940000 -0.131421 -0.302365 0.611049 0.436142 0.71679 -0.0709019 0.527327 -0.533468 0.508079 0.408238 -0.908455 0.0897245 0.906738 0.392152 -0.155056 0.105676 0.144657 0.983823
35.960000 -0.121372 -0.290974 0.610557 0.554195 0.539462 -0.0927129 0.121141 -0.975047 0.218897 0.400216 -0.913926 0.0675813 0.908685 0.386195 -0.158573 0.118824 0.124873 0.985032
35.980000 -0.110008 -0.281563 0.610199 0.55895 0.44756 0.0199648 -0.192286 -1.22028 -0.122156 0.398197 -0.916256 0.0437518 0.908647 0.387456 -0.155685 0.125695 0.101748 0.986837
36.000000 -0.0988706 -0.274162 0.608864 0.565813 0.353418 -0.0461272 -0.410687 -1.06384 -0.285577 0.400022 -0.916255 0.0214306 0.907661 0.392813 -0.147815 0.127018 0.0785811 0.988783
36.020000 -0.0874743 -0.267397 0.608728 0.578152 0.333376 -0.00779126 -0.691856 -1.26092 -0.429911 0.40466 -0.914449 -0.00574394 0.905913 0.401724 -0.133941 0.12479 0.0489971 0.990973
36.040000 -0.0762462 -0.261673 0.608459 0.563049 0.260364 -0.0216943 -1.03444 -1.24166 -0.547824 0.411788 -0.910663 -0.0335311 0.903802 0.412836 -0.11273 0.116501 0.0161151 0.99306
36.060000 -0.0657108 -0.259676 0.607715 0.532008 0.0165886 -0.0364087 -1.30868 -0.940098 -0.569162 0.420711 -0.90543 -0.0565586 0.901515 0.424229 -0.0854427 0.101356 -0.0150418 0.994736
36.080000 -0.0552923 -0.26412 0.60682 0.528436 -0.284372 -0.0446425 -1.61675 -0.645117 -0.547102 0.429966 -0.899866 -0.0732827 0.899427 0.433981 -0.0518831 0.0784912 -0.0436045 0.995961
36.100000 -0.0460874 -0.275721 0.605045 0.459447 -0.663446 -0.088966 -1.75361 -0.541906 -0.645429 0.440828 -0.893579 -0.0847754 0.896179 0.443464 -0.0142604 0.0503376 -0.0696875 0.996298
36.120000 -0.0381863 -0.294861 0.603068 0.416872 -0.960603 -0.113478 -1.74202 0.0476097 -0.854053 0.456028 -0.885392 -0.0901053 0.889731 0.455888 0.0233387 0.0204141 -0.0908126 0.995659
36.140000 -0.0313575 -0.321248 0.60039 0.372616 -1.28978 -0.157845 -1.58772 0.0863403 -0.663939 0.469528 -0.878583 -0.0873825 0.882846 0.465921 0.0591732 -0.0112752 -0.104929 0.994416
36.160000 -0.0270324 -0.351812 0.598338 0.219755 -1.47881 -0.0830882 -1.27417 -0.181959 0.054771 0.46971 -0.878168 -0.0905164 0.882126 0.4628 0.0875768 -0.0350162 -0.120983 0.992037
36.180000 -0.0242368 -0.383125 0.600599 0.137908 -1.53094 0.160639 -0.94702 7.03525e-05 0.515559 0.462542 -0.881942 -0.0907409 0.884978 0.453089 0.107352 -0.0535647 -0.129959 0.990072
36.200000 -0.0235853 -0.413891 0.605861 0.0114287 -1.46921 0.307106 -1.27814 0.130604 0.999479 0.446976 -0.890222 -0.0878459 0.891298 0.434839 0.128467 -0.0761656 -0.135719 0.987815
36.220000 -0.0261921 -0.441746 0.611262 -0.167083 -1.26224 0.224714 -0.526901 0.285813 1.33605 0.422654 -0.902398 -0.0839096 0.901317 0.408842 0.143094 -0.0948224 -0.136109 0.986146
36.240000 -0.03284 -0.466055 0.613146 -0.375426 -1.18714 0.0308691 -0.346183 0.10374 0.969949 0.403086 -0.91123 -0.0847418 0.909224 0.388218 0.150331 -0.104088 -0.137645 0.984997
36.260000 -0.0420959 -0.485698 0.614121 -0.483993 -0.94987 -0.0196009 -0.0460665 0.839679 0.538516 0.389374 -0.918439 -0.0697012 0.91398 0.375887 0.152809 -0.114146 -0.123205 0.985795
36.280000 -0.051545 -0.500684 0.614974 -0.458542 -0.703843 0.0377156 -0.125595 1.04018 0.450948 0.378564 -0.924373 -0.0471455 0.917157 0.36778 0.153494 -0.124547 -0.101347 0.987024
36.300000 -0.0608479 -0.512526 0.611785 -0.468294 -0.574632 -0.182109 0.182962 0.736905 0.243377 0.371142 -0.927985 -0.0331237 0.919759 0.36248 0.150507 -0.127662 -0.0863254 0.988054
36.320000 -0.0694486 -0.522109 0.607938 -0.423443 -0.456374 -0.201491 0.342572 0.883732 0.0557361 0.367472 -0.92991 -0.0152524 0.921189 0.361671 0.143547 -0.127969 -0.0667998 0.989526
36.340000 -0.0776061 -0.529777 0.603788 -0.422294 -0.367685 -0.184893 0.455568 0.952976 -0.0495579 0.365703 -0.930713 0.00588316 0.922153 0.363182 0.133166 -0.126076 -0.0432739 0.991076
36.360000 -0.0862486 -0.535375 0.601706 -0.446584 -0.245223 -0.0809612 0.49811 0.984619 -0.0261446 0.364491 -0.930798 0.0275922 0.923004 0.365046 0.121676 -0.123328 -0.0188819 0.992186
36.380000 -0.0949238 -0.537685 0.600386 -0.438723 -0.0603823 -0.0665299 0.732955 0.915028 0.120373 0.361383 -0.931176 0.0481027 0.925145 0.364518 0.105991 -0.116231 0.00619844 0.993203
36.400000 -0.103042 -0.534964 0.598673 -0.413363 0.196224 -0.0960536 0.944384 0.881196 0.168952 0.357312 -0.931525 0.0677447 0.928047 0.362271 0.0865384 -0.105155 0.031949 0.993943
36.420000 -0.110608 -0.529434 0.596944 -0.394526 0.320251 -0.0824022 1.25741 0.82006 -0.139139 0.358133 -0.929706 0.0859478 0.929428 0.363758 0.0620008 -0.0889067 0.0576778 0.994369
36.440000 -0.118442 -0.519998 0.595542 -0.415316 0.484993 -0.0643933 1.56424 0.804859 -0.489793 0.365033 -0.925194 0.103763 0.928629 0.369778 0.0302212 -0.0663297 0.0853254 0.994143
36.460000 -0.126018 -0.505186 0.593986 -0.403169 0.756944 -0.0840702 1.75843 0.727372 -0.713838 0.377841 -0.918243 0.118598 0.925061 0.379757 -0.00688923 -0.0387125 0.112314 0.992918
36.480000 -0.132664 -0.482969 0.591358 -0.349769 1.12981 -0.13932 1.92242 0.617122 -0.757786 0.391907 -0.910715 0.13041 0.919975 0.389087 -0.0475198 -0.00746402 0.138598 0.990321
36.500000 -0.137677 -0.455756 0.58918 -0.264487 1.26367 -0.0787217 1.65296 0.32989 -0.392984 0.403238 -0.904978 0.135695 0.914762 0.394636 -0.0864434 0.0246791 0.158986 0.986972
36.520000 -0.141478 -0.429535 0.590287 -0.231949 1.21765 0.093446 1.42953 0.0513317 0.170498 0.403582 -0.904651 0.136849 0.91342 0.389748 -0.117308 0.0527863 0.172344 0.983621
36.540000 -0.144692 -0.406321 0.596205 -0.154303 1.09253 0.36599 1.23595 -0.183949 0.540548 0.395178 -0.908911 0.1331 0.915252 0.377212 -0.141508 0.0784115 0.177741 0.980948
36.560000 -0.146491 -0.384151 0.605161 -0.0776385 1.08186 0.444296 1.14265 -0.531145 0.704106 0.381996 -0.915723 0.124617 0.918238 0.360836 -0.163205 0.104485 0.176772 0.97869
36.580000 -0.144359 -0.363715 0.611055 0.174542 1.04329 0.257966 0.744859 0.00430262 0.658562 0.368215 -0.922005 0.119686 0.921749 0.34517 -0.176738 0.121642 0.175398 0.976954
36.600000 -0.138757 -0.344926 0.616252 0.329465 0.909639 0.163126 0.495853 -0.102585 0.450035 0.358555 -0.926304 0.115759 0.923784 0.334229 -0.186853 0.134393 0.173933 0.975544
36.620000 -0.131192 -0.329678 0.62098 0.408161 0.709736 0.204881 0.220908 -0.798138 0.137292 0.353165 -0.93026 0.0994515 0.924302 0.330496 -0.190889 0.144709 0.159339 0.976561
36.640000 -0.122558 -0.316145 0.622506 0.474886 0.681312 -0.0275703 -0.310905 -0.982012 -0.11273 0.349963 -0.933222 0.0813848 0.92475 0.330299 -0.189051 0.149545 0.141421 0.978589
36.660000 -0.111392 -0.305244 0.620507 0.572309 0.506681 -0.128924 -0.37342 -1.28404 -0.272037 0.350547 -0.934933 0.0549351 0.924143 0.335795 -0.18221 0.151907 0.114641 0.981724
36.680000 -0.100231 -0.296927 0.61893 0.559079 0.397134 -0.0811334 -0.490414 -1.17964 -0.381505 0.354025 -0.93481 0.0282108 0.92291 0.344318 -0.172287 0.151342 0.0870298 0.984643
36.700000 -0.0898596 -0.289918 0.616671 0.520893 0.322038 -0.12706 -0.845223 -1.16887 -0.398383 0.358631 -0.933477 0.00215664 0.922198 0.353938 -0.155817 0.144688 0.0578695 0.987784
36.720000 -0.0798129 -0.287365 0.613835 0.512943 0.0621364 -0.157787 -1.27902 -1.2361 -0.2906 0.361787 -0.931928 -0.024885 0.923068 0.361831 -0.130477 0.130599 0.0242344 0.991139
36.740000 -0.069756 -0.290303 0.609612 0.515845 -0.202249 -0.22957 -1.76504 -1.25075 -0.377915 0.365707 -0.929206 -0.0532391 0.924436 0.36928 -0.0951329 0.108058 -0.0144254 0.99404
36.760000 -0.0599414 -0.297942 0.604111 0.492923 -0.396738 -0.283933 -2.06537 -0.803869 -0.581789 0.373743 -0.924559 -0.0742097 0.924359 0.377883 -0.0525822 0.076658 -0.0489441 0.995855
36.780000 -0.0513445 -0.311101 0.597643 0.450425 -0.672959 -0.323147 -2.34495 -0.416538 -0.716343 0.386746 -0.918262 -0.0849807 0.921458 0.388457 -0.00394763 0.0366363 -0.0767795 0.996375
36.800000 -0.0440617 -0.333104 0.593169 0.35621 -1.12862 -0.178018 -2.13077 -0.596989 -0.460534 0.394737 -0.913571 -0.0978306 0.918794 0.392471 0.042231 -0.000185301 -0.106556 0.994307
36.820000 -0.0390301 -0.363815 0.591204 0.262252 -1.44779 -0.0421373 -1.6491 -0.69132 0.169495 0.395573 -0.911852 -0.109767 0.917884 0.388365 0.0816187 -0.0317946 -0.133039 0.990601
36.840000 -0.0390043 -0.396856 0.592405 -0.0392867 -1.63161 0.161209 -1.24567 -0.361193 0.816869 0.384757 -0.915837 -0.114911 0.921315 0.373502 0.108047 -0.0560338 -0.147441 0.987482
36.860000 -0.0430806 -0.428348 0.596883 -0.248009 -1.55161 0.175651 -1.10349 0.424241 1.18991 0.36412 -0.924512 -0.112669 0.927899 0.349699 0.129279 -0.0801196 -0.151618 0.985187
36.880000 -0.0517166 -0.459847 0.596911 -0.444684 -1.50556 0.0118754 -0.755215 -0.098321 1.12597 0.342128 -0.932309 -0.117257 0.934859 0.325131 0.142582 -0.0948067 -0.1584 0.982813
36.900000 -0.0620995 -0.486545 0.597633 -0.55592 -1.29953 -0.0187231 -0.533202 -0.000265357 0.881509 0.324081 -0.938681 -0.117682 0.939853 0.305273 0.153251 -0.107929 -0.16027 0.981155
36.920000 -0.0743498 -0.508088 0.597162 -0.64121 -1.04531 -0.0943242 -0.285931 0.558571 0.556863 0.310687 -0.944342 -0.108128 0.943002 0.291959 0.159707 -0.119249 -0.151584 0.981225
36.940000 -0.0871358 -0.525021 0.594451 -0.625611 -0.809006 -0.126075 -0.00508106 0.632977 0.217377 0.303465 -0.947865 -0.0972638 0.944707 0.285993 0.160424 -0.124244 -0.140569 0.982244
36.960000 -0.0985354 -0.538001 0.591967 -0.553601 -0.616852 -0.122334 0.400295 1.09665 0.0375697 0.299554 -0.950873 -0.078149 0.94596 0.285344 0.154073 -0.124205 -0.120079 0.984964
36.980000 -0.1093 -0.547999 0.589543 -0.524267 -0.471367 -0.120741 0.1722 0.992705 0.00173515 0.296397 -0.953323 -0.0576575 0.946724 0.285312 0.149366 -0.125944 -0.0988575 0.987099
37.000000 -0.119847 -0.555478 0.587513 -0.534194 -0.347883 -0.0895229 0.401526 1.34735 0.099844 0.291714 -0.956021 -0.0304349 0.948116 0.284804 0.141289 -0.126407 -0.0700718 0.9895
37.020000 -0.130287 -0.559418 0.587079 -0.518138 -0.14522 -0.00414282 0.546888 1.39056 0.0612789 0.287466 -0.957791 -0.000441334 0.949707 0.284979 0.129785 -0.124182 -0.037728 0.991542
37.040000 -0.139428 -0.558504 0.58792 -0.456599 0.102281 0.0550777 0.813533 1.22666 -0.0250788 0.285554 -0.957995 0.0265383 0.951321 0.286698 0.113101 -0.115958 -0.0070499 0.993229
37.060000 -0.14739 -0.552602 0.588781 -0.393671 0.357265 0.032762 1.182 1.12462 -0.12506 0.285717 -0.956896 0.0521163 0.952988 0.289435 0.0896724 -0.100891 0.0240452 0.994607
37.080000 -0.153783 -0.54053 0.588707 -0.312933 0.68207 -0.0231603 1.55428 0.958773 -0.281654 0.289428 -0.954234 0.0752956 0.953993 0.293998 0.0588496 -0.078293 0.0547987 0.995423
37.100000 -0.158035 -0.520648 0.587176 -0.192469 1.08144 -0.0886032 1.82509 0.767278 -0.592994 0.298763 -0.949759 0.0932665 0.953104 0.301899 0.0212133 -0.0483045 0.082555 0.995415
37.120000 -0.160614 -0.492768 0.584083 -0.140448 1.37851 -0.181794 1.92019 0.295951 -0.72267 0.311849 -0.94445 0.103751 0.950033 0.311527 -0.0197087 -0.0137075 0.104713 0.994408
37.140000 -0.162656 -0.462071 0.582827 -0.141346 1.46278 -0.0384298 1.41515 0.59187 -0.26569 0.320966 -0.939792 0.117351 0.947036 0.317148 -0.0503936 0.0101418 0.127311 0.991811
37.160000 -0.167347 -0.432723 0.583171 -0.28069 1.38537 0.0283886 1.3681 0.451341 0.230183 0.320109 -0.938916 0.126363 0.946753 0.312184 -0.0787381 0.0344799 0.144839 0.988854
37.180000 -0.173129 -0.40473 0.585112 -0.304138 1.35562 0.127153 1.4049 -0.0797592 0.789713 0.308235 -0.942829 0.126749 0.949264 0.296097 -0.10594 0.0623532 0.152973 0.986261
37.200000 -0.178112 -0.379827 0.587857 -0.212938 1.1407 0.103725 1.24275 -0.208753 0.810064 0.291124 -0.948917 0.121671 0.952382 0.275412 -0.13083 0.0906372 0.153965 0.98391
37.220000 -0.179709 -0.361151 0.586102 -0.013456 0.847824 -0.121912 0.689412 -0.0446017 0.728189 0.277119 -0.953011 0.122375 0.954941 0.25909 -0.144773 0.106264 0.15698 0.981868
37.240000 -0.178674 -0.35092 0.589921 0.074582 0.486946 0.207464 0.702415 -0.458214 0.742771 0.262349 -0.957863 0.116924 0.957666 0.243561 -0.153474 0.118529 0.152238 0.981211
37.260000 -0.175267 -0.343169 0.591824 0.180833 0.361675 0.128422 0.506942 -0.876034 0.652013 0.247835 -0.963058 0.105345 0.959922 0.229418 -0.16099 0.130874 0.141022 0.981318
37.280000 -0.169368 -0.338915 0.589362 0.309013 0.186882 -0.139613 0.117647 -0.557675 0.484521 0.235961 -0.966872 0.0973705 0.962052 0.218298 -0.163712 0.137033 0.132305 0.981691
37.300000 -0.163204 -0.33707 0.587482 0.321762 0.0653309 -0.101967 -0.251746 -0.859699 0.0517633 0.231968 -0.969367 0.0807317 0.963076 0.217215 -0.159068 0.136659 0.114649 0.983961
37.320000 -0.156677 -0.339872 0.585914 0.327878 -0.196484 -0.0816275 -0.639435 -1.27859 -0.0377131 0.229298 -0.971805 0.0549386 0.964566 0.219297 -0.146704 0.13052 0.0866309 0.987654
37.340000 -0.150647 -0.347638 0.586308 0.316804 -0.423255 0.0469242 -0.923615 -1.2383 0.0128875 0.22655 -0.973606 0.0277035 0.966813 0.221338 -0.127597 0.118098 0.0556912 0.991439
37.360000 -0.144961 -0.358766 0.588477 0.288497 -0.566695 0.114135 -1.09892 -1.23117 -0.432651 0.230327 -0.973113 0.000577687 0.96784 0.229017 -0.104104 0.101172 0.024537 0.994566
37.380000 -0.139055 -0.375949 0.590277 0.315378 -0.886233 0.0964779 -1.52533 -1.4162 -0.469149 0.237065 -0.971045 -0.0295303 0.968433 0.23862 -0.0720941 0.0770531 -0.0115071 0.996961
37.400000 -0.131343 -0.396703 0.592559 0.409126 -1.09534 0.119194 -1.81811 -1.46906 -0.447382 0.243441 -0.96803 -0.0604447 0.968694 0.245789 -0.0349298 0.0486697 -0.0500491 0.99756
37.420000 -0.121622 -0.422189 0.595174 0.525563 -1.26965 0.137102 -2.1178 -1.21874 -0.257977 0.248454 -0.964734 -0.0869419 0.968548 0.248687 0.0083109 0.0136035 -0.0862723 0.996179
37.440000 -0.110031 -0.452966 0.5985 0.614438 -1.50133 0.184745 -2.37251 -0.882539 0.0324997 0.248661 -0.962807 -0.105686 0.968142 0.24374 0.0573814 -0.0294873 -0.116588 0.992743
37.460000 -0.0999505 -0.485448 0.600211 0.48664 -1.57343 0.0378808 -2.00345 -0.871854 0.734305 0.239064 -0.963281 -0.122222 0.968528 0.227574 0.100813 -0.0692972 -0.142476 0.987369
37.480000 -0.0923365 -0.514101 0.603364 0.361424 -1.35585 0.1787 -1.92518 -0.0157198 1.01857 0.221812 -0.966729 -0.127415 0.969074 0.204061 0.138763 -0.108146 -0.154254 0.982095
37.500000 -0.0884973 -0.536968 0.606329 0.168059 -1.03817 0.249882 -1.43409 0.38661 0.946207 0.202981 -0.971243 -0.124446 0.969304 0.181296 0.166076 -0.138739 -0.154336 0.978229
37.520000 -0.0878496 -0.556185 0.606394 0.00409682 -0.893209 0.0765985 -0.933918 0.535186 0.938207 0.183854 -0.975329 -0.122191 0.970228 0.160129 0.181702 -0.157653 -0.15196 0.975732
37.540000 -0.0891226 -0.571741 0.609381 -0.0734346 -0.755838 0.132695 -0.990991 0.966895 1.06117 0.161031 -0.981214 -0.106246 0.970327 0.137725 0.198741 -0.180375 -0.135097 0.974276
37.560000 -0.0904906 -0.58366 0.609182 -0.0833164 -0.58923 -0.127191 -0.972073 -0.513827 0.833535 0.145486 -0.982558 -0.115814 0.968451 0.117493 0.219766 -0.202326 -0.144133 0.968654
37.580000 -0.0920824 -0.593621 0.604004 -0.0845094 -0.463843 -0.247686 -0.130321 0.0913775 0.522828 0.134718 -0.98359 -0.120008 0.96904 0.105489 0.223233 -0.20691 -0.146366 0.96735
37.600000 -0.0939386 -0.599867 0.599457 -0.0987931 -0.269244 -0.221841 0.385616 0.22683 0.418469 0.126217 -0.98514 -0.11648 0.971227 0.0988139 0.216687 -0.201958 -0.140479 0.969267
37.620000 -0.0960158 -0.601405 0.595763 -0.102897 -0.0294975 -0.187753 0.675032 0.829737 0.238839 0.117494 -0.987759 -0.102606 0.974752 0.0949535 0.202097 -0.18988 -0.123761 0.973976
37.640000 -0.0974654 -0.598987 0.594168 -0.0767449 0.13406 -0.0479516 1.24662 0.920586 0.202128 0.110866 -0.990464 -0.0817968 0.979123 0.0947448 0.17984 -0.170375 -0.100027 0.980289
37.660000 -0.098444 -0.591423 0.593745 -0.0695141 0.406628 -0.0289239 1.40156 1.27894 -0.095087 0.108734 -0.992535 -0.0552391 0.983142 0.099155 0.153624 -0.147 -0.071012 0.986584
37.680000 -0.101151 -0.57816 0.592645 -0.162455 0.697169 -0.076061 1.85752 1.49237 -0.241673 0.109079 -0.993766 -0.0230222 0.987368 0.105642 0.118083 -0.114915 -0.0356118 0.992737
37.700000 -0.106579 -0.55787 0.590997 -0.306529 1.07558 -0.0747598 1.98496 2.19483 -0.19138 0.107238 -0.994002 0.0214529 0.991021 0.1086 0.0779949 -0.0798569 0.0128962 0.996723
37.720000 -0.115796 -0.532415 0.590439 -0.514135 1.14375 0.044155 1.86441 1.87004 0.179164 0.103881 -0.992506 0.0643466 0.993672 0.106347 0.0361457 -0.0427179 0.0601845 0.997273
37.740000 -0.128737 -0.505155 0.592317 -0.689993 1.31077 0.116302 1.70367 1.65585 0.280841 0.0973339 -0.990397 0.0981795 0.99521 0.0977613 -0.000459973 -0.0091426 0.0977539 0.995169
37.760000 -0.140689 -0.477306 0.594781 -0.569694 1.32026 0.157948 1.53616 1.16659 0.133856 0.0954502 -0.987737 0.123554 0.995219 0.0921091 -0.0324905 0.0207116 0.126065 0.991806
37.780000 -0.148716 -0.450362 0.59404 -0.364554 1.37233 -0.100862 0.965066 1.26201 0.449458 0.0897954 -0.984909 0.147953 0.995086 0.0824992 -0.0547465 0.0417143 0.152142 0.987478
37.800000 -0.155606 -0.424641 0.594636 -0.334248 1.24115 0.0748743 1.01854 0.514499 0.78593 0.0761331 -0.9838 0.162302 0.995258 0.0650945 -0.0722854 0.0605494 0.167036 0.98409
37.820000 -0.160718 -0.402555 0.595896 -0.20849 1.06453 -0.027 0.710319 0.348931 0.856706 0.0592263 -0.983974 0.168187 0.995192 0.0450361 -0.0869696 0.0780013 0.17253 0.981911
37.840000 -0.162148 -0.384065 0.592827 -0.0438662 0.864253 -0.111522 0.308852 -0.0396678 0.767398 0.0437784 -0.98416 0.171794 0.995596 0.0287089 -0.0892433 0.0828976 0.174944 0.981082
37.860000 -0.159505 -0.370759 0.588085 0.162372 0.611871 -0.232658 -0.116712 -0.276084 0.48321 0.03242 -0.985094 0.168934 0.996167 0.0181092 -0.0855747 0.0812399 0.171061 0.981905
37.880000 -0.156037 -0.361973 0.583691 0.186835 0.391877 -0.227615 -0.312775 -1.52147 0.0656484 0.0282955 -0.989471 0.141942 0.996687 0.0170955 -0.0795132 0.0762494 0.143721 0.986676
37.900000 -0.150485 -0.357955 0.580571 0.318339 0.144467 -0.125863 -0.262189 -1.42232 0.0994116 0.0246462 -0.993487 0.111246 0.997141 0.0164787 -0.0737493 0.0714358 0.112745 0.991053
37.920000 -0.141495 -0.360136 0.580988 0.472501 -0.186925 0.0440392 -0.153312 -1.21238 0.224003 0.0181881 -0.996114 0.0861792 0.997529 0.012229 -0.0691784 0.0678556 0.0872245 0.993875
37.940000 -0.131046 -0.368661 0.585265 0.532197 -0.463845 0.236737 -0.0327817 -1.18701 0.0808709 0.0140476 -0.99803 0.0611534 0.997683 0.00991863 -0.0673058 0.0665666 0.0619572 0.995857
37.960000 -0.120576 -0.381781 0.590966 0.513365 -0.672136 0.283856 -0.151915 -1.31184 -0.0658052 0.0122226 -0.999381 0.0330022 0.997924 0.0101045 -0.0636019 0.0632291 0.0337111 0.99743
37.980000 -0.110464 -0.39997 0.595946 0.495025 -0.928531 0.232937 -0.418447 -1.46783 -0.289291 0.0143265 -0.999896 0.00155683 0.998409 0.0142202 -0.0545711 0.0545433 0.00233617 0.998509
38.000000 -0.100521 -0.424552 0.598997 0.486438 -1.22214 0.119352 -0.707105 -1.65321 -0.508428 0.0211454 -0.999205 -0.0337897 0.998995 0.0224528 -0.0387922 0.0395201 -0.0329355 0.998676
38.020000 -0.089746 -0.455073 0.599891 0.558241 -1.47982 0.0379286 -0.696045 -1.92342 -0.40913 0.0290269 -0.996955 -0.0723751 0.999323 0.0305819 -0.0204708 0.0226218 -0.0717319 0.997167
38.040000 -0.0768901 -0.489111 0.599527 0.670215 -1.65296 -0.017696 -0.873849 -1.71809 -0.292873 0.0347414 -0.993351 -0.109758 0.99938 0.0351626 -0.00190396 0.00575068 -0.109624 0.993956
38.060000 -0.0627657 -0.521598 0.5991 0.71934 -1.48617 -0.0191187 -1.22521 -1.07196 -0.203045 0.0411375 -0.99011 -0.134126 0.998982 0.038273 0.0238669 -0.0184974 -0.134972 0.990677
38.080000 -0.0483276 -0.549572 0.601169 0.71794 -1.32334 0.145307 -1.38773 -0.622784 0.354628 0.0375072 -0.988136 -0.14893 0.998251 0.0302331 0.05081 -0.0457045 -0.150575 0.987541
38.100000 -0.0346738 -0.570572 0.605925 0.658295 -0.942681 0.290423 -1.75476 0.34675 0.550678 0.0266211 -0.989061 -0.145086 0.996359 0.014494 0.0840103 -0.0809885 -0.146794 0.985846
38.120000 -0.0224608 -0.586135 0.611207 0.559778 -0.749374 0.174787 -1.28137 0.279336 0.601091 0.0132552 -0.990473 -0.137067 0.99363 -0.00229432 0.112669 -0.11191 -0.137687 0.984133
38.140000 -0.0122871 -0.597417 0.616253 0.494065 -0.509998 0.270791 -1.24321 0.696202 0.529762 0.000616164 -0.992157 -0.124993 0.990547 -0.0165399 0.136172 -0.137172 -0.123895 0.982769
38.160000 -0.00214505 -0.604733 0.619741 0.538224 -0.340155 0.146648 -0.895901 0.353204 0.685519 -0.0128813 -0.993011 -0.11732 0.987702 -0.0309197 0.153262 -0.155819 -0.113903 0.981197
38.180000 0.00637 -0.609604 0.6179 0.413123 -0.203816 -0.0436119 -0.426283 0.233236 0.499703 -0.0241256 -0.993165 -0.114196 0.986413 -0.0422167 0.158765 -0.162501 -0.108814 0.98069
38.200000 0.013718 -0.610815 0.616358 0.356527 -0.0437126 -0.149864 -0.139286 0.371234 0.454951 -0.0344203 -0.993731 -0.106372 0.985267 -0.0515813 0.163058 -0.167523 -0.0991919 0.980866
38.220000 0.0202115 -0.609737 0.611524 0.3479 0.0373978 -0.320224 0.229413 0.440389 0.361659 -0.0446709 -0.994447 -0.0952885 0.985263 -0.0596203 0.16032 -0.165111 -0.0867225 0.982455
38.240000 0.0251122 -0.606216 0.605976 0.213596 0.210577 -0.273163 0.579054 0.943903 0.285306 -0.0533997 -0.995551 -0.0776374 0.98667 -0.0645723 0.149376 -0.153724 -0.0686259 0.985728
38.260000 0.026658 -0.600903 0.604226 0.0249704 0.294829 -0.0788556 0.811559 1.22397 0.21833 -0.0611638 -0.996677 -0.0537949 0.988864 -0.0678338 0.13246 -0.135669 -0.0450941 0.989727
38.280000 0.023132 -0.594624 0.607271 -0.222953 0.140327 0.300325 0.32348 1.74365 -0.149865 -0.0657229 -0.997708 -0.0161257 0.990481 -0.0671886 0.12014 -0.120948 -0.0080763 0.992626
38.300000 0.0140785 -0.589566 0.615359 -0.503022 0.33167 0.365925 1.09552 1.10304 -0.184799 -0.0635069 -0.997886 0.0137958 0.992666 -0.0617378 0.103938 -0.102866 0.0202954 0.994488
38.320000 0.00120039 -0.574825 0.620548 -0.650962 0.728752 0.241354 1.83656 0.859836 -0.137146 -0.0623858 -0.997517 0.03269 0.995861 -0.0600462 0.068231 -0.0660986 0.0368113 0.997134
38.340000 -0.0119808 -0.55124 0.621396 -0.66123 1.14072 0.0215935 1.85172 1.02751 -0.224149 -0.0591794 -0.99684 0.0529936 0.997908 -0.0576908 0.0291955 -0.026046 0.0546105 0.998168
38.360000 -0.0241738 -0.527321 0.623186 -0.630578 1.09519 0.0694805 1.65171 0.884296 0.190589 -0.0623364 -0.995544 0.0707541 0.998013 -0.062832 -0.00479944 0.00922368 0.0703143 0.997482
38.380000 -0.0378762 -0.506613 0.622352 -0.714301 0.976191 -0.0315147 1.24233 1.40346 0.162692 -0.0646104 -0.993125 0.0976097 0.997184 -0.0679851 -0.0316481 0.0380665 0.0952901 0.994721
38.400000 -0.0522921 -0.488778 0.61801 -0.73141 0.855342 -0.213245 0.656752 1.85473 0.221579 -0.0664582 -0.988645 0.134773 0.996198 -0.0733688 -0.0469693 0.0563241 0.131139 0.989763
38.420000 -0.0658852 -0.475226 0.616366 -0.638875 0.604494 -0.0225424 0.77138 1.25899 0.125983 -0.0683529 -0.984306 0.162697 0.995031 -0.079095 -0.0604835 0.0724028 0.157754 0.984821
38.440000 -0.0770555 -0.465437 0.61481 -0.547162 0.444138 -0.0499946 0.707593 0.729004 0.0828863 -0.0690795 -0.981386 0.179191 0.993814 -0.083355 -0.0733927 0.0869631 0.173012 0.981073
38.460000 -0.0863895 -0.457791 0.610921 -0.447629 0.377285 -0.241203 0.500111 0.398822 0.0397292 -0.0692239 -0.979567 0.188827 0.992773 -0.0862442 -0.0834541 0.0980342 0.181685 0.978458
38.480000 -0.0950625 -0.451302 0.607443 -0.428628 0.302037 -0.104409 0.64771 -0.837277 -0.118514 -0.0686007 -0.981191 0.180439 0.99178 -0.0866543 -0.0941463 0.108011 0.172497 0.97907
38.500000 -0.101393 -0.446726 0.60546 -0.299475 0.189889 -0.00757472 0.606418 -1.46426 -0.286574 -0.0665589 -0.985165 0.158178 0.991021 -0.0836964 -0.104272 0.115964 0.149818 0.98189
38.520000 -0.104284 -0.444525 0.60366 -0.0909408 0.0831154 -0.102966 0.0475349 -1.24397 -0.362047 -0.0623613 -0.989473 0.130591 0.991106 -0.0768067 -0.108672 0.117558 0.122652 0.985463
38.540000 -0.102079 -0.445014 0.605812 0.147226 -0.0453385 0.0883841 -0.425133 -0.938638 -0.221471 -0.0599437 -0.991677 0.113947 0.992306 -0.0715891 -0.101018 0.108335 0.107015 0.988338
38.560000 -0.0979164 -0.446714 0.609719 0.250267 -0.123359 0.19683 -0.510858 -0.995269 -0.305274 -0.0551902 -0.994033 0.0940845 0.993869 -0.0637327 -0.0903517 0.0958088 0.0885211 0.991456
38.580000 -0.0914957 -0.453163 0.613851 0.322765 -0.314245 0.186188 -0.702916 -1.39679 -0.338567 -0.0509172 -0.996639 0.0641793 0.995458 -0.0558229 -0.0771177 0.0804412 0.0599612 0.994954
38.600000 -0.0831401 -0.464844 0.617327 0.438443 -0.580139 0.147119 -0.782421 -2.00872 -0.366749 -0.0458636 -0.998655 0.0241951 0.997102 -0.0472373 -0.0596408 0.0607035 0.0213896 0.997927
38.620000 -0.0721333 -0.479075 0.620423 0.557691 -0.604953 0.1894 -1.04752 -1.98188 -0.345364 -0.0401024 -0.998993 -0.0201388 0.998512 -0.0393213 -0.0377875 0.0369575 -0.0216242 0.999083
38.640000 -0.0578811 -0.498366 0.625153 0.745954 -0.925715 0.244961 -1.47066 -1.86571 -0.175282 -0.0378196 -0.997569 -0.0585364 0.999274 -0.0374787 -0.00691063 0.00469996 -0.0587553 0.998261
38.660000 -0.0408917 -0.51868 0.629607 0.871971 -0.930557 0.202493 -1.61456 -1.75443 -0.121795 -0.033844 -0.994959 -0.0944002 0.998973 -0.0365241 0.026809 -0.0301217 -0.093396 0.995173
38.680000 -0.0232162 -0.537018 0.63191 0.899256 -0.846268 0.0449616 -1.8654 -1.46214 0.0656616 -0.0318816 -0.991837 -0.123466 0.997099 -0.0401046 0.0646991 -0.0691225 -0.121045 0.990237
38.700000 -0.00710993 -0.554771 0.628656 0.798843 -0.843488 -0.230714 -1.01804 -1.59166 0.493549 -0.0372633 -0.987019 -0.156218 0.994874 -0.0513479 0.0871159 -0.0940066 -0.152171 0.983873
38.720000 0.00809283 -0.568689 0.622881 0.737367 -0.625202 -0.295138 -1.09141 -0.824625 0.634549 -0.0475567 -0.983254 -0.175924 0.99194 -0.0671975 0.107426 -0.117449 -0.169397 0.978525
38.740000 0.0210066 -0.57885 0.617588 0.625362 -0.497492 -0.246877 -1.25122 0.0115983 0.724255 -0.0613393 -0.981925 -0.179056 0.9878 -0.0854466 0.130189 -0.143136 -0.168886 0.975187
38.760000 0.0309329 -0.587948 0.60928 0.441886 -0.456846 -0.545459 -0.391004 -0.21126 0.88527 -0.0788654 -0.980226 -0.181484 0.984415 -0.105283 0.140866 -0.157188 -0.167546 0.973252
38.780000 0.0383167 -0.595418 0.599861 0.343128 -0.366644 -0.441877 -0.0545287 0.196507 0.607224 -0.0924558 -0.97913 -0.180988 0.982875 -0.118841 0.140829 -0.159399 -0.164868 0.97335
38.800000 0.0427962 -0.601599 0.594341 0.191004 -0.321166 -0.233382 0.0490142 0.859231 0.248473 -0.100952 -0.980537 -0.168392 0.9824 -0.124983 0.138816 -0.157161 -0.151414 0.975897
38.820000 0.0435397 -0.60681 0.591449 -0.0725781 -0.161093 -0.0243305 0.442469 0.514087 0.410198 -0.110788 -0.982325 -0.150877 0.982636 -0.131004 0.131391 -0.148834 -0.1337 0.979782
38.840000 0.038852 -0.609581 0.591732 -0.277432 -0.134105 0.0157292 0.147697 1.18819 0.0280481 -0.115965 -0.984878 -0.128718 0.983075 -0.132313 0.126712 -0.141827 -0.111846 0.983553
38.860000 0.0308034 -0.609697 0.59467 -0.432786 0.0445406 0.153348 0.150753 1.24118 -0.288405 -0.113942 -0.988267 -0.10171 0.984216 -0.126239 0.124027 -0.135412 -0.0859726 0.987052
38.880000 0.0204517 -0.604974 0.596849 -0.548463 0.260081 0.0991295 0.463971 1.58057 -0.499303 -0.107969 -0.991804 -0.0683187 0.986533 -0.115381 0.115931 -0.122864 -0.0548816 0.990905
38.900000 0.00757811 -0.595319 0.598124 -0.635568 0.464803 0.0570015 0.969686 1.71652 -0.62903 -0.100791 -0.994451 -0.0301298 0.989856 -0.103281 0.0975567 -0.100127 -0.0199914 0.994774
38.920000 -0.0076845 -0.579164 0.597265 -0.779292 0.787096 -0.0734039 1.42529 1.80414 -0.878026 -0.0885128 -0.996033 0.00911261 0.993757 -0.0876794 0.0689832 -0.0679106 0.0151616 0.997576
38.940000 -0.0252657 -0.55554 0.593433 -0.881933 1.15222 -0.214943 1.60745 1.97458 -1.06457 -0.0708597 -0.996241 0.0498302 0.997016 -0.0692035 0.034212 -0.030635 0.0521057 0.998172
38.960000 -0.0445515 -0.529028 0.588678 -0.99025 1.24169 -0.224569 1.58715 1.86357 -0.879162 -0.0509449 -0.994943 0.0865572 0.998678 -0.0513463 -0.00241527 0.00684745 0.0863197 0.996244
38.980000 -0.0611399 -0.503513 0.584809 -0.823406 1.14898 -0.173132 1.51885 1.483 -0.49618 -0.0388006 -0.992078 0.119484 0.998517 -0.0430626 -0.0332961 0.0381776 0.118015 0.992278
39.000000 -0.0763056 -0.483677 0.582618 -0.741298 0.88287 -0.045225 1.01642 1.15284 0.0364532 -0.0346399 -0.988966 0.144034 0.997419 -0.0432801 -0.0572919 0.0628936 0.141678 0.987913
39.020000 -0.0886915 -0.466963 0.579804 -0.581057 0.82489 -0.167504 0.58327 0.923319 0.412921 -0.0396946 -0.985854 0.162837 0.99608 -0.0519346 -0.0716111 0.079055 0.159356 0.984051
39.040000 -0.0994271 -0.453744 0.581254 -0.52345 0.60317 0.117481 0.826104 0.294515 0.44091 -0.0475693 -0.983871 0.172437 0.994277 -0.063172 -0.0861532 0.0956569 0.167352 0.981246
39.060000 -0.107104 -0.444225 0.58068 -0.368751 0.459334 0.0679227 0.478683 -0.278895 0.539277 -0.0577949 -0.983031 0.174096 0.992813 -0.074901 -0.0933425 0.104799 0.16745 0.980295
39.080000 -0.112667 -0.438166 0.58058 -0.269174 0.272302 0.0719503 0.389921 -0.480068 0.411273 -0.0667229 -0.983253 0.169593 0.991753 -0.0839964 -0.0968026 0.109427 0.161736 0.980748
39.100000 -0.115728 -0.435087 0.581374 -0.13701 0.122552 0.144213 0.295425 -0.917041 0.189697 -0.0733589 -0.984581 0.158804 0.991019 -0.0898177 -0.0990702 0.111806 0.15011 0.982327
39.120000 -0.117049 -0.433251 0.581404 -0.0403704 0.0803872 -0.00987516 -0.0882483 -0.531872 -0.0606308 -0.0740568 -0.986606 0.145344 0.991133 -0.0889399 -0.0987211 0.110326 0.136744 0.984444
39.140000 -0.115238 -0.433763 0.582336 0.138711 -0.0592305 0.0632478 -0.161962 -0.623066 -0.0973171 -0.0731642 -0.988622 0.131426 0.99164 -0.0861575 -0.0960594 0.10629 0.1233 0.986661
39.160000 -0.110057 -0.436986 0.584562 0.291842 -0.180055 0.12162 -0.198392 -0.821592 -0.124136 -0.0727578 -0.990798 0.114131 0.992245 -0.0834727 -0.0920957 0.100775 0.106545 0.989188
39.180000 -0.10316 -0.442427 0.587658 0.355515 -0.272031 0.162734 -0.217698 -1.05275 -0.256477 -0.0704976 -0.993239 0.0922279 0.993051 -0.0786161 -0.087575 0.0942335 0.0854131 0.991879
39.200000 -0.0954331 -0.44983 0.591552 0.389243 -0.372741 0.190399 -0.233393 -1.34325 -0.306228 -0.0672287 -0.995628 0.064851 0.993956 -0.0724857 -0.0824407 0.086781 0.0589166 0.994484
39.220000 -0.0872719 -0.460861 0.594964 0.428193 -0.536241 0.154673 -0.520296 -1.44353 -0.417649 -0.0607042 -0.997601 0.0332842 0.995318 -0.0630105 -0.0732872 0.0752087 0.0286795 0.996755
39.240000 -0.0773726 -0.475433 0.597985 0.518724 -0.736895 0.132591 -0.926215 -1.33423 -0.410032 -0.0531244 -0.998584 0.00279322 0.997011 -0.0531975 -0.0560216 0.0560909 -0.000191243 0.998426
39.260000 -0.0661944 -0.49322 0.599592 0.554148 -0.858684 0.0669925 -1.03976 -1.30226 -0.329297 -0.047139 -0.998575 -0.0250225 0.998376 -0.0462976 -0.0332024 0.0319966 -0.026547 0.999135
39.280000 -0.053491 -0.51221 0.599801 0.653876 -0.910259 -0.00354042 -1.33281 -0.907207 -0.229459 -0.0427542 -0.997975 -0.0471001 0.999076 -0.0424965 -0.00645901 0.00444434 -0.0473327 0.998869
39.300000 -0.0391426 -0.533179 0.600565 0.734004 -1.03709 0.0615135 -1.43199 -0.866047 -0.0923908 -0.0395763 -0.997112 -0.0648115 0.998872 -0.0411833 0.0236482 -0.0262491 -0.0638025 0.997617
39.320000 -0.0245902 -0.556397 0.602631 0.726196 -1.14657 0.112711 -1.45311 -0.645334 0.163343 -0.0406533 -0.996047 -0.0789821 0.997541 -0.0449764 0.0537504 -0.0570903 -0.0766027 0.995426
39.340000 -0.010713 -0.580997 0.60615 0.680362 -1.21405 0.191004 -1.31206 -0.472419 0.506035 -0.048222 -0.994782 -0.0899048 0.995193 -0.0555326 0.0806704 -0.0852422 -0.0855825 0.992678
39.360000 -0.00132016 -0.606152 0.60805 0.398319 -1.24882 0.0396145 -0.939558 -0.176211 0.49492 -0.0571007 -0.993909 -0.09426 0.992527 -0.0667116 0.102179 -0.107844 -0.0877211 0.99029
39.380000 0.00617932 -0.628176 0.610562 0.366937 -1.05349 0.145148 -0.795644 0.169668 0.296386 -0.0638798 -0.993733 -0.0917255 0.990148 -0.0745878 0.118504 -0.124603 -0.0832518 0.988708
39.400000 0.0120219 -0.647108 0.610369 0.277033 -0.893515 -0.00175055 -0.42993 0.171351 0.262285 -0.0700703 -0.993517 -0.0895242 0.988625 -0.0811366 0.12664 -0.133082 -0.0796321 0.987901
39.420000 0.0165752 -0.662916 0.609312 0.20019 -0.793108 -0.166691 -0.109599 -0.0649316 0.232121 -0.0738611 -0.993238 -0.089574 0.987539 -0.0853606 0.13221 -0.138962 -0.0786927 0.987166
39.440000 0.0202849 -0.676441 0.605494 0.180845 -0.65038 -0.209704 0.10481 0.346823 0.0987055 -0.0765539 -0.993411 -0.0852842 0.987539 -0.08734 0.130911 -0.137497 -0.0741998 0.987719
39.460000 0.0228286 -0.688011 0.599872 0.114318 -0.55379 -0.264672 0.346233 0.450483 0.404395 -0.0841264 -0.993713 -0.0738768 0.987808 -0.0929127 0.124907 -0.130986 -0.0624681 0.989414
39.480000 0.0240682 -0.69532 0.595839 0.0508936 -0.302712 -0.180139 0.651605 0.259079 0.611521 -0.0969686 -0.993056 -0.0666159 0.988218 -0.104027 0.112265 -0.118415 -0.0549448 0.991443
39.500000 0.0249339 -0.696231 0.59282 0.0458672 0.00198545 -0.144244 1.07117 0.11838 0.465046 -0.107333 -0.992197 -0.0634382 0.989453 -0.112843 0.0908255 -0.0972753 -0.0530206 0.993844
39.520000 0.0256164 -0.689832 0.589435 0.0430453 0.385227 -0.174403 1.39316 0.418242 0.273938 -0.114996 -0.991821 -0.0553827 0.991029 -0.118369 0.062049 -0.0680971 -0.0477505 0.996535
39.540000 0.0261088 -0.675992 0.586111 0.029838 0.706765 -0.147486 1.38549 0.715107 0.198275 -0.120152 -0.991939 -0.0402465 0.992083 -0.121464 0.0319079 -0.0365392 -0.036094 0.99868
39.560000 0.0264805 -0.655185 0.584691 0.0218597 1.05274 -0.0329551 1.0998 1.03827 0.0840324 -0.122367 -0.992282 -0.0200717 0.992454 -0.122498 0.00541646 -0.0078334 -0.0192574 0.999784
39.580000 0.0257407 -0.628556 0.586752 -0.0587429 1.31457 0.14759 0.810972 1.42585 -0.148403 -0.120284 -0.992713 0.00731114 0.992614 -0.120382 -0.0150237 0.0157944 0.00545003 0.99986
39.600000 0.0216286 -0.599133 0.593309 -0.249112 1.46896 0.310896 0.505183 1.33401 -0.301963 -0.114314 -0.992817 0.0353214 0.993047 -0.115202 -0.0242172 0.0281123 0.0323074 0.999083
39.620000 0.0155938 -0.57019 0.598638 -0.296043 1.37514 0.269225 0.448614 1.21758 -0.165367 -0.108834 -0.992252 0.0599204 0.993178 -0.111078 -0.0354781 0.0418591 0.0556504 0.997572
39.640000 0.00981188 -0.544403 0.603949 -0.281468 1.21351 0.261012 0.320819 1.09901 0.0763433 -0.107907 -0.990775 0.0819778 0.992792 -0.111717 -0.0433911 0.0521491 0.0767048 0.995689
39.660000 0.004418 -0.523189 0.608734 -0.262413 1.00076 0.228863 0.197218 0.958571 0.0534849 -0.107976 -0.988954 0.101541 0.992414 -0.113263 -0.0478132 0.0587859 0.0956085 0.993682
39.680000 0.00102998 -0.506345 0.612522 -0.168051 0.79123 0.195201 0.185889 0.616529 0.0445432 -0.107898 -0.987404 0.115725 0.992121 -0.114399 -0.0510694 0.0636649 0.109303 0.991968
39.700000 -0.00214689 -0.492823 0.616911 -0.154509 0.637087 0.22895 0.393452 0.215392 0.0661815 -0.108719 -0.986548 0.12208 0.99153 -0.116398 -0.0576226 0.0710574 0.114781 0.990846
39.720000 -0.00518326 -0.482795 0.622357 -0.14316 0.469652 0.250864 0.621597 -0.0869441 0.0414906 -0.109834 -0.986722 0.119652 0.990556 -0.118602 -0.0687848 0.0820625 0.110968 0.99043
39.740000 -0.00757775 -0.475541 0.624146 -0.114272 0.335989 0.0240682 0.574765 -0.796461 0.0151107 -0.111729 -0.98809 0.105808 0.98945 -0.120495 -0.0804296 0.0922211 0.0957057 0.991128
39.760000 -0.00875745 -0.471797 0.62092 -0.0485458 0.145766 -0.198613 0.407144 -1.1999 0.0203937 -0.114624 -0.990101 0.0810073 0.988538 -0.121748 -0.0892739 0.0982526 0.0698459 0.992707
39.780000 -0.00874974 -0.473095 0.615956 0.00488409 -0.0934728 -0.284174 -0.0326234 -1.2112 -0.084729 -0.115956 -0.991693 0.0556667 0.98871 -0.120599 -0.0889287 0.0949034 0.0447263 0.994481
39.800000 -0.00706613 -0.479651 0.609209 0.104334 -0.327664 -0.36773 -0.521077 -1.31044 -0.0620181 -0.116691 -0.9928 0.0270593 0.989792 -0.118496 -0.0791837 0.0818199 0.017543 0.996493
39.820000 -0.00385748 -0.493893 0.601345 0.152532 -0.770856 -0.399192 -1.11181 -1.0904 0.0788832 -0.118665 -0.992933 0.0016796 0.991299 -0.118566 -0.0571726 0.0569677 -0.0051194 0.998363
39.840000 -8.17202e-05 -0.515133 0.595143 0.206313 -1.055 -0.259994 -1.12698 -1.11705 -0.097955 -0.117788 -0.992811 -0.0212787 0.992618 -0.117087 -0.0316142 0.0288955 -0.0248454 0.999274
39.860000 0.00476716 -0.538474 0.593311 0.231508 -1.11737 -0.0404347 -0.800471 -1.49114 -0.171937 -0.114431 -0.99212 -0.051018 0.993409 -0.113935 -0.0125271 0.00661563 -0.0521153 0.998619
39.880000 0.0103525 -0.562392 0.594983 0.269329 -1.09996 0.135224 -0.671247 -1.33437 -0.0133397 -0.113627 -0.990258 -0.0804817 0.993457 -0.11418 0.00228792 -0.011455 -0.0796952 0.996753
39.900000 0.01825 -0.583766 0.600243 0.410462 -1.01299 0.30524 -0.747036 -1.01555 0.00934096 -0.113358 -0.988275 -0.102288 0.993105 -0.115801 0.0182522 -0.0298832 -0.0995133 0.994587
39.920000 0.0286415 -0.602978 0.608392 0.549013 -0.902977 0.443332 -0.923116 -0.858027 0.0612646 -0.113612 -0.986251 -0.120002 0.992257 -0.118737 0.0364365 -0.0501841 -0.114933 0.992105
39.940000 0.0386417 -0.623122 0.614036 0.485669 -0.992661 0.249454 -0.638406 -0.872221 0.171889 -0.115359 -0.983778 -0.13738 0.991065 -0.123312 0.0508356 -0.0669515 -0.130288 0.989213
39.960000 0.0476252 -0.641173 0.619781 0.424604 -0.849918 0.301211 -0.684339 -0.526225 0.119587 -0.117348 -0.981768 -0.149538 0.989716 -0.128018 0.0638183 -0.0817983 -0.140511 0.986694
39.980000 0.0545421 -0.657266 0.624159 0.326926 -0.772531 0.226466 -0.613454 -0.252604 0.0671318 -0.118689 -0.980541 -0.156369 0.988422 -0.131668 0.0754055 -0.0945271 -0.145609 0.984816
40.000000 0.0585686 -0.671249 0.623683 0.179439 -0.693014 -0.0715539 -0.217973 -0.20798 0.00599339 -0.118704 -0.97974 -0.161304 0.987809 -0.133001 0.0809022 -0.100717 -0.149734 0.983583
