#C t x y z vx vy vz wx wy wz o11 o12 o13 o21 o22 o23 o31 o32 o33
# Recorded every 1th time step
# [Hexapod_0, HexaPod 0.9][957012141]
#  coxaDamp=               0.000000  
#  coxaJointLimitH=        0.800000  
#  coxaJointLimitV=        0.500000  
#  coxaPower=              3.000000  
#  coxaSpeed=             25.000000  
#  tebiaDamp=              0.010000  
#  tebiaJointLimit=        0.200000  
#  tebiaOffset=            0.000000  
#  tebiaPower=             1.800000  
# ######
# [Diamond, 1.0][695011225]
# ######
30.020000 -0.452191 0.17945 0.585688 -0.17863 -0.587553 -0.334023 0.00664106 -1.12725 0.755186 0.931049 -0.363756 -0.0287895 0.364639 0.924553 0.110638 -0.0136277 -0.113507 0.993444
30.040000 -0.450444 0.169646 0.579625 0.121069 -0.47962 -0.314587 0.199896 -1.15788 0.917904 0.924336 -0.377718 -0.0541412 0.381459 0.91825 0.106327 0.00955375 -0.118934 0.992856
30.060000 -0.442574 0.162823 0.576268 0.410954 -0.292277 -0.0674108 0.676016 -0.80213 0.472608 0.918649 -0.388074 -0.0740514 0.393764 0.914632 0.0916391 0.0321671 -0.113343 0.993035
30.080000 -0.429466 0.160948 0.581783 0.600645 -0.0169468 0.486353 0.776351 0.451079 -0.204837 0.917869 -0.390034 -0.0734176 0.394867 0.916068 0.0699912 0.0399567 -0.093233 0.994842
30.100000 -0.405442 0.169744 0.590923 1.25667 0.55178 0.415452 2.37463 0.546191 -0.484492 0.922001 -0.382228 -0.0617668 0.384382 0.922767 0.0274217 0.046515 -0.0490249 0.997714
30.120000 -0.374378 0.185237 0.600235 1.47985 0.79904 0.472068 2.48685 0.883444 -0.824156 0.928209 -0.369178 -0.0462061 0.368342 0.929333 -0.0257724 0.0524555 0.0069025 0.998599
30.140000 -0.34003 0.204517 0.607962 1.65941 0.979758 0.312706 2.23273 0.661146 -0.669599 0.934565 -0.354378 -0.0316874 0.351447 0.93336 -0.0729703 0.0554348 0.0570591 0.996831
30.160000 -0.308682 0.223431 0.611898 1.55094 0.926927 0.149629 1.77998 0.638929 -0.261867 0.93779 -0.346674 -0.0191525 0.342641 0.932972 -0.110278 0.0560993 0.0968552 0.993716
30.180000 -0.282696 0.235793 0.610524 1.28763 0.588202 -0.0870734 0.737795 0.365679 -0.179939 0.93967 -0.341859 -0.0123155 0.337665 0.932704 -0.126671 0.0547904 0.114871 0.991868
30.200000 -0.258934 0.245466 0.606312 1.18672 0.456234 -0.247657 0.0867297 0.393218 -0.0252647 0.94028 -0.340361 -0.00529125 0.336807 0.93249 -0.130472 0.0493417 0.120898 0.991438
30.220000 -0.237493 0.25425 0.596279 1.05058 0.423955 -0.518838 -0.600563 0.140193 -0.335217 0.942585 -0.333937 -0.00438536 0.331205 0.936398 -0.116029 0.0428529 0.107915 0.993236
30.240000 -0.217317 0.262896 0.586158 1.00585 0.42013 -0.463638 -0.0881775 0.482515 -0.372609 0.945519 -0.325568 -0.000327943 0.323769 0.940399 -0.104032 0.0341779 0.098258 0.994574
30.260000 -0.198054 0.270741 0.577491 0.936789 0.370829 -0.437784 -0.116256 0.709782 -0.130702 0.946982 -0.32106 0.0121125 0.320659 0.942097 -0.098137 0.0200967 0.0968179 0.995099
30.280000 -0.182404 0.277275 0.569033 0.740287 0.30496 -0.40696 0.434571 0.723219 0.0889799 0.947107 -0.319806 0.0266819 0.320818 0.941469 -0.103504 0.00798102 0.106589 0.994271
30.300000 -0.172838 0.28127 0.560736 0.419489 0.144052 -0.399147 0.568268 1.05478 0.553686 0.944686 -0.324688 0.0463277 0.327894 0.93815 -0.111174 -0.00736535 0.120215 0.992721
30.320000 -0.172259 0.281768 0.555112 -0.0665206 0.0162113 -0.215903 -0.641415 0.92878 0.336358 0.940962 -0.33139 0.0690669 0.337076 0.936031 -0.101125 -0.0311368 0.118436 0.992473
30.340000 -0.177651 0.279943 0.560362 -0.286967 -0.0989068 0.489371 -1.08732 -0.360524 0.445102 0.936929 -0.342396 0.070207 0.347241 0.934749 -0.0752818 -0.0398498 0.0949124 0.994688
30.360000 -0.195664 0.273065 0.573064 -1.15292 -0.427099 0.61102 -1.50914 -0.492462 -0.568119 0.938747 -0.339856 0.0570169 0.34248 0.938448 -0.0449763 -0.0382219 0.0617485 0.99736
30.380000 -0.227608 0.260251 0.584428 -1.55222 -0.685297 0.554536 -2.42231 -0.494353 -0.694419 0.943849 -0.327118 0.046289 0.327308 0.944911 0.00362285 -0.044924 0.0117313 0.998922
30.400000 -0.265392 0.241871 0.594089 -1.8238 -0.964847 0.435762 -2.72191 -0.309895 -0.647735 0.948608 -0.314107 0.0384695 0.311559 0.948307 0.0603729 -0.0554444 -0.0452847 0.997434
30.420000 -0.301729 0.220107 0.600794 -1.77959 -1.09693 0.332792 -2.26998 -0.214175 -0.241649 0.950983 -0.307169 0.0357652 0.301891 0.94721 0.107957 -0.0670381 -0.0918677 0.993512
30.440000 -0.33449 0.19821 0.605818 -1.58718 -1.09673 0.185587 -1.51559 -0.21 0.197207 0.950782 -0.308369 0.0303668 0.301298 0.942939 0.141725 -0.0723377 -0.1256 0.98944
30.460000 -0.361363 0.178862 0.606025 -1.32982 -0.935808 0.00973314 -0.520057 -0.161096 0.388037 0.948981 -0.313916 0.0298562 0.305786 0.939238 0.155969 -0.0770032 -0.138882 0.987311
30.480000 -0.386349 0.163809 0.602091 -1.23956 -0.722822 -0.238769 -0.633051 -0.74774 0.387671 0.947895 -0.318227 0.0150885 0.311293 0.935237 0.168607 -0.0677667 -0.155125 0.985568
30.500000 -0.411503 0.14957 0.597359 -1.25837 -0.704712 -0.230946 -0.026017 -0.462695 0.501685 0.945519 -0.32555 0.00323648 0.320056 0.931292 0.173952 -0.0596442 -0.163439 0.984749
30.520000 -0.433496 0.133703 0.590068 -1.07393 -0.788067 -0.381092 0.654316 -0.0953237 0.327366 0.943458 -0.331487 0.00179785 0.327268 0.932287 0.154067 -0.0527472 -0.144767 0.988059
30.540000 -0.451362 0.11806 0.584519 -0.837217 -0.772229 -0.238206 0.082503 -0.582352 0.509236 0.941238 -0.337622 -0.009045 0.335111 0.93023 0.149576 -0.0420862 -0.143818 0.988709
30.560000 -0.463762 0.105097 0.579859 -0.5336 -0.620282 -0.251871 0.237261 -0.687299 0.696507 0.937081 -0.348261 -0.0243477 0.348023 0.926382 0.14386 -0.0275457 -0.143282 0.989298
30.580000 -0.466666 0.096585 0.576597 -0.0742585 -0.369929 -0.127891 0.804372 -0.74527 1.01237 0.930975 -0.362841 -0.040412 0.364988 0.922464 0.125874 -0.00839373 -0.131936 0.991223
30.600000 -0.459464 0.0928451 0.576418 0.383385 -0.177941 0.0272905 1.62678 -0.68043 1.00287 0.923324 -0.380018 -0.0553133 0.383661 0.919082 0.0899569 0.0166523 -0.104281 0.994408
30.620000 -0.444916 0.0964486 0.585209 0.809364 0.246319 0.455286 1.94186 -0.209899 0.516617 0.918356 -0.391367 -0.0587749 0.394246 0.917668 0.0495568 0.034541 -0.0686825 0.99704
30.640000 -0.421612 0.111302 0.598505 1.09197 0.797693 0.714434 2.82173 0.610915 -0.265449 0.918765 -0.39152 -0.0508132 0.391484 0.920118 -0.0110777 0.0510913 -0.00971472 0.998647
30.660000 -0.39329 0.131393 0.611652 1.43209 1.00328 0.634151 2.68612 0.406936 -0.121211 0.920988 -0.387369 -0.0415402 0.384171 0.920723 -0.068426 0.0647531 0.047061 0.996791
30.680000 -0.360459 0.153398 0.622622 1.63566 1.10923 0.516707 2.29541 0.193303 0.10423 0.921174 -0.387439 -0.0364594 0.381121 0.917133 -0.11668 0.0786446 0.0935874 0.9925
30.700000 -0.331019 0.173089 0.629064 1.40208 0.888413 0.212064 1.2118 -0.266457 0.201516 0.919266 -0.391808 -0.037908 0.382705 0.912119 -0.146888 0.0921284 0.120521 0.988427
30.720000 -0.30867 0.188905 0.633628 1.08894 0.780167 0.213539 0.552802 0.0853227 0.191956 0.917898 -0.39513 -0.0365311 0.384954 0.909021 -0.15966 0.0962941 0.132489 0.986496
30.740000 -0.290167 0.203064 0.633868 0.853782 0.716218 -0.104432 -0.104996 -0.108776 -0.000442076 0.917304 -0.396614 -0.0353664 0.386382 0.908057 -0.161684 0.0962406 0.134648 0.986209
30.760000 -0.275011 0.216008 0.630495 0.745654 0.637284 -0.177675 -0.0940598 0.107082 -0.0102005 0.917507 -0.396216 -0.0345376 0.386306 0.908467 -0.159548 0.0945919 0.133045 0.986586
30.780000 -0.262031 0.227932 0.628304 0.655378 0.567515 -0.0978824 -0.938308 0.0494024 -0.0276474 0.918149 -0.394669 -0.0352037 0.386184 0.911203 -0.143423 0.0886825 0.118089 0.989035
30.800000 -0.251393 0.237961 0.624683 0.49543 0.477885 -0.210155 -0.859541 0.42985 0.0235068 0.918625 -0.394033 -0.0294246 0.38779 0.913344 -0.124187 0.0758084 0.10267 0.991822
30.820000 -0.245877 0.2456 0.618457 0.263406 0.361037 -0.342924 -0.860153 0.759769 0.226513 0.91843 -0.395255 -0.0161337 0.391581 0.914166 -0.10471 0.0561361 0.0898512 0.994372
30.840000 -0.247032 0.249762 0.609214 -0.0780046 0.169305 -0.492383 -1.30984 0.907853 0.501081 0.916262 -0.400577 0.00102326 0.399461 0.913512 -0.0769793 0.0299014 0.070942 0.997032
30.860000 -0.257088 0.248138 0.59733 -0.480429 -0.109565 -0.611667 -1.97614 0.860175 0.828109 0.910684 -0.412735 0.0174664 0.4131 0.910036 -0.0343963 -0.00169851 0.0385396 0.999256
30.880000 -0.274301 0.239912 0.586536 -0.832131 -0.442493 -0.494351 -1.76335 1.05667 0.715828 0.903834 -0.426191 0.0380178 0.426205 0.90459 0.00815116 -0.0378644 0.00883605 0.999244
30.900000 -0.298883 0.227749 0.584751 -1.29686 -0.581066 0.118731 -1.85507 0.271809 -0.0642936 0.902814 -0.427365 0.0478009 0.425063 0.903702 0.0514243 -0.0651747 -0.0261082 0.997532
30.920000 -0.327656 0.214832 0.59299 -1.39256 -0.647704 0.537547 -2.67173 -0.97411 -0.256838 0.905968 -0.421819 0.0359352 0.416749 0.903557 0.0995194 -0.0744487 -0.0751853 0.994387
30.940000 -0.352751 0.19771 0.600336 -1.21654 -0.879654 0.368177 -2.49355 -0.879624 -0.213408 0.909296 -0.415652 0.0203705 0.408177 0.900339 0.150935 -0.0810768 -0.12893 0.988334
30.960000 -0.373241 0.179026 0.604838 -0.993506 -0.937941 0.217407 -2.00112 -0.691066 0.00765301 0.911052 -0.412214 0.00800764 0.403153 0.894756 0.192042 -0.0863274 -0.171732 0.981354
30.980000 -0.390929 0.161113 0.608182 -0.862466 -0.882677 0.138551 -1.50108 -0.72171 0.273539 0.910469 -0.413513 -0.00729901 0.404547 0.886784 0.223509 -0.085951 -0.20645 0.974675
31.000000 -0.407075 0.147176 0.608881 -0.837734 -0.639486 -0.0329179 -0.809407 -0.52692 0.208069 0.909307 -0.41574 -0.0179309 0.407384 0.880591 0.24207 -0.0848483 -0.227421 0.970093
31.020000 -0.42049 0.135445 0.604724 -0.635516 -0.569182 -0.250756 -0.38933 -0.0170303 0.159873 0.908211 -0.417979 -0.0211475 0.40967 0.877551 0.249149 -0.0855811 -0.234943 0.968234
31.040000 -0.43269 0.124461 0.599508 -0.592205 -0.552742 -0.27054 0.378018 0.357201 0.349911 0.904896 -0.425296 -0.0169338 0.416233 0.875896 0.244043 -0.0889582 -0.227882 0.969617
31.060000 -0.442048 0.115088 0.593423 -0.395806 -0.425277 -0.306617 0.979605 0.0248065 0.462482 0.900619 -0.434351 -0.0150057 0.426229 0.875977 0.225815 -0.0849384 -0.209769 0.974055
31.080000 -0.444854 0.107744 0.587241 -0.0939027 -0.362147 -0.312628 1.31746 -0.379814 0.456813 0.897166 -0.441174 -0.0214162 0.436307 0.877635 0.198477 -0.0687673 -0.187411 0.979872
31.100000 -0.441001 0.102794 0.58221 0.243123 -0.223865 -0.232664 1.7475 -0.854431 0.676042 0.892554 -0.449366 -0.0376372 0.449142 0.878448 0.163098 -0.0402283 -0.162478 0.985892
31.120000 -0.430449 0.0982491 0.578255 0.564986 -0.2042 -0.122183 2.08914 -0.721254 0.690976 0.887254 -0.458384 -0.0516158 0.461206 0.879527 0.117135 -0.00829517 -0.127734 0.991774
31.140000 -0.409261 0.0997294 0.582054 1.07897 0.070902 0.257393 2.47861 -0.239022 0.398699 0.882462 -0.466721 -0.0585937 0.469843 0.880554 0.0622281 0.0225518 -0.0824438 0.996341
31.160000 -0.381696 0.107746 0.593242 1.28751 0.45209 0.619666 2.49725 0.450919 0.171193 0.880316 -0.4716 -0.0513584 0.472563 0.881262 0.00783094 0.0415671 -0.0311638 0.99865
31.180000 -0.351682 0.121764 0.60553 1.48506 0.741982 0.608658 2.72416 0.681355 -0.309374 0.882758 -0.468286 -0.0380386 0.466465 0.883231 -0.0480856 0.0561147 0.0247043 0.998119
31.200000 -0.324617 0.13925 0.615433 1.26557 0.916404 0.428483 2.72631 0.472443 -0.773375 0.889798 -0.455466 -0.028469 0.450552 0.886689 -0.103855 0.0725453 0.0795829 0.994185
31.220000 -0.301843 0.159086 0.622676 1.09103 0.983164 0.357031 2.51306 0.602298 -0.629883 0.896841 -0.441934 -0.0192673 0.433957 0.887428 -0.155411 0.0857795 0.131017 0.987662
31.240000 -0.282765 0.177645 0.628386 0.941832 0.902924 0.248296 1.82311 0.48962 -0.242335 0.900987 -0.433725 -0.0102099 0.423673 0.884684 -0.194515 0.0933987 0.17093 0.980846
31.260000 -0.267479 0.194651 0.630634 0.757271 0.827541 0.0967029 1.15883 0.374966 0.0659127 0.901896 -0.431937 -0.00367507 0.420717 0.880333 -0.219115 0.0978792 0.196073 0.975692
31.280000 -0.255698 0.208804 0.629387 0.550874 0.690241 -0.0730552 0.540492 0.489016 -0.142393 0.903752 -0.428032 0.00448435 0.417341 0.878752 -0.231562 0.0951754 0.211146 0.97281
31.300000 -0.246727 0.22165 0.626919 0.439174 0.626366 -0.128246 0.0139177 0.403238 -0.157636 0.905633 -0.423921 0.0109431 0.414511 0.879494 -0.233816 0.0894953 0.216288 0.972219
31.320000 -0.240696 0.233246 0.622573 0.279519 0.567885 -0.272518 -0.433875 -0.216955 -0.294116 0.907982 -0.41895 0.00704953 0.409549 0.883801 -0.226198 0.0885352 0.208271 0.974056
31.340000 -0.238707 0.24317 0.615504 0.0392244 0.47849 -0.393738 -1.08968 -0.171602 -0.259115 0.90979 -0.415067 0.00154252 0.406552 0.890366 -0.204852 0.0836539 0.187 0.978792
31.360000 -0.241907 0.250309 0.606464 -0.154592 0.355187 -0.475241 -1.73805 0.122686 -0.0864802 0.91082 -0.412801 0.0017858 0.407042 0.897377 -0.170386 0.0687329 0.155918 0.985376
31.380000 -0.251297 0.253813 0.596897 -0.458127 0.165966 -0.472682 -2.33789 0.56685 -0.0481686 0.911422 -0.411328 0.0108924 0.409502 0.904155 -0.121704 0.0402117 0.115384 0.992507
31.400000 -0.267494 0.251879 0.588089 -0.785671 -0.147857 -0.424764 -3.13184 0.415813 -0.00309121 0.912137 -0.409437 0.0191401 0.409839 0.910349 -0.0574231 0.006087 0.0602221 0.998166
31.420000 -0.277617 0.243348 0.594246 -0.36741 -0.485602 0.395187 -2.09134 0.154613 -0.331586 0.915003 -0.40279 0.0230294 0.403106 0.915086 -0.0111014 -0.0166024 0.0194411 0.999673
31.440000 -0.286853 0.227564 0.605231 -0.488565 -0.849188 0.596718 -2.46191 0.0128864 -0.595976 0.919507 -0.392414 0.0227421 0.391358 0.919361 0.0401642 -0.0366693 -0.028031 0.998934
31.460000 -0.303985 0.206693 0.616931 -0.866575 -1.0295 0.575242 -2.67682 -0.0264712 -0.169891 0.921912 -0.386698 0.0233007 0.383053 0.918902 0.0942828 -0.05787 -0.077995 0.995273
31.480000 -0.31967 0.190332 0.627824 -0.739874 -0.79403 0.5169 -2.43762 -0.467079 -0.266389 0.924103 -0.3818 0.0162136 0.375669 0.915404 0.144595 -0.0700485 -0.12753 0.989358
31.500000 -0.330762 0.176444 0.635846 -0.505083 -0.663501 0.354137 -1.98097 -0.528768 -0.223129 0.926609 -0.375969 0.00653593 0.368321 0.910987 0.185586 -0.0757287 -0.169558 0.982606
31.520000 -0.33771 0.166106 0.639437 -0.303383 -0.492769 0.137326 -1.49116 -0.424366 -0.351695 0.929862 -0.367907 -0.00139712 0.359471 0.907719 0.216393 -0.0783444 -0.201718 0.976305
31.540000 -0.340958 0.15771 0.639037 -0.141341 -0.403742 -0.0728343 -1.12056 -0.374763 -0.421486 0.933293 -0.359054 -0.00670581 0.350109 0.90557 0.239515 -0.0799262 -0.225886 0.970869
31.560000 -0.340806 0.150959 0.633876 0.0469712 -0.334672 -0.319712 -0.741538 0.0460384 -0.60022 0.937406 -0.348163 -0.00720619 0.338392 0.905821 0.254911 -0.082223 -0.241393 0.966938
31.580000 -0.338971 0.146664 0.624231 0.10232 -0.196722 -0.495483 -0.0705932 0.127421 -0.438291 0.940558 -0.339624 -0.00234348 0.328599 0.908235 0.259097 -0.0858674 -0.244466 0.965848
31.600000 -0.334025 0.144562 0.61412 0.267488 -0.0913617 -0.523087 0.709731 -0.369957 -0.294144 0.942909 -0.33301 -0.00521577 0.3239 0.913243 0.247137 -0.0775358 -0.234717 0.968966
31.620000 -0.325145 0.144723 0.60223 0.470041 -0.00817178 -0.621488 1.53203 -0.704003 -0.0604741 0.944082 -0.329269 -0.0170731 0.324909 0.920277 0.218002 -0.0560693 -0.211359 0.975799
31.640000 -0.309518 0.14668 0.588826 0.787239 0.0968605 -0.687591 2.7102 -0.832497 0.0993405 0.944137 -0.327917 -0.0328018 0.32869 0.92979 0.165688 -0.0238331 -0.167214 0.985633
31.660000 -0.288225 0.149276 0.577423 1.06258 0.0816645 -0.507744 3.61368 -0.0935873 0.429878 0.941151 -0.335827 -0.0381541 0.337954 0.936612 0.0924346 0.00469364 -0.0998893 0.994987
31.680000 -0.259624 0.152873 0.57288 1.33605 0.163206 -0.089147 3.70923 0.468793 0.257125 0.938901 -0.342607 -0.0329351 0.343138 0.939209 0.0119284 0.0268462 -0.0225009 0.999386
31.700000 -0.226109 0.16029 0.577274 1.69116 0.423683 0.256408 3.10642 0.643748 -0.154465 0.939595 -0.341647 -0.0209441 0.340106 0.938754 -0.0554039 0.0385899 0.044934 0.998244
31.720000 -0.190595 0.171843 0.584365 1.70899 0.59327 0.3615 2.55627 0.677005 -0.42907 0.942882 -0.333031 -0.00800499 0.330183 0.937467 -0.110162 0.0441917 0.101227 0.993881
31.740000 -0.157838 0.183867 0.590892 1.59232 0.615015 0.307968 1.97536 0.612621 -0.37186 0.945862 -0.324552 0.00336082 0.321247 0.934653 -0.152398 0.0463198 0.145227 0.988314
31.760000 -0.129082 0.197401 0.595295 1.40532 0.676535 0.206599 1.438 0.616174 -0.309614 0.948688 -0.315931 0.0133343 0.312917 0.931896 -0.183448 0.0455307 0.178208 0.982939
31.780000 -0.104786 0.209911 0.596963 1.17178 0.621158 0.0557818 0.925755 0.561062 -0.357965 0.951345 -0.307318 0.0223157 0.305291 0.930312 -0.203264 0.0417062 0.200187 0.97887
31.800000 -0.0849162 0.221634 0.595741 0.969945 0.565899 -0.100078 0.382452 0.564965 -0.398199 0.954158 -0.297606 0.0318327 0.297377 0.930591 -0.213465 0.0339053 0.213146 0.976432
31.820000 -0.0689107 0.231506 0.590979 0.76859 0.466047 -0.299829 -0.0590319 0.554571 -0.584884 0.95749 -0.285567 0.0407891 0.287555 0.933646 -0.213581 0.022909 0.21623 0.976074
31.840000 -0.056118 0.24089 0.583532 0.614046 0.474735 -0.390543 -0.435293 0.508774 -0.77536 0.961887 -0.269281 0.0475514 0.273219 0.939354 -0.207281 0.0111493 0.212373 0.977125
31.860000 -0.0478596 0.248365 0.578692 0.369438 0.325402 -0.241443 -0.585118 0.758743 -0.308966 0.964424 -0.257783 0.0586093 0.264314 0.944467 -0.195243 -0.00502417 0.203788 0.979002
31.880000 -0.0484666 0.251935 0.576447 -0.104805 0.147084 -0.0863707 -0.999003 0.665595 -0.172004 0.965347 -0.250808 0.0721171 0.259786 0.949842 -0.1741 -0.0248342 0.186802 0.982084
31.900000 -0.0592342 0.253302 0.581886 -0.616816 0.0417964 0.277339 -1.53124 0.22436 -0.144764 0.965907 -0.246746 0.0783589 0.255975 0.955525 -0.146455 -0.0387365 0.16152 0.986109
31.920000 -0.078977 0.24939 0.591954 -1.06474 -0.242398 0.505755 -2.75356 0.183806 -0.236227 0.966503 -0.242834 0.0830905 0.250279 0.963451 -0.0955167 -0.0568588 0.113113 0.991954
31.940000 -0.10869 0.238697 0.60187 -1.40731 -0.565331 0.476853 -3.14694 -0.023521 -0.52709 0.968497 -0.234453 0.0839385 0.237724 0.970831 -0.0312204 -0.0741703 0.0501911 0.995982
31.960000 -0.142482 0.221516 0.612803 -1.66609 -0.906801 0.533978 -2.86363 -0.131884 -0.567786 0.971444 -0.223018 0.0809867 0.221422 0.974767 0.0283039 -0.0852555 -0.00956341 0.996313
31.980000 -0.17749 0.200813 0.622265 -1.73802 -1.04383 0.471697 -2.58837 -0.185626 -0.181261 0.972897 -0.217421 0.0787382 0.211074 0.974056 0.0816296 -0.0944434 -0.0627976 0.993548
32.000000 -0.211586 0.180368 0.629991 -1.68259 -1.00951 0.346131 -1.90164 -0.235824 0.209033 0.972875 -0.219189 0.0739654 0.209215 0.970106 0.122976 -0.0987092 -0.104165 0.989649
32.020000 -0.243417 0.165942 0.633648 -1.53858 -0.724966 0.178461 -0.452156 0.326801 0.109209 0.97233 -0.221467 0.0743439 0.209641 0.967613 0.140623 -0.10308 -0.121147 0.987268
32.040000 -0.272822 0.151859 0.635402 -1.43719 -0.713367 0.0155549 0.0692871 0.477772 0.274845 0.970409 -0.227251 0.0816337 0.214325 0.966338 0.142323 -0.111229 -0.120615 0.986448
32.060000 -0.299018 0.138472 0.633847 -1.28257 -0.668212 -0.104604 0.1474 0.0376729 0.299182 0.968644 -0.233564 0.08472 0.220644 0.965422 0.138837 -0.114218 -0.115791 0.986685
32.080000 -0.321628 0.124435 0.626309 -1.10819 -0.717007 -0.447767 0.282707 -0.379792 0.168525 0.968294 -0.236343 0.0809313 0.224751 0.965596 0.130813 -0.109064 -0.108476 0.988098
32.100000 -0.341506 0.110405 0.616814 -0.96228 -0.707666 -0.460392 -0.173457 -0.916465 0.233694 0.969127 -0.238095 0.0640529 0.228014 0.964307 0.134616 -0.0938181 -0.115855 0.988825
32.120000 -0.356649 0.0969965 0.607455 -0.666043 -0.655291 -0.524418 0.343264 -0.638133 0.573822 0.968026 -0.246099 0.0485812 0.238263 0.962625 0.128782 -0.0784586 -0.113089 0.990482
32.140000 -0.364898 0.0861917 0.596227 -0.360408 -0.493808 -0.571155 0.28064 -1.1688 0.947463 0.965459 -0.259245 0.0260908 0.254347 0.959447 0.121526 -0.0565378 -0.110692 0.992245
32.160000 -0.366615 0.0793783 0.583623 -0.10141 -0.304351 -0.634859 0.568552 -1.3698 0.952738 0.961499 -0.274796 -0.00249487 0.273439 0.955768 0.108348 -0.0273892 -0.104859 0.99411
32.180000 -0.363578 0.0752724 0.57712 0.233273 -0.176452 -0.246593 0.40429 -1.64594 0.664734 0.957608 -0.285772 -0.0363353 0.287992 0.95269 0.0971725 0.00684704 -0.103517 0.994604
32.200000 -0.35871 0.0759911 0.579871 0.159186 0.0616475 0.343333 1.06833 -0.982341 0.319235 0.953852 -0.294079 -0.0606984 0.298268 0.951257 0.0783955 0.0346853 -0.0928821 0.995073
32.220000 -0.348284 0.0794851 0.593272 0.664407 0.208962 0.699715 1.72798 -0.636465 0.0788181 0.952411 -0.295894 -0.0732165 0.299499 0.95307 0.0442382 0.0566906 -0.0640613 0.996334
32.240000 -0.327861 0.0897464 0.609153 1.03636 0.552919 0.794685 2.74031 -0.290394 0.344352 0.949788 -0.301769 -0.0826915 0.302105 0.953235 -0.0087227 0.0814567 -0.0166968 0.996537
32.260000 -0.306402 0.104708 0.623354 0.968952 0.820377 0.629949 2.91819 -0.242252 0.232372 0.947547 -0.307753 -0.0862758 0.30245 0.950644 -0.0692837 0.10334 0.0395555 0.993859
32.280000 -0.287052 0.122943 0.635819 0.926428 0.866173 0.663189 2.96953 -0.0455884 0.138222 0.946371 -0.310879 -0.0879512 0.29861 0.945584 -0.129241 0.123344 0.0960466 0.987705
32.300000 -0.270448 0.140654 0.646545 0.789511 0.901848 0.477433 2.16398 0.0347317 0.26673 0.945164 -0.315185 -0.0855757 0.297139 0.938621 -0.175211 0.135547 0.140175 0.980805
32.320000 -0.257277 0.157627 0.65399 0.652468 0.82283 0.327357 1.56396 0.0155218 0.513093 0.942665 -0.323179 -0.0832949 0.300624 0.930645 -0.208629 0.144942 0.171627 0.974441
32.340000 -0.24766 0.171619 0.65515 0.459489 0.682447 0.0189271 1.13546 -0.0800636 0.461456 0.939812 -0.331482 -0.0829066 0.305241 0.92351 -0.232287 0.153564 0.193 0.969107
32.360000 -0.238895 0.184296 0.654724 0.434357 0.626479 -0.0296066 0.458483 -0.282905 0.654089 0.935295 -0.34376 -0.0839812 0.314992 0.916901 -0.245098 0.161257 0.202785 0.965854
32.380000 -0.232087 0.196704 0.653725 0.315924 0.606803 -0.0743931 -0.0135166 -0.313753 0.551211 0.930648 -0.355065 -0.0884435 0.325088 0.913244 -0.245567 0.167963 0.199784 0.965337
32.400000 -0.22915 0.208468 0.65062 0.103698 0.580465 -0.193413 -0.666851 -0.00460204 0.318973 0.928091 -0.361629 -0.0887184 0.333395 0.913159 -0.234498 0.165815 0.188057 0.96806
32.420000 -0.231022 0.219359 0.644353 -0.102405 0.550861 -0.347511 -1.26631 0.264792 0.253374 0.926956 -0.365654 -0.0839605 0.342142 0.915727 -0.210674 0.153919 0.166559 0.973944
32.440000 -0.238479 0.228203 0.635243 -0.386415 0.428346 -0.495009 -1.75049 0.773979 0.284201 0.926926 -0.368684 -0.0698596 0.352296 0.919133 -0.176303 0.12921 0.138808 0.981854
32.460000 -0.253651 0.233715 0.621891 -0.782361 0.259712 -0.704427 -2.47097 1.02491 0.20774 0.927387 -0.37065 -0.0507117 0.36211 0.92342 -0.127166 0.0939623 0.0995691 0.990584
32.480000 -0.278325 0.237119 0.605511 -1.26287 0.187349 -0.835524 -2.98049 1.1786 -0.101809 0.928634 -0.36989 -0.0286306 0.367475 0.927684 -0.0660599 0.050995 0.0508245 0.997405
32.500000 -0.308463 0.238753 0.588455 -1.43861 0.0931955 -0.824686 -3.32317 1.14331 -0.204713 0.930476 -0.3663 -0.00622051 0.366328 0.930476 0.00414711 0.00426895 -0.00613753 0.999972
32.520000 -0.336751 0.24186 0.576677 -1.29196 0.198337 -0.513172 -3.38449 0.0497363 -0.408813 0.932487 -0.3612 0.00133271 0.360122 0.929977 0.0738629 -0.0279187 -0.0683963 0.997268
32.540000 -0.361229 0.245044 0.572512 -1.20662 0.110724 -0.128615 -2.55939 -0.506551 -0.516579 0.935905 -0.352212 -0.00538593 0.349917 0.927833 0.129167 -0.0404969 -0.122773 0.991608
32.560000 -0.386614 0.241506 0.575678 -1.30561 -0.220327 0.203464 -1.72513 -0.434094 -0.648706 0.940559 -0.339418 -0.0119816 0.336562 0.926755 0.166886 -0.04554 -0.160999 0.985903
32.580000 -0.40821 0.236258 0.582288 -1.06917 -0.253263 0.343501 -1.16867 -0.375314 -0.667312 0.945357 -0.325478 -0.0190962 0.322987 0.926912 0.191087 -0.044494 -0.186813 0.981387
32.600000 -0.426636 0.230236 0.586764 -0.895928 -0.309823 0.23928 -0.75728 -0.232713 -0.375653 0.948897 -0.31477 -0.0226723 0.312455 0.926965 0.207622 -0.0443368 -0.204096 0.977946
32.620000 -0.439868 0.223449 0.589042 -0.627127 -0.345278 0.106501 -0.591869 -0.243713 -0.406371 0.951484 -0.306669 -0.0251351 0.304585 0.927128 0.218317 -0.0436475 -0.215381 0.975554
32.640000 -0.447795 0.215094 0.588882 -0.348965 -0.427933 -0.0114088 -0.201099 -0.0454416 -0.407809 0.954108 -0.298541 -0.0234629 0.296167 0.92912 0.221406 -0.0442989 -0.218194 0.974899
32.660000 -0.451945 0.205555 0.588259 -0.187799 -0.484021 -0.0368889 0.4364 -0.00317655 -0.343028 0.956369 -0.291408 -0.0209547 0.288958 0.93286 0.215119 -0.0431396 -0.211788 0.976363
32.680000 -0.453125 0.195334 0.585181 -0.0289544 -0.504753 -0.172188 1.02299 0.176862 -0.11521 0.957393 -0.288376 -0.0154266 0.285723 0.938115 0.19571 -0.0419661 -0.191779 0.98054
32.700000 -0.447864 0.188481 0.585188 0.326917 -0.284072 0.0273308 0.98302 -0.246376 0.521949 0.955576 -0.294067 -0.0199787 0.292902 0.939848 0.175767 -0.0329105 -0.173811 0.984229
32.720000 -0.435516 0.185452 0.588513 0.651666 -0.105138 0.180341 1.25999 -0.159464 0.659194 0.951799 -0.30562 -0.0259848 0.305958 0.940034 0.150749 -0.0216452 -0.151433 0.988231
32.740000 -0.416677 0.187203 0.59408 0.957015 0.133765 0.290265 1.58491 0.186914 0.632795 0.947556 -0.318557 -0.0256816 0.319324 0.940422 0.116784 -0.0130507 -0.11886 0.992825
32.760000 -0.391281 0.193856 0.601115 1.38629 0.412593 0.388951 1.68576 0.485758 0.188033 0.945525 -0.325058 -0.0178977 0.325431 0.942265 0.0789417 -0.00879627 -0.0804658 0.996719
32.780000 -0.354307 0.206584 0.607416 1.81785 0.658472 0.28506 2.2887 0.515709 -0.0574152 0.945132 -0.326603 -0.00752605 0.326676 0.944636 0.0307576 -0.00293615 -0.0315286 0.999499
32.800000 -0.314422 0.224414 0.612119 1.95625 0.952635 0.219737 2.51879 0.652994 -0.29589 0.947098 -0.320869 0.00691492 0.320943 0.946839 -0.0221582 0.000562558 0.0232053 0.999731
32.820000 -0.273669 0.24547 0.613838 2.00515 1.02031 0.0769334 2.37809 0.541846 -0.168767 0.948601 -0.315983 0.017641 0.31641 0.945797 -0.0731595 0.00643236 0.074981 0.997164
32.840000 -0.236844 0.265691 0.612709 1.77619 0.991626 -0.0998636 1.87221 0.571649 -0.0804263 0.949371 -0.312854 0.0285819 0.31404 0.942609 -0.113434 0.00854672 0.116667 0.993134
32.860000 -0.205097 0.28307 0.607787 1.53877 0.79262 -0.295282 1.30479 0.635613 -0.0570727 0.949757 -0.310328 0.0407131 0.312933 0.939102 -0.141986 0.00582853 0.147593 0.989031
32.880000 -0.178111 0.297578 0.600116 1.31454 0.713484 -0.407965 0.830456 0.686008 -0.0191508 0.949903 -0.307876 0.0538267 0.312543 0.936392 -0.159647 -0.0012514 0.168472 0.985706
32.900000 -0.155136 0.310875 0.591055 1.11003 0.654819 -0.47026 0.877801 0.855116 0.121437 0.94913 -0.306801 0.0708968 0.314646 0.932838 -0.175532 -0.012282 0.18891 0.981918
32.920000 -0.135394 0.323528 0.581018 0.95301 0.627114 -0.503265 1.0644 0.825209 0.171038 0.947795 -0.306365 0.0884658 0.318111 0.927665 -0.195559 -0.0221543 0.213492 0.976694
32.940000 -0.118045 0.336262 0.569919 0.857024 0.627937 -0.54281 1.30172 0.719345 0.06176 0.946856 -0.304328 0.104151 0.320315 0.921648 -0.219004 -0.0293415 0.240726 0.970149
32.960000 -0.102837 0.346715 0.561271 0.716505 0.474586 -0.39442 0.994041 0.101232 0.265938 0.94501 -0.307482 0.111405 0.325838 0.914416 -0.240154 -0.0280275 0.263248 0.964321
32.980000 -0.0944958 0.352745 0.557166 0.314916 0.225849 -0.160176 -0.118806 -0.201911 0.258804 0.943419 -0.312977 0.109573 0.330648 0.912925 -0.239251 -0.025152 0.261944 0.964755
33.000000 -0.0973286 0.35229 0.562561 -0.221283 -0.0437897 0.317363 -0.829568 -0.287479 0.102129 0.942789 -0.316856 0.103687 0.332705 0.914117 -0.231728 -0.021358 0.252967 0.967239
33.020000 -0.109794 0.349003 0.569438 -0.753144 -0.22418 0.357975 -1.35649 -0.129044 -0.030424 0.943289 -0.316876 0.0989742 0.33094 0.921092 -0.205107 -0.0261709 0.226229 0.973722
33.040000 -0.134046 0.340838 0.577556 -1.25337 -0.384057 0.437171 -1.45693 -0.282173 -0.435425 0.944942 -0.313777 0.0928942 0.325691 0.929357 -0.173839 -0.0317853 0.194523 0.980383
33.060000 -0.171371 0.328624 0.58843 -1.89373 -0.605195 0.569736 -2.27154 -0.619795 -1.05417 0.951043 -0.298702 0.0793397 0.306885 0.943099 -0.128004 -0.0365903 0.146085 0.988595
33.080000 -0.216506 0.311698 0.600583 -2.29243 -0.835784 0.552546 -3.20664 -0.69381 -1.03428 0.957403 -0.281484 0.0643916 0.285499 0.956165 -0.0651126 -0.0432409 0.0807227 0.995798
33.100000 -0.263729 0.292901 0.610457 -2.30824 -0.940431 0.464789 -3.02681 -0.630526 -0.458437 0.961467 -0.270224 0.0505956 0.270636 0.962681 -0.0013418 -0.0483448 0.0149831 0.998718
33.120000 -0.309786 0.271695 0.617693 -2.26701 -1.06256 0.321558 -2.70257 -0.485193 0.00570668 0.962647 -0.267821 0.0397868 0.265452 0.962484 0.0562182 -0.0533505 -0.0435568 0.997625
33.140000 -0.353096 0.249572 0.621048 -2.1406 -1.09673 0.144081 -2.13164 -0.396641 0.428002 0.961265 -0.27378 0.0318411 0.269387 0.957657 0.10161 -0.0583115 -0.0890961 0.994315
33.160000 -0.390916 0.23099 0.620903 -1.87797 -0.827609 -0.066918 -1.20903 -0.545087 0.188573 0.960333 -0.278081 0.0207786 0.273206 0.953182 0.129622 -0.0558513 -0.118804 0.991346
33.180000 -0.423465 0.214597 0.6158 -1.59696 -0.791365 -0.281847 -0.617178 -0.429525 0.0329447 0.96056 -0.277757 0.0132582 0.273103 0.951292 0.143035 -0.0523415 -0.133773 0.989629
33.200000 -0.454119 0.200272 0.608504 -1.53498 -0.693708 -0.369862 -0.668297 -1.11938 -0.00872164 0.961206 -0.275813 -0.00314168 0.272976 0.949562 0.154326 -0.039582 -0.149197 0.988015
33.220000 -0.483004 0.187144 0.598002 -1.41657 -0.652057 -0.566157 -0.542871 -1.0998 -0.0743036 0.962222 -0.271114 -0.0250113 0.271439 0.948096 0.165633 -0.0211925 -0.166165 0.98587
33.240000 -0.5092 0.173797 0.587419 -1.30981 -0.669811 -0.488236 -0.738872 -1.07932 -0.0459182 0.962949 -0.266007 -0.0443759 0.26963 0.946383 0.177927 -0.00533316 -0.1833 0.983043
33.260000 -0.532275 0.161557 0.578114 -1.09526 -0.569644 -0.478179 -0.652036 -1.12199 0.200033 0.962108 -0.264772 -0.0651432 0.272405 0.943842 0.186973 0.0119796 -0.197634 0.980203
33.280000 -0.548913 0.153902 0.568993 -0.769816 -0.324801 -0.440923 -0.715163 -1.29442 0.637426 0.958718 -0.26918 -0.09166 0.282503 0.938384 0.199067 0.0324275 -0.216743 0.97569
33.300000 -0.558518 0.147035 0.564391 -0.382481 -0.345807 -0.114718 0.216788 -0.572462 0.708917 0.953771 -0.280401 -0.10815 0.296915 0.934841 0.194714 0.0465046 -0.217824 0.974879
33.320000 -0.557681 0.144177 0.571517 0.192636 -0.0263209 0.54486 0.81086 0.223635 0.283448 0.950437 -0.290645 -0.110428 0.306467 0.935627 0.175154 0.0524121 -0.200316 0.978328
33.340000 -0.543122 0.151506 0.586676 0.835568 0.482704 0.823217 2.04807 -0.418225 -0.359701 0.951592 -0.286551 -0.11118 0.300018 0.944561 0.133391 0.0667932 -0.16029 0.984808
33.360000 -0.518211 0.165963 0.601948 1.24441 0.738573 0.706762 2.29452 0.228823 -0.508015 0.954438 -0.276681 -0.111781 0.286515 0.954375 0.0841282 0.0834039 -0.112322 0.990165
33.380000 -0.487046 0.185715 0.614383 1.50942 1.00239 0.580232 2.58229 0.443791 -0.231391 0.957239 -0.270614 -0.102287 0.274969 0.960955 0.0309275 0.0899242 -0.0577309 0.994274
33.400000 -0.450928 0.209512 0.624278 1.77401 1.18901 0.453189 2.72579 0.359984 0.127035 0.958042 -0.270703 -0.0942145 0.269362 0.962663 -0.0269101 0.0979814 0.000403178 0.995188
33.420000 -0.41272 0.236688 0.631167 1.87644 1.39323 0.30476 2.66672 0.254416 0.386099 0.956709 -0.277504 -0.087747 0.270601 0.959117 -0.0828788 0.107159 0.0555465 0.992689
33.440000 -0.376458 0.261923 0.635448 1.81267 1.18486 0.174803 1.79653 0.0892277 0.60913 0.953768 -0.288155 -0.0854002 0.276662 0.952794 -0.125067 0.117407 0.0956575 0.988466
33.460000 -0.343813 0.285173 0.637612 1.60952 1.15292 0.119314 0.770129 -0.0419488 0.729044 0.949616 -0.301652 -0.0850588 0.287742 0.946684 -0.144894 0.124231 0.113119 0.985784
33.480000 -0.315214 0.307488 0.637237 1.41754 1.07549 -0.0281204 0.306957 0.210432 0.740053 0.945503 -0.3151 -0.0820709 0.300498 0.941471 -0.15275 0.125399 0.119763 0.984851
33.500000 -0.289646 0.328274 0.634636 1.2168 1.0429 -0.20475 0.284531 0.489953 0.707955 0.942304 -0.327448 -0.0695804 0.313419 0.93599 -0.160282 0.117611 0.129227 0.984616
33.520000 -0.268362 0.349122 0.627334 1.04016 1.02725 -0.357921 0.78392 1.04345 0.702908 0.939861 -0.337483 -0.0525965 0.324605 0.930471 -0.169867 0.106267 0.142578 0.984062
33.540000 -0.250183 0.369719 0.619861 0.882091 1.02179 -0.390071 0.374781 0.929193 0.617152 0.937841 -0.345733 -0.0303844 0.335154 0.924916 -0.179449 0.0901446 0.158111 0.983298
33.560000 -0.2369 0.390208 0.609309 0.598195 0.974401 -0.57802 -0.349648 0.663264 0.630395 0.935065 -0.354032 -0.0177468 0.346106 0.922654 -0.170058 0.0765801 0.152873 0.985274
33.580000 -0.229855 0.406631 0.596803 0.328199 0.804608 -0.64361 -0.405869 1.23023 0.970729 0.930218 -0.366943 0.00684386 0.363184 0.917686 -0.161087 0.0528291 0.152331 0.986917
33.600000 -0.229393 0.419627 0.584039 -0.0361558 0.616576 -0.600181 -0.618877 1.78224 1.09993 0.923705 -0.380814 0.0418243 0.382748 0.912624 -0.143605 0.0165168 0.148656 0.988751
33.620000 -0.235815 0.42725 0.575958 -0.34931 0.329362 -0.344449 -0.661898 1.73974 0.848131 0.916074 -0.392954 0.079967 0.400379 0.907439 -0.12748 -0.0224715 0.148798 0.988612
33.640000 -0.248307 0.42903 0.57652 -0.658346 0.0718201 0.131328 -1.27452 1.2865 0.498222 0.909202 -0.401403 0.110572 0.412401 0.904742 -0.10662 -0.0572416 0.14254 0.988133
33.660000 -0.26384 0.42729 0.585307 -0.681822 -0.117264 0.542981 -1.64686 0.34946 0.701819 0.903176 -0.411608 0.121867 0.421699 0.903825 -0.0725939 -0.0802665 0.116956 0.989888
33.680000 -0.283817 0.415411 0.59901 -0.962057 -0.736312 0.579576 -2.58721 0.055716 -0.0174684 0.900522 -0.41773 0.120671 0.423263 0.905706 -0.023342 -0.0995421 0.0720956 0.992418
33.700000 -0.303428 0.394704 0.612979 -0.929327 -1.08533 0.747909 -2.7169 -0.758718 -0.144626 0.90266 -0.415965 0.110353 0.415035 0.90923 0.0323661 -0.1138 0.0165849 0.993365
33.720000 -0.32405 0.36842 0.626923 -0.990645 -1.27748 0.750943 -2.99819 -0.644685 -0.0647489 0.904651 -0.414559 0.0987255 0.406493 0.908994 0.0921569 -0.127945 -0.0432387 0.990838
33.740000 -0.342824 0.342607 0.638322 -0.887595 -1.29405 0.492498 -2.19045 -0.493797 0.140724 0.905408 -0.415534 0.0869959 0.401848 0.904922 0.140123 -0.13695 -0.091909 0.986305
33.760000 -0.357773 0.318083 0.645852 -0.74598 -1.17716 0.386687 -1.63763 -0.401563 0.381657 0.903934 -0.420278 0.0791814 0.402652 0.898736 0.173623 -0.144133 -0.125061 0.981624
33.780000 -0.371336 0.297353 0.651066 -0.668685 -1.02007 0.221108 -1.02629 -0.292743 0.378372 0.902195 -0.425625 0.0699078 0.405816 0.892524 0.19676 -0.14614 -0.149146 0.977956
33.800000 -0.38448 0.27848 0.651688 -0.617367 -0.934752 -0.073075 -0.433273 0.0651439 0.475971 0.898274 -0.434403 0.0663135 0.413247 0.886384 0.208685 -0.149433 -0.160052 0.975732
33.820000 -0.396381 0.262286 0.64622 -0.581067 -0.806601 -0.294107 -0.274096 -0.0449839 0.550699 0.893785 -0.44411 0.062575 0.422031 0.880035 0.21778 -0.151787 -0.16824 0.97399
33.840000 -0.405373 0.246615 0.639789 -0.421555 -0.784 -0.332919 0.443441 -0.0607538 0.454994 0.890123 -0.451841 0.0593328 0.430958 0.876926 0.212783 -0.148175 -0.163834 0.975296
33.860000 -0.410985 0.232297 0.63128 -0.271554 -0.700214 -0.460983 0.864553 -0.329312 0.682212 0.885795 -0.461089 0.0525714 0.443488 0.874417 0.196756 -0.136691 -0.150971 0.979042
33.880000 -0.41256 0.219732 0.620049 -0.070819 -0.615794 -0.602228 1.40619 -0.52331 0.684813 0.881107 -0.471093 0.0414818 0.458409 0.872346 0.169925 -0.116237 -0.130706 0.984584
33.900000 -0.409021 0.210343 0.605643 0.157879 -0.45305 -0.757439 2.03605 -0.790618 0.844073 0.875271 -0.482988 0.0249803 0.476204 0.869693 0.129861 -0.0844464 -0.101768 0.991218
33.920000 -0.400001 0.205872 0.589141 0.43164 -0.202901 -0.854198 2.47005 -0.947543 1.05969 0.866284 -0.499533 0.00425649 0.497677 0.86374 0.0791881 -0.0432336 -0.0664811 0.996851
33.940000 -0.386253 0.203639 0.572163 0.686028 -0.147626 -0.842514 2.70361 -1.01571 0.414486 0.86059 -0.509031 -0.016511 0.509292 0.860287 0.0229766 0.00250844 -0.0281823 0.9996
33.960000 -0.364474 0.203266 0.564821 1.08682 -0.105122 -0.195739 2.35091 0.0118258 -0.089477 0.862107 -0.506197 -0.0231421 0.505528 0.86231 -0.0293639 0.0348196 0.0136158 0.999301
33.980000 -0.341022 0.20654 0.570847 1.14409 0.246281 0.408893 1.77834 0.716205 -0.15156 0.864529 -0.502493 -0.00954669 0.500741 0.862829 -0.0691633 0.0429912 0.0550132 0.99756
34.000000 -0.315928 0.215483 0.578159 1.27288 0.492282 0.349326 1.58808 0.647078 -0.676391 0.869773 -0.493429 0.00483272 0.491228 0.864882 -0.103315 0.0467988 0.0922345 0.994637
34.020000 -0.292383 0.22748 0.583414 1.07916 0.617981 0.209204 1.34791 0.545803 -0.555846 0.876347 -0.481429 0.0155863 0.479036 0.867692 -0.1328 0.0504098 0.123846 0.99102
34.040000 -0.272028 0.241076 0.586282 0.935123 0.686501 0.0900585 1.12843 0.58501 -0.392896 0.881017 -0.47233 0.0267231 0.470312 0.868348 -0.157408 0.0511433 0.151247 0.987172
34.060000 -0.256074 0.254281 0.586886 0.763034 0.657338 -0.00287694 0.810911 0.739086 -0.311562 0.88445 -0.464917 0.0400208 0.464336 0.868343 -0.174274 0.0462713 0.17272 0.983884
34.080000 -0.244681 0.265942 0.584574 0.529717 0.559987 -0.136248 0.447005 0.417517 -0.50148 0.888651 -0.455948 0.0490998 0.456763 0.870503 -0.183282 0.0408257 0.185301 0.981833
34.100000 -0.237284 0.27742 0.58077 0.342682 0.578476 -0.216796 -0.450782 0.057305 -0.711025 0.894938 -0.443481 0.0490974 0.444687 0.877481 -0.179668 0.0365974 0.182625 0.982501
34.120000 -0.233421 0.285676 0.575482 0.150066 0.354064 -0.218364 -0.743836 0.310382 -0.459316 0.90062 -0.431656 0.0505684 0.433846 0.886048 -0.163392 0.0257231 0.169093 0.985264
34.140000 -0.235642 0.287249 0.574579 -0.15959 0.0241036 -0.0154451 -0.9806 0.447656 0.0273642 0.901845 -0.428153 0.0579739 0.431964 0.890672 -0.141814 0.00908212 0.152936 0.988194
34.160000 -0.245603 0.281088 0.580241 -0.584537 -0.42023 0.278615 -1.3729 0.254982 0.230097 0.90127 -0.428333 0.0651335 0.433189 0.893559 -0.117899 -0.00770058 0.134474 0.990887
34.180000 -0.26401 0.268007 0.586668 -0.857142 -0.648362 0.358573 -1.86807 -0.389442 -0.115969 0.901456 -0.428736 0.0596911 0.432371 0.898437 -0.0765849 -0.020794 0.0948466 0.995275
34.200000 -0.288673 0.248004 0.594589 -1.19587 -1.03015 0.370536 -2.47896 -0.667714 -0.313673 0.903993 -0.425065 0.0460105 0.426467 0.904119 -0.0263753 -0.0303878 0.043465 0.998593
34.220000 -0.317022 0.223253 0.600673 -1.38664 -1.23033 0.272887 -2.57309 -0.73935 -0.0942449 0.9059 -0.422457 0.0295827 0.421662 0.906269 0.0296166 -0.0393216 -0.0143558 0.999123
34.240000 -0.345622 0.195673 0.604087 -1.37752 -1.36027 0.134803 -2.26345 -0.487132 -0.134079 0.907273 -0.420191 0.0171986 0.417691 0.905121 0.0793123 -0.0488931 -0.0647742 0.996701
34.260000 -0.373405 0.167708 0.607082 -1.34842 -1.38173 0.14216 -1.78329 -0.755614 0.259771 0.90683 -0.421491 0.00228388 0.418295 0.900594 0.118154 -0.0518578 -0.10619 0.992993
34.280000 -0.39813 0.140101 0.606677 -1.19672 -1.3593 -0.0754191 -1.21707 -0.309652 0.391143 0.904065 -0.427332 -0.00733285 0.423748 0.893981 0.145724 -0.0557171 -0.134851 0.989298
34.300000 -0.420369 0.113636 0.60559 -1.0912 -1.31133 -0.0598958 -0.930151 -0.655233 0.685744 0.899432 -0.436591 -0.0202702 0.433738 0.885924 0.164347 -0.0537946 -0.156611 0.986194
34.320000 -0.440916 0.0888356 0.602588 -1.0216 -1.22008 -0.189741 -0.801925 -0.707003 0.774414 0.893181 -0.448162 -0.0371342 0.447151 0.876314 0.179247 -0.0477904 -0.176704 0.983103
34.340000 -0.4587 0.066397 0.594689 -0.869751 -1.09885 -0.408858 -0.815385 -1.07531 0.459147 0.889852 -0.452744 -0.0564445 0.454667 0.869666 0.192245 -0.0379498 -0.196733 0.979722
34.360000 -0.474121 0.0455696 0.584786 -0.764058 -1.0237 -0.518844 -0.415411 -0.986802 0.290756 0.887879 -0.453446 -0.0778333 0.459412 0.864714 0.203003 -0.0247473 -0.215999 0.97608
34.380000 -0.486154 0.0265965 0.574546 -0.551511 -0.920281 -0.492425 0.0865431 -0.769892 0.541288 0.884234 -0.45744 -0.0942299 0.466906 0.860876 0.202216 -0.0113817 -0.222803 0.974797
34.400000 -0.492516 0.0119942 0.567081 -0.247904 -0.660218 -0.3493 0.404596 -0.972075 0.90948 0.876187 -0.468015 -0.115141 0.481875 0.855412 0.189913 0.00961075 -0.221883 0.975026
34.420000 -0.491303 0.00272426 0.563687 0.140751 -0.440685 -0.0736626 0.995285 -0.838583 0.69929 0.867704 -0.478158 -0.135845 0.495902 0.851502 0.170368 0.0342099 -0.215195 0.975972
34.440000 -0.479505 0.00134467 0.568328 0.654355 0.0391409 0.28097 1.1358 -0.300438 0.388748 0.861506 -0.4856 -0.148322 0.504859 0.850356 0.148367 0.0540796 -0.202701 0.977746
34.460000 -0.457804 0.0132448 0.580732 1.09097 0.722127 0.720794 1.90544 0.299503 -0.0425493 0.861065 -0.48868 -0.140568 0.503843 0.857249 0.106146 0.0686299 -0.162223 0.984365
34.480000 -0.430896 0.0352752 0.595659 1.43706 1.28959 0.725084 2.88821 1.00525 -0.392143 0.865225 -0.486517 -0.121189 0.495035 0.867283 0.0525495 0.0795385 -0.10546 0.991238
34.500000 -0.395575 0.0700313 0.609538 1.7608 1.7787 0.690121 3.29713 1.14624 0.188658 0.867215 -0.488015 -0.098889 0.488963 0.872156 -0.0160742 0.0940912 -0.0344133 0.994969
34.520000 -0.362573 0.108361 0.62318 1.58226 1.91857 0.643417 2.61425 1.54652 0.292225 0.868871 -0.490589 -0.0662193 0.486035 0.870798 -0.0740312 0.0939825 0.0321388 0.995055
34.540000 -0.331911 0.144523 0.633617 1.5123 1.78547 0.440223 2.13021 1.11816 0.548523 0.866639 -0.497232 -0.0412059 0.48969 0.863498 -0.12073 0.0956121 0.0844514 0.99183
34.560000 -0.303956 0.177394 0.63834 1.3626 1.62007 0.17753 1.50865 0.653754 0.770858 0.860698 -0.508523 -0.0245493 0.499491 0.852776 -0.152584 0.0985275 0.119066 0.987986
34.580000 -0.278409 0.20462 0.637314 1.26988 1.27402 -0.111743 0.963575 0.696277 0.616754 0.855613 -0.517526 -0.00961845 0.508302 0.843583 -0.173197 0.0977478 0.143301 0.98484
34.600000 -0.253694 0.229385 0.634092 1.2182 1.20874 -0.193222 0.520149 0.589713 0.572562 0.850736 -0.525582 0.00344532 0.51701 0.835647 -0.185459 0.0945946 0.159558 0.982646
34.620000 -0.232638 0.253409 0.626469 1.01256 1.18218 -0.400695 0.357848 0.264473 0.459918 0.846317 -0.532601 0.00913498 0.524197 0.829669 -0.192011 0.094686 0.16729 0.98135
34.640000 -0.215784 0.276483 0.615797 0.811004 1.15349 -0.55456 0.153002 0.273153 0.343929 0.843194 -0.537397 0.0151076 0.529641 0.825548 -0.194809 0.0922179 0.172263 0.980725
34.660000 -0.202628 0.297826 0.605128 0.634695 0.997172 -0.533928 0.249213 0.891216 0.600805 0.839428 -0.542785 0.0272737 0.537013 0.820697 -0.195126 0.083528 0.17844 0.980399
34.680000 -0.192674 0.316501 0.59229 0.444781 0.915017 -0.694013 -0.410902 0.996378 0.650703 0.833739 -0.550126 0.047333 0.548486 0.815275 -0.185712 0.0635758 0.180797 0.981463
34.700000 -0.188471 0.331629 0.578365 0.186194 0.739672 -0.684866 -0.720239 1.59631 0.75989 0.826964 -0.556844 0.0778129 0.561338 0.809772 -0.170792 0.0320938 0.184918 0.98223
34.720000 -0.190595 0.340864 0.567799 -0.216468 0.403812 -0.386669 -1.46441 1.43566 0.549861 0.819168 -0.562983 0.10961 0.573483 0.806974 -0.141104 -0.00901297 0.178447 0.983908
34.740000 -0.194675 0.348392 0.570481 -0.190879 0.323676 0.326658 -0.788274 0.932341 0.448151 0.811823 -0.570066 0.126366 0.582719 0.804756 -0.113163 -0.0371831 0.165504 0.985508
34.760000 -0.205837 0.348686 0.583683 -0.544273 -0.0150816 0.810453 -1.74621 -0.486337 -0.0164507 0.810338 -0.572859 0.123227 0.583365 0.808486 -0.0776954 -0.0551186 0.134846 0.989332
34.780000 -0.220582 0.338696 0.599384 -0.70558 -0.563062 0.72791 -2.69916 -0.608761 0.123555 0.809758 -0.575571 0.114066 0.581524 0.813139 -0.025203 -0.0782452 0.0867403 0.993153
34.800000 -0.236506 0.32164 0.613564 -0.723938 -0.875463 0.689882 -3.00209 -0.766838 0.182931 0.809053 -0.57943 0.0984624 0.578897 0.814568 0.036839 -0.10155 0.0271949 0.994459
34.820000 -0.251527 0.302356 0.627853 -0.692533 -0.921064 0.735743 -3.07653 -0.777481 0.14261 0.808428 -0.582997 0.0809843 0.575467 0.811777 0.0992754 -0.123618 -0.0336533 0.991759
34.840000 -0.264464 0.281479 0.640833 -0.587543 -1.07055 0.606215 -2.69793 -0.829119 -0.0578703 0.810608 -0.582035 0.0644194 0.568061 0.808286 0.154856 -0.142201 -0.0889338 0.985834
34.860000 -0.273244 0.260468 0.650743 -0.420261 -1.03072 0.469791 -2.0429 -0.513039 -0.195055 0.814601 -0.577556 0.053415 0.558262 0.805698 0.197974 -0.157378 -0.131451 0.978751
34.880000 -0.279673 0.241648 0.65838 -0.326796 -0.915936 0.318561 -1.34653 -0.384304 -0.127542 0.817197 -0.574519 0.0460042 0.551606 0.802747 0.226556 -0.16709 -0.159765 0.972911
34.900000 -0.285865 0.224232 0.663025 -0.330761 -0.868358 0.199411 -1.00621 -0.213626 0.251588 0.816176 -0.576333 0.0411904 0.55048 0.797265 0.247669 -0.17558 -0.179467 0.967969
34.920000 -0.292464 0.206905 0.663043 -0.341446 -0.863652 -0.0516131 -0.944534 0.0794659 0.533068 0.811093 -0.583561 0.0398148 0.554161 0.788443 0.266951 -0.187174 -0.194458 0.962887
34.940000 -0.300095 0.189888 0.660269 -0.394797 -0.851468 -0.161732 -0.575295 0.382682 0.877312 0.800932 -0.597327 0.0413307 0.56447 0.776292 0.280616 -0.199704 -0.201425 0.95893
34.960000 -0.306544 0.175413 0.655848 -0.295785 -0.713328 -0.213237 0.197632 0.4382 0.768343 0.790125 -0.611211 0.046086 0.57698 0.767034 0.280628 -0.206872 -0.19514 0.95871
34.980000 -0.308226 0.162753 0.650027 -0.0381107 -0.619873 -0.321392 0.990403 0.0631047 0.449372 0.783528 -0.619579 0.0469685 0.588462 0.764193 0.264049 -0.199493 -0.179251 0.963365
35.000000 -0.304154 0.153093 0.64055 0.19675 -0.490577 -0.504452 1.77979 -0.0947751 0.343712 0.779737 -0.624516 0.0446164 0.600196 0.765854 0.230721 -0.178259 -0.153123 0.971996
35.020000 -0.2959 0.146674 0.628247 0.383165 -0.329753 -0.637134 2.58439 -0.199028 0.499921 0.774888 -0.630831 0.0400023 0.615333 0.767302 0.180589 -0.144615 -0.115321 0.982745
35.040000 -0.283661 0.143719 0.612978 0.586544 -0.166541 -0.791746 3.11392 -0.177586 0.61553 0.767902 -0.639555 0.0359961 0.632256 0.765764 0.11772 -0.102853 -0.0676388 0.992394
35.060000 -0.267446 0.143507 0.595602 0.797106 -0.0647342 -0.854881 3.11624 -0.287845 0.651444 0.759435 -0.649781 0.0323132 0.648049 0.759922 0.0505119 -0.0573772 -0.01742 0.998201
35.080000 -0.248023 0.145455 0.579417 0.93738 0.0665984 -0.778426 3.00415 -0.404583 0.279731 0.75345 -0.657032 0.0249627 0.657419 0.753423 -0.0124157 -0.01065 0.0257656 0.999611
35.100000 -0.228242 0.148478 0.567185 0.941978 0.146358 -0.530516 3.11491 0.0333351 -0.220097 0.754858 -0.655514 0.0221409 0.655112 0.751893 -0.0740642 0.0319026 0.0704127 0.997008
35.120000 -0.210116 0.15105 0.564394 0.878195 0.132042 -0.013864 2.33914 0.954696 -0.224832 0.758533 -0.650662 0.0355895 0.649331 0.750133 -0.125181 0.0547535 0.118063 0.991495
35.140000 -0.193507 0.156913 0.566736 0.798314 0.346389 0.150741 1.69984 1.1639 -0.362317 0.763933 -0.642644 0.0584403 0.642463 0.748977 -0.162093 0.0603974 0.161374 0.985044
35.160000 -0.180463 0.164813 0.571332 0.610541 0.406158 0.245386 1.01325 0.795366 -0.302105 0.769279 -0.634527 0.0747334 0.635951 0.749207 -0.185081 0.0614479 0.189905 0.979878
35.180000 -0.171214 0.170895 0.575998 0.447774 0.310885 0.241397 0.825039 0.0853124 -0.364686 0.774555 -0.628001 0.0753675 0.628494 0.750755 -0.203377 0.0711382 0.204895 0.976195
35.200000 -0.163904 0.177228 0.580694 0.335573 0.313431 0.221119 0.563376 0.0105217 -0.210153 0.777343 -0.624509 0.0756715 0.624317 0.751092 -0.214681 0.0772339 0.214124 0.973748
35.220000 -0.160276 0.183244 0.58274 0.164975 0.298988 0.0826752 -0.131561 -0.341942 -0.0821524 0.778166 -0.624421 0.0675017 0.622609 0.752817 -0.213597 0.0825579 0.208241 0.974587
35.240000 -0.158747 0.188396 0.582749 0.058564 0.235727 -0.0486576 -0.712638 -0.663184 0.153836 0.776029 -0.628303 0.0549075 0.624888 0.75417 -0.201849 0.0854126 0.190951 0.977876
35.260000 -0.160653 0.19152 0.581507 -0.124318 0.146886 -0.0720279 -1.03292 -0.561435 0.0899265 0.773389 -0.632508 0.0424537 0.628617 0.756531 -0.180283 0.0819129 0.166116 0.982698
35.280000 -0.167046 0.191509 0.579718 -0.339761 -0.019192 -0.100924 -1.40621 -0.251276 0.154514 0.77108 -0.63573 0.0358155 0.63294 0.759134 -0.151991 0.0694363 0.139866 0.987733
35.300000 -0.178287 0.188301 0.579095 -0.605813 -0.170919 -0.0160398 -1.47571 -0.237323 0.296782 0.766563 -0.641347 0.0324798 0.639999 0.75884 -0.120674 0.0527472 0.113292 0.992161
35.320000 -0.193347 0.18013 0.581591 -0.77126 -0.450832 0.144605 -1.55047 -0.407081 0.184736 0.762915 -0.645995 0.0255058 0.645411 0.758753 -0.0879686 0.0374747 0.0835744 0.995797
35.340000 -0.211649 0.166383 0.586612 -0.914776 -0.750829 0.271771 -1.49396 -0.658347 0.0228766 0.762109 -0.647333 0.0122173 0.646889 0.760531 -0.055927 0.0269118 0.0505257 0.99836
35.360000 -0.231476 0.147281 0.592238 -0.952455 -0.959183 0.277864 -1.44115 -0.784271 -0.239632 0.764584 -0.644511 -0.00419019 0.644246 0.764428 -0.0244535 0.0189637 0.0159972 0.999692
35.380000 -0.252655 0.124888 0.596916 -1.02662 -1.11922 0.211279 -1.43017 -0.7596 -0.351776 0.767882 -0.640271 -0.0202352 0.640484 0.767948 0.00602252 0.0116835 -0.0175849 0.999777
35.400000 -0.27423 0.102565 0.599975 -1.04694 -1.08152 0.133043 -1.17065 -0.725081 -0.333141 0.771803 -0.634888 -0.0351844 0.635825 0.771172 0.0319453 0.00685156 -0.0470266 0.99887
35.420000 -0.294366 0.0821932 0.601055 -0.972785 -0.98565 0.029278 -1.03032 -0.754111 -0.222771 0.774705 -0.63033 -0.0501642 0.632305 0.772839 0.0539511 0.00476184 -0.0735152 0.997283
35.440000 -0.311499 0.0631558 0.600115 -0.830621 -0.935576 -0.0769433 -0.970698 -0.793138 -0.0160741 0.774677 -0.62888 -0.0662285 0.632343 0.771101 0.0744678 0.00423757 -0.0995676 0.995022
35.460000 -0.326926 0.0446572 0.597152 -0.750557 -0.924635 -0.167644 -0.808441 -0.704615 -0.0414837 0.774863 -0.626946 -0.0807878 0.632112 0.769439 0.0916423 0.00470649 -0.122077 0.992509
35.480000 -0.340811 0.0261745 0.594034 -0.67605 -0.924392 -0.145613 -0.620177 -0.447264 -0.16058 0.776227 -0.623864 -0.0909177 0.630437 0.769167 0.104554 0.00470348 -0.138475 0.990355
35.500000 -0.352499 0.00747564 0.592221 -0.54591 -0.945855 -0.080389 -0.713563 -0.183105 -0.131898 0.777601 -0.621381 -0.0960283 0.628757 0.768434 0.11905 -0.000183863 -0.152952 0.988234
35.520000 -0.360119 -0.0113606 0.590848 -0.321409 -0.943901 -0.0869728 -0.411378 0.0328913 -0.0156143 0.777989 -0.620763 -0.0968865 0.628256 0.767357 0.128288 -0.00528989 -0.160676 0.986993
35.540000 -0.362921 -0.0290676 0.589145 -0.087588 -0.850184 -0.0684285 -0.188412 -0.112772 0.227165 0.776312 -0.622834 -0.0970394 0.630306 0.76522 0.13097 -0.00731618 -0.162838 0.986626
35.560000 -0.359918 -0.0440735 0.588335 0.215574 -0.70735 -0.0349549 0.511685 -0.0375508 0.407359 0.77212 -0.627891 -0.09789 0.635471 0.762295 0.12281 -0.0024903 -0.15703 0.987591
35.580000 -0.35109 -0.0540987 0.589702 0.484685 -0.452423 0.0900365 0.882722 -0.236443 0.748489 0.763633 -0.637393 -0.102933 0.645583 0.756098 0.107414 0.00936266 -0.148477 0.988872
35.600000 -0.337275 -0.0591914 0.59207 0.737568 -0.186982 0.109612 1.51648 0.00905289 0.97081 0.752339 -0.650214 -0.105864 0.658178 0.748731 0.0787634 0.0280503 -0.128934 0.991256
35.620000 -0.317498 -0.0579052 0.594112 1.03484 0.135496 0.13811 1.04562 0.101824 0.540038 0.74291 -0.661284 -0.103868 0.667962 0.74248 0.0505049 0.0437216 -0.1069 0.993308
35.640000 -0.292239 -0.0481186 0.596269 1.31511 0.567409 0.118128 1.37527 0.510072 -0.170955 0.741378 -0.664431 -0.0942858 0.668791 0.743126 0.0219604 0.0554751 -0.0793384 0.995303
35.660000 -0.260563 -0.0269457 0.60021 1.49449 1.13211 0.26388 1.97964 1.23402 -0.644893 0.7506 -0.657084 -0.0695753 0.65754 0.753171 -0.0193673 0.065128 -0.0312114 0.997389
35.680000 -0.226708 0.00347862 0.608681 1.72085 1.58221 0.437713 1.81697 1.64193 -0.676227 0.762466 -0.646073 -0.0351485 0.643838 0.762974 -0.0578205 0.0641737 0.0214562 0.997708
35.700000 -0.193564 0.0372962 0.61594 1.57919 1.67438 0.325809 1.7837 1.58658 -0.665584 0.77328 -0.634057 -0.00315985 0.630967 0.769984 -0.094897 0.0626031 0.0713882 0.995482
35.720000 -0.166731 0.0705065 0.619497 1.27176 1.6312 0.127811 1.54977 1.68067 -0.626742 0.783427 -0.620806 0.0290046 0.618894 0.775057 -0.127504 0.0566749 0.117841 0.991414
35.740000 -0.146332 0.0980346 0.620047 1.01707 1.30239 0.00858281 0.756503 1.12016 -0.769331 0.793516 -0.606366 0.051503 0.606642 0.781495 -0.14578 0.0481467 0.146923 0.987976
35.760000 -0.130507 0.120465 0.618015 0.772643 1.0892 -0.133904 0.0574611 0.701219 -0.851586 0.804282 -0.590768 0.0642119 0.59305 0.791108 -0.149798 0.0376975 0.158561 0.986629
35.780000 -0.118184 0.139698 0.613541 0.593709 0.916811 -0.268772 -0.363508 0.376872 -0.980876 0.816073 -0.573661 0.070266 0.577331 0.803531 -0.14501 0.0267258 0.158905 0.986932
35.800000 -0.105828 0.157372 0.607777 0.614306 0.845707 -0.277223 -0.84053 0.484135 -1.01904 0.827862 -0.555983 0.0743382 0.560822 0.817788 -0.129233 0.0110586 0.148678 0.988824
35.820000 -0.0951131 0.172523 0.601411 0.524877 0.739126 -0.295694 -0.865044 0.704262 -0.923585 0.838623 -0.538474 0.0821984 0.544642 0.831328 -0.110722 -0.00871296 0.137623 0.990446
35.840000 -0.0870913 0.184158 0.597365 0.371516 0.527203 -0.174925 -0.351692 0.888775 -0.519916 0.845057 -0.525784 0.0971062 0.533925 0.839458 -0.101166 -0.0283249 0.137339 0.990119
35.860000 -0.0842836 0.190774 0.595424 0.0891561 0.297398 -0.073287 -0.554236 0.539744 -0.333144 0.848339 -0.517908 0.109963 0.527462 0.844716 -0.090774 -0.0458751 0.135009 0.989782
35.880000 -0.0895301 0.192364 0.59708 -0.30785 0.0290313 0.138383 -1.04948 0.113849 -0.204256 0.850755 -0.513429 0.11228 0.522128 0.850066 -0.0690656 -0.0599851 0.117382 0.991274
35.900000 -0.101869 0.187447 0.604801 -0.611861 -0.283873 0.523449 -2.23961 -0.498355 -0.0436258 0.852619 -0.512019 0.104298 0.517143 0.855439 -0.0280457 -0.074861 0.0778496 0.994151
35.920000 -0.120396 0.173858 0.615619 -0.952636 -0.774575 0.559376 -2.49838 -0.39947 0.0771083 0.852939 -0.513423 0.0942915 0.513718 0.857651 0.0229968 -0.0926763 0.0288243 0.995279
35.940000 -0.142926 0.15353 0.627163 -1.14288 -1.07572 0.597214 -2.68259 -0.603644 0.313838 0.851706 -0.517643 0.0815043 0.512229 0.855219 0.0788859 -0.110539 -0.0254388 0.993546
35.960000 -0.167607 0.128079 0.640158 -1.22041 -1.29422 0.635544 -2.72094 -0.715369 0.388121 0.849575 -0.52331 0.0660934 0.512051 0.848317 0.134764 -0.126592 -0.080649 0.988671
35.980000 -0.190573 0.0998022 0.651305 -1.10742 -1.42215 0.524062 -2.28921 -0.597216 0.525592 0.846651 -0.529672 0.0512729 0.513263 0.838246 0.184133 -0.140509 -0.12958 0.981563
36.000000 -0.210508 0.0733977 0.660905 -1.02375 -1.27926 0.447132 -1.3321 -0.516514 0.515262 0.842564 -0.537251 0.0380299 0.518234 0.827918 0.214441 -0.146695 -0.160972 0.975996
36.020000 -0.229445 0.0483001 0.667903 -0.934629 -1.2463 0.336332 -0.774324 0.0738385 0.662942 0.836091 -0.547457 0.0352387 0.525992 0.818241 0.231976 -0.155831 -0.175418 0.972083
36.040000 -0.247225 0.0241388 0.672489 -0.869755 -1.19718 0.200154 -0.496792 0.0810204 0.701938 0.828074 -0.559572 0.0342395 0.536158 0.80831 0.24325 -0.163792 -0.183071 0.969359
36.060000 -0.262523 0.00154533 0.67254 -0.721559 -1.12618 -0.0890399 0.0752698 0.137652 0.462633 0.822161 -0.568315 0.0326964 0.544765 0.802159 0.244483 -0.165171 -0.183193 0.969102
36.080000 -0.275606 -0.0191538 0.666598 -0.628877 -1.03096 -0.322333 0.25857 0.0244215 0.262661 0.819113 -0.572774 0.0313559 0.549861 0.799569 0.24154 -0.163419 -0.180607 0.969884
36.100000 -0.285241 -0.0379483 0.659342 -0.474281 -0.915296 -0.392182 0.714191 0.0254172 0.349872 0.815598 -0.577707 0.0324697 0.556628 0.798688 0.228609 -0.158002 -0.168379 0.972977
36.120000 -0.291153 -0.0538245 0.648809 -0.289563 -0.79129 -0.568537 1.4851 0.111951 0.381341 0.810904 -0.584212 0.0336425 0.567187 0.798817 0.200473 -0.143993 -0.143483 0.979121
36.140000 -0.292988 -0.0656495 0.634938 -0.115064 -0.574945 -0.728763 2.15096 -0.119398 0.581528 0.805041 -0.592406 0.0310478 0.581241 0.798169 0.158382 -0.118608 -0.109458 0.98689
36.160000 -0.29036 -0.0721103 0.61713 0.103474 -0.303363 -0.925728 2.89882 -0.11165 0.772417 0.796702 -0.603689 0.0287333 0.59856 0.794724 0.100695 -0.0836233 -0.0630249 0.994502
36.180000 -0.281932 -0.0727364 0.597855 0.434191 -0.00712458 -0.964412 3.07563 -0.45587 1.1298 0.784378 -0.619907 0.021599 0.61904 0.784535 0.0359802 -0.0392495 -0.0148514 0.999119
36.200000 -0.270388 -0.0703454 0.57902 0.569451 0.103854 -0.924797 2.69604 -0.62436 1.00991 0.771166 -0.636504 0.0128891 0.636621 0.770861 -0.0220695 0.00411164 0.0252247 0.999673
36.220000 -0.254111 -0.066171 0.564007 0.890087 0.19126 -0.663826 2.82101 -0.565889 -0.184096 0.768205 -0.640202 0.00164168 0.638277 0.765693 -0.0794786 0.0496253 0.0621037 0.996835
36.240000 -0.234933 -0.0650615 0.559539 0.980082 0.0911965 -0.119217 2.76582 0.781859 -0.256947 0.769538 -0.638403 0.0159278 0.634173 0.761031 -0.136588 0.0750768 0.115211 0.9905
36.260000 -0.219667 -0.0614012 0.563809 0.738677 0.236506 0.256866 2.1539 1.12893 -0.0727123 0.773108 -0.633121 0.0382221 0.628484 0.756535 -0.180725 0.0855047 0.163742 0.982791
36.280000 -0.209192 -0.0527044 0.570218 0.371992 0.52025 0.342561 1.57751 0.993681 -0.242908 0.776414 -0.627537 0.058129 0.623496 0.751412 -0.215945 0.0918345 0.203906 0.974674
36.300000 -0.203256 -0.0407578 0.575183 0.295888 0.610267 0.24868 1.25611 0.911906 0.129258 0.777423 -0.624515 0.0747925 0.621623 0.74475 -0.24276 0.0959055 0.23522 0.967199
36.320000 -0.200122 -0.0300302 0.582213 0.152928 0.488641 0.419488 0.808871 0.375378 -0.000409961 0.777524 -0.62282 0.0869011 0.621557 0.740139 -0.256632 0.0955169 0.253552 0.962594
36.340000 -0.201582 -0.0224223 0.586467 -0.0940265 0.325664 0.130574 -0.427602 -0.461807 -0.317018 0.779588 -0.621729 0.0754648 0.618304 0.744854 -0.250784 0.0997092 0.242168 0.965097
36.360000 -0.204044 -0.0199603 0.586458 -0.119542 0.0488885 -0.0220625 -1.12766 -0.74753 -0.107543 0.779978 -0.622931 0.0599226 0.618101 0.751855 -0.229488 0.097902 0.216034 0.971465
36.380000 -0.209193 -0.0215334 0.585393 -0.263437 -0.0848542 -0.0832567 -1.56876 -0.529375 -0.244657 0.781605 -0.622024 0.0466808 0.617592 0.76118 -0.197951 0.087598 0.183549 0.9791
36.400000 -0.216681 -0.0258307 0.584159 -0.346063 -0.205602 -0.060703 -1.85418 -0.39059 -0.0733382 0.78221 -0.621871 0.0377286 0.619021 0.768924 -0.159899 0.0704262 0.148429 0.986412
36.420000 -0.227489 -0.0326904 0.584263 -0.521724 -0.341426 0.0256349 -2.10796 -0.428822 -0.0839435 0.782803 -0.621584 0.0291901 0.620277 0.775687 -0.116471 0.049754 0.10928 0.992765
36.440000 -0.241029 -0.0423789 0.587427 -0.731098 -0.571888 0.197704 -2.22582 -0.581385 -0.265545 0.787197 -0.616498 0.0158517 0.615913 0.784632 -0.0707373 0.0311716 0.0654475 0.997369
36.460000 -0.25936 -0.0584978 0.591787 -0.846299 -0.768707 0.224612 -2.486 -0.900708 -0.477949 0.792467 -0.609906 -0.00339006 0.609768 0.792386 -0.0175241 0.0133743 0.0118201 0.999841
36.480000 -0.277845 -0.0772464 0.598645 -0.894909 -0.9262 0.352325 -2.37439 -0.84431 -0.470038 0.799256 -0.600574 -0.0223849 0.600989 0.798603 0.0323449 -0.00154889 -0.0393049 0.999226
36.500000 -0.29531 -0.098894 0.60516 -0.796983 -1.08993 0.301537 -2.43398 -0.918358 -0.479174 0.804824 -0.592135 -0.0404385 0.59329 0.800778 0.0822346 -0.0163117 -0.0901761 0.995792
36.520000 -0.309797 -0.121006 0.610353 -0.674622 -1.08575 0.246482 -2.0652 -0.707352 -0.396144 0.810199 -0.583565 -0.0550503 0.585401 0.800817 0.126482 -0.0297254 -0.134702 0.99044
36.540000 -0.321633 -0.14247 0.614112 -0.543824 -1.05326 0.165046 -1.62272 -0.489448 -0.227657 0.813862 -0.577391 -0.0651767 0.579592 0.798722 0.161606 -0.0412518 -0.169301 0.984701
36.560000 -0.330844 -0.161051 0.615576 -0.416533 -0.912341 0.010761 -1.03429 -0.0841787 -0.234444 0.816964 -0.572695 -0.0677551 0.574293 0.797235 0.186022 -0.052517 -0.190884 0.980207
36.580000 -0.336619 -0.177797 0.614132 -0.267454 -0.824464 -0.100927 -0.554387 0.0213998 -0.204419 0.819367 -0.569373 -0.066728 0.570135 0.797189 0.198585 -0.0598738 -0.200758 0.97781
36.600000 -0.33994 -0.192833 0.611186 -0.165108 -0.735379 -0.157105 -0.176375 -0.0148763 -0.305092 0.82285 -0.564524 -0.065036 0.56481 0.799894 0.202877 -0.0625072 -0.203671 0.977042
36.620000 -0.342833 -0.207497 0.605407 -0.122599 -0.753916 -0.308548 0.311986 0.305319 -0.618681 0.828644 -0.556571 -0.0598125 0.556257 0.806761 0.199286 -0.0626621 -0.198408 0.978114
36.640000 -0.341888 -0.219549 0.599296 0.0986867 -0.536872 -0.320044 1.02654 0.0802902 -0.289435 0.832938 -0.550746 -0.0537836 0.550553 0.814994 0.180766 -0.0557226 -0.180177 0.982055
36.660000 -0.335908 -0.224825 0.592972 0.296259 -0.19235 -0.302817 1.5262 -0.314049 0.117277 0.833236 -0.549905 -0.0576295 0.551773 0.820282 0.150615 -0.0355515 -0.157296 0.986911
36.680000 -0.326446 -0.223553 0.589281 0.421574 0.0552466 -0.0784283 1.47275 -0.377224 0.333529 0.830552 -0.553261 -0.0639205 0.556848 0.822821 0.113514 -0.0102078 -0.129873 0.991478
36.700000 -0.316531 -0.216654 0.594733 0.381427 0.315167 0.400984 1.00521 0.0881456 0.124912 0.827636 -0.557518 -0.0647432 0.561239 0.823181 0.0859268 0.00538964 -0.107453 0.994196
36.720000 -0.305923 -0.205816 0.606087 0.623233 0.604198 0.53013 1.80791 -0.0836891 -0.400154 0.830562 -0.553509 -0.0615976 0.556565 0.828913 0.0560306 0.0200456 -0.0808199 0.996527
36.740000 -0.286171 -0.187552 0.616987 0.937847 0.943011 0.547558 2.18948 0.150844 -0.0742282 0.832354 -0.551074 -0.0591964 0.552638 0.83332 0.012999 0.0421661 -0.0435339 0.998162
36.760000 -0.265816 -0.164861 0.628163 0.94419 1.12061 0.546991 2.64469 0.678175 -0.0770457 0.834289 -0.549295 -0.0473029 0.547867 0.835593 -0.0403189 0.0616729 0.00772185 0.998067
36.780000 -0.248051 -0.142203 0.637594 0.825804 1.05429 0.430641 2.81298 0.969438 -0.038587 0.836428 -0.547336 -0.0284812 0.542633 0.834308 -0.0973609 0.0770512 0.0659805 0.994842
36.800000 -0.233177 -0.121299 0.646066 0.705254 1.00162 0.415623 2.30016 0.916449 -0.0730143 0.838823 -0.544322 -0.00945574 0.537302 0.83055 -0.146605 0.0876538 0.117895 0.98915
36.820000 -0.223851 -0.102353 0.651352 0.43333 0.921939 0.23585 2.01025 0.830505 -0.0394559 0.840853 -0.541212 0.00751835 0.532792 0.825164 -0.187713 0.0953889 0.161845 0.982195
36.840000 -0.217579 -0.0854916 0.654015 0.301073 0.822373 0.0973619 1.52039 0.5707 -0.0808993 0.84283 -0.537825 0.0195482 0.52839 0.820055 -0.219801 0.102184 0.195584 0.975349
36.860000 -0.213933 -0.0703852 0.653882 0.16704 0.743185 -0.0367812 1.08324 0.322245 -0.143355 0.845019 -0.534093 0.02623 0.52372 0.816709 -0.242288 0.107982 0.218475 0.96985
36.880000 -0.213375 -0.0561348 0.651334 -0.00847155 0.712287 -0.160229 0.58482 -0.12725 -0.429574 0.848966 -0.527872 0.0246501 0.515895 0.817792 -0.255085 0.114494 0.229276 0.966604
36.900000 -0.214352 -0.0416387 0.646894 -0.0697239 0.700547 -0.234297 -0.0638781 -0.0464407 -0.4215 0.853721 -0.520354 0.0197827 0.50744 0.822803 -0.255932 0.116898 0.228533 0.966492
36.920000 -0.218202 -0.0306101 0.641599 -0.20592 0.53244 -0.290111 -0.768438 0.0788629 -0.0508779 0.854824 -0.518547 0.0195948 0.507167 0.82688 -0.243004 0.109807 0.217664 0.969827
36.940000 -0.225661 -0.0226304 0.634125 -0.376848 0.38411 -0.403478 -1.38749 0.238697 0.0643997 0.854814 -0.518422 0.023074 0.510525 0.832156 -0.21652 0.0930476 0.196864 0.976005
36.960000 -0.237196 -0.0184049 0.624163 -0.570446 0.194769 -0.526186 -2.11178 0.282133 0.27639 0.852883 -0.52131 0.0287596 0.517719 0.837313 -0.175709 0.0675178 0.164748 0.984022
36.980000 -0.254179 -0.0190591 0.611316 -0.819148 -0.0457763 -0.689433 -2.80251 0.156559 0.526182 0.848509 -0.528145 0.0330919 0.528029 0.840882 -0.118756 0.0348938 0.118239 0.992372
37.000000 -0.278421 -0.0238724 0.595956 -1.18721 -0.174512 -0.775462 -3.38374 -0.158298 0.514272 0.842925 -0.537154 0.0307175 0.538031 0.841569 -0.0477849 -0.000183084 0.056806 0.998385
37.020000 -0.307445 -0.0304634 0.584318 -1.40367 -0.274926 -0.522714 -3.76051 -0.710678 0.50879 0.836905 -0.547033 0.0185891 0.546403 0.836972 0.0303402 -0.0321556 -0.0152347 0.999367
37.040000 -0.334881 -0.037913 0.580926 -1.36611 -0.445248 -0.0592236 -2.86895 -1.08358 0.0421452 0.834805 -0.550536 -0.00327241 0.548369 0.830962 0.0937771 -0.0489084 -0.0800801 0.995588
37.060000 -0.361607 -0.0510612 0.584454 -1.28702 -0.708604 0.199571 -1.86035 -0.836785 -0.41074 0.839059 -0.543606 -0.0217319 0.541175 0.829879 0.13576 -0.0557652 -0.125671 0.990503
37.080000 -0.383093 -0.0647199 0.586175 -1.00549 -0.662992 0.0359845 -1.26098 -0.408333 -0.438188 0.844304 -0.535009 -0.0302658 0.532246 0.83071 0.163204 -0.0621738 -0.153903 0.986128
37.100000 -0.402092 -0.0772832 0.587719 -0.942001 -0.607793 0.0755664 -0.762069 -0.7205 -0.372825 0.849135 -0.526517 -0.0418243 0.52478 0.832063 0.179659 -0.0597928 -0.174503 0.98284
37.120000 -0.419633 -0.0862663 0.58658 -0.843282 -0.427517 -0.076632 -0.402113 -0.825211 -0.522496 0.855011 -0.515416 -0.0574608 0.516241 0.835291 0.189167 -0.0495032 -0.191404 0.980262
37.140000 -0.433554 -0.0945643 0.581908 -0.679918 -0.398098 -0.286676 -0.461987 -1.15046 -0.620215 0.862213 -0.501248 -0.0730758 0.505153 0.840154 0.197387 -0.0375449 -0.207104 0.977598
37.160000 -0.444336 -0.102087 0.575161 -0.506741 -0.381356 -0.307326 -0.0246391 -0.824547 -0.583681 0.868865 -0.487231 -0.087637 0.494484 0.845704 0.200677 -0.0236611 -0.217696 0.97573
37.180000 -0.452594 -0.109891 0.570931 -0.43635 -0.375822 -0.177616 0.274855 -0.240973 -0.437054 0.874366 -0.477399 -0.0870334 0.484881 0.852343 0.195966 -0.0193717 -0.213547 0.976741
37.200000 -0.458686 -0.115362 0.568833 -0.264305 -0.235584 -0.0687151 0.490261 -0.312237 -0.339291 0.878072 -0.469918 -0.0903699 0.478435 0.858361 0.185244 -0.00947956 -0.205894 0.978528
37.220000 -0.458296 -0.116231 0.569656 0.0929302 0.0343293 0.0724953 0.83056 -0.26249 -0.0688956 0.879954 -0.465668 -0.0939911 0.47505 0.863732 0.168212 0.00285236 -0.192669 0.98126
37.240000 -0.451772 -0.111897 0.573246 0.410356 0.229587 0.22794 1.19249 -0.215667 -0.000147158 0.878993 -0.466866 -0.096996 0.476521 0.867431 0.143147 0.0173069 -0.172046 0.984937
37.260000 -0.436245 -0.103019 0.579861 0.840799 0.491904 0.363873 1.66787 0.0525584 0.19494 0.877721 -0.469336 -0.0965843 0.478016 0.871623 0.10851 0.0332573 -0.141411 0.989392
37.280000 -0.414476 -0.0878373 0.589415 1.00957 0.814877 0.53302 2.08269 0.31191 0.314009 0.875326 -0.475092 -0.0899581 0.481077 0.874404 0.0631067 0.0486783 -0.0985157 0.993944
37.300000 -0.385747 -0.0637048 0.600205 1.39983 1.22297 0.52201 2.39818 0.814958 0.456384 0.872272 -0.483397 -0.0739496 0.485459 0.874179 0.0118553 0.0589143 -0.0462406 0.997192
37.320000 -0.353588 -0.0357868 0.609204 1.57418 1.39064 0.417908 2.44994 0.675774 0.387453 0.868654 -0.492001 -0.0580987 0.490357 0.870567 -0.0407899 0.0706475 0.00694321 0.997477
37.340000 -0.320902 -0.00512828 0.615526 1.62364 1.53503 0.32341 2.089 0.510821 0.445009 0.865417 -0.498755 -0.0479248 0.493888 0.865249 -0.0861348 0.084427 0.050873 0.99513
37.360000 -0.290667 0.0240091 0.620291 1.48113 1.43496 0.262483 1.22226 0.425046 0.372378 0.862891 -0.503758 -0.0405827 0.496757 0.860192 -0.115334 0.0930093 0.0793609 0.992497
37.380000 -0.264563 0.0517692 0.62365 1.2411 1.38538 0.0973666 0.844174 0.452584 0.400204 0.859534 -0.510251 -0.029071 0.502539 0.85416 -0.133662 0.0930327 0.100278 0.9906
37.400000 -0.244373 0.0786742 0.622202 0.97222 1.3195 -0.0914724 0.711792 0.799407 0.432925 0.856676 -0.515593 -0.0164433 0.507955 0.848684 -0.147366 0.0899363 0.117893 0.988945
37.420000 -0.22701 0.103941 0.618268 0.842803 1.2496 -0.251035 0.726366 1.18554 0.39944 0.854387 -0.519579 0.00780881 0.51386 0.842557 -0.161384 0.0772726 0.141897 0.986861
37.440000 -0.21189 0.127878 0.609469 0.713465 1.1929 -0.515243 0.448957 1.00945 0.295123 0.852575 -0.521736 0.0301226 0.518665 0.837678 -0.171121 0.064047 0.161517 0.984789
37.460000 -0.200695 0.148302 0.598318 0.524727 1.00933 -0.552353 0.603458 1.1906 0.333691 0.850345 -0.523319 0.0552309 0.523653 0.831149 -0.187025 0.0519688 0.187958 0.980801
37.480000 -0.192646 0.16567 0.587347 0.409899 0.820165 -0.591612 -0.47899 1.05033 0.548565 0.846363 -0.527223 0.0755315 0.531674 0.82796 -0.17834 0.0314879 0.191099 0.981066
37.500000 -0.189798 0.178223 0.576369 0.0863255 0.552929 -0.49778 -0.808297 1.5094 0.749305 0.83986 -0.533043 0.10247 0.542803 0.82488 -0.15792 -0.000346868 0.188251 0.982121
37.520000 -0.195964 0.18439 0.57037 -0.41431 0.252571 -0.217251 -1.23748 1.21562 0.534741 0.831952 -0.539126 0.131144 0.55367 0.822052 -0.132964 -0.0361233 0.18323 0.982406
37.540000 -0.210957 0.185326 0.571364 -0.764179 -0.0429429 0.0875144 -1.29144 0.70229 0.340489 0.824977 -0.546207 0.14516 0.561618 0.821032 -0.102431 -0.0632328 0.166027 0.984092
37.560000 -0.227448 0.176398 0.579402 -0.859514 -0.624192 0.508316 -1.9834 -0.352374 -0.306838 0.827173 -0.544199 0.140116 0.555989 0.828768 -0.0634064 -0.0816177 0.130351 0.988103
37.580000 -0.245358 0.155928 0.592301 -0.789219 -1.0651 0.674298 -2.29784 -0.783081 -0.368324 0.831524 -0.540234 0.12929 0.546548 0.837263 -0.0166314 -0.0992653 0.0844928 0.991467
37.600000 -0.266543 0.127621 0.606432 -1.05453 -1.48275 0.694243 -2.32908 -0.626658 0.125703 0.832707 -0.541449 0.115894 0.541697 0.83996 0.0321032 -0.114729 0.036047 0.992743
37.620000 -0.288772 0.0942795 0.618722 -1.07569 -1.62867 0.637615 -2.41556 -0.938385 0.376736 0.830998 -0.547548 0.0981533 0.541301 0.836606 0.0841703 -0.128203 -0.0168149 0.991605
37.640000 -0.308234 0.0590631 0.62795 -0.897577 -1.7635 0.390617 -1.96086 -0.695381 0.543569 0.827923 -0.554917 0.0813018 0.543546 0.829639 0.127505 -0.138206 -0.0613733 0.9885
37.660000 -0.324301 0.0268613 0.634369 -0.827046 -1.55239 0.277011 -1.25031 -1.10179 0.535372 0.824182 -0.563023 0.0610713 0.549377 0.821038 0.155182 -0.137513 -0.0943466 0.985996
37.680000 -0.337069 -0.00262672 0.635724 -0.597439 -1.45551 0.00154146 -0.659249 -0.424605 0.518533 0.820068 -0.570238 0.0481288 0.555717 0.813612 0.17092 -0.136623 -0.11342 0.984109
37.700000 -0.34903 -0.0279929 0.633366 -0.615727 -1.20161 -0.205264 -0.698386 -1.11495 0.6255 0.815769 -0.577681 0.0283923 0.563739 0.805138 0.184257 -0.129301 -0.134305 0.982468
37.720000 -0.35881 -0.0515954 0.626211 -0.455079 -1.17071 -0.375644 0.0377803 -0.237674 0.577893 0.810109 -0.585946 0.0197433 0.573065 0.798511 0.184329 -0.123772 -0.138013 0.982666
37.740000 -0.36515 -0.0742583 0.618691 -0.27798 -1.12905 -0.38222 0.355062 -0.285487 0.591509 0.804097 -0.594335 0.0139664 0.582801 0.792694 0.178828 -0.117355 -0.135655 0.983781
37.760000 -0.368692 -0.0941926 0.60904 -0.148061 -0.97374 -0.517165 0.396638 -0.606721 0.720627 0.796795 -0.604244 0.00269616 0.594935 0.785285 0.171402 -0.105686 -0.134968 0.985197
37.780000 -0.369854 -0.110601 0.598788 -0.0404592 -0.787002 -0.526441 0.549875 -1.01054 0.69964 0.790173 -0.612644 -0.0171356 0.607028 0.778461 0.159738 -0.0845229 -0.136622 0.987011
37.800000 -0.369475 -0.121136 0.589863 -0.0353516 -0.435016 -0.368071 0.376911 -1.49996 0.908032 0.78214 -0.621458 -0.0452463 0.620505 0.7702 0.14753 -0.056835 -0.143465 0.988022
37.820000 -0.371142 -0.12879 0.588668 -0.190375 -0.470258 0.114124 -0.0594813 -1.17409 0.336565 0.777427 -0.624946 -0.0710649 0.628094 0.765398 0.140228 -0.0332421 -0.153653 0.987566
37.840000 -0.373429 -0.131872 0.592231 0.00454216 -0.0327106 0.123552 1.44118 -0.537773 -0.0530216 0.776353 -0.625064 -0.081059 0.630175 0.767217 0.119403 -0.0124449 -0.143781 0.989531
37.860000 -0.367093 -0.130695 0.598253 0.461602 0.153428 0.380878 1.92307 0.0126731 -0.59089 0.779584 -0.621037 -0.0810013 0.626181 0.775382 0.0817318 0.0120484 -0.114438 0.993357
37.880000 -0.354489 -0.121957 0.610171 0.442971 0.409468 0.712777 2.3856 0.987381 -0.6765 0.789281 -0.610505 -0.0657146 0.613194 0.789267 0.0324237 0.0320716 -0.0658872 0.997312
37.900000 -0.343809 -0.108291 0.623806 0.483266 0.718204 0.651121 2.74579 1.1264 -0.536563 0.797402 -0.602014 -0.0415869 0.601651 0.798452 -0.0221548 0.0465426 -0.00735453 0.998889
37.920000 -0.335661 -0.0911736 0.634783 0.350818 0.862336 0.511671 2.77035 0.959329 -0.109393 0.800845 -0.5985 -0.021087 0.595462 0.799543 -0.0784582 0.0638172 0.0502764 0.996694
37.940000 -0.329729 -0.0745581 0.644158 0.287405 0.763005 0.48905 2.87972 0.6444 0.0544128 0.801425 -0.598068 -0.00573389 0.59202 0.79461 -0.134563 0.0850342 0.104448 0.990888
37.960000 -0.325991 -0.0605385 0.651713 0.169669 0.66997 0.340922 2.35682 0.364914 0.188466 0.800194 -0.599732 0.00335875 0.589963 0.786128 -0.184247 0.107859 0.149415 0.982874
37.980000 -0.324836 -0.049363 0.65692 0.0374123 0.535393 0.239476 1.68633 0.120146 0.133641 0.798997 -0.601287 0.00754317 0.587863 0.778396 -0.220265 0.126571 0.180426 0.975411
38.000000 -0.324656 -0.0385691 0.660156 0.00914233 0.534562 0.129579 1.05919 0.0335965 0.117937 0.797795 -0.60286 0.00907937 0.586453 0.772409 -0.243839 0.139988 0.199858 0.969773
38.020000 -0.325005 -0.0294154 0.659512 -0.0256963 0.449275 -0.0555783 0.812586 -0.0112379 0.158469 0.795914 -0.605331 0.00973689 0.586429 0.766866 -0.260801 0.150404 0.213285 0.965344
38.040000 -0.326684 -0.021471 0.657327 -0.0855061 0.392484 -0.11673 0.465869 0.0265062 0.259245 0.793263 -0.608777 0.0111681 0.588406 0.761745 -0.27115 0.156562 0.221665 0.962472
38.060000 -0.330367 -0.0155908 0.654479 -0.213892 0.233079 -0.163796 0.0101985 -0.0471165 0.562974 0.787855 -0.615729 0.0127845 0.59531 0.756082 -0.271928 0.157768 0.221851 0.962233
38.080000 -0.336886 -0.0128022 0.649831 -0.353445 0.114753 -0.245875 -0.84349 -0.21549 0.60352 0.780138 -0.625488 0.0122504 0.606701 0.751638 -0.258754 0.152639 0.209296 0.965866
38.100000 -0.345973 -0.0123026 0.642909 -0.449819 0.0355372 -0.368574 -1.38801 -0.034651 0.614657 0.772265 -0.635143 0.0141525 0.620349 0.749098 -0.232419 0.137018 0.188268 0.972513
38.120000 -0.357508 -0.0132165 0.632998 -0.569029 -0.0139231 -0.522381 -1.78139 0.0910363 0.470129 0.765317 -0.643428 0.0170365 0.633522 0.748329 -0.196606 0.113753 0.161259 0.980335
38.140000 -0.371792 -0.0149741 0.621221 -0.70474 -0.0458756 -0.601325 -2.22721 -0.0949587 0.343597 0.759319 -0.650525 0.0158587 0.644945 0.74912 -0.151211 0.0864864 0.125045 0.988374
38.160000 -0.388632 -0.0181234 0.607927 -0.82318 -0.112815 -0.673315 -2.60219 -0.281292 0.0989025 0.756089 -0.654389 0.0101518 0.652034 0.751851 -0.0978364 0.0563905 0.0805924 0.995151
38.180000 -0.407764 -0.0216819 0.5938 -0.939093 -0.130238 -0.711544 -2.87756 -0.531951 -0.152667 0.756047 -0.654516 -0.00120757 0.654003 0.755526 -0.0382213 0.0259288 0.0281073 0.999269
38.200000 -0.428155 -0.0240343 0.580903 -0.935314 -0.0912573 -0.590302 -2.87709 -0.560274 -0.20527 0.757966 -0.65214 -0.0141759 0.652286 0.757664 0.0216379 -0.00337038 -0.0256475 0.999665
38.220000 -0.441397 -0.0245165 0.57193 -0.504822 0.0104964 -0.40518 -2.89581 -0.745915 -0.107612 0.75954 -0.64985 -0.0281657 0.64971 0.755872 0.0808382 -0.0312431 -0.0796994 0.996329
38.240000 -0.448594 -0.0266315 0.569848 -0.333476 -0.16084 -0.0474746 -2.50737 -0.389291 0.153796 0.758927 -0.650258 -0.0345564 0.648459 0.749852 0.131234 -0.059424 -0.122006 0.990749
38.260000 -0.453277 -0.0322556 0.570503 -0.214332 -0.289219 0.0439662 -2.33107 -0.544233 0.367124 0.756183 -0.652644 -0.0473631 0.649241 0.739265 0.178811 -0.0816861 -0.165964 0.982743
38.280000 -0.456679 -0.0374338 0.572127 -0.1564 -0.219767 0.11719 -2.42433 -0.32068 0.309239 0.751736 -0.657042 -0.0564656 0.650802 0.725305 0.224473 -0.106533 -0.205492 0.972843
38.300000 -0.458502 -0.0432778 0.574096 -0.0665232 -0.308053 0.0904842 -1.88551 -0.112693 0.367422 0.747781 -0.66107 -0.0617295 0.651128 0.711988 0.262879 -0.129831 -0.23677 0.962852
38.320000 -0.458356 -0.052417 0.578008 0.0162803 -0.500674 0.202489 -0.803243 0.272396 0.445352 0.742089 -0.667654 -0.0595087 0.65435 0.702318 0.280313 -0.145358 -0.246957 0.958062
38.340000 -0.456873 -0.0621615 0.580971 0.0849763 -0.474902 0.103601 -0.268156 0.227942 0.640951 0.733254 -0.677552 -0.057111 0.662156 0.692445 0.286478 -0.154558 -0.247877 0.956383
38.360000 -0.452523 -0.0673562 0.581017 0.23319 -0.186758 -0.0190504 0.469653 0.0216828 0.882427 0.722977 -0.688328 -0.0592347 0.674027 0.683936 0.279139 -0.151626 -0.241737 0.958422
38.380000 -0.44478 -0.0682071 0.580419 0.408333 -0.00351679 -0.0534762 1.32305 0.341971 0.426131 0.715147 -0.696829 -0.0547218 0.684713 0.682672 0.2552 -0.140473 -0.219974 0.965339
38.400000 -0.434443 -0.0651299 0.577016 0.515079 0.178805 -0.212701 2.0201 0.592042 -0.0535678 0.713641 -0.699176 -0.0432401 0.689775 0.690598 0.217453 -0.122176 -0.185009 0.975113
38.420000 -0.421642 -0.0585413 0.571516 0.605211 0.324409 -0.279531 2.30986 0.651388 -0.49571 0.718181 -0.695241 -0.0292691 0.688906 0.704448 0.170764 -0.0981037 -0.142803 0.984877
38.440000 -0.405131 -0.0467795 0.568553 0.802723 0.599032 -0.116442 2.60912 0.615396 -0.813907 0.728227 -0.685183 -0.0144943 0.681729 0.722065 0.117762 -0.0702223 -0.0956383 0.992936
38.460000 -0.386243 -0.0320007 0.573772 0.899233 0.830711 0.440817 1.99424 0.491144 -1.10366 0.741179 -0.671304 0.00186893 0.669483 0.739368 0.0716066 -0.0494516 -0.0518221 0.997431
38.480000 -0.367153 -0.010287 0.584776 0.901103 1.0909 0.539864 2.18679 0.770733 -1.21888 0.757863 -0.652117 0.0196765 0.651616 0.758083 0.026576 -0.0322471 -0.00731946 0.999453
38.500000 -0.34925 0.0132431 0.594013 0.848561 1.16901 0.431508 2.2641 0.797469 -0.973075 0.770331 -0.63664 0.0357712 0.637483 0.770184 -0.0207679 -0.0143288 0.0388017 0.999144
38.520000 -0.334052 0.0365594 0.600498 0.682905 1.14237 0.291793 2.04407 0.805918 -0.619574 0.779593 -0.624136 0.0518618 0.626287 0.776905 -0.0646763 7.51088e-05 0.0829015 0.996558
38.540000 -0.323468 0.0593002 0.603699 0.462049 1.1209 0.108271 1.71591 0.639178 -0.242294 0.78388 -0.617451 0.0654779 0.620799 0.777342 -0.101728 0.0119133 0.120391 0.992655
38.560000 -0.316574 0.080606 0.602704 0.303456 1.05028 -0.082923 1.29207 0.416728 -0.0452072 0.78522 -0.614765 0.0741194 0.618822 0.7748 -0.129402 0.0221243 0.147476 0.988818
38.580000 -0.310916 0.0986671 0.601961 0.267751 0.885628 -0.0613448 1.007 0.476065 0.0229356 0.785821 -0.612954 0.0823025 0.617742 0.771547 -0.152022 0.0296824 0.170304 0.984944
38.600000 -0.308428 0.115561 0.598271 0.100025 0.83756 -0.215646 0.658513 0.427308 0.102687 0.785123 -0.612689 0.0905184 0.618517 0.76813 -0.165568 0.0319115 0.185978 0.982036
38.620000 -0.308611 0.13199 0.593351 -0.0204433 0.824182 -0.273771 0.740455 0.767013 0.0286024 0.7851 -0.610618 0.103751 0.618641 0.764973 -0.179166 0.0300351 0.204848 0.978333
38.640000 -0.310719 0.148673 0.586049 -0.136744 0.837806 -0.400708 -0.339786 0.369187 0.11965 0.784317 -0.610172 0.111971 0.619922 0.764104 -0.178442 0.023323 0.209369 0.977559
38.660000 -0.316619 0.162431 0.579431 -0.315038 0.645438 -0.244931 -0.286896 0.368415 0.265222 0.781096 -0.612628 0.120733 0.62427 0.762065 -0.171883 0.0132937 0.209627 0.977691
38.680000 -0.327437 0.169878 0.579651 -0.581322 0.279032 0.0994738 -0.593552 0.14554 0.429017 0.776527 -0.617589 0.124858 0.630079 0.760342 -0.157737 0.00248167 0.201158 0.979556
38.700000 -0.342061 0.16915 0.585256 -0.724241 -0.113214 0.327957 -0.521606 -0.274892 -0.0153121 0.776235 -0.618628 0.121485 0.630435 0.762675 -0.144495 -0.0032646 0.188751 0.98202
38.720000 -0.361682 0.158125 0.59369 -0.96793 -0.60278 0.40334 -0.824776 -0.684397 -0.270619 0.777855 -0.618899 0.109107 0.628432 0.767056 -0.12922 -0.00371719 0.169081 0.985595
38.740000 -0.385393 0.139601 0.600973 -1.10371 -0.907834 0.33764 -1.29417 -1.1288 -0.582861 0.784263 -0.614253 0.08732 0.620406 0.77761 -0.102071 -0.00520332 0.134225 0.990937
38.760000 -0.412584 0.112047 0.606706 -1.27052 -1.39706 0.269413 -1.99798 -1.35603 -0.838548 0.794567 -0.604406 0.0579385 0.607121 0.792163 -0.0623008 -0.00824177 0.0846778 0.996374
38.780000 -0.440774 0.0795598 0.61036 -1.4215 -1.61632 0.179509 -2.17511 -1.28153 -0.800337 0.804706 -0.592925 0.0298148 0.593502 0.804666 -0.0163691 -0.0142853 0.0308674 0.999421
38.800000 -0.468957 0.0453441 0.611174 -1.35299 -1.70011 -0.0182368 -1.76996 -0.908187 -0.319999 0.810412 -0.585797 0.00861096 0.585507 0.810347 0.0227856 -0.0203256 -0.013424 0.999703
38.820000 -0.496755 0.0127268 0.610801 -1.40455 -1.61828 -0.0200033 -1.34494 -1.00867 -0.00804361 0.811403 -0.584378 -0.0112688 0.584104 0.810023 0.0518274 -0.0211589 -0.0486351 0.998592
38.840000 -0.521378 -0.0142335 0.60871 -1.17924 -1.28941 -0.121819 -0.743415 -1.02136 0.175808 0.810103 -0.585435 -0.0316088 0.5861 0.807303 0.0689085 -0.0148235 -0.0743489 0.997122
38.860000 -0.540796 -0.0373003 0.604102 -0.95756 -1.08903 -0.263675 -0.715865 -1.3458 0.164666 0.808441 -0.586043 -0.0545538 0.588561 0.804263 0.0821953 -0.0042944 -0.0985583 0.995122
38.880000 -0.557753 -0.0575186 0.597858 -0.822317 -0.985261 -0.340964 -0.798375 -1.30076 0.154934 0.806511 -0.585713 -0.0804996 0.591172 0.80066 0.0972641 0.00748399 -0.126034 0.991998
38.900000 -0.572849 -0.0760696 0.58902 -0.729292 -0.904803 -0.466983 -1.00783 -1.32454 0.155988 0.804336 -0.584385 -0.107414 0.59391 0.796126 0.115991 0.0177317 -0.15709 0.987425
38.920000 -0.58532 -0.0928779 0.579529 -0.600683 -0.825386 -0.470067 -1.00384 -0.930782 0.216927 0.801492 -0.584023 -0.128557 0.59759 0.790213 0.135825 0.0222622 -0.185687 0.982357
38.940000 -0.596729 -0.106454 0.574249 -0.599849 -0.613486 -0.234877 -1.08597 -1.09957 0.610562 0.795859 -0.587291 -0.147301 0.60502 0.780858 0.155602 0.0236375 -0.212957 0.976776
38.960000 -0.606958 -0.115966 0.57144 -0.490055 -0.460941 -0.0914199 -0.244694 -0.62488 0.693976 0.787259 -0.593978 -0.16557 0.615873 0.770665 0.163636 0.0304026 -0.230794 0.972527
38.980000 -0.612958 -0.12145 0.572405 -0.232856 -0.19794 0.084513 0.619833 0.306868 0.757037 0.777444 -0.606845 -0.165287 0.628015 0.763335 0.151381 0.0343043 -0.221493 0.974558
39.000000 -0.611132 -0.116448 0.579414 0.173277 0.338064 0.324942 0.960621 0.491344 0.0953522 0.773129 -0.614537 -0.156892 0.63332 0.761384 0.138562 0.0343034 -0.206489 0.977847
39.020000 -0.600254 -0.102526 0.587666 0.642116 0.775623 0.421991 1.57571 0.779618 -0.453469 0.777085 -0.613605 -0.1401 0.627981 0.7708 0.107271 0.0421672 -0.171339 0.984309
39.040000 -0.583072 -0.0790155 0.59822 0.944107 1.257 0.50704 2.17547 0.788 -0.403454 0.782585 -0.610151 -0.123596 0.619872 0.782089 0.0639977 0.0576148 -0.126697 0.990267
39.060000 -0.561644 -0.0513119 0.607727 1.1554 1.45755 0.459087 1.52531 1.02219 -0.326178 0.78705 -0.608396 -0.102016 0.613799 0.788857 0.0309071 0.061672 -0.0869425 0.994303
39.080000 -0.534767 -0.0183158 0.614031 1.28299 1.6425 0.275104 1.64155 1.03353 -0.366656 0.793938 -0.602514 -0.0814825 0.604321 0.796735 -0.00307659 0.0667737 -0.046799 0.99667
39.100000 -0.50893 0.0163061 0.617501 1.249 1.70926 0.160652 1.76591 1.14432 0.0224979 0.796785 -0.601328 -0.0594911 0.600036 0.798992 -0.0396092 0.071351 -0.0041368 0.997443
39.120000 -0.485493 0.0494752 0.617378 1.13179 1.58983 -0.08416 1.39978 0.919684 0.392829 0.794845 -0.605595 -0.0384176 0.602336 0.795074 -0.0710586 0.0735776 0.0333403 0.996732
39.140000 -0.463925 0.0799548 0.616528 1.04779 1.49475 -0.0469903 1.12805 1.13564 0.52619 0.790301 -0.612503 -0.0162413 0.608551 0.787737 -0.0955841 0.0713394 0.0656565 0.995289
39.160000 -0.444106 0.109383 0.613643 0.970942 1.43114 -0.135739 1.00934 1.14777 0.576177 0.784998 -0.619468 0.0061074 0.615844 0.77926 -0.116146 0.0671893 0.0949354 0.993213
39.180000 -0.427579 0.135944 0.607651 0.813794 1.30569 -0.291371 0.716494 1.17317 0.677073 0.778171 -0.627416 0.028255 0.62523 0.76963 -0.129452 0.0594745 0.118402 0.991183
39.200000 -0.413231 0.159546 0.599391 0.70779 1.15164 -0.473832 0.392966 1.27302 0.665185 0.770933 -0.634536 0.0550179 0.635258 0.759823 -0.13826 0.0459274 0.14154 0.988867
39.220000 -0.401751 0.181137 0.588048 0.546398 1.07041 -0.600426 0.290044 1.41308 0.603279 0.764577 -0.639116 0.0833785 0.643884 0.751592 -0.14326 0.0288934 0.16322 0.986167
39.240000 -0.39204 0.203852 0.576196 0.449461 1.1679 -0.586648 0.260265 1.22201 0.55456 0.757297 -0.643998 0.108485 0.652954 0.743499 -0.14443 0.0123545 0.180212 0.98355
39.260000 -0.384667 0.2248 0.565462 0.375687 0.97973 -0.472908 1.0814 1.46378 0.474323 0.750628 -0.646442 0.136639 0.660724 0.734165 -0.156348 0.000754616 0.20764 0.978205
39.280000 -0.37963 0.240887 0.567799 0.150155 0.663711 0.350294 1.19004 0.505999 0.928793 0.740872 -0.655031 0.148469 0.671641 0.721683 -0.167547 0.00260093 0.223849 0.97462
39.300000 -0.382116 0.248045 0.575627 -0.193273 0.278655 0.369229 -0.157982 -0.446134 0.778138 0.72872 -0.669037 0.146139 0.684776 0.709722 -0.165456 0.00697814 0.220644 0.975329
39.320000 -0.389958 0.244755 0.580542 -0.443006 -0.340608 0.242778 -0.73211 -0.539557 -0.342732 0.729556 -0.670608 0.134288 0.683906 0.714042 -0.149723 0.00451856 0.201072 0.979566
39.340000 -0.403247 0.230315 0.58525 -0.699416 -0.810081 0.226091 -1.14158 -0.800335 -0.65951 0.737921 -0.664673 0.116968 0.674886 0.726998 -0.126499 -0.000954854 0.172287 0.985046
39.360000 -0.419776 0.209285 0.590188 -0.747288 -1.01539 0.272832 -1.11453 -1.26277 -0.979741 0.750077 -0.654971 0.0916389 0.661348 0.743252 -0.100977 -0.00197359 0.136346 0.990659
39.380000 -0.439107 0.182872 0.594995 -0.941575 -1.30923 0.216248 -1.68833 -1.49682 -1.10359 0.765285 -0.640988 0.0589337 0.64369 0.762285 -0.0677124 -0.00152141 0.0897543 0.995963
39.400000 -0.462256 0.153267 0.598178 -1.12021 -1.4733 0.142566 -1.95186 -1.40929 -0.827311 0.776946 -0.628952 0.0278253 0.629552 0.776479 -0.027285 -0.00444479 0.0387164 0.99924
39.420000 -0.486451 0.120651 0.599625 -1.20231 -1.62569 0.0659179 -1.97911 -1.33183 -0.611198 0.78539 -0.619001 -0.000407431 0.618939 0.785303 0.0146268 -0.00873404 -0.0117399 0.999893
39.440000 -0.511673 0.0866933 0.599439 -1.25685 -1.67708 -0.0234841 -1.71807 -1.12784 -0.308608 0.790526 -0.611936 -0.0245589 0.612303 0.788916 0.0519258 -0.0124003 -0.0560862 0.998349
39.460000 -0.538267 0.053426 0.597366 -1.30415 -1.62934 -0.102708 -1.26486 -0.847558 0.0292802 0.791887 -0.609241 -0.0417252 0.610469 0.788032 0.0795805 -0.0156029 -0.0884906 0.995955
39.480000 -0.563241 0.0218024 0.593417 -1.2254 -1.53498 -0.178821 -0.802741 -0.822321 0.412151 0.788515 -0.612322 -0.0574953 0.614873 0.782865 0.0951517 -0.0132524 -0.110381 0.993801
39.500000 -0.583049 -0.00524036 0.589944 -0.949108 -1.31751 -0.186237 -0.704404 -1.04235 0.524836 0.782351 -0.617865 -0.0785467 0.62281 0.774866 0.108123 -0.00594215 -0.13351 0.99103
39.520000 -0.601729 -0.0293346 0.583373 -0.902371 -1.19146 -0.341721 -0.489107 -1.07939 0.208658 0.779195 -0.618482 -0.101665 0.626752 0.770421 0.116759 0.00611145 -0.154697 0.987943
39.540000 -0.618659 -0.0527112 0.57559 -0.829284 -1.1781 -0.408118 -0.571026 -1.19215 0.254951 0.775825 -0.618442 -0.125002 0.630725 0.765447 0.127578 0.016783 -0.17782 0.98392
39.560000 -0.633317 -0.0750377 0.567969 -0.712252 -1.07534 -0.34709 -0.637138 -1.023 0.254867 0.77198 -0.618393 -0.147096 0.635112 0.759881 0.138609 0.0260602 -0.200426 0.979362
39.580000 -0.646563 -0.0932778 0.566359 -0.684339 -0.869201 0.0197879 -0.586554 -0.855399 0.654339 0.764568 -0.623002 -0.165241 0.643839 0.750191 0.150618 0.0301272 -0.221547 0.974684
39.600000 -0.658319 -0.106926 0.568163 -0.560365 -0.589469 0.0469697 -0.197787 -0.40998 0.95553 0.751274 -0.635318 -0.178767 0.659106 0.736233 0.153429 0.0341384 -0.233094 0.971855
39.620000 -0.666757 -0.112372 0.567298 -0.364651 -0.17567 -0.0517063 0.226912 0.0310839 0.624478 0.740842 -0.646819 -0.181046 0.670738 0.726689 0.148438 0.0355518 -0.231404 0.972208
39.640000 -0.66867 -0.108662 0.572916 -0.0336652 0.225434 0.291616 0.38179 0.303069 -0.0410884 0.73967 -0.649183 -0.177342 0.672051 0.726319 0.14425 0.0351627 -0.22588 0.97352
39.660000 -0.666537 -0.0997173 0.57874 0.175012 0.508441 0.288887 1.13672 0.442506 -0.287939 0.741733 -0.64947 -0.167394 0.669421 0.732271 0.125115 0.0413195 -0.204859 0.977919
39.680000 -0.660122 -0.0833027 0.586712 0.392097 0.891675 0.390374 1.64394 0.435989 -0.37758 0.746246 -0.646495 -0.158627 0.663211 0.742537 0.0937527 0.0571756 -0.175165 0.982877
39.700000 -0.647536 -0.0602598 0.59451 0.685458 1.21341 0.402817 1.66827 0.619687 -0.231323 0.750261 -0.645091 -0.144799 0.657336 0.751298 0.0588229 0.0708408 -0.139314 0.987711
39.720000 -0.629864 -0.0317032 0.603178 0.868576 1.43645 0.441661 1.59113 0.825943 0.00688499 0.751838 -0.646748 -0.128285 0.65433 0.755816 0.0243861 0.0811883 -0.102275 0.991437
39.740000 -0.608877 0.00054623 0.611737 1.01475 1.5989 0.403624 1.62304 1.04361 0.19138 0.75099 -0.651429 -0.107954 0.654294 0.756157 -0.0112464 0.0889562 -0.0621875 0.994092
39.760000 -0.586556 0.0342594 0.618756 1.08806 1.67115 0.324738 1.49163 1.10972 0.275816 0.74936 -0.656694 -0.0849271 0.655586 0.753822 -0.0442769 0.0930962 -0.0224977 0.995403
39.780000 -0.563601 0.0678401 0.624155 1.09864 1.67044 0.220369 1.30994 1.09685 0.231942 0.748175 -0.660557 -0.0624409 0.656603 0.750645 -0.0735087 0.0954276 0.0139985 0.995338
39.800000 -0.541879 0.101737 0.625937 1.05639 1.6652 0.0743888 1.16538 0.964592 0.313977 0.746401 -0.664065 -0.0436199 0.658254 0.746335 -0.0984189 0.0979116 0.0447471 0.994189
39.820000 -0.522565 0.133053 0.624612 0.960547 1.49899 -0.0889997 0.846516 0.986194 0.454747 0.742474 -0.669438 -0.0241657 0.662909 0.739465 -0.117229 0.0963471 0.0710197 0.992811
39.840000 -0.506902 0.161035 0.620569 0.75826 1.36562 -0.194799 0.464833 1.00404 0.556599 0.737454 -0.675379 -0.00499414 0.66941 0.731878 -0.127456 0.089736 0.0906496 0.991832
39.860000 -0.495043 0.186503 0.613489 0.575911 1.24168 -0.36322 0.386552 1.45574 0.582816 0.732139 -0.680895 0.018836 0.676749 0.723985 -0.13363 0.0773509 0.110583 0.990852
39.880000 -0.485464 0.209445 0.603759 0.456762 1.12479 -0.520087 0.288747 1.60033 0.593133 0.726459 -0.685212 0.0523593 0.684769 0.71536 -0.139108 0.0578625 0.13691 0.988892
39.900000 -0.477262 0.230988 0.590853 0.414664 1.06409 -0.695103 -0.0760714 1.37535 0.648246 0.719137 -0.68999 0.0821921 0.693838 0.706592 -0.138985 0.0378218 0.156977 0.986878
39.920000 -0.470507 0.252829 0.576027 0.317943 1.11695 -0.756817 -0.153571 1.28949 0.59066 0.711525 -0.694182 0.10883 0.702463 0.699057 -0.133664 0.016709 0.171554 0.985033
39.940000 -0.464701 0.272672 0.558085 0.290795 0.949165 -0.941882 0.528499 1.65248 0.794363 0.701277 -0.698702 0.141512 0.712889 0.687382 -0.138906 -0.0002193 0.198294 0.980143
39.960000 -0.461408 0.291106 0.543977 0.056762 0.868362 -0.592788 -0.483471 0.845113 1.22324 0.68545 -0.709664 0.162897 0.727863 0.67378 -0.127417 -0.019334 0.205905 0.978381
39.980000 -0.461639 0.306483 0.54054 -0.0290177 0.732757 -0.0151054 0.223885 0.267177 0.875591 0.669734 -0.722036 0.173553 0.742179 0.658696 -0.123653 -0.0250373 0.211622 0.977031
40.000000 -0.462267 0.313608 0.541899 -0.0472147 0.264452 0.108882 0.557187 0.150041 0.263079 0.661457 -0.728515 0.178162 0.749747 0.648285 -0.132689 -0.0188334 0.221344 0.975014
