#C t x y z vx vy vz wx wy wz o11 o12 o13 o21 o22 o23 o31 o32 o33
# Recorded every 1th time step
# [Hexapod_0, HexaPod 0.9][1906700975]
#  coxaDamp=               0.000000  
#  coxaJointLimitH=        0.800000  
#  coxaJointLimitV=        0.500000  
#  coxaPower=              3.000000  
#  coxaSpeed=             25.000000  
#  tebiaDamp=              0.010000  
#  tebiaJointLimit=        0.200000  
#  tebiaOffset=            0.000000  
#  tebiaPower=             1.800000  
# ######
# [Diamond, 1.0][310024154]
# ######
30.020000 -0.0430231 -2.77638 1.03484 -0.634342 -0.483416 -0.260776 -1.14758 -1.16252 -1.89689 0.928821 -0.365774 0.0591726 0.357982 0.927058 0.111409 -0.095607 -0.0822963 0.992011
30.040000 -0.0575032 -2.78699 1.02778 -0.735802 -0.555072 -0.367347 -0.774866 -0.839722 -1.99701 0.94405 -0.326718 0.0449893 0.319061 0.939298 0.126173 -0.0834815 -0.10476 0.990987
30.060000 -0.0710542 -2.79804 1.01825 -0.653584 -0.545208 -0.493417 -0.450245 -1.01063 -1.60826 0.955786 -0.292323 0.0319304 0.285877 0.949129 0.132018 -0.0688981 -0.117053 0.990733
30.080000 -0.0821348 -2.80617 1.01129 -0.532412 -0.373538 -0.360636 -0.956442 -0.239124 -1.3994 0.96406 -0.26398 0.0300413 0.256924 0.955091 0.147617 -0.0676601 -0.134594 0.988588
30.100000 -0.0930655 -2.81311 1.0056 -0.55393 -0.327194 -0.283166 -0.0896888 -0.0591247 -1.58603 0.971664 -0.233942 0.0337698 0.226573 0.962549 0.148873 -0.0673328 -0.137004 0.988279
30.120000 -0.103382 -2.81935 1.00203 -0.502714 -0.305887 -0.178318 0.847573 0.139344 -1.67997 0.978872 -0.200166 0.0417418 0.193425 0.972678 0.128393 -0.0663012 -0.117606 0.990845
30.140000 -0.112839 -2.82197 1.00038 -0.441384 -0.0845517 0.0326605 2.33418 0.578874 -0.795207 0.98201 -0.181303 0.0527798 0.176527 0.98068 0.0842964 -0.0670433 -0.0734629 0.995042
30.160000 -0.122078 -2.82135 1.00131 -0.458392 0.0707366 0.0702552 3.01562 0.912532 0.0757239 0.980648 -0.182615 0.0705787 0.181561 0.983153 0.0211301 -0.0732483 -0.00790687 0.997282
30.180000 -0.125934 -2.8169 1.00765 -0.179671 0.22099 0.405957 2.82149 0.725474 1.00977 0.97531 -0.202642 0.0877863 0.206163 0.977961 -0.0330076 -0.0791628 0.050291 0.995592
30.200000 -0.12886 -2.8131 1.01976 -0.127814 0.2088 0.608676 2.95535 0.604628 1.24034 0.968325 -0.228129 0.101513 0.237531 0.966936 -0.0928072 -0.0769846 0.11398 0.990496
30.220000 -0.13041 -2.80603 1.03266 -0.0418164 0.403005 0.650649 2.39493 0.746522 1.5997 0.958916 -0.257433 0.119198 0.272877 0.951894 -0.139413 -0.077574 0.166212 0.983034
30.240000 -0.12922 -2.79573 1.04525 0.103026 0.535994 0.635266 1.76127 0.856876 1.74891 0.947652 -0.286912 0.140134 0.308638 0.935556 -0.17169 -0.0818428 0.205953 0.975133
30.260000 -0.124451 -2.78515 1.05821 0.259267 0.530149 0.663984 1.00428 0.894324 1.73464 0.93488 -0.314233 0.165098 0.342728 0.920144 -0.189401 -0.0923978 0.233651 0.96792
30.280000 -0.117643 -2.77257 1.07178 0.362125 0.658919 0.652071 0.548697 0.636428 2.00633 0.919428 -0.345767 0.187345 0.379777 0.904347 -0.194746 -0.102088 0.250204 0.962796
30.300000 -0.107629 -2.75729 1.08213 0.536686 0.78781 0.470521 0.185379 0.0637877 2.4154 0.900561 -0.386576 0.198871 0.422105 0.886996 -0.187257 -0.104009 0.252581 0.961969
30.320000 -0.0927994 -2.73968 1.08903 0.794417 0.904267 0.301957 -0.0582392 -0.191902 2.9755 0.875451 -0.437062 0.206308 0.472265 0.864321 -0.17296 -0.102722 0.24885 0.963079
30.340000 -0.0746763 -2.72067 1.0923 0.874246 0.941151 0.114746 -0.554435 -0.517326 2.8147 0.84714 -0.490182 0.205124 0.522013 0.839839 -0.148907 -0.0992795 0.233222 0.967342
30.360000 -0.0609836 -2.70233 1.09169 0.648504 0.91009 -0.079417 -1.03638 -0.579142 1.91297 0.825948 -0.527782 0.198132 0.554689 0.82358 -0.118472 -0.100651 0.207753 0.972989
30.380000 -0.0515178 -2.68402 1.08708 0.431506 0.910213 -0.278338 -1.28084 -0.768357 0.858138 0.815978 -0.54788 0.184409 0.568742 0.817965 -0.0864048 -0.103501 0.175386 0.979044
30.400000 -0.0428679 -2.66728 1.08293 0.408362 0.8177 -0.176295 -1.68838 -1.20375 0.204251 0.816568 -0.554055 0.161991 0.567843 0.821439 -0.0528397 -0.103789 0.135132 0.985377
30.420000 -0.0366731 -2.65287 1.08029 0.261227 0.666657 -0.113256 -2.00914 -1.43963 -0.215625 0.823015 -0.552516 0.131809 0.558676 0.829297 -0.012132 -0.102605 0.0836232 0.991201
30.440000 -0.0337904 -2.64281 1.07849 0.0879598 0.430737 -0.0721469 -2.16757 -1.47421 -0.707518 0.834617 -0.541502 0.100951 0.541444 0.840188 0.0303606 -0.101258 0.0293197 0.994428
30.460000 -0.0340002 -2.63813 1.0772 -0.0482775 0.14561 -0.0606443 -1.91255 -1.39983 -1.07007 0.849178 -0.523042 0.0729645 0.518777 0.852032 0.0700869 -0.0988264 -0.021664 0.994869
30.480000 -0.037139 -2.63941 1.07564 -0.193516 -0.141051 -0.0841385 -1.53322 -1.26747 -1.38333 0.865995 -0.497643 0.0490416 0.49134 0.865032 0.101514 -0.0929401 -0.0638144 0.993625
30.500000 -0.0439001 -2.64293 1.07212 -0.354358 -0.204245 -0.205917 -1.13812 -1.25101 -1.38973 0.88165 -0.471137 0.0269012 0.464649 0.876641 0.124909 -0.082432 -0.0976266 0.991803
30.520000 -0.0527643 -2.64886 1.06635 -0.461216 -0.320585 -0.315069 -1.14768 -1.11986 -1.51286 0.897124 -0.441704 0.00815558 0.435888 0.888013 0.146403 -0.0719093 -0.127787 0.989191
30.540000 -0.0645011 -2.65681 1.0582 -0.62989 -0.405737 -0.443383 -1.17838 -0.929053 -1.62784 0.911873 -0.410437 -0.00548319 0.405412 0.898457 0.16857 -0.0642609 -0.155937 0.985674
30.560000 -0.079478 -2.66641 1.04662 -0.771185 -0.476721 -0.572296 -0.874156 -0.25552 -1.77212 0.925669 -0.378255 -0.00779949 0.373107 0.909267 0.184458 -0.0626802 -0.173657 0.982809
30.580000 -0.0939112 -2.67365 1.03245 -0.71127 -0.323662 -0.747274 0.164394 -0.201372 -1.4659 0.937446 -0.348106 -0.00406515 0.343053 0.921725 0.180936 -0.059238 -0.171012 0.983486
30.600000 -0.108828 -2.6788 1.01705 -0.758534 -0.254749 -0.777221 1.18142 -0.418506 -0.985907 0.945013 -0.326991 -0.00528551 0.323771 0.933186 0.156001 -0.0460787 -0.149134 0.987743
30.620000 -0.125573 -2.68601 1.00247 -0.856938 -0.370255 -0.72118 2.30917 -0.554209 -0.58474 0.949275 -0.314226 -0.0117791 0.313578 0.943209 0.109658 -0.0233472 -0.107789 0.9939
30.640000 -0.143068 -2.69148 0.991937 -0.863938 -0.236714 -0.371358 2.74061 0.314936 0.28651 0.947611 -0.319305 -0.00884534 0.319271 0.94592 0.0574571 -0.00997936 -0.0572711 0.998309
30.660000 -0.163668 -2.69608 0.992534 -1.06508 -0.217948 0.102661 2.80834 1.23057 1.05177 0.94038 -0.339835 0.0140997 0.339874 0.940471 -0.000457957 -0.0131048 0.00522279 0.9999
30.680000 -0.185267 -2.69792 0.997133 -1.04559 -0.0558682 0.304537 2.53904 1.58474 1.38755 0.928271 -0.369221 0.0446021 0.371243 0.927084 -0.0519044 -0.0221857 0.0647396 0.997656
30.700000 -0.202936 -2.69702 1.00573 -0.794152 0.0418915 0.444529 2.25703 1.52864 1.23433 0.916774 -0.391535 0.0789067 0.397987 0.912153 -0.0978923 -0.0336468 0.121149 0.992064
30.720000 -0.216068 -2.69561 1.01801 -0.619918 0.0496167 0.63274 1.70608 1.00561 1.3608 0.904632 -0.413308 0.104009 0.424457 0.895715 -0.132403 -0.0384393 0.163923 0.985724
30.740000 -0.226955 -2.69204 1.03225 -0.528597 0.22084 0.714233 1.2241 0.876857 1.49103 0.890781 -0.436578 0.126128 0.452347 0.878415 -0.154171 -0.0434855 0.194386 0.979961
30.760000 -0.235905 -2.68424 1.0464 -0.427083 0.442354 0.704903 0.819054 0.781608 1.6024 0.875332 -0.460657 0.14693 0.480983 0.86066 -0.167095 -0.0494836 0.216934 0.974931
30.780000 -0.241442 -2.67229 1.06084 -0.233196 0.650329 0.72605 0.292908 0.309052 1.52342 0.859742 -0.484881 0.16042 0.507983 0.844368 -0.17028 -0.0528877 0.227887 0.97225
30.800000 -0.241285 -2.65505 1.07572 0.0648772 0.910629 0.738746 -0.911262 -0.759146 1.72467 0.843344 -0.514723 0.154374 0.534928 0.831497 -0.149881 -0.0512142 0.20898 0.976578
30.820000 -0.235048 -2.63393 1.08945 0.390128 1.10465 0.653517 -1.8173 -1.85622 2.02966 0.823271 -0.552731 0.129284 0.566046 0.816477 -0.113835 -0.0426371 0.166898 0.985052
30.840000 -0.223566 -2.61175 1.0955 0.568525 1.11147 0.221927 -0.756192 -1.05918 1.50627 0.805649 -0.58201 0.110429 0.591416 0.800926 -0.0935094 -0.034022 0.140645 0.989475
30.860000 -0.215063 -2.58891 1.09386 0.314794 1.13204 -0.129387 -1.17435 -0.995154 0.362669 0.800607 -0.592536 0.0890461 0.598384 0.798358 -0.067538 -0.0310719 0.107355 0.993735
30.880000 -0.212148 -2.5659 1.08807 0.0386315 1.10665 -0.296112 -1.8036 -1.20934 -0.545849 0.808192 -0.585443 0.0638915 0.588006 0.808215 -0.0322037 -0.0327846 0.0635953 0.997437
30.900000 -0.212799 -2.54505 1.08068 -0.0632852 0.978685 -0.383926 -2.26958 -1.47228 -0.918682 0.821207 -0.569645 0.0335328 0.569597 0.821838 0.0119128 -0.0343446 0.00931729 0.999367
30.920000 -0.216431 -2.52692 1.07185 -0.226419 0.869083 -0.459368 -2.47312 -1.45097 -1.27984 0.837085 -0.547054 0.00446717 0.545813 0.835683 0.0610108 -0.0371094 -0.048633 0.998127
30.940000 -0.223213 -2.51126 1.06123 -0.365093 0.76059 -0.556654 -2.55558 -1.34249 -1.3857 0.853623 -0.52049 -0.0204555 0.519272 0.847219 0.112143 -0.0410388 -0.106349 0.993482
30.960000 -0.232783 -2.49651 1.04823 -0.521833 0.780248 -0.690653 -2.53707 -1.16623 -1.05243 0.866607 -0.497315 -0.040865 0.496882 0.852522 0.162216 -0.045834 -0.160882 0.985909
30.980000 -0.245857 -2.48206 1.03362 -0.681333 0.716697 -0.74705 -2.50782 -1.01848 -0.793214 0.875562 -0.479569 -0.0583543 0.480359 0.851346 0.210867 -0.0514455 -0.212658 0.975771
31.000000 -0.261896 -2.46813 1.01655 -0.837686 0.69558 -0.885547 -3.05693 -0.89484 -0.830682 0.884349 -0.461245 -0.0719763 0.462563 0.845 0.268347 -0.0629536 -0.270606 0.96063
31.020000 -0.28176 -2.45501 0.996636 -1.05565 0.622734 -1.06798 -3.66865 -0.992234 -1.15671 0.89563 -0.436813 -0.083911 0.438126 0.833793 0.335909 -0.0767651 -0.337614 0.938149
31.040000 -0.303921 -2.44905 0.990667 -1.16214 0.269282 -0.238058 0.358139 -1.17687 -1.87267 0.912096 -0.400929 -0.0856561 0.405805 0.853161 0.327777 -0.0583369 -0.333724 0.940864
31.060000 -0.328221 -2.44574 0.984123 -1.20733 0.11159 -0.318291 1.06215 -0.942525 -2.35454 0.930227 -0.356162 -0.0884679 0.365452 0.877016 0.31191 -0.0335026 -0.322478 0.945984
31.080000 -0.349059 -2.44253 0.981781 -1.00507 0.15245 -0.0726138 2.25521 0.607613 -1.53989 0.94264 -0.32606 -0.0715164 0.332942 0.902903 0.271874 -0.024075 -0.280091 0.959672
31.100000 -0.371192 -2.44171 0.982104 -1.1474 0.0231125 0.0319146 2.66537 0.98697 -0.21172 0.944857 -0.323844 -0.0486931 0.32649 0.91994 0.217058 -0.0254983 -0.220987 0.974943
31.120000 -0.395896 -2.44407 0.982895 -1.21501 -0.0810567 0.00141651 3.47227 1.20207 0.724026 0.93971 -0.340978 -0.026073 0.340994 0.928525 0.146846 -0.025862 -0.146884 0.988816
31.140000 -0.421137 -2.44497 0.986723 -1.23849 0.014077 0.232456 3.218 1.22263 1.02566 0.930568 -0.366108 -0.00300025 0.365206 0.927633 0.0782368 -0.02586 -0.0739003 0.99693
31.160000 -0.445692 -2.44175 0.99437 -1.20241 0.211053 0.419734 2.98029 1.41101 1.5027 0.917424 -0.397152 0.024579 0.396837 0.917736 0.0167866 -0.0292239 -0.00564658 0.999557
31.180000 -0.466839 -2.43428 1.00459 -0.991125 0.385564 0.530202 2.50417 1.18341 1.69283 0.90181 -0.429089 0.0511934 0.431032 0.901628 -0.0357542 -0.0308157 0.0543096 0.998049
31.200000 -0.484083 -2.42349 1.01487 -0.839442 0.565422 0.490183 1.96501 0.824906 1.62231 0.885617 -0.458918 0.0712533 0.463562 0.882822 -0.0757354 -0.0281476 0.100103 0.994579
31.220000 -0.49761 -2.40877 1.02292 -0.63622 0.78539 0.370886 1.37343 0.40872 1.37671 0.871796 -0.482701 0.0834933 0.489342 0.866017 -0.102756 -0.022706 0.130439 0.991196
31.240000 -0.507528 -2.39007 1.02844 -0.457853 0.973786 0.241959 0.992461 0.0967882 1.34783 0.857905 -0.50587 0.0899748 0.513595 0.849345 -0.121788 -0.0148107 0.150693 0.98847
31.260000 -0.514285 -2.36862 1.03178 -0.304369 1.09177 0.143405 0.503189 -0.281002 1.34976 0.84364 -0.529379 0.0896129 0.536888 0.833269 -0.13196 -0.00481494 0.159439 0.987196
31.280000 -0.517567 -2.3456 1.03306 -0.132833 1.17259 0.0446262 -0.0549036 -0.700673 1.29932 0.829793 -0.552139 0.0811506 0.558041 0.819414 -0.130965 0.00581477 0.153959 0.98806
31.300000 -0.517099 -2.32147 1.03536 0.0783165 1.24018 0.0899414 -0.583497 -1.66686 1.5738 0.812652 -0.579943 0.0571185 0.582193 0.803689 -0.123024 0.0254416 0.13323 0.990759
31.320000 -0.514591 -2.29694 1.03354 0.140657 1.21982 -0.14345 -1.41789 -1.32544 1.36339 0.794769 -0.606029 0.0327343 0.606081 0.789704 -0.0950373 0.0317449 0.0953723 0.994935
31.340000 -0.509248 -2.27174 1.02886 0.273029 1.26844 -0.274757 -2.12846 -1.61182 0.652386 0.785021 -0.619469 0.000556705 0.61869 0.783988 -0.0508462 0.0310612 0.0402598 0.998706
31.360000 -0.504148 -2.24435 1.02529 0.13798 1.34964 -0.169109 -2.52679 -2.73407 -0.539735 0.78888 -0.612138 -0.0543543 0.613206 0.789914 0.0038565 0.0405745 -0.0363727 0.998514
31.380000 -0.502339 -2.21931 1.02371 -0.0389881 1.13226 0.0635382 -2.25033 -3.23595 -1.32338 0.804495 -0.581496 -0.121041 0.590676 0.804657 0.0602383 0.062368 -0.119957 0.990818
31.400000 -0.50688 -2.2012 1.02731 -0.243944 0.906148 0.274607 -1.5337 -2.9176 -1.78393 0.8207 -0.541743 -0.181564 0.563784 0.819418 0.103451 0.0927327 -0.187265 0.977923
31.420000 -0.507559 -2.18754 1.03674 0.110704 0.680189 0.666973 -1.5525 -1.64915 -2.42961 0.842163 -0.493556 -0.217173 0.527196 0.838235 0.139376 0.113252 -0.23187 0.966132
31.440000 -0.501931 -2.17451 1.04814 0.319292 0.698427 0.534126 -1.5525 -0.912424 -2.67328 0.867156 -0.442131 -0.229259 0.484448 0.85561 0.182326 0.115544 -0.269169 0.956137
31.460000 -0.49494 -2.16133 1.05882 0.392415 0.634155 0.535043 -1.05957 -0.507676 -2.12153 0.887096 -0.399372 -0.231436 0.446992 0.868342 0.214894 0.115143 -0.294081 0.948819
31.480000 -0.486952 -2.15095 1.06461 0.408288 0.4902 0.204689 -0.910367 -1.01427 -1.42547 0.898982 -0.366303 -0.24011 0.420604 0.874919 0.240018 0.122157 -0.316763 0.940605
31.500000 -0.478182 -2.1413 1.06604 0.452674 0.500874 0.0270852 -0.585992 -0.76434 -0.838227 0.904828 -0.344384 -0.250372 0.40494 0.877747 0.256094 0.131568 -0.333107 0.933665
31.520000 -0.470864 -2.12844 1.06676 0.371104 0.676595 -0.0989304 -0.707966 -0.226882 -0.450598 0.908795 -0.330189 -0.255082 0.395867 0.875506 0.277088 0.131834 -0.352795 0.926367
31.540000 -0.463585 -2.11542 1.06164 0.372008 0.65838 -0.323894 0.285972 -0.203466 -0.0117237 0.90892 -0.327224 -0.258438 0.393889 0.877158 0.274675 0.13681 -0.351453 0.926155
31.560000 -0.455237 -2.09993 1.05098 0.422773 0.793949 -0.591159 0.88346 -0.156236 0.200232 0.907097 -0.329581 -0.261823 0.394889 0.881684 0.258254 0.145729 -0.337652 0.929921
31.580000 -0.449328 -2.08503 1.03505 0.22401 0.722216 -0.882687 1.05422 0.0583013 0.655938 0.902639 -0.341036 -0.262558 0.402306 0.885325 0.233129 0.152943 -0.31606 0.93633
31.600000 -0.445035 -2.07157 1.01477 0.26676 0.704002 -0.999339 1.63483 0.798655 1.26432 0.894196 -0.368697 -0.25392 0.420553 0.88625 0.194155 0.153452 -0.2804 0.947538
31.620000 -0.439149 -2.05765 0.992284 0.367169 0.741473 -1.08159 1.92907 1.87996 2.11763 0.879893 -0.416113 -0.229429 0.45326 0.879932 0.142392 0.142631 -0.22928 0.962854
31.640000 -0.431656 -2.04681 0.972213 0.337271 0.488108 -0.940479 2.32812 3.13808 3.15425 0.85593 -0.48444 -0.180836 0.503859 0.859971 0.0810881 0.116231 -0.160522 0.980165
31.660000 -0.425293 -2.03928 0.967367 0.287942 0.375026 -0.0512518 2.40495 3.10796 3.88694 0.818152 -0.562268 -0.120344 0.568165 0.822699 0.018852 0.0884068 -0.083799 0.992553
31.680000 -0.41686 -2.03012 0.977161 0.444555 0.547236 0.645218 1.58341 2.6006 3.03881 0.78163 -0.620098 -0.0673188 0.619696 0.784297 -0.0292374 0.070928 -0.0188644 0.997303
31.700000 -0.408033 -2.01854 0.990687 0.439983 0.593999 0.67103 1.43678 2.36575 2.47437 0.751827 -0.659166 -0.0160232 0.657281 0.751162 -0.061132 0.0523322 0.0354289 0.998001
31.720000 -0.397292 -2.00543 1.00004 0.579252 0.677893 0.369168 1.46728 1.91042 2.17299 0.723789 -0.689482 0.0272893 0.688773 0.719534 -0.0886721 0.0415023 0.082976 0.995687
31.740000 -0.386235 -1.99235 1.00424 0.503442 0.685565 0.188903 0.896178 1.38782 1.48554 0.702842 -0.70868 0.0615234 0.710551 0.695338 -0.107807 0.0336213 0.119487 0.992266
31.760000 -0.375906 -1.98134 1.00865 0.487299 0.515348 0.178541 0.560613 1.34614 1.1032 0.686772 -0.721027 0.0920012 0.726553 0.677191 -0.116335 0.0215782 0.146739 0.98894
31.780000 -0.367137 -1.9727 1.01218 0.419469 0.404102 0.156068 0.719807 1.45613 0.878808 0.673876 -0.728523 0.123064 0.738752 0.661751 -0.127792 0.0116613 0.17703 0.984136
31.800000 -0.360465 -1.96714 1.01199 0.292337 0.195229 -0.129633 0.714527 0.28736 0.75651 0.662925 -0.73589 0.137831 0.748575 0.648333 -0.138923 0.0128716 0.195273 0.980665
31.820000 -0.359286 -1.96495 1.01084 0.0358186 0.085165 -0.0307356 -0.141059 -0.804649 0.841568 0.64946 -0.750097 0.12472 0.760073 0.635615 -0.135214 0.0221497 0.182612 0.982935
31.840000 -0.357662 -1.96348 1.01177 0.0888557 0.0604206 0.0408741 -0.444095 -1.17643 0.37597 0.642049 -0.759791 0.102427 0.766026 0.630315 -0.126128 0.0312695 0.159442 0.986712
31.860000 -0.355176 -1.9618 1.01306 0.108884 0.0854683 0.0387553 -0.748463 -1.75042 -0.261286 0.643534 -0.762546 0.0662308 0.764232 0.635315 -0.111011 0.0425733 0.122055 0.99161
31.880000 -0.353679 -1.96104 1.01429 0.005427 -0.00627965 0.036974 -1.23426 -2.49536 -0.894554 0.654574 -0.755876 0.0136112 0.753884 0.651292 -0.0864772 0.0565011 0.066867 0.996161
31.900000 -0.355256 -1.9631 1.01467 -0.138844 -0.178332 -0.0127561 -1.44507 -2.97875 -1.64799 0.675396 -0.735677 -0.0511834 0.733647 0.677333 -0.0546194 0.0748504 -0.000660833 0.997195
31.920000 -0.359482 -1.96658 1.0151 -0.262438 -0.17159 0.0354398 -1.86748 -2.87062 -2.82424 0.710568 -0.694186 -0.114885 0.697724 0.716258 -0.0125004 0.0909651 -0.0712759 0.9933
31.940000 -0.367941 -1.97062 1.01581 -0.483092 -0.237256 0.0645916 -1.56596 -2.38906 -3.72743 0.755782 -0.633388 -0.16617 0.646265 0.762382 0.0334109 0.105523 -0.132641 0.985531
31.960000 -0.379901 -1.97883 1.01249 -0.600099 -0.442398 -0.171036 -1.40367 -2.07214 -4.17783 0.802822 -0.559903 -0.204904 0.583553 0.808368 0.0775067 0.122242 -0.181797 0.975708
31.980000 -0.385124 -1.98839 1.01585 -0.0765562 -0.438159 0.427111 -1.04726 -0.142828 -3.91255 0.844729 -0.490327 -0.214505 0.520786 0.845451 0.118299 0.123348 -0.211642 0.969532
32.000000 -0.381053 -1.99887 1.02406 0.29407 -0.523741 0.379586 -1.03572 -0.419189 -3.5657 0.879534 -0.42587 -0.21226 0.460421 0.874299 0.153669 0.120135 -0.232886 0.965055
32.020000 -0.371828 -2.00951 1.02835 0.482879 -0.545253 0.114219 -1.07535 -0.634354 -3.18014 0.90695 -0.364809 -0.210608 0.403731 0.895452 0.187526 0.120178 -0.255106 0.959416
32.040000 -0.362949 -2.01995 1.02615 0.421312 -0.486606 -0.161321 -0.933941 -0.45881 -2.49146 0.925976 -0.31352 -0.210415 0.357066 0.908286 0.217991 0.122773 -0.276986 0.952998
32.060000 -0.355403 -2.02914 1.02344 0.338429 -0.40426 -0.0820364 -0.954594 -0.174948 -2.2689 0.940355 -0.271492 -0.205 0.317298 0.917276 0.240679 0.122699 -0.29137 0.948709
32.080000 -0.349024 -2.03695 1.01849 0.318522 -0.383301 -0.334991 -0.559145 0.0211349 -1.83305 0.951852 -0.236038 -0.195612 0.282726 0.922582 0.262503 0.118508 -0.305168 0.944896
32.100000 -0.343097 -2.04243 1.00795 0.272003 -0.245861 -0.505038 1.13624 -0.331677 -1.62794 0.960252 -0.205679 -0.188712 0.250022 0.934373 0.253842 0.124118 -0.290934 0.948658
32.120000 -0.340058 -2.04762 0.994744 0.0741404 -0.272645 -0.713853 1.47863 -0.673693 -1.75528 0.966575 -0.172405 -0.189763 0.214498 0.949215 0.230176 0.140443 -0.263186 0.954468
32.140000 -0.34217 -2.05412 0.985966 -0.138076 -0.305681 -0.283311 1.12697 -0.180237 -0.908463 0.969803 -0.151129 -0.191423 0.191198 0.958379 0.212021 0.151413 -0.242219 0.958334
32.160000 -0.348181 -2.0575 0.983245 -0.362187 -0.0799346 -0.0898972 1.47278 0.142104 0.295292 0.969788 -0.152661 -0.190279 0.187463 0.965484 0.180828 0.156106 -0.211035 0.964933
32.180000 -0.359318 -2.05476 0.984896 -0.631315 0.202768 0.112003 1.72166 0.439476 1.12936 0.966926 -0.174279 -0.186231 0.201632 0.969454 0.139653 0.156204 -0.172584 0.97253
32.200000 -0.375067 -2.0477 0.989008 -0.792398 0.407179 0.199755 2.19836 0.741729 1.71411 0.961377 -0.211218 -0.176467 0.229365 0.969219 0.089474 0.152137 -0.126494 0.980231
32.220000 -0.387678 -2.03526 0.995484 -0.575583 0.66862 0.32415 1.97981 1.10989 2.50461 0.951117 -0.265691 -0.157431 0.274677 0.960787 0.0379681 0.14117 -0.0793546 0.9868
32.240000 -0.397029 -2.01909 1.00388 -0.402902 0.825446 0.41942 1.53096 1.21377 2.76468 0.93676 -0.323667 -0.133116 0.325889 0.945393 -0.00534864 0.127579 -0.0383709 0.991086
32.260000 -0.402842 -2.00119 1.01227 -0.253823 0.941798 0.391247 1.18901 1.0478 2.55024 0.920605 -0.374768 -0.109709 0.37296 0.927095 -0.0373453 0.115706 -0.00653675 0.993262
32.280000 -0.405572 -1.97948 1.01826 -0.0953195 1.12521 0.277374 0.920595 0.720578 2.25369 0.903796 -0.418189 -0.0909426 0.413928 0.908166 -0.0624335 0.1087 0.0187834 0.993897
32.300000 -0.404044 -1.95599 1.02018 0.0977388 1.21676 0.0518878 0.813809 0.161223 1.78673 0.888439 -0.451781 -0.0810498 0.445736 0.891354 -0.0825092 0.10952 0.0371776 0.993289
32.320000 -0.400061 -1.92951 1.0185 0.236941 1.3587 -0.141702 0.650121 -0.522542 1.59278 0.872643 -0.480733 -0.0859687 0.472736 0.875705 -0.0982951 0.122537 0.045136 0.991437
32.340000 -0.392363 -1.90307 1.01421 0.410193 1.29447 -0.260003 0.231578 -1.16485 1.66064 0.853805 -0.510276 -0.10313 0.500531 0.859098 -0.106864 0.143129 0.0396219 0.988911
32.360000 -0.383616 -1.87822 1.00681 0.391682 1.23149 -0.385935 -0.247339 -1.0719 1.34642 0.835365 -0.535653 -0.123458 0.525593 0.844107 -0.105998 0.16099 0.0236588 0.986672
32.380000 -0.377557 -1.85348 0.998113 0.278804 1.24736 -0.481339 -0.523936 -0.725242 0.932193 0.822029 -0.552938 -0.136118 0.543839 0.83318 -0.100249 0.168842 0.00838085 0.985607
32.400000 -0.372935 -1.82915 0.995488 0.211563 1.23183 -0.0936734 0.277607 0.721414 1.48015 0.808223 -0.576131 -0.121853 0.566282 0.81716 -0.107583 0.161555 0.0179482 0.9867
32.420000 -0.36882 -1.8043 0.995749 0.246288 1.23501 0.0195895 -0.445055 0.759225 1.25471 0.795679 -0.596356 -0.106089 0.587818 0.802494 -0.102342 0.146169 0.0190704 0.989076
32.440000 -0.365214 -1.7802 0.997642 0.222929 1.19197 0.101658 -0.61365 0.392343 0.925751 0.784798 -0.612379 -0.0953096 0.605444 0.790414 -0.093187 0.1324 0.0154284 0.991076
32.460000 -0.358679 -1.75823 1.00061 0.398266 1.0689 0.163733 -0.864228 -0.0745242 0.273273 0.77981 -0.618799 -0.0947814 0.614019 0.785547 -0.0767833 0.121969 0.00167873 0.992533
32.480000 -0.348175 -1.73985 1.00525 0.628098 0.869377 0.251706 -0.388856 -0.3517 -0.222827 0.780506 -0.616686 -0.102506 0.613342 0.787118 -0.0652375 0.120916 -0.0119533 0.992591
32.500000 -0.334869 -1.72576 1.01458 0.674324 0.649719 0.447237 -0.910656 -0.490007 -0.964534 0.790636 -0.601643 -0.11367 0.600767 0.798117 -0.0456944 0.118214 -0.0321614 0.992467
32.520000 -0.319075 -1.71394 1.02561 0.778623 0.585279 0.517436 -1.29921 -0.984985 -1.83877 0.810412 -0.570339 -0.133964 0.573624 0.818953 -0.0164845 0.119112 -0.0634857 0.990849
32.540000 -0.302229 -1.70369 1.03547 0.856539 0.460563 0.437777 -1.77956 -1.265 -2.49787 0.834984 -0.526323 -0.160576 0.536566 0.843475 0.0254312 0.122057 -0.107394 0.986696
32.560000 -0.283196 -1.69666 1.04334 0.990649 0.304184 0.336146 -2.06381 -1.26774 -2.75265 0.861715 -0.473342 -0.18274 0.492115 0.867395 0.0738109 0.12357 -0.153533 0.980387
32.580000 -0.262728 -1.69232 1.0501 1.02665 0.15088 0.319239 -1.90672 -1.01829 -2.41831 0.884127 -0.423485 -0.197434 0.45069 0.884412 0.121217 0.123279 -0.196153 0.972793
32.600000 -0.241675 -1.69378 1.05395 1.06385 -0.15029 0.147475 -2.04892 -1.21219 -1.80177 0.898702 -0.382856 -0.213906 0.419957 0.891823 0.168191 0.126374 -0.240985 0.962266
32.620000 -0.222332 -1.6973 1.05863 0.940806 -0.152828 0.312443 -1.86364 -0.522115 -1.16498 0.907226 -0.356853 -0.222706 0.40201 0.891384 0.20934 0.123813 -0.279448 0.952145
32.640000 -0.203542 -1.7018 1.06497 0.943649 -0.241538 0.314313 -1.34329 -0.206014 -0.636697 0.91236 -0.34262 -0.224077 0.392326 0.888107 0.23947 0.116957 -0.306394 0.944692
32.660000 -0.184556 -1.70798 1.06912 0.950102 -0.330866 0.16446 -0.866083 -0.172427 -0.273943 0.91475 -0.335254 -0.225471 0.388065 0.884364 0.259435 0.112422 -0.324816 0.939072
32.680000 -0.164562 -1.71529 1.06615 1.00728 -0.368507 -0.208251 0.0993556 0.00895354 0.0638598 0.914603 -0.335467 -0.225749 0.388439 0.884013 0.260068 0.112321 -0.325548 0.93883
32.700000 -0.145493 -1.72133 1.06017 0.899867 -0.292304 -0.349147 0.529805 0.180284 -0.0127988 0.914587 -0.337245 -0.22315 0.388254 0.886616 0.251339 0.113086 -0.31651 0.941824
32.720000 -0.127984 -1.72774 1.05347 0.863478 -0.338937 -0.337509 0.866016 0.536091 0.210921 0.914396 -0.342695 -0.215497 0.389202 0.890643 0.235109 0.11136 -0.298855 0.947779
32.740000 -0.112061 -1.73604 1.04661 0.785628 -0.428585 -0.354371 1.05071 0.710312 0.696427 0.910829 -0.357771 -0.205892 0.398518 0.892153 0.212713 0.107585 -0.275797 0.955176
32.760000 -0.0969628 -1.74583 1.03805 0.742311 -0.498507 -0.411896 1.45823 0.953104 1.29755 0.903145 -0.384884 -0.190245 0.417403 0.890879 0.179192 0.100518 -0.241245 0.965245
32.780000 -0.0845542 -1.75799 1.02946 0.576864 -0.63392 -0.429668 1.57734 0.828111 1.7953 0.88919 -0.421043 -0.179063 0.446571 0.883825 0.139385 0.0995735 -0.203904 0.973914
32.800000 -0.0745707 -1.77286 1.02219 0.466537 -0.775131 -0.341857 1.83094 0.900489 2.07054 0.870503 -0.463548 -0.165375 0.48183 0.871169 0.0943658 0.100326 -0.161828 0.981706
32.820000 -0.067262 -1.79021 1.01719 0.317432 -0.886611 -0.232386 1.9889 0.987421 2.40851 0.847132 -0.510309 -0.148161 0.521243 0.852222 0.0449856 0.103309 -0.115336 0.98794
32.840000 -0.0618301 -1.80874 1.01643 0.255157 -0.939986 -0.035535 1.56743 1.09256 2.84211 0.817513 -0.561672 -0.127268 0.566637 0.823961 0.00343183 0.102936 -0.07492 0.991862
32.860000 -0.0581334 -1.8263 1.01658 0.1409 -0.822486 0.0313687 1.23181 1.22414 2.93901 0.783439 -0.613128 -0.101476 0.613388 0.78912 -0.0323258 0.099897 -0.0369191 0.994313
32.880000 -0.0578013 -1.842 1.0161 -0.0323492 -0.770009 -0.0614376 1.16004 1.08896 2.91729 0.747469 -0.659993 -0.07549 0.657091 0.751264 -0.0619123 0.0975746 -0.00332629 0.995223
32.900000 -0.0588339 -1.85538 1.0141 -0.0736718 -0.664032 -0.154611 0.783285 0.983334 2.94743 0.708621 -0.703687 -0.0517654 0.699162 0.710154 -0.082791 0.0950204 0.0224751 0.995222
32.920000 -0.0622395 -1.86656 1.01149 -0.177212 -0.517899 -0.111644 0.656562 0.982775 2.46409 0.673054 -0.739084 -0.0274464 0.733938 0.672027 -0.0985605 0.0912893 0.0461925 0.994752
32.940000 -0.0663435 -1.8735 1.01476 -0.175892 -0.34495 0.138687 0.315851 1.11375 2.06991 0.642296 -0.766439 -0.00520473 0.762117 0.639366 -0.101927 0.0814488 0.0615009 0.994778
32.960000 -0.0690989 -1.87866 1.01671 -0.129388 -0.228477 0.0917618 0.294736 0.919891 1.58713 0.617653 -0.786254 0.01759 0.782966 0.612658 -0.107774 0.073961 0.0803392 0.99402
32.980000 -0.0705429 -1.88122 1.01947 -0.0728278 -0.108083 0.13156 0.0647792 0.524821 1.1623 0.599067 -0.800087 0.0312934 0.797776 0.593086 -0.10864 0.0683617 0.0900477 0.993588
33.000000 -0.0714637 -1.88141 1.02238 -0.0358935 0.00804275 0.122915 -0.0649001 0.289815 0.829136 0.585322 -0.809875 0.0387363 0.808308 0.579113 -0.106139 0.0635268 0.0934365 0.993596
33.020000 -0.0718449 -1.87995 1.02497 -0.0198493 0.0765201 0.11487 -0.0976847 -0.0793978 0.414076 0.577176 -0.815682 0.0391228 0.814263 0.571212 -0.103404 0.0619971 0.0915384 0.99387
33.040000 -0.0725359 -1.87794 1.02698 -0.027988 0.0624314 0.127735 -0.301582 -0.747031 -0.0714428 0.575319 -0.817583 0.023776 0.815368 0.570978 -0.0957049 0.0646712 0.0744471 0.995126
33.060000 -0.0742721 -1.87679 1.02873 -0.0884848 0.0442577 0.0724199 -0.666191 -1.59086 -0.913338 0.586417 -0.809956 -0.00930812 0.80683 0.585094 -0.081789 0.0716916 0.0404524 0.996606
33.080000 -0.0768967 -1.87589 1.03274 -0.144013 0.0207905 0.189767 -0.73443 -1.94582 -1.60117 0.609585 -0.790938 -0.0531346 0.788239 0.611893 -0.065319 0.084176 -0.00206521 0.996449
33.100000 -0.0819619 -1.87512 1.0391 -0.202048 0.0610958 0.342871 -0.742667 -2.16818 -2.2822 0.639963 -0.761563 -0.102317 0.761823 0.646223 -0.0449686 0.100366 -0.0491689 0.993735
33.120000 -0.0834085 -1.87646 1.04754 -0.0352212 -0.0642729 0.404864 -1.26858 -2.25825 -3.13119 0.681946 -0.715401 -0.152155 0.722577 0.691198 -0.0113362 0.113279 -0.102213 0.988292
33.140000 -0.0815971 -1.87721 1.05775 0.135411 -0.0295041 0.566596 -1.5231 -1.60059 -3.84855 0.732295 -0.654376 -0.18851 0.670633 0.741068 0.0326991 0.118301 -0.150366 0.981527
33.160000 -0.0766285 -1.87594 1.07014 0.300912 0.0202705 0.618677 -1.19775 -1.11995 -3.77129 0.780024 -0.590207 -0.20789 0.614173 0.785717 0.0737573 0.119811 -0.185213 0.975367
33.180000 -0.0668669 -1.87422 1.08181 0.542044 0.107288 0.548296 -1.03618 -0.956022 -3.46423 0.819735 -0.528757 -0.220115 0.559562 0.821339 0.110868 0.122167 -0.214051 0.969153
33.200000 -0.0533552 -1.87223 1.08911 0.709602 0.106328 0.307417 -0.849763 -1.1876 -2.99385 0.850318 -0.471607 -0.233551 0.509789 0.848326 0.143034 0.130671 -0.240685 0.961767
33.220000 -0.0378213 -1.87133 1.09363 0.789749 0.0360088 0.199156 -0.967032 -0.826782 -2.26488 0.871526 -0.425781 -0.243216 0.470826 0.865199 0.17249 0.136988 -0.264842 0.954512
33.240000 -0.0232448 -1.86982 1.09606 0.706388 0.0690307 0.164811 -1.38512 -0.77086 -1.59489 0.88478 -0.393367 -0.249853 0.445233 0.871868 0.203996 0.137594 -0.291734 0.946551
33.260000 -0.00950327 -1.86669 1.09903 0.673262 0.198725 0.138181 -2.90944 -0.966399 -1.48921 0.89459 -0.361937 -0.262128 0.426773 0.865919 0.260863 0.132566 -0.345235 0.929107
33.280000 0.00488387 -1.86281 1.09468 0.738319 0.208254 -0.296206 -0.251223 -0.0789884 -0.927843 0.902761 -0.344584 -0.257456 0.410798 0.868147 0.278506 0.127541 -0.357187 0.925284
33.300000 0.0210703 -1.85688 1.08684 0.827715 0.313099 -0.419969 0.0408414 0.291912 -0.708225 0.909226 -0.333502 -0.249166 0.397198 0.874192 0.279325 0.124663 -0.352938 0.927305
33.320000 0.0368108 -1.85176 1.0761 0.755644 0.215822 -0.520126 0.284286 0.86195 0.140264 0.910794 -0.339661 -0.234703 0.397256 0.875806 0.274139 0.11244 -0.342921 0.932611
33.340000 0.0508869 -1.85532 1.07386 0.718353 -0.217336 -0.0516204 2.04734 1.39596 0.831651 0.908129 -0.361212 -0.211724 0.405747 0.884002 0.232183 0.103297 -0.296759 0.949349
33.360000 0.0633862 -1.86592 1.07411 0.562412 -0.627215 0.020837 2.48331 2.13763 1.51671 0.899281 -0.399599 -0.177804 0.428526 0.886347 0.175371 0.0875178 -0.233901 0.968313
33.380000 0.0734502 -1.88234 1.07714 0.466856 -0.87018 0.157589 2.9106 3.16826 2.07772 0.884078 -0.45054 -0.124176 0.463518 0.879237 0.109967 0.0596356 -0.154777 0.986148
33.400000 0.0837975 -1.90197 1.08134 0.505396 -1.00184 0.194405 2.96179 3.21956 2.11498 0.865032 -0.498091 -0.0602115 0.500809 0.864444 0.0439068 0.0301798 -0.0681352 0.99722
33.420000 0.0923081 -1.92513 1.08179 0.37944 -1.23786 -0.104179 2.64291 2.26646 2.22111 0.843085 -0.537735 -0.00695882 0.53762 0.84308 -0.0134776 0.0131142 0.00762161 0.999885
33.440000 0.0983742 -1.9514 1.07695 0.293292 -1.30511 -0.286024 2.5421 1.92329 2.05603 0.81929 -0.572341 0.0344924 0.573313 0.816796 -0.0644638 0.00872201 0.0725895 0.997324
33.460000 0.103813 -1.97894 1.06975 0.262819 -1.37331 -0.361346 2.10447 1.55549 1.84266 0.797314 -0.599331 0.0713627 0.603511 0.79007 -0.107532 0.00806544 0.128805 0.991637
33.480000 0.108925 -2.00512 1.06153 0.266415 -1.29278 -0.444489 1.85085 1.32853 1.60567 0.776814 -0.621376 0.102234 0.629651 0.763829 -0.141793 0.010017 0.174518 0.984603
33.500000 0.113905 -2.03051 1.05071 0.238835 -1.26056 -0.56756 1.62746 1.12508 1.20808 0.760757 -0.635983 0.129518 0.648903 0.74124 -0.171721 0.0132078 0.214682 0.976595
33.520000 0.113955 -2.05305 1.04359 -0.0290971 -1.12519 -0.381063 0.548202 -1.28753 1.12603 0.744124 -0.659055 0.109206 0.66698 0.723733 -0.177055 0.0376532 0.204589 0.978123
33.540000 0.11297 -2.07347 1.03621 -0.058906 -0.996889 -0.373435 -0.372247 -1.88156 1.0876 0.727339 -0.681909 0.07732 0.683506 0.70967 -0.170844 0.0616285 0.17711 0.98226
33.560000 0.109874 -2.09421 1.03311 -0.171137 -1.03669 -0.130305 -1.18287 -1.76083 0.394547 0.716432 -0.696323 0.043125 0.693912 0.704825 -0.147335 0.0721975 0.135481 0.988146
33.580000 0.106865 -2.11363 1.03403 -0.0887164 -0.938088 0.126223 -1.25227 -1.64901 -0.65909 0.720392 -0.69356 0.00328671 0.68881 0.714888 -0.120315 0.0810958 0.0889376 0.99273
33.600000 0.102639 -2.13123 1.03861 -0.265271 -0.889892 0.255061 -1.31735 -1.86532 -1.87727 0.741453 -0.669718 -0.0415221 0.664698 0.741541 -0.0910636 0.0917773 0.0399198 0.994979
33.620000 0.0966739 -2.14785 1.04401 -0.406857 -0.851045 0.248131 -1.56856 -2.13556 -3.03084 0.77429 -0.626148 -0.0917318 0.624128 0.779533 -0.0528403 0.104594 -0.0163387 0.994381
33.640000 0.0891508 -2.16355 1.04672 -0.341937 -0.778018 0.101535 -1.68658 -2.35334 -3.24543 0.810385 -0.568289 -0.142559 0.5731 0.819439 -0.0087463 0.121789 -0.0746129 0.989748
33.660000 0.0850679 -2.17981 1.04596 -0.161191 -0.826541 -0.0768511 -1.44075 -2.13818 -3.46867 0.843369 -0.503997 -0.186323 0.518275 0.854519 0.0344682 0.141845 -0.125636 0.981884
33.680000 0.0855463 -2.19682 1.04151 0.0665162 -0.847358 -0.268144 -1.29742 -1.7408 -3.28358 0.870929 -0.439406 -0.22001 0.464151 0.882606 0.0746324 0.161388 -0.167117 0.972639
33.700000 0.0858311 -2.21394 1.03192 -0.0165771 -0.857045 -0.531832 -1.00277 -1.38946 -2.90814 0.892288 -0.380342 -0.243231 0.414778 0.903371 0.108997 0.178272 -0.198143 0.963825
33.720000 0.0825243 -2.23038 1.01769 -0.233779 -0.803257 -0.775948 -0.662125 -1.03635 -2.59049 0.908864 -0.32753 -0.258245 0.36999 0.918929 0.136668 0.192546 -0.219761 0.956364
33.740000 0.076033 -2.24494 1.00198 -0.325328 -0.713265 -0.733209 -0.729204 -0.731438 -2.24163 0.922182 -0.281764 -0.264934 0.330174 0.930278 0.159897 0.201409 -0.234928 0.950917
33.760000 0.0715187 -2.25962 0.986801 -0.172399 -0.71597 -0.773884 -1.50299 -0.963453 -2.07867 0.93134 -0.236984 -0.276487 0.295398 0.935665 0.193058 0.212947 -0.261476 0.941426
33.780000 0.0698165 -2.27321 0.970253 -0.0732304 -0.691004 -0.813793 -1.74548 -0.532443 -1.78122 0.938866 -0.197743 -0.28183 0.268144 0.933429 0.238345 0.215937 -0.299345 0.929389
33.800000 0.0691556 -2.29024 0.960268 -0.00233983 -0.823045 -0.441878 0.97541 1.08472 -1.033 0.948538 -0.184945 -0.257044 0.244871 0.943069 0.225074 0.200784 -0.276434 0.939824
33.820000 0.0708845 -2.30308 0.955464 0.129496 -0.569384 -0.116399 0.573686 0.306441 -0.632302 0.954041 -0.174409 -0.243694 0.228232 0.949864 0.213701 0.194205 -0.259498 0.946015
33.840000 0.0743877 -2.30737 0.95724 0.145833 -0.174278 0.136334 0.981514 0.0903953 0.493027 0.952514 -0.182285 -0.243903 0.233011 0.952004 0.198479 0.196016 -0.245886 0.949272
33.860000 0.0769622 -2.30888 0.96216 0.109752 0.00173274 0.227438 0.938278 0.246503 1.0909 0.948972 -0.201752 -0.24238 0.247342 0.952962 0.175171 0.195638 -0.226183 0.954236
33.880000 0.0773282 -2.30636 0.968284 0.0313911 0.179799 0.302822 1.19574 0.54181 1.7299 0.942147 -0.236547 -0.237497 0.274661 0.950931 0.14245 0.192147 -0.199441 0.960887
33.900000 0.0770958 -2.30185 0.975042 -0.0493436 0.232253 0.350458 1.66028 0.946424 2.59024 0.929685 -0.290587 -0.226373 0.318432 0.942934 0.0973459 0.185167 -0.162585 0.969164
33.920000 0.0743842 -2.29659 0.983924 -0.150736 0.283267 0.444295 2.40788 1.47834 3.57097 0.909453 -0.362969 -0.202853 0.376779 0.925722 0.0328081 0.175877 -0.106268 0.978659
33.940000 0.0718825 -2.29325 0.99481 -0.157277 0.173065 0.518472 2.41029 1.56378 4.2881 0.879181 -0.444815 -0.17082 0.445791 0.894462 -0.0347706 0.168259 -0.0455805 0.984688
33.960000 0.0696316 -2.28612 1.00531 -0.0944225 0.457142 0.517304 2.10606 1.56447 4.20269 0.842078 -0.522507 -0.133758 0.514156 0.852576 -0.0935822 0.162936 0.0100312 0.986586
33.980000 0.0696087 -2.27478 1.0126 0.0143001 0.588322 0.305182 1.62299 1.46699 4.02278 0.802097 -0.589677 -0.0944539 0.576175 0.805718 -0.137259 0.157042 0.0556733 0.986021
34.000000 0.0692185 -2.26212 1.01504 -0.0227877 0.639517 0.0549408 1.33475 1.30941 3.36403 0.763837 -0.642909 -0.056756 0.627106 0.760093 -0.170281 0.152615 0.0944749 0.98376
34.020000 0.0689192 -2.25007 1.01198 0.00296416 0.548613 -0.224801 0.949778 1.15316 2.99544 0.728154 -0.685034 -0.0228037 0.66897 0.717535 -0.193968 0.149237 0.125984 0.980743
34.040000 0.0687216 -2.24477 1.00416 -0.0141853 0.246991 -0.412041 0.77533 0.948404 2.72511 0.692128 -0.721734 0.00761994 0.706776 0.675567 -0.209944 0.146376 0.150694 0.977684
34.060000 0.0676039 -2.24008 0.995648 -0.0844519 0.242094 -0.388077 0.609495 0.772923 2.323 0.660121 -0.75035 0.0348665 0.737059 0.638079 -0.222708 0.144862 0.172713 0.974261
34.080000 0.0646668 -2.23548 0.989504 -0.147686 0.201811 -0.281087 0.265399 0.79092 2.07954 0.630513 -0.774007 0.0580139 0.763365 0.604845 -0.226795 0.140452 0.187283 0.972213
34.100000 0.0629704 -2.23342 0.985136 -0.00441514 0.0668599 -0.255024 0.608787 1.10911 1.62524 0.605879 -0.790872 0.0862046 0.784181 0.575441 -0.232223 0.134053 0.208299 0.968835
34.120000 0.0643428 -2.23389 0.981341 0.0868648 -0.0650713 -0.15897 0.490131 -0.0970168 0.838268 0.590861 -0.801163 0.0949843 0.794741 0.557742 -0.239398 0.13882 0.216939 0.966264
34.140000 0.0660077 -2.23631 0.983416 0.036131 -0.132402 0.149392 -0.462106 -0.845998 -0.437314 0.592618 -0.80165 0.0784854 0.792765 0.563239 -0.232992 0.142572 0.200296 0.969306
34.160000 0.0639253 -2.24057 0.988597 -0.190035 -0.229747 0.246014 -0.736714 -1.06713 -0.621072 0.601316 -0.797249 0.053036 0.785901 0.57817 -0.21927 0.144149 0.173532 0.974222
34.180000 0.060883 -2.24645 0.995274 -0.168818 -0.312476 0.331737 -0.887211 -1.28783 -1.62905 0.620786 -0.783743 0.0192729 0.770301 0.605197 -0.200929 0.145813 0.13958 0.979416
34.200000 0.0593248 -2.25535 1.00441 -0.0667697 -0.461291 0.463157 -1.28095 -1.73078 -2.54684 0.652342 -0.757448 -0.0268735 0.743152 0.646191 -0.173672 0.148913 0.0933227 0.984437
34.220000 0.0597318 -2.26601 1.01501 0.0871687 -0.474693 0.532301 -1.56795 -2.05921 -3.53169 0.696859 -0.712478 -0.082239 0.700382 0.700714 -0.135886 0.154442 0.0370945 0.987305
34.240000 0.0633107 -2.27958 1.02423 0.252845 -0.686091 0.497935 -1.57785 -1.98807 -4.52499 0.748836 -0.64879 -0.135333 0.641807 0.760821 -0.0960969 0.165311 -0.0148966 0.986129
34.260000 0.0706397 -2.294 1.03288 0.435881 -0.714448 0.406157 -1.72306 -1.67893 -4.61095 0.800823 -0.571955 -0.177621 0.573972 0.817635 -0.0450454 0.170993 -0.0658759 0.983068
34.280000 0.0826405 -2.30708 1.03836 0.651212 -0.661664 0.249472 -1.50056 -1.31728 -4.71312 0.847573 -0.488236 -0.207956 0.500034 0.865992 0.00484048 0.177725 -0.108088 0.978126
34.300000 0.0991394 -2.31961 1.04259 0.855316 -0.567048 0.192251 -1.17593 -0.669859 -4.57511 0.887507 -0.403896 -0.22181 0.42406 0.904241 0.0502067 0.180292 -0.13862 0.973796
34.320000 0.116434 -2.33084 1.04484 0.848644 -0.58517 0.0471781 -1.00011 -0.250413 -4.26845 0.920726 -0.32198 -0.220439 0.347795 0.933292 0.0894725 0.176926 -0.159047 0.971288
34.340000 0.132762 -2.34317 1.04323 0.812304 -0.643376 -0.128623 -0.849522 0.0571178 -3.77045 0.945144 -0.248618 -0.211878 0.278159 0.952628 0.122993 0.171263 -0.175182 0.969526
34.360000 0.149585 -2.35708 1.03768 0.848185 -0.706978 -0.329741 -0.800866 0.149825 -3.21404 0.962028 -0.185663 -0.200077 0.21771 0.964075 0.15219 0.164633 -0.18997 0.967888
34.380000 0.165142 -2.36979 1.03056 0.745528 -0.609233 -0.29457 -1.16661 -0.00416908 -2.90366 0.973478 -0.130015 -0.188249 0.164576 0.969532 0.181448 0.158922 -0.207617 0.965214
34.400000 0.177541 -2.38137 1.02144 0.620548 -0.647839 -0.455089 -0.888154 -0.0589167 -3.00514 0.980946 -0.0733057 -0.179921 0.110902 0.971658 0.208761 0.159519 -0.224737 0.961274
34.420000 0.190287 -2.39176 1.01536 0.681541 -0.402544 -0.290461 -1.20712 1.1226 -1.94671 0.987529 -0.0318324 -0.154183 0.0676069 0.970193 0.232712 0.14218 -0.240233 0.960246
34.440000 0.199848 -2.39772 1.01082 0.419149 -0.330251 -0.175012 0.109203 0.684321 -1.44965 0.991562 -0.00637027 -0.129473 0.0383204 0.968558 0.24582 0.123836 -0.248707 0.96063
34.460000 0.206112 -2.39827 1.00936 0.257409 -0.0151384 0.0385918 0.271592 0.859694 0.0516543 0.993698 -0.00647953 -0.1119 0.0338417 0.969082 0.244408 0.106857 -0.246654 0.963194
34.480000 0.205764 -2.39846 1.01286 -0.16109 -0.049083 0.209955 1.3056 0.572246 0.105143 0.994821 -0.0137773 -0.1007 0.0359175 0.974497 0.221506 0.0950799 -0.223976 0.969946
34.500000 0.20267 -2.39744 1.02009 -0.234387 0.0473039 0.401041 1.65742 0.0995812 0.853471 0.994436 -0.0300386 -0.100967 0.0484518 0.981506 0.1852 0.093537 -0.189061 0.9775
34.520000 0.1968 -2.39371 1.02972 -0.34845 0.222909 0.48608 2.01134 -0.122736 1.42508 0.992516 -0.058207 -0.107352 0.0730895 0.987398 0.140371 0.0978288 -0.147166 0.984262
34.540000 0.190178 -2.38642 1.03889 -0.340663 0.4045 0.403616 2.51071 -0.19643 2.0508 0.988355 -0.0987308 -0.115784 0.108866 0.990438 0.0847434 0.10631 -0.0963616 0.989653
34.560000 0.183061 -2.37767 1.04466 -0.365447 0.453077 0.241282 2.85369 0.00713568 2.7646 0.980821 -0.154407 -0.118945 0.15769 0.987313 0.0186405 0.114558 -0.0370394 0.992726
34.580000 0.173173 -2.36993 1.04727 -0.541121 0.371117 0.0747071 2.91984 0.243205 3.07332 0.9696 -0.216746 -0.113562 0.212375 0.975938 -0.0494147 0.12154 0.0237947 0.992301
34.600000 0.159561 -2.36342 1.04596 -0.723248 0.312247 -0.120728 2.69703 0.406342 3.14235 0.955213 -0.278249 -0.100722 0.267015 0.957168 -0.111947 0.127557 0.0800393 0.988596
34.620000 0.142589 -2.35875 1.04055 -0.876914 0.183053 -0.328076 2.36274 0.473444 3.09623 0.937981 -0.33669 -0.0826527 0.320108 0.932645 -0.166444 0.133126 0.129664 0.982581
34.640000 0.126956 -2.35685 1.03346 -0.762467 0.10521 -0.323532 1.66206 0.289858 2.37289 0.92095 -0.383959 -0.0665328 0.363658 0.908177 -0.207288 0.140014 0.166707 0.976015
34.660000 0.112145 -2.35424 1.02631 -0.732813 0.139461 -0.383084 1.51502 0.209144 1.63884 0.907875 -0.41575 -0.0539804 0.39243 0.888049 -0.239517 0.147516 0.196268 0.96939
34.680000 0.0983474 -2.35008 1.02102 -0.672448 0.263925 -0.114018 -0.00720849 0.0855119 0.85179 0.899631 -0.434196 -0.046233 0.409788 0.876105 -0.253995 0.150789 0.209556 0.9661
34.700000 0.0867609 -2.34525 1.01811 -0.559978 0.247939 -0.157288 -0.150412 0.0835333 0.376811 0.896029 -0.442025 -0.0417976 0.41868 0.872519 -0.251828 0.147783 0.208145 0.966869
34.720000 0.0765268 -2.3391 1.01502 -0.494848 0.357128 -0.145827 0.168266 0.2778 0.319925 0.895042 -0.444746 -0.0331858 0.42243 0.869286 -0.256701 0.143014 0.215739 0.965921
34.740000 0.0684219 -2.3307 1.01254 -0.362164 0.432719 -0.0976524 -0.514946 -0.310112 0.170555 0.892712 -0.449131 -0.0366999 0.427102 0.869266 -0.248918 0.143699 0.206537 0.967829
34.760000 0.0626467 -2.32175 1.01442 -0.245165 0.450462 0.149774 -0.659652 -0.515108 -0.36681 0.893465 -0.446733 -0.0463644 0.42455 0.873736 -0.237365 0.146549 0.192394 0.970313
34.780000 0.058342 -2.31328 1.01937 -0.177557 0.399744 0.250275 -0.988101 -0.728615 -0.541499 0.895316 -0.440918 -0.0632502 0.418953 0.88179 -0.216621 0.151286 0.167446 0.974205
34.800000 0.0550107 -2.30666 1.02514 -0.158574 0.314351 0.293092 -0.752798 -0.415515 -0.724419 0.900192 -0.428932 -0.0753145 0.407805 0.890938 -0.199812 0.152806 0.149156 0.976935
34.820000 0.0529276 -2.30252 1.03096 -0.0769102 0.143692 0.262543 -0.664714 -0.0571806 -1.08654 0.908629 -0.409853 -0.0800849 0.390153 0.901527 -0.187164 0.148908 0.138817 0.979059
34.840000 0.0519425 -2.30178 1.03537 -0.0485241 -0.0147131 0.205711 -0.682784 0.0822379 -1.60268 0.920328 -0.382036 -0.0839334 0.364454 0.915458 -0.170615 0.142019 0.126432 0.981756
34.860000 0.0511547 -2.30494 1.0378 -0.0616704 -0.23608 0.0293111 -1.08657 -0.359165 -2.04324 0.933756 -0.345164 -0.0946673 0.329943 0.932634 -0.146053 0.138702 0.105143 0.984737
34.880000 0.0482193 -2.31262 1.03883 -0.162485 -0.460278 0.0131037 -1.11899 -0.375876 -2.32003 0.947583 -0.30075 -0.107874 0.288515 0.950478 -0.115541 0.13728 0.0783614 0.987428
34.900000 0.0447089 -2.32338 1.03938 -0.140896 -0.570268 0.0327406 -1.44221 -0.439441 -2.4719 0.960136 -0.251538 -0.121934 0.243146 0.966714 -0.0796474 0.137909 0.0468246 0.989337
34.920000 0.0422753 -2.33595 1.03902 -0.125218 -0.698427 -0.0785179 -1.36843 -0.508256 -2.64082 0.971076 -0.197742 -0.133824 0.193931 0.980155 -0.0410666 0.139289 0.0139262 0.990154
34.940000 0.0401081 -2.35104 1.0369 -0.0867999 -0.784305 -0.134398 -1.22912 -0.474564 -2.841 0.979555 -0.140342 -0.144141 0.141079 0.989985 -0.00514618 0.14342 -0.0152944 0.989544
34.960000 0.0386822 -2.3649 1.03485 -0.0617366 -0.624991 -0.120967 -0.906036 -0.336967 -2.80954 0.984927 -0.0824153 -0.152076 0.0873496 0.995837 0.0260446 0.149296 -0.0389358 0.988026
34.980000 0.0383759 -2.37931 1.03161 0.00550393 -0.75743 -0.201103 -0.63084 -0.486513 -2.69792 0.987109 -0.0261805 -0.157891 0.0342394 0.998234 0.0485385 0.156341 -0.0533189 0.986263
35.000000 0.0396153 -2.39529 1.02794 0.076033 -0.823334 -0.208451 -0.64426 -0.457059 -2.52438 0.986337 0.0265696 -0.162583 -0.0152028 0.997377 0.070763 0.164037 -0.0673245 0.984154
35.020000 0.0411562 -2.41226 1.02366 0.0737511 -0.856285 -0.215373 -0.652536 -0.210371 -2.26232 0.983661 0.0735999 -0.164296 -0.0591415 0.994072 0.0912282 0.170037 -0.080021 0.982183
35.040000 0.0424009 -2.42942 1.01909 0.0582708 -0.861439 -0.234138 -0.712966 0.102299 -2.01915 0.980512 0.114419 -0.1597 -0.0973148 0.989031 0.11112 0.170663 -0.0934134 0.980892
35.060000 0.0425638 -2.44708 1.01579 -0.00327716 -0.894198 -0.156741 -1.26366 0.257969 -1.81754 0.977147 0.150148 -0.150466 -0.129426 0.981772 0.139184 0.168622 -0.116529 0.978769
35.080000 0.0420447 -2.46562 1.0096 -0.0228794 -0.946246 -0.358357 -0.302061 0.378363 -1.3639 0.974172 0.177923 -0.139037 -0.155785 0.975304 0.156565 0.16346 -0.130862 0.977832
35.100000 0.0424068 -2.48611 1.00154 0.0522338 -1.01866 -0.393897 0.275107 0.339722 -1.03671 0.971287 0.199646 -0.129398 -0.179193 0.971669 0.154111 0.1565 -0.126498 0.979544
35.120000 0.0466066 -2.50297 0.994266 0.235271 -0.815568 -0.323726 -0.581667 0.958195 -0.577707 0.971513 0.210051 -0.109736 -0.189951 0.967064 0.169429 0.14171 -0.143758 0.979414
35.140000 0.0527947 -2.51724 0.991723 0.382178 -0.629708 -0.145383 -0.265801 0.882201 -0.119876 0.972489 0.21277 -0.0948352 -0.194724 0.965947 0.17038 0.127858 -0.147226 0.980804
35.160000 0.0615435 -2.52804 0.992556 0.463203 -0.538823 0.110586 0.199564 0.421762 0.161899 0.974532 0.208067 -0.0836393 -0.192201 0.967134 0.166468 0.115527 -0.146153 0.982493
35.180000 0.0712988 -2.53581 0.996761 0.47709 -0.334883 0.217563 0.324702 0.431181 0.503595 0.977513 0.196648 -0.0761462 -0.182761 0.970166 0.159299 0.1052 -0.1418 0.984289
35.200000 0.0801552 -2.54101 1.0039 0.462339 -0.245595 0.438885 0.714986 0.375266 0.90327 0.980974 0.180311 -0.0719601 -0.16867 0.975101 0.143977 0.0961289 -0.1291 0.986961
35.220000 0.0874273 -2.54443 1.01295 0.342174 -0.136444 0.43038 1.26788 -0.148848 1.18922 0.984617 0.156829 -0.0770277 -0.147307 0.982178 0.116737 0.0939626 -0.103595 0.990171
35.240000 0.0929285 -2.54732 1.02108 0.239457 -0.134946 0.395041 1.62618 -0.0746045 1.70144 0.988876 0.124113 -0.0819788 -0.117618 0.989846 0.0798138 0.0910524 -0.0692837 0.993433
35.260000 0.0972382 -2.54908 1.02836 0.219866 -0.0718615 0.370251 1.55245 -0.228525 1.98291 0.992474 0.0843018 -0.0888216 -0.0806934 0.995791 0.043468 0.0921122 -0.0359735 0.995099
35.280000 0.101602 -2.54993 1.03628 0.235321 -0.024039 0.392844 1.47343 -0.319873 2.27365 0.994576 0.0388863 -0.0964696 -0.0383318 0.999236 0.00759446 0.0966913 -0.00385541 0.995307
35.300000 0.106837 -2.55008 1.04375 0.287917 0.00325285 0.367304 1.5056 -0.364912 2.7692 0.994492 -0.0164554 -0.103512 0.0134034 0.999457 -0.0301115 0.103951 0.0285582 0.994172
35.320000 0.113547 -2.5494 1.05145 0.367697 0.0733822 0.398901 1.4686 -0.223931 3.21342 0.99103 -0.0810876 -0.106231 0.0740416 0.994888 -0.0686766 0.111257 0.060195 0.991967
35.340000 0.122076 -2.54686 1.06029 0.449941 0.15291 0.458264 1.38541 0.0952819 3.45661 0.983401 -0.15095 -0.10068 0.140307 0.984466 -0.105548 0.115048 0.0896703 0.989304
35.360000 0.131108 -2.54243 1.07142 0.468453 0.235668 0.56471 1.22064 0.578584 2.92166 0.973956 -0.211061 -0.0828468 0.198635 0.970435 -0.137112 0.109336 0.117085 0.987085
35.380000 0.140965 -2.53835 1.08215 0.49743 0.186429 0.500715 1.12399 0.677402 2.62061 0.962895 -0.262893 -0.0609924 0.250046 0.954094 -0.164869 0.101535 0.143501 0.984428
35.400000 0.150539 -2.5345 1.08911 0.481718 0.197388 0.270984 1.10188 0.494813 2.25725 0.951162 -0.305877 -0.0416008 0.293153 0.937258 -0.188701 0.09671 0.167289 0.981153
35.420000 0.160349 -2.53051 1.09091 0.491949 0.196508 0.0443059 1.03898 0.470631 1.78883 0.940126 -0.339889 -0.025283 0.327357 0.921128 -0.210622 0.0948769 0.189734 0.977241
35.440000 0.170134 -2.52679 1.09028 0.490246 0.181554 -0.0509985 1.06341 0.672956 1.26101 0.932052 -0.36225 -0.00738366 0.350861 0.907459 -0.231117 0.0904227 0.212823 0.972898
35.460000 0.1798 -2.52206 1.08889 0.471864 0.279923 -0.0551131 0.819764 0.463522 1.0151 0.925685 -0.378189 0.00891404 0.368316 0.895641 -0.249341 0.0863142 0.234094 0.968375
35.480000 0.189896 -2.51628 1.08712 0.517047 0.292711 -0.103083 0.581672 0.405793 0.765763 0.920301 -0.390647 0.0209928 0.382203 0.886368 -0.261291 0.083465 0.248489 0.965032
35.500000 0.200946 -2.51048 1.08408 0.557487 0.286213 -0.166128 0.214713 0.328139 0.5499 0.916117 -0.399722 0.0308425 0.392913 0.879891 -0.267228 0.0796789 0.25693 0.96314
35.520000 0.210224 -2.50387 1.08257 0.426026 0.315143 -0.0349637 -0.414672 -0.0668519 0.250359 0.913075 -0.406488 0.0325691 0.40057 0.87908 -0.258382 0.0763985 0.248969 0.965494
35.540000 0.214558 -2.49807 1.0849 0.11188 0.282208 0.162857 -0.344279 -0.0207991 -0.0382315 0.913223 -0.406261 0.0312431 0.400701 0.88152 -0.249724 0.0739115 0.240572 0.967813
35.560000 0.213818 -2.49373 1.0891 -0.0641324 0.196362 0.169918 -0.398247 -0.108874 -0.526088 0.916674 -0.398665 0.0278264 0.393138 0.887078 -0.24194 0.071769 0.23272 0.969892
35.580000 0.210448 -2.49002 1.09137 -0.196605 0.204055 0.0840092 -0.819026 -0.277385 -0.979478 0.923902 -0.382202 0.0180908 0.37622 0.898789 -0.225027 0.069746 0.214709 0.974185
35.600000 0.204615 -2.48686 1.0926 -0.310652 0.140416 0.0243064 -1.11184 -0.340822 -1.46761 0.934362 -0.356301 0.00410438 0.349639 0.914549 -0.203352 0.0687011 0.19144 0.979097
35.620000 0.196998 -2.48521 1.09322 -0.3955 0.073923 0.0184058 -1.43169 -0.351531 -1.85807 0.946862 -0.321467 -0.0105377 0.314862 0.933103 -0.173727 0.0656805 0.161178 0.984737
35.640000 0.188541 -2.48388 1.09438 -0.463078 0.0447069 0.0746052 -1.55381 -0.324621 -2.50671 0.961596 -0.273253 -0.0258103 0.26722 0.953518 -0.139277 0.0626684 0.127031 0.989917
35.660000 0.178754 -2.4833 1.09365 -0.509351 0.0282109 -0.0552833 -1.77465 -0.173312 -3.00085 0.976167 -0.213662 -0.0380438 0.209042 0.972811 -0.099703 0.0583122 0.089374 0.99429
35.680000 0.168053 -2.48301 1.09025 -0.560865 0.00475163 -0.196634 -1.68659 -0.0805994 -3.10651 0.987494 -0.150965 -0.045432 0.148108 0.987101 -0.060794 0.0540238 0.0533049 0.997116
35.700000 0.156607 -2.4845 1.08376 -0.574491 -0.0914945 -0.340726 -1.52128 -0.140362 -2.96167 0.994654 -0.0898269 -0.0509412 0.0886109 0.995736 -0.0256514 0.0530281 0.0210003 0.998372
35.720000 0.144752 -2.48559 1.07499 -0.595028 -0.0579898 -0.424089 -1.31231 -0.168182 -2.84986 0.997997 -0.0311031 -0.0550959 0.0313597 0.999501 0.0037987 0.0549503 -0.00551888 0.998474
35.740000 0.133235 -2.4865 1.06644 -0.590092 -0.0363897 -0.432897 -1.16969 -0.197521 -2.62175 0.998055 0.0221201 -0.0582823 -0.0203217 0.999304 0.0312714 0.0589335 -0.0300262 0.99781
35.760000 0.122199 -2.48889 1.05511 -0.541565 -0.141905 -0.563694 -1.06659 -0.510241 -2.13113 0.995573 0.0670685 -0.0658432 -0.0635225 0.996489 0.0545483 0.0692704 -0.0501243 0.996338
35.780000 0.112078 -2.49266 1.04377 -0.507273 -0.192187 -0.574007 -1.10676 -0.578321 -1.90093 0.991499 0.106543 -0.0746871 -0.100583 0.991749 0.0794807 0.082539 -0.0712928 0.994035
35.800000 0.102512 -2.49717 1.03116 -0.46925 -0.240474 -0.659211 -1.12095 -0.525762 -1.69599 0.986392 0.142144 -0.0826125 -0.133251 0.985535 0.104716 0.0963022 -0.0922827 0.991065
35.820000 0.0931552 -2.5024 1.01782 -0.469674 -0.268329 -0.667711 -1.57363 -0.296097 -1.61558 0.9808 0.174947 -0.0861629 -0.162383 0.977318 0.135945 0.107992 -0.119343 0.986962
35.840000 0.0838164 -2.50788 1.00353 -0.463073 -0.273759 -0.735037 -2.03498 0.0850979 -1.55893 0.97525 0.205543 -0.0814848 -0.188863 0.966032 0.176388 0.114972 -0.156633 0.980942
35.860000 0.074118 -2.51409 0.986663 -0.490012 -0.334115 -0.872099 -1.68485 -0.0307862 -1.40717 0.969516 0.233245 -0.0750635 -0.21277 0.953339 0.214183 0.121518 -0.191683 0.973905
35.880000 0.0671453 -2.52126 0.971961 -0.233956 -0.302489 -0.57646 -1.43472 -0.901883 -0.706031 0.963647 0.254486 -0.0813742 -0.228468 0.942777 0.242844 0.138518 -0.215424 0.966646
35.900000 0.065861 -2.52507 0.965453 -0.00352371 -0.206817 -0.194572 0.255381 -0.67947 0.547613 0.961559 0.257174 -0.096263 -0.226747 0.941342 0.249923 0.15489 -0.218488 0.963469
35.920000 0.0657697 -2.52938 0.965498 0.0293646 -0.191872 0.0536262 0.908942 -0.684166 0.95582 0.963281 0.242756 -0.114718 -0.211825 0.949646 0.230873 0.164987 -0.198095 0.966197
35.940000 0.0666286 -2.53236 0.966947 0.0805585 -0.113867 0.0771984 0.886926 -0.591916 1.20787 0.966143 0.222234 -0.131068 -0.192046 0.958682 0.209874 0.172294 -0.177598 0.968903
35.960000 0.0662398 -2.53344 0.970484 -0.0132134 -0.0226243 0.212614 0.639292 -0.352717 1.24973 0.969523 0.199078 -0.142804 -0.169987 0.966347 0.193072 0.176435 -0.162913 0.970737
35.980000 0.0653492 -2.53293 0.975602 -0.0307781 0.0552054 0.279528 0.848803 -0.393356 1.50087 0.972987 0.170755 -0.155365 -0.143561 0.974572 0.172046 0.180792 -0.145095 0.97276
36.000000 0.0643306 -2.53134 0.98032 -0.0779085 0.081098 0.232862 1.14302 -0.387012 2.15764 0.977002 0.12869 -0.170018 -0.105134 0.984416 0.140971 0.18551 -0.119854 0.975306
36.020000 0.0603099 -2.52747 0.986974 -0.227651 0.223181 0.364921 1.75388 -0.356559 2.5837 0.980244 0.076751 -0.182295 -0.0593803 0.993323 0.098913 0.188669 -0.0861341 0.978256
36.040000 0.0549677 -2.51944 0.997795 -0.226807 0.485666 0.586123 1.91004 0.0268394 2.74218 0.981877 0.018439 -0.188621 -0.00959518 0.998816 0.0476927 0.189277 -0.0450185 0.980891
36.060000 0.0504999 -2.50642 1.01296 -0.165025 0.695886 0.756564 1.96747 0.180187 2.9746 0.981583 -0.0437126 -0.185967 0.0434671 0.99904 -0.00539916 0.186025 -0.00278371 0.982541
36.080000 0.0491865 -2.49162 1.02936 0.00309485 0.774926 0.799725 1.6994 0.206053 3.12017 0.977828 -0.108032 -0.179392 0.0998619 0.993535 -0.0539906 0.184065 0.0348791 0.982295
36.100000 0.0526834 -2.4745 1.04475 0.239868 0.874403 0.734112 1.30599 0.0621243 3.09015 0.970152 -0.170526 -0.172414 0.156113 0.983251 -0.0940568 0.185566 0.0643332 0.980524
36.120000 0.0614183 -2.45886 1.05909 0.490993 0.795792 0.680384 0.456318 -0.0630571 2.99671 0.958811 -0.230069 -0.166581 0.212615 0.970202 -0.116199 0.188351 0.0759952 0.979157
36.140000 0.0709451 -2.44301 1.06856 0.458836 0.796503 0.391396 0.362604 -0.162967 2.53728 0.945544 -0.281879 -0.162758 0.262203 0.955907 -0.132253 0.192861 0.0823757 0.977762
36.160000 0.0799329 -2.42682 1.07278 0.450439 0.816674 0.149307 0.207027 -0.126916 2.13796 0.932395 -0.324384 -0.159421 0.303065 0.941994 -0.144217 0.196955 0.086152 0.97662
36.180000 0.0887384 -2.40962 1.07287 0.424375 0.897419 -0.03372 -0.0142986 -0.323353 1.91046 0.919168 -0.360693 -0.158214 0.338474 0.928781 -0.151003 0.201412 0.0852457 0.97579
36.200000 0.097412 -2.39221 1.06887 0.435172 0.857367 -0.265794 -0.129925 -0.22109 1.65621 0.906093 -0.392144 -0.158802 0.3697 0.916387 -0.153482 0.205712 0.0803598 0.975308
36.220000 0.103004 -2.37888 1.0621 0.270738 0.6719 -0.32083 0.321985 0.666056 1.78936 0.894054 -0.424968 -0.141668 0.401219 0.900318 -0.168672 0.199226 0.0939618 0.975438
36.240000 0.107018 -2.36513 1.05817 0.204055 0.692354 -0.144274 0.256991 0.305975 1.6418 0.882907 -0.452377 -0.125818 0.429096 0.886143 -0.175005 0.190661 0.100525 0.976495
36.260000 0.112043 -2.35247 1.05772 0.312234 0.607978 0.0129202 0.701689 0.559289 1.20738 0.873509 -0.47403 -0.110805 0.449631 0.872863 -0.189582 0.186586 0.11578 0.975593
36.280000 0.119229 -2.3421 1.0571 0.40961 0.490215 -0.0768432 0.769374 0.235945 0.67796 0.867939 -0.486372 -0.100618 0.460012 0.863595 -0.206381 0.187271 0.132841 0.973285
36.300000 0.128835 -2.33424 1.0568 0.530668 0.387241 0.0210312 0.265459 0.17703 0.204265 0.866175 -0.490371 -0.0963155 0.462554 0.859646 -0.216916 0.189167 0.143337 0.971427
36.320000 0.140367 -2.32558 1.06003 0.574371 0.4312 0.157463 -0.574376 0.161463 -0.00379929 0.867887 -0.48807 -0.0925184 0.462223 0.861648 -0.209553 0.181995 0.139104 0.97341
36.340000 0.152032 -2.32214 1.06404 0.602355 0.179054 0.285017 -0.807418 -0.270746 -0.306335 0.870009 -0.483342 -0.0972898 0.458984 0.866057 -0.198188 0.180051 0.127771 0.975324
36.360000 0.162795 -2.32031 1.07338 0.505569 0.0659358 0.461461 -0.734809 0.0455313 -0.567119 0.875827 -0.4723 -0.0992927 0.450737 0.874004 -0.181532 0.17252 0.114236 0.978359
36.380000 0.171458 -2.32134 1.08245 0.409492 -0.114393 0.359743 -0.69658 -0.120794 -0.798001 0.883266 -0.457354 -0.103285 0.438235 0.883595 -0.164954 0.166704 0.100435 0.980878
36.400000 0.179175 -2.32562 1.08867 0.379815 -0.273367 0.206521 -1.01771 -0.431864 -1.06071 0.892045 -0.437377 -0.113831 0.421377 0.895952 -0.140399 0.163395 0.0772762 0.98353
36.420000 0.185957 -2.33345 1.09395 0.318869 -0.458765 0.23353 -1.18079 -0.476661 -1.16622 0.90094 -0.414856 -0.127285 0.402639 0.908564 -0.111322 0.161829 0.0490447 0.985599
36.440000 0.191404 -2.34458 1.09853 0.263128 -0.611395 0.18979 -1.25786 -0.538502 -1.322 0.910235 -0.389217 -0.141358 0.381391 0.920954 -0.0799054 0.161285 0.01882 0.986728
36.460000 0.195578 -2.35785 1.10087 0.176888 -0.654694 0.121693 -1.30913 -0.527232 -1.53096 0.920087 -0.359826 -0.154805 0.356721 0.932958 -0.048375 0.161833 -0.0107129 0.98676
36.480000 0.198424 -2.37142 1.1003 0.118048 -0.679744 -0.046093 -1.14323 -0.462412 -1.66982 0.930249 -0.327076 -0.16631 0.328698 0.944254 -0.018468 0.16308 -0.0374861 0.985901
36.500000 0.198996 -2.38491 1.09724 0.00503769 -0.682588 -0.164515 -0.867398 -0.212874 -1.94342 0.941659 -0.289236 -0.172109 0.294808 0.95553 0.00717501 0.16238 -0.0574956 0.985052
36.520000 0.197171 -2.39929 1.09253 -0.12658 -0.730963 -0.242611 -0.653535 -0.0805232 -2.07682 0.9528 -0.248907 -0.173833 0.257593 0.965819 0.0289624 0.160682 -0.0723733 0.984349
36.540000 0.192857 -2.41489 1.08598 -0.239575 -0.793166 -0.346457 -0.393893 0.0115422 -2.14533 0.963055 -0.206704 -0.17262 0.217503 0.974976 0.0459742 0.158797 -0.0818211 0.983915
36.560000 0.187194 -2.43126 1.07703 -0.297936 -0.823872 -0.474293 -0.1469 0.0515502 -2.07566 0.971544 -0.165289 -0.16965 0.177206 0.982488 0.0575864 0.15716 -0.0860107 0.983821
36.580000 0.181158 -2.44692 1.06562 -0.279434 -0.775301 -0.583449 -0.0244337 -0.0028011 -1.78423 0.977666 -0.127869 -0.166787 0.140162 0.988052 0.0640927 0.156599 -0.0860384 0.983908
36.600000 0.176708 -2.46179 1.05328 -0.20009 -0.737011 -0.621364 -0.160346 -0.146276 -1.38259 0.981011 -0.0983521 -0.167166 0.111585 0.991166 0.0716816 0.15864 -0.0889736 0.983319
36.620000 0.173289 -2.47671 1.04003 -0.169179 -0.750616 -0.66604 -0.477994 0.00238404 -1.3011 0.983375 -0.072217 -0.166607 0.0869991 0.992728 0.0831954 0.159388 -0.096307 0.982507
36.640000 0.170416 -2.49129 1.02576 -0.142571 -0.726353 -0.726547 -0.904151 0.3029 -1.24466 0.985864 -0.0479673 -0.160537 0.0649909 0.992605 0.102529 0.154431 -0.111513 0.98169
36.660000 0.167083 -2.50593 1.01078 -0.182784 -0.732223 -0.780924 -1.0514 0.207225 -1.22837 0.987739 -0.0245293 -0.154175 0.0443693 0.990962 0.126594 0.149676 -0.131883 0.9799
36.680000 0.163726 -2.52044 0.995788 -0.199748 -0.699404 -0.68312 -1.69138 0.403541 -1.34818 0.989507 -0.000758439 -0.14448 0.0237079 0.987284 0.157187 0.142523 -0.158963 0.976943
36.700000 0.160977 -2.5343 0.984149 -0.13118 -0.718188 -0.503664 -0.910843 0.575033 -1.20944 0.99117 0.0211692 -0.130897 0.00291711 0.983454 0.181137 0.132566 -0.179919 0.974708
36.720000 0.158921 -2.54597 0.978108 -0.121847 -0.57024 -0.217213 -0.147947 0.542358 -0.953697 0.992484 0.036976 -0.116653 -0.0141989 0.981615 0.190343 0.121546 -0.187256 0.974762
36.740000 0.158594 -2.55243 0.974836 0.0118166 -0.226627 -0.178259 -1.10123 0.981765 -0.736597 0.993973 0.0489506 -0.0980869 -0.0276096 0.977708 0.208144 0.106089 -0.204182 0.973167
36.760000 0.161751 -2.55364 0.975412 0.131 -0.0484877 0.087816 0.225575 0.108973 -0.531734 0.994172 0.0575719 -0.0911496 -0.0368906 0.976102 0.214159 0.101301 -0.209548 0.972537
36.780000 0.164746 -2.55319 0.978322 0.112956 0.0467729 0.155567 0.163271 -0.209572 -0.505545 0.993387 0.0686689 -0.0920126 -0.0479408 0.976302 0.211035 0.104324 -0.205228 0.973138
36.800000 0.165803 -2.55028 0.98128 0.0180646 0.170274 0.148984 0.302238 -0.401665 -0.188806 0.992396 0.0745895 -0.0979114 -0.0531867 0.977236 0.205382 0.111002 -0.198613 0.973772
36.820000 0.164794 -2.54633 0.984184 -0.0700773 0.220585 0.137479 0.370635 -0.471243 0.0148443 0.99129 0.0767512 -0.107018 -0.0544571 0.978782 0.197535 0.119908 -0.189987 0.974437
36.840000 0.162232 -2.5421 0.986811 -0.149512 0.208776 0.129408 0.535377 -0.522159 0.213275 0.990225 0.0748337 -0.117705 -0.0519875 0.981098 0.186398 0.129428 -0.178456 0.975398
36.860000 0.158374 -2.53796 0.98811 -0.206251 0.216089 0.0571946 0.674145 -0.257334 0.521094 0.989848 0.0664782 -0.125624 -0.0443898 0.984256 0.171085 0.13502 -0.163772 0.977215
36.880000 0.15246 -2.53468 0.987858 -0.323035 0.151179 -0.0259818 0.71722 -0.0497454 0.760811 0.990129 0.0520704 -0.130127 -0.0316857 0.987551 0.154075 0.13653 -0.148431 0.979453
36.900000 0.145362 -2.53223 0.986086 -0.372622 0.112461 -0.100884 0.708277 0.0330093 0.911108 0.990553 0.0342293 -0.132791 -0.0159347 0.990517 0.13646 0.136202 -0.133055 0.981705
36.920000 0.137852 -2.53015 0.983699 -0.383455 0.0973436 -0.120517 0.76809 0.0478004 1.06065 0.990767 0.013109 -0.134938 0.00282679 0.9931 0.117233 0.135544 -0.116532 0.983894
36.940000 0.130421 -2.52812 0.981748 -0.371888 0.101513 -0.0893355 0.798953 -0.0050084 1.16637 0.990423 -0.0105734 -0.13766 0.0240898 0.995003 0.0968944 0.135948 -0.0992827 0.985729
36.960000 0.123852 -2.52585 0.981438 -0.30849 0.12066 -0.000759933 0.813437 -0.0846344 1.24836 0.989299 -0.0363128 -0.141309 0.0473902 0.995994 0.0758321 0.137989 -0.0817173 0.987057
36.980000 0.118592 -2.52343 0.983105 -0.238548 0.127238 0.10014 0.763394 -0.139139 1.41585 0.987244 -0.0649215 -0.145379 0.0736487 0.99574 0.0554708 0.141158 -0.0654701 0.98782
37.000000 0.114356 -2.52088 0.986554 -0.18736 0.135429 0.185435 0.730571 -0.210509 1.7233 0.983637 -0.0992049 -0.150391 0.10552 0.993815 0.0345912 0.146029 -0.0498945 0.988021
37.020000 0.111737 -2.51715 0.992248 -0.109579 0.231116 0.312661 0.732939 -0.280334 1.81486 0.978158 -0.136636 -0.156641 0.140399 0.990007 0.0131614 0.153278 -0.0348662 0.987568
37.040000 0.110324 -2.51052 1.00108 -0.0512687 0.378577 0.482845 0.746122 -0.335954 1.83585 0.971099 -0.174179 -0.163182 0.175061 0.984516 -0.00907097 0.162235 -0.019758 0.986554
37.060000 0.109196 -2.50013 1.013 -0.0831459 0.554001 0.591185 0.551728 -0.265232 1.8729 0.963013 -0.210906 -0.167703 0.209136 0.977476 -0.0283519 0.169905 -0.0077694 0.98543
37.080000 0.109036 -2.48768 1.02489 0.0121089 0.644652 0.57099 0.467165 -0.299352 2.00932 0.952831 -0.250467 -0.171402 0.246235 0.968124 -0.0458711 0.177428 0.00150219 0.984133
37.100000 0.111091 -2.47459 1.03564 0.13054 0.675836 0.498724 0.414703 -0.11183 2.27871 0.940163 -0.294589 -0.171206 0.287924 0.955571 -0.0631104 0.182191 0.0100398 0.983212
37.120000 0.113713 -2.4601 1.04431 0.127074 0.739562 0.398301 0.296596 -0.0184987 2.53173 0.924374 -0.342333 -0.168347 0.333568 0.939431 -0.0787484 0.185109 0.0166378 0.982577
37.140000 0.114253 -2.4453 1.04969 -0.00773013 0.740195 0.203684 0.39483 0.149552 2.62815 0.905755 -0.391938 -0.161223 0.381035 0.919661 -0.0950554 0.185526 0.0246653 0.98233
37.160000 0.113745 -2.43056 1.05153 -0.035162 0.741973 0.0597181 0.486513 0.139322 2.45888 0.886009 -0.43803 -0.152044 0.424779 0.898273 -0.11255 0.185877 0.0351355 0.981945
37.180000 0.113511 -2.41573 1.05038 -0.00119304 0.750145 -0.1007 0.559927 0.196932 2.15408 0.866886 -0.477797 -0.142192 0.462254 0.877235 -0.129536 0.186627 0.0465639 0.981327
37.200000 0.113216 -2.40182 1.04668 0.0170672 0.679808 -0.232671 0.818486 0.384052 1.88046 0.849256 -0.51189 -0.129354 0.493417 0.85666 -0.150579 0.187892 0.0640542 0.980099
37.220000 0.113224 -2.39146 1.03937 0.0253567 0.430699 -0.452903 1.36398 0.572967 1.62361 0.834601 -0.539115 -0.113122 0.51686 0.837429 -0.177672 0.190517 0.0898169 0.977566
37.240000 0.114087 -2.38499 1.03019 0.0859664 0.310917 -0.459823 1.33758 0.67367 1.17855 0.823943 -0.558538 -0.0956792 0.532491 0.82088 -0.20642 0.193834 0.11913 0.973774
37.260000 0.113729 -2.37978 1.02287 -0.0141455 0.264463 -0.335058 1.30656 -0.303938 0.901702 0.813147 -0.574337 -0.0944941 0.542296 0.806521 -0.235454 0.211441 0.140215 0.967281
37.280000 0.11386 -2.37591 1.01633 0.0274382 0.197854 -0.311196 1.45233 -0.0690427 0.765321 0.804058 -0.587201 -0.0931964 0.548398 0.793027 -0.265269 0.229674 0.162183 0.95966
37.300000 0.114447 -2.36949 1.01239 0.00574183 0.390201 -0.126097 -0.0636359 -0.178463 0.279143 0.799122 -0.594366 -0.0901884 0.552318 0.785114 -0.280253 0.237381 0.174144 0.95568
37.320000 0.115156 -2.36002 1.0119 0.0584157 0.43347 -0.0648189 -0.387753 -0.151469 0.280486 0.796156 -0.598123 -0.0915656 0.557602 0.783988 -0.272842 0.234979 0.166167 0.957692
37.340000 0.117125 -2.35341 1.01092 0.143647 0.319004 0.0113487 -0.623611 -0.347817 0.162017 0.792043 -0.602604 -0.0976535 0.563739 0.783379 -0.261755 0.234234 0.15227 0.960181
37.360000 0.120314 -2.35059 1.01152 0.185075 0.0745427 0.016649 -0.542347 -0.396064 -0.0701075 0.79033 -0.602934 -0.108855 0.566033 0.786537 -0.246913 0.234491 0.133527 0.962904
37.380000 0.125491 -2.35304 1.01478 0.285061 -0.203493 0.148785 -0.389485 -0.511613 -0.9153 0.796625 -0.592326 -0.120579 0.556578 0.796582 -0.235964 0.235818 0.120863 0.964252
37.400000 0.13022 -2.36024 1.01812 0.19778 -0.4066 0.177659 -0.446292 -0.49645 -1.14306 0.806424 -0.575326 -0.136674 0.540548 0.810915 -0.224107 0.239766 0.106846 0.964933
37.420000 0.134198 -2.36963 1.02251 0.194801 -0.496062 0.228683 -0.624912 -0.615797 -1.32592 0.817063 -0.555058 -0.155944 0.522442 0.827187 -0.206921 0.243848 0.087596 0.965849
37.440000 0.139286 -2.38058 1.02863 0.271681 -0.565101 0.29603 -0.754672 -0.764735 -1.57442 0.829385 -0.529957 -0.17682 0.500599 0.845476 -0.185932 0.248033 0.0656934 0.966522
37.460000 0.145099 -2.39323 1.03547 0.307133 -0.653768 0.327114 -0.702002 -0.588862 -1.8109 0.844214 -0.499142 -0.195346 0.473431 0.86526 -0.164888 0.251327 0.0467185 0.966774
37.480000 0.151747 -2.40803 1.04164 0.328325 -0.76142 0.283702 -0.551264 -0.313083 -2.01882 0.861512 -0.462697 -0.209067 0.440671 0.885917 -0.144776 0.252203 0.0325968 0.967125
37.500000 0.157307 -2.42434 1.0453 0.269989 -0.829984 0.156178 -0.479001 -0.160549 -2.2252 0.879953 -0.421541 -0.219059 0.403247 0.906557 -0.124683 0.251148 0.0213801 0.967713
37.520000 0.161597 -2.44163 1.04664 0.215526 -0.857217 0.0699937 -0.596593 0.00450644 -2.44662 0.899068 -0.37539 -0.225298 0.361347 0.926807 -0.102257 0.247194 0.0105254 0.968909
37.540000 0.165342 -2.45715 1.04665 0.188824 -0.717122 0.0113739 -0.618121 -0.340732 -2.40349 0.915767 -0.327413 -0.232746 0.318067 0.944877 -0.0777212 0.245364 -0.00285441 0.969427
37.560000 0.169292 -2.47234 1.04479 0.20156 -0.773959 -0.116572 -0.562506 -0.0164419 -2.69584 0.93123 -0.275277 -0.238816 0.270711 0.961234 -0.0523893 0.24398 -0.0158638 0.969651
37.580000 0.174263 -2.48728 1.04106 0.268598 -0.741302 -0.226029 -0.676424 0.4879 -2.65305 0.946778 -0.221824 -0.23325 0.222194 0.974681 -0.0250356 0.232898 -0.0281236 0.972094
37.600000 0.180244 -2.5016 1.03239 0.30935 -0.69414 -0.46734 -0.416937 0.524716 -2.4087 0.959362 -0.17237 -0.223414 0.176008 0.984382 -0.0036841 0.220559 -0.0357881 0.974717
37.620000 0.186674 -2.5152 1.02422 0.323534 -0.69782 -0.454487 -0.89247 0.532603 -2.40873 0.969257 -0.124652 -0.212139 0.132891 0.990816 0.024979 0.207077 -0.0524025 0.97692
37.640000 0.193463 -2.53104 1.01525 0.334892 -0.847772 -0.427378 -0.758048 0.622118 -2.18865 0.97663 -0.0812548 -0.198978 0.0927977 0.99446 0.0493739 0.193864 -0.0666847 0.978759
37.660000 0.201482 -2.54492 1.00616 0.403839 -0.71447 -0.454374 -0.67191 0.801725 -1.95489 0.982689 -0.0432629 -0.180138 0.0577697 0.995427 0.0760786 0.176023 -0.0851681 0.980695
37.680000 0.211179 -2.55769 0.997066 0.523286 -0.597707 -0.508345 -1.59439 0.907483 -1.7231 0.986782 -0.0100009 -0.161745 0.0272199 0.994142 0.104596 0.159751 -0.107616 0.981274
37.700000 0.222476 -2.56663 0.987232 0.518723 -0.431253 -0.495314 -1.91898 1.00605 -1.5512 0.989963 0.0173116 -0.140265 0.00316512 0.989505 0.144464 0.141293 -0.143458 0.979518
37.720000 0.233745 -2.57134 0.977619 0.529396 -0.208232 -0.465907 -1.91219 1.09597 -1.45166 0.992485 0.0398412 -0.1157 -0.0175462 0.982076 0.187664 0.121103 -0.184224 0.975395
37.740000 0.243383 -2.57358 0.973133 0.339668 -0.147245 -0.0527808 0.00470885 0.802066 -1.10747 0.994161 0.0569044 -0.0916863 -0.0366455 0.977198 0.209142 0.101497 -0.204561 0.973578
37.760000 0.249026 -2.57246 0.97706 0.213859 0.127154 0.247109 1.06417 1.11527 -0.435679 0.995633 0.0651514 -0.0668625 -0.050732 0.978821 0.198333 0.0783681 -0.194075 0.977851
37.780000 0.250225 -2.56697 0.981794 -0.00950112 0.30655 0.230498 1.09595 1.12514 -0.831049 0.996232 0.0762727 -0.0412847 -0.0679348 0.98218 0.175237 0.0539148 -0.171773 0.98366
37.800000 0.247063 -2.56088 0.984048 -0.204381 0.316958 0.0798365 0.808252 0.77328 -0.820765 0.995717 0.0902891 -0.0198669 -0.0860863 0.983871 0.156801 0.0337039 -0.154419 0.98743
37.820000 0.242665 -2.55588 0.984118 -0.113679 0.24281 0.0903145 0.25105 0.0991546 -0.3313 0.994923 0.0996008 -0.0144002 -0.0964217 0.984423 0.14702 0.0288192 -0.144885 0.989029
37.840000 0.239414 -2.55089 0.986498 -0.17766 0.271334 0.134137 -0.00484995 -0.0899811 -0.324315 0.99429 0.105683 -0.0147923 -0.102426 0.984028 0.145597 0.0299432 -0.14325 0.989233
37.860000 0.235206 -2.54586 0.988622 -0.221412 0.244209 0.0968229 0.0421761 -0.408597 -0.125122 0.993716 0.109975 -0.0208339 -0.105837 0.983769 0.144902 0.0364314 -0.141786 0.989227
37.880000 0.229728 -2.54194 0.989586 -0.293054 0.185371 0.0380073 0.119795 -0.692923 0.0807106 0.99325 0.111198 -0.0330211 -0.105419 0.984096 0.142977 0.0483946 -0.138531 0.989175
37.900000 0.222796 -2.53876 0.988753 -0.36559 0.153797 -0.0684571 0.433188 -0.958093 0.364924 0.99278 0.107927 -0.0523466 -0.100094 0.985871 0.134309 0.0661025 -0.128099 0.989556
37.920000 0.213664 -2.53645 0.985324 -0.495365 0.100124 -0.196619 0.532781 -0.931943 0.642824 0.992419 0.098768 -0.0731375 -0.0893639 0.988466 0.122268 0.0843701 -0.114805 0.989799
37.940000 0.202282 -2.53495 0.979937 -0.588028 0.072062 -0.288272 0.706601 -0.938207 0.851561 0.991986 0.0842133 -0.0941895 -0.074096 0.991581 0.106191 0.102339 -0.0983606 0.989875
37.960000 0.189563 -2.53356 0.972554 -0.644584 0.0699253 -0.382105 0.951744 -0.973344 1.08763 0.991169 0.0641008 -0.116086 -0.05451 0.994975 0.0839898 0.120887 -0.0769202 0.989682
37.980000 0.175544 -2.53238 0.964535 -0.699876 0.0717604 -0.408648 1.11726 -0.891814 1.38402 0.989999 0.0372708 -0.136061 -0.0296946 0.997916 0.057294 0.137913 -0.0526807 0.989042
38.000000 0.162702 -2.5298 0.958397 -0.532918 0.196414 -0.226748 0.93295 -0.801121 1.88714 0.988061 0.000996889 -0.154062 0.00360734 0.999555 0.0296032 0.154023 -0.0298055 0.987618
38.020000 0.151896 -2.52318 0.960094 -0.537684 0.426001 0.160218 0.840768 0.121881 1.79606 0.98677 -0.0397475 -0.157179 0.0410058 0.999148 0.00476995 0.156855 -0.0111521 0.987559
38.040000 0.139214 -2.5133 0.966873 -0.632615 0.515349 0.362634 1.05913 0.177671 2.24329 0.984717 -0.0848503 -0.152095 0.0822555 0.996339 -0.0232836 0.153514 0.0104171 0.988092
38.060000 0.127411 -2.50208 0.978636 -0.528701 0.587662 0.608531 1.36883 -0.166445 2.50128 0.979037 -0.137166 -0.150575 0.129499 0.989784 -0.0596381 0.157217 0.0388886 0.986798
38.080000 0.118674 -2.48859 0.992721 -0.419266 0.734857 0.688467 1.27704 -0.426638 2.55922 0.969431 -0.19117 -0.153813 0.177764 0.979304 -0.0967628 0.169128 0.0664623 0.983351
38.100000 0.113321 -2.47295 1.00632 -0.205101 0.777388 0.656298 0.736374 -0.599057 2.64743 0.956416 -0.245027 -0.15884 0.226745 0.96593 -0.12476 0.183998 0.0833064 0.97939
38.120000 0.11146 -2.45466 1.01879 -0.0530148 0.975598 0.572582 0.298091 -0.668887 2.55088 0.940613 -0.296596 -0.165158 0.275307 0.951097 -0.140075 0.198627 0.0862874 0.976269
38.140000 0.11215 -2.43363 1.02742 0.063633 1.07247 0.325158 0.453064 -0.28936 2.86146 0.922511 -0.349645 -0.163469 0.325703 0.932451 -0.156375 0.207102 0.0910153 0.974076
38.160000 0.112993 -2.41127 1.03216 0.0556302 1.13885 0.170015 0.115638 -0.268665 3.14608 0.89992 -0.40754 -0.155094 0.38139 0.908059 -0.173119 0.211387 0.0966421 0.972613
38.180000 0.113583 -2.38815 1.03623 0.0498078 1.14795 0.190938 0.232941 0.284821 3.0664 0.874738 -0.464017 -0.13972 0.436705 0.87979 -0.187771 0.210053 0.103234 0.972225
38.200000 0.113798 -2.36542 1.03827 0.0291757 1.13976 0.0721482 0.0868903 0.369394 2.55329 0.851397 -0.509851 -0.12319 0.48256 0.853422 -0.196994 0.205571 0.108273 0.972634
38.220000 0.114265 -2.34344 1.03802 0.0384325 1.10431 -0.0406987 0.0490802 0.489913 2.19746 0.830496 -0.547039 -0.104995 0.5206 0.829319 -0.202991 0.198119 0.113923 0.973535
38.240000 0.114556 -2.32249 1.03773 0.0177503 1.05005 0.0141876 0.245508 0.069423 1.91565 0.810332 -0.578763 -0.0916258 0.552536 0.80676 -0.209383 0.195103 0.119043 0.973531
38.260000 0.114945 -2.30264 1.03881 0.0280557 0.969495 0.0670042 0.559854 0.296922 1.79638 0.790867 -0.60677 -0.0797525 0.579457 0.784363 -0.221369 0.196875 0.12886 0.971923
38.280000 0.115087 -2.28505 1.04276 0.0300462 0.850325 0.181842 0.658405 0.368754 1.63855 0.77254 -0.631416 -0.0670448 0.603089 0.76269 -0.233639 0.198658 0.140062 0.970009
38.300000 0.116346 -2.27236 1.04511 0.141475 0.579065 0.0906387 -0.5562 -0.403668 1.0453 0.75622 -0.650948 -0.0663119 0.622459 0.746934 -0.23374 0.201683 0.135483 0.970035
38.320000 0.119562 -2.26339 1.0475 0.184103 0.394468 0.084 -0.0774386 -0.0767439 1.19474 0.74145 -0.667669 -0.0668595 0.639903 0.733546 -0.228984 0.20193 0.126997 0.971131
38.340000 0.122025 -2.25685 1.05172 0.0761437 0.308043 0.244701 -0.97321 -0.599349 1.02897 0.72633 -0.684025 -0.0674874 0.658247 0.720486 -0.218199 0.197877 0.114061 0.973568
38.360000 0.121069 -2.25215 1.05671 0.00182494 0.202525 0.19273 -0.911463 -0.279721 0.483967 0.714335 -0.695723 -0.0754629 0.672986 0.712521 -0.198504 0.191873 0.091013 0.977191
38.380000 0.121399 -2.25084 1.06225 0.0298112 -0.0321693 0.313031 -1.23883 -1.0661 -0.49322 0.71432 -0.693388 -0.0946523 0.674053 0.718061 -0.173325 0.188147 0.0600087 0.980306
38.400000 0.123633 -2.24976 1.06927 0.0799343 0.0198896 0.377055 -1.16834 -1.01595 -0.711864 0.720824 -0.683694 -0.113911 0.668407 0.729165 -0.146799 0.183426 0.0296769 0.982586
38.420000 0.125869 -2.25008 1.07761 0.108328 -0.083631 0.437761 -0.862901 -0.966799 -1.04092 0.729559 -0.670668 -0.133972 0.658531 0.741744 -0.127093 0.18461 0.00449649 0.982802
38.440000 0.130289 -2.25337 1.08624 0.215416 -0.174471 0.422036 -0.825329 -0.891057 -1.24371 0.742839 -0.65121 -0.155293 0.642948 0.758596 -0.105595 0.186569 -0.0214056 0.982209
38.460000 0.136427 -2.25711 1.09332 0.316213 -0.176281 0.372018 -0.881564 -0.918089 -1.60695 0.759703 -0.625519 -0.1777 0.621824 0.778759 -0.0828802 0.190228 -0.0475335 0.980588
38.480000 0.144529 -2.26222 1.09725 0.441527 -0.272754 0.172184 -0.613675 -0.925569 -1.8599 0.779367 -0.593965 -0.199479 0.595066 0.801347 -0.0611495 0.196173 -0.071045 0.977992
38.500000 0.153797 -2.26727 1.10248 0.493286 -0.230696 0.290232 -0.710598 -0.946786 -2.24629 0.80125 -0.556045 -0.220935 0.562936 0.825693 -0.036527 0.202735 -0.0951051 0.974604
38.520000 0.163153 -2.2738 1.10716 0.428698 -0.338414 0.286838 -0.748625 -1.1935 -2.52194 0.824179 -0.511472 -0.243157 0.524883 0.851101 -0.0111714 0.212665 -0.118422 0.969923
38.540000 0.172633 -2.28202 1.1071 0.472061 -0.401659 -0.118682 0.00396122 -0.303403 -2.60999 0.84864 -0.462201 -0.257257 0.480069 0.877197 0.0076376 0.222135 -0.129983 0.966313
38.560000 0.179784 -2.29208 1.10545 0.376731 -0.545216 -0.104588 -0.31604 -0.394627 -2.95449 0.874371 -0.40696 -0.26431 0.429451 0.902558 0.0310051 0.225937 -0.140618 0.963939
38.580000 0.186214 -2.30099 1.10508 0.316639 -0.470759 -0.0169497 -0.529688 -0.633541 -2.8351 0.894523 -0.353072 -0.27417 0.381529 0.922619 0.0566627 0.232948 -0.15529 0.96001
38.600000 0.192285 -2.31162 1.10396 0.320526 -0.554413 -0.0579534 -0.489496 -0.622682 -2.71298 0.911932 -0.297863 -0.282237 0.332325 0.939579 0.0821693 0.240709 -0.168727 0.955819
38.620000 0.198707 -2.32368 1.10212 0.309703 -0.64048 -0.107616 -0.385875 -0.198049 -2.44758 0.926252 -0.249195 -0.28277 0.288029 0.951891 0.104613 0.243097 -0.178344 0.953466
38.640000 0.205367 -2.3375 1.09835 0.34384 -0.721458 -0.217156 -0.0789016 0.0180592 -1.93106 0.936994 -0.210223 -0.279013 0.250983 0.960641 0.119064 0.243001 -0.18159 0.952877
38.660000 0.213041 -2.35124 1.08997 0.41164 -0.708874 -0.530717 0.653955 0.487402 -1.28822 0.945339 -0.184148 -0.269118 0.222357 0.967685 0.118926 0.238522 -0.172265 0.955736
38.680000 0.221678 -2.36574 1.07923 0.423641 -0.764481 -0.55076 0.603497 0.539598 -1.07975 0.95197 -0.165828 -0.257398 0.200108 0.973225 0.113089 0.231753 -0.159165 0.959665
38.700000 0.231363 -2.38138 1.06739 0.486465 -0.822745 -0.594162 0.638962 0.6255 -0.859906 0.957641 -0.15182 -0.244691 0.181546 0.977892 0.103775 0.223526 -0.143802 0.964032
38.720000 0.242592 -2.39841 1.05339 0.544985 -0.892487 -0.719837 0.91748 0.970901 -0.67323 0.96377 -0.142805 -0.225286 0.166085 0.982184 0.0879226 0.208717 -0.122154 0.970317
38.740000 0.252503 -2.41874 1.04047 0.4335 -1.05238 -0.579183 0.636944 1.03316 -1.00483 0.970555 -0.129333 -0.203213 0.147033 0.986322 0.0744992 0.190798 -0.102184 0.976296
38.760000 0.257293 -2.44219 1.03276 0.145274 -1.20416 -0.271979 1.65332 1.05574 -0.99298 0.976848 -0.113044 -0.181628 0.123404 0.991255 0.0467518 0.174755 -0.0680831 0.982255
38.780000 0.254731 -2.46551 1.03277 -0.193897 -1.12593 0.0220108 1.86883 0.981579 -1.04727 0.98247 -0.0946538 -0.160604 0.09734 0.995211 0.00892331 0.15899 -0.0244001 0.986979
38.800000 0.254623 -2.48281 1.04 -0.0899951 -0.836609 0.323082 1.36107 -0.443487 -0.636098 0.982725 -0.0819776 -0.165923 0.0794758 0.996601 -0.0216734 0.167136 0.00811212 0.9859
38.820000 0.250466 -2.49705 1.04511 -0.216771 -0.650566 0.209614 0.698145 -0.627278 -0.660446 0.981443 -0.0692332 -0.178822 0.0637559 0.997309 -0.0362042 0.180847 0.0241314 0.983215
38.840000 0.246995 -2.50673 1.04368 -0.121685 -0.431652 -0.151489 0.638803 -0.115797 -0.342592 0.980728 -0.0609427 -0.185629 0.0531339 0.997492 -0.0467599 0.188013 0.0359956 0.981507
38.860000 0.242546 -2.51721 1.03866 -0.235092 -0.532735 -0.315601 0.6076 0.155187 -0.0855862 0.981212 -0.0604145 -0.18323 0.0499501 0.996875 -0.0612018 0.186355 0.0508996 0.981163
38.880000 0.235597 -2.52941 1.03127 -0.358879 -0.635769 -0.403993 0.84048 0.372731 0.420034 0.981905 -0.0691198 -0.176311 0.0556483 0.995221 -0.0802454 0.181015 0.0689819 0.981058
38.900000 0.224798 -2.54378 1.02233 -0.575814 -0.715657 -0.478232 1.27466 0.449689 0.996742 0.982284 -0.0890931 -0.164865 0.0718997 0.991604 -0.107477 0.173056 0.0937193 0.980443
38.920000 0.212639 -2.55822 1.01338 -0.573678 -0.731598 -0.425636 1.31054 0.283929 1.49446 0.980699 -0.119066 -0.155091 0.0972536 0.98517 -0.141358 0.169622 0.123546 0.977735
38.940000 0.201942 -2.57299 1.00975 -0.498855 -0.749213 -0.169224 0.993202 -0.0100491 1.80436 0.976588 -0.155198 -0.148959 0.129715 0.977255 -0.167768 0.171608 0.144518 0.974508
38.960000 0.193981 -2.58628 1.00919 -0.365269 -0.574674 0.0379864 0.637757 0.205222 1.67157 0.970953 -0.192304 -0.142369 0.163734 0.967894 -0.190715 0.174473 0.161865 0.971267
38.980000 0.18858 -2.59528 1.01442 -0.253245 -0.402426 0.299702 -0.0478474 0.1386 1.48926 0.965865 -0.222232 -0.133109 0.19409 0.96114 -0.196313 0.171563 0.163777 0.971464
39.000000 0.184648 -2.60035 1.02256 -0.182097 -0.203959 0.435484 -0.296154 0.105613 1.3253 0.960193 -0.249113 -0.126382 0.222047 0.955182 -0.195763 0.169485 0.159907 0.972473
39.020000 0.181057 -2.60314 1.03381 -0.195271 -0.116348 0.573093 -0.561299 -0.0719109 1.29884 0.954162 -0.27344 -0.121679 0.248393 0.950296 -0.187717 0.166961 0.148888 0.974657
39.040000 0.177914 -2.60444 1.04568 -0.100596 -0.0404001 0.594434 -0.743916 -0.408542 1.34877 0.946065 -0.299707 -0.123028 0.276084 0.944526 -0.177902 0.169521 0.13434 0.976327
39.060000 0.177448 -2.60505 1.05638 0.058296 -0.0288775 0.519507 -1.09254 -0.625659 1.3202 0.936828 -0.324732 -0.130009 0.303191 0.939204 -0.161153 0.174436 0.111555 0.978329
39.080000 0.179706 -2.60538 1.06456 0.129226 -0.017105 0.404249 -1.43981 -0.680268 1.24243 0.926398 -0.349697 -0.139641 0.331411 0.933264 -0.138507 0.178758 0.0820342 0.980467
39.100000 0.183066 -2.60349 1.07006 0.126236 0.12085 0.157483 -1.68472 -0.922217 1.15137 0.914312 -0.375014 -0.152968 0.361528 0.925951 -0.10914 0.18257 0.0444859 0.982186
39.120000 0.183921 -2.6015 1.07022 0.0221426 0.0865876 -0.0127148 -1.42198 -0.463331 1.05834 0.904142 -0.394728 -0.163453 0.38646 0.918743 -0.0809915 0.182141 0.0100595 0.983221
39.140000 0.184307 -2.60114 1.06955 0.0473177 -0.0181571 -0.00943183 -1.40787 -0.458484 0.848402 0.8957 -0.410322 -0.171341 0.407316 0.911689 -0.0540076 0.178371 -0.0214155 0.98373
39.160000 0.187424 -2.60131 1.06994 0.20216 -0.00229294 0.0645846 -1.36644 -0.753419 0.313867 0.889445 -0.417222 -0.186584 0.4203 0.907049 -0.0246923 0.179543 -0.0564586 0.982129
39.180000 0.193977 -2.60148 1.07519 0.364419 0.00312353 0.285211 -1.26861 -0.931017 -0.252196 0.887448 -0.412824 -0.20497 0.422134 0.906532 0.00186937 0.185041 -0.0881839 0.978766
39.200000 0.203064 -2.60145 1.08279 0.489895 0.00588504 0.390306 -1.14243 -0.886888 -0.635416 0.888907 -0.400084 -0.223109 0.416253 0.908794 0.0287598 0.191254 -0.118435 0.974369
39.220000 0.214651 -2.60145 1.0922 0.606701 0.00786592 0.457271 -0.840163 -0.699671 -0.906099 0.89336 -0.381388 -0.237596 0.403598 0.913504 0.0511736 0.197528 -0.141609 0.970015
39.240000 0.228767 -2.60076 1.10003 0.721021 0.0465606 0.348369 -0.691747 -0.354155 -1.18813 0.900847 -0.357671 -0.24606 0.38511 0.920011 0.0725995 0.200411 -0.160161 0.966532
39.260000 0.244236 -2.59851 1.10511 0.747675 0.13051 0.215362 -0.617994 -0.22365 -1.30402 0.910375 -0.3303 -0.249235 0.361852 0.92765 0.0923552 0.200698 -0.174264 0.964029
39.280000 0.260406 -2.59446 1.10753 0.807204 0.216585 0.0982444 -0.41473 -0.0683349 -1.62838 0.921571 -0.298343 -0.248392 0.332849 0.936537 0.110045 0.199797 -0.184091 0.962388
39.300000 0.276871 -2.58841 1.1069 0.83054 0.316863 -0.0553264 -0.140686 0.0369881 -1.93791 0.934328 -0.260176 -0.243597 0.296054 0.94709 0.123983 0.198451 -0.187959 0.961919
39.320000 0.293138 -2.57969 1.10306 0.831204 0.444062 -0.217308 0.183847 0.117373 -2.06852 0.946701 -0.219186 -0.236038 0.254786 0.957891 0.132393 0.19708 -0.185476 0.962683
39.340000 0.309018 -2.57067 1.09545 0.820287 0.45543 -0.397569 0.70491 0.180146 -2.20959 0.958017 -0.175307 -0.226871 0.208354 0.969259 0.130862 0.196956 -0.172638 0.965093
39.360000 0.323084 -2.5626 1.08548 0.67564 0.385775 -0.507343 0.693433 0.648784 -1.92469 0.967837 -0.136358 -0.211417 0.165367 0.978129 0.126161 0.18959 -0.157065 0.969219
39.380000 0.33503 -2.55448 1.07261 0.598989 0.423341 -0.657679 0.943178 1.0891 -1.43177 0.976003 -0.108098 -0.18903 0.131311 0.984659 0.114905 0.173709 -0.13697 0.975225
39.400000 0.345431 -2.54692 1.0547 0.520277 0.341475 -0.907511 1.16324 1.15438 -1.09527 0.982606 -0.0877084 -0.163687 0.104166 0.99003 0.0948123 0.15374 -0.110214 0.981946
39.420000 0.355546 -2.54114 1.03576 0.521795 0.225593 -0.900807 1.4426 1.47131 -0.524353 0.98783 -0.0774669 -0.134873 0.0872193 0.993868 0.0679594 0.128782 -0.0788959 0.98853
39.440000 0.367591 -2.53676 1.01454 0.582525 0.187087 -1.0893 1.3938 1.54176 -0.302011 0.991784 -0.0745786 -0.103935 0.0788261 0.996188 0.0373709 0.100752 -0.0452567 0.993882
39.460000 0.380309 -2.53393 0.993143 0.57417 0.128992 -1.00925 1.19053 1.68982 -0.310989 0.994893 -0.0718303 -0.0709173 0.0728673 0.997268 0.0121423 0.0698513 -0.0172478 0.997408
39.480000 0.391726 -2.53508 0.975641 0.516846 -0.162773 -0.826336 1.41214 1.40585 -0.507149 0.997039 -0.0649168 -0.04121 0.064401 0.99783 -0.0137233 0.0420114 0.0110287 0.999056
39.500000 0.401368 -2.54186 0.963963 0.436911 -0.383167 -0.500841 1.50284 1.26404 -0.643961 0.998468 -0.0531416 -0.0154091 0.0524409 0.997707 -0.0427824 0.0176473 0.0419088 0.998966
39.520000 0.408399 -2.55133 0.955811 0.304498 -0.502773 -0.369966 1.26724 0.96759 -0.700805 0.999238 -0.0388096 0.00410313 0.0390008 0.996831 -0.0693298 -0.00139947 0.069437 0.997585
39.540000 0.416085 -2.56018 0.95361 0.347107 -0.469701 -0.0720747 1.05713 0.116072 -0.285734 0.999422 -0.0330155 0.00810663 0.0336232 0.995168 -0.0922512 -0.00502174 0.0924704 0.995703
39.560000 0.421101 -2.57158 0.955136 0.232975 -0.553975 0.0896948 1.17254 0.0109877 -0.068772 0.999467 -0.0314839 0.00868112 0.0322881 0.992511 -0.117814 -0.00490686 0.118031 0.992998
39.580000 0.4211 -2.58574 0.9598 -0.0101518 -0.66619 0.237282 1.4343 -0.072884 0.271929 0.999306 -0.0365203 0.0073969 0.0372115 0.988411 -0.147169 -0.00193654 0.147342 0.989084
39.600000 0.417391 -2.60052 0.966147 -0.147991 -0.677159 0.308771 1.8703 -0.337016 1.04235 0.99838 -0.0567431 0.00424129 0.0565546 0.981318 -0.183893 0.00627261 0.183835 0.982937
39.620000 0.412233 -2.61492 0.973069 -0.245123 -0.701804 0.3308 2.06586 -0.468594 1.69309 0.995728 -0.0923178 0.00169359 0.090326 0.970113 -0.225215 0.0191484 0.224406 0.974308
39.640000 0.407674 -2.62706 0.982553 -0.217369 -0.531259 0.57426 1.76091 -0.361258 2.14845 0.99026 -0.139198 0.00315715 0.135069 0.954889 -0.264466 0.0337985 0.262317 0.96439
39.660000 0.406714 -2.63407 0.997319 0.00468034 -0.303387 0.900383 1.17368 -0.180215 2.39727 0.982241 -0.18716 0.0131579 0.182657 0.93787 -0.29502 0.0428757 0.292185 0.9554
39.680000 0.410529 -2.63745 1.01982 0.24618 -0.154956 1.15188 0.50297 -0.0258416 2.41585 0.972308 -0.232118 0.0271625 0.229148 0.924067 -0.305926 0.0459111 0.303679 0.951668
39.700000 0.41877 -2.64009 1.03938 0.460222 -0.155248 0.909536 0.619256 0.206665 2.61199 0.95939 -0.278358 0.0456882 0.278252 0.907263 -0.315358 0.046331 0.315264 0.947872
39.720000 0.428891 -2.64254 1.05609 0.519542 -0.11832 0.780027 0.377693 0.0936425 2.89037 0.942414 -0.328084 0.0649288 0.331122 0.887988 -0.319117 0.0470412 0.32224 0.945489
39.740000 0.437932 -2.64357 1.07224 0.408004 -0.0184564 0.89089 -0.496485 0.106792 3.16956 0.920275 -0.38194 0.084948 0.388646 0.867176 -0.311383 0.0452649 0.319573 0.94648
39.760000 0.444625 -2.64525 1.08966 0.345598 -0.103174 0.797034 -0.393888 0.155394 2.94281 0.894861 -0.433239 0.107367 0.444756 0.845219 -0.296305 0.0376223 0.312904 0.949039
39.780000 0.450606 -2.64764 1.09922 0.293751 -0.128221 0.382316 -0.627008 0.100464 2.40736 0.871421 -0.474594 0.12404 0.489588 0.825757 -0.280051 0.0304835 0.304771 0.951938
39.800000 0.456953 -2.6532 1.1015 0.370536 -0.334686 -0.0138277 -1.35723 0.062271 1.60407 0.853022 -0.504015 0.135362 0.521554 0.81422 -0.255004 0.0183109 0.288123 0.957418
39.820000 0.462477 -2.66186 1.09965 0.269439 -0.457291 -0.0908923 -1.06813 -0.360599 0.940464 0.84218 -0.522262 0.134074 0.539054 0.809791 -0.231646 0.012408 0.267361 0.963517
39.840000 0.46746 -2.67191 1.09545 0.203024 -0.523273 -0.225451 -1.05294 -0.742882 0.320758 0.837933 -0.532151 0.121176 0.545624 0.81162 -0.208727 0.0127256 0.241016 0.970438
39.860000 0.471106 -2.68196 1.08989 0.140592 -0.527623 -0.293413 -1.55497 -1.22765 -0.384523 0.841616 -0.531565 0.095499 0.539834 0.822691 -0.178211 0.0161647 0.201539 0.979347
39.880000 0.473158 -2.6929 1.08322 0.0562385 -0.573981 -0.337978 -2.01311 -1.64511 -0.787024 0.850138 -0.523068 0.0605317 0.526106 0.839006 -0.138856 0.0218447 0.149893 0.988461
39.900000 0.472566 -2.70469 1.07671 -0.0835916 -0.589318 -0.328022 -2.14382 -2.04444 -1.04975 0.860794 -0.508613 0.0186049 0.507869 0.856002 -0.0965873 0.0331998 0.0925906 0.995151
39.920000 0.467432 -2.71669 1.06953 -0.309453 -0.57093 -0.408345 -1.65468 -2.08624 -1.14773 0.870096 -0.492228 -0.0253959 0.490144 0.869536 -0.0605391 0.0518817 0.0402272 0.997843
39.940000 0.457217 -2.7299 1.05953 -0.575361 -0.663996 -0.541015 -1.03382 -1.32703 -1.35662 0.880176 -0.471172 -0.0573278 0.469738 0.882022 -0.0371838 0.0680844 0.00579924 0.997663
39.960000 0.442345 -2.74454 1.04334 -0.777527 -0.747814 -0.948311 -1.22336 -0.161352 -1.43387 0.892146 -0.446889 -0.0660743 0.447045 0.894413 -0.013232 0.0650109 -0.0177333 0.997727
39.980000 0.422735 -2.76045 1.02219 -1.05917 -0.837791 -1.05621 -1.9099 0.27264 -1.89984 0.907812 -0.414683 -0.0625737 0.416871 0.908574 0.0266895 0.0457852 -0.0503142 0.997683
40.000000 0.401207 -2.77664 0.99751 -1.02579 -0.81849 -1.25897 -1.45236 0.073371 -2.08785 0.925294 -0.374844 -0.057655 0.378114 0.923561 0.0637513 0.0293511 -0.0807888 0.996299
